[5.539s] DEBUG:colcon:Command line arguments: ['/usr/bin/colcon', 'build', '--packages-select', 'py_main_alg']
[5.539s] DEBUG:colcon:Parsed command line arguments: Namespace(log_base=None, log_level=None, verb_name='build', build_base='build', install_base='install', merge_install=False, symlink_install=False, test_result_base=None, continue_on_error=False, executor='parallel', parallel_workers=4, event_handlers=None, ignore_user_meta=False, metas=['./colcon.meta'], base_paths=['.'], packages_ignore=None, packages_ignore_regex=None, paths=None, packages_up_to=None, packages_up_to_regex=None, packages_above=None, packages_above_and_dependencies=None, packages_above_depth=None, packages_select_by_dep=None, packages_skip_by_dep=None, packages_skip_up_to=None, packages_select_build_failed=False, packages_skip_build_finished=False, packages_select_test_failures=False, packages_skip_test_passed=False, packages_select=['py_main_alg'], packages_skip=None, packages_select_regex=None, packages_skip_regex=None, packages_start=None, packages_end=None, allow_overriding=[], cmake_args=None, cmake_target=None, cmake_target_skip_unavailable=False, cmake_clean_cache=False, cmake_clean_first=False, cmake_force_configure=False, ament_cmake_args=None, catkin_cmake_args=None, catkin_skip_building_tests=False, verb_parser=<colcon_defaults.argument_parser.defaults.DefaultArgumentsDecorator object at 0xffffb2fbd780>, verb_extension=<colcon_core.verb.build.BuildVerb object at 0xffffb2fbc2b0>, main=<bound method BuildVerb.main of <colcon_core.verb.build.BuildVerb object at 0xffffb2fbc2b0>>)
[5.768s] Level 1:colcon.colcon_core.package_discovery:discover_packages(colcon_meta) check parameters
[5.768s] Level 1:colcon.colcon_core.package_discovery:discover_packages(recursive) check parameters
[5.768s] Level 1:colcon.colcon_core.package_discovery:discover_packages(ignore) check parameters
[5.768s] Level 1:colcon.colcon_core.package_discovery:discover_packages(path) check parameters
[5.769s] Level 1:colcon.colcon_core.package_discovery:discover_packages(colcon_meta) discover
[5.769s] Level 1:colcon.colcon_core.package_discovery:discover_packages(recursive) discover
[5.769s] INFO:colcon.colcon_core.package_discovery:Crawling recursively for packages in '/home/timoha/KSAROmni'
[5.770s] Level 1:colcon.colcon_core.package_identification:_identify(.) by extensions ['ignore', 'ignore_ament_install']
[5.770s] Level 1:colcon.colcon_core.package_identification:_identify(.) by extension 'ignore'
[5.771s] Level 1:colcon.colcon_core.package_identification:_identify(.) by extension 'ignore_ament_install'
[5.771s] Level 1:colcon.colcon_core.package_identification:_identify(.) by extensions ['colcon_pkg']
[5.771s] Level 1:colcon.colcon_core.package_identification:_identify(.) by extension 'colcon_pkg'
[5.772s] Level 1:colcon.colcon_core.package_identification:_identify(.) by extensions ['colcon_meta']
[5.772s] Level 1:colcon.colcon_core.package_identification:_identify(.) by extension 'colcon_meta'
[5.772s] Level 1:colcon.colcon_core.package_identification:_identify(.) by extensions ['ros']
[5.772s] Level 1:colcon.colcon_core.package_identification:_identify(.) by extension 'ros'
[5.827s] Level 1:colcon.colcon_core.package_identification:_identify(.) by extensions ['cmake', 'python']
[5.827s] Level 1:colcon.colcon_core.package_identification:_identify(.) by extension 'cmake'
[5.828s] Level 1:colcon.colcon_core.package_identification:_identify(.) by extension 'python'
[5.828s] Level 1:colcon.colcon_core.package_identification:_identify(.) by extensions ['python_setup_py']
[5.828s] Level 1:colcon.colcon_core.package_identification:_identify(.) by extension 'python_setup_py'
[5.829s] Level 1:colcon.colcon_core.package_identification:_identify(build) by extensions ['ignore', 'ignore_ament_install']
[5.829s] Level 1:colcon.colcon_core.package_identification:_identify(build) by extension 'ignore'
[5.830s] Level 1:colcon.colcon_core.package_identification:_identify(build) ignored
[5.831s] Level 1:colcon.colcon_core.package_identification:_identify(install) by extensions ['ignore', 'ignore_ament_install']
[5.831s] Level 1:colcon.colcon_core.package_identification:_identify(install) by extension 'ignore'
[5.832s] Level 1:colcon.colcon_core.package_identification:_identify(install) ignored
[5.832s] Level 1:colcon.colcon_core.package_identification:_identify(log) by extensions ['ignore', 'ignore_ament_install']
[5.833s] Level 1:colcon.colcon_core.package_identification:_identify(log) by extension 'ignore'
[5.833s] Level 1:colcon.colcon_core.package_identification:_identify(log) ignored
[5.834s] Level 1:colcon.colcon_core.package_identification:_identify(src) by extensions ['ignore', 'ignore_ament_install']
[5.835s] Level 1:colcon.colcon_core.package_identification:_identify(src) by extension 'ignore'
[5.835s] Level 1:colcon.colcon_core.package_identification:_identify(src) by extension 'ignore_ament_install'
[5.835s] Level 1:colcon.colcon_core.package_identification:_identify(src) by extensions ['colcon_pkg']
[5.836s] Level 1:colcon.colcon_core.package_identification:_identify(src) by extension 'colcon_pkg'
[5.836s] Level 1:colcon.colcon_core.package_identification:_identify(src) by extensions ['colcon_meta']
[5.836s] Level 1:colcon.colcon_core.package_identification:_identify(src) by extension 'colcon_meta'
[5.836s] Level 1:colcon.colcon_core.package_identification:_identify(src) by extensions ['ros']
[5.837s] Level 1:colcon.colcon_core.package_identification:_identify(src) by extension 'ros'
[5.837s] Level 1:colcon.colcon_core.package_identification:_identify(src) by extensions ['cmake', 'python']
[5.837s] Level 1:colcon.colcon_core.package_identification:_identify(src) by extension 'cmake'
[5.838s] Level 1:colcon.colcon_core.package_identification:_identify(src) by extension 'python'
[5.838s] Level 1:colcon.colcon_core.package_identification:_identify(src) by extensions ['python_setup_py']
[5.838s] Level 1:colcon.colcon_core.package_identification:_identify(src) by extension 'python_setup_py'
[5.839s] Level 1:colcon.colcon_core.package_identification:_identify(src/arrow_package) by extensions ['ignore', 'ignore_ament_install']
[5.839s] Level 1:colcon.colcon_core.package_identification:_identify(src/arrow_package) by extension 'ignore'
[5.840s] Level 1:colcon.colcon_core.package_identification:_identify(src/arrow_package) by extension 'ignore_ament_install'
[5.840s] Level 1:colcon.colcon_core.package_identification:_identify(src/arrow_package) by extensions ['colcon_pkg']
[5.840s] Level 1:colcon.colcon_core.package_identification:_identify(src/arrow_package) by extension 'colcon_pkg'
[5.841s] Level 1:colcon.colcon_core.package_identification:_identify(src/arrow_package) by extensions ['colcon_meta']
[5.841s] Level 1:colcon.colcon_core.package_identification:_identify(src/arrow_package) by extension 'colcon_meta'
[5.841s] Level 1:colcon.colcon_core.package_identification:_identify(src/arrow_package) by extensions ['ros']
[5.841s] Level 1:colcon.colcon_core.package_identification:_identify(src/arrow_package) by extension 'ros'
[5.852s] DEBUG:colcon.colcon_core.package_identification:Package 'src/arrow_package' with type 'ros.ament_cmake' and name 'arrow_package'
[5.853s] Level 1:colcon.colcon_core.package_identification:_identify(src/aruco_publisher) by extensions ['ignore', 'ignore_ament_install']
[5.854s] Level 1:colcon.colcon_core.package_identification:_identify(src/aruco_publisher) by extension 'ignore'
[5.854s] Level 1:colcon.colcon_core.package_identification:_identify(src/aruco_publisher) by extension 'ignore_ament_install'
[5.855s] Level 1:colcon.colcon_core.package_identification:_identify(src/aruco_publisher) by extensions ['colcon_pkg']
[5.855s] Level 1:colcon.colcon_core.package_identification:_identify(src/aruco_publisher) by extension 'colcon_pkg'
[5.855s] Level 1:colcon.colcon_core.package_identification:_identify(src/aruco_publisher) by extensions ['colcon_meta']
[5.856s] Level 1:colcon.colcon_core.package_identification:_identify(src/aruco_publisher) by extension 'colcon_meta'
[5.856s] Level 1:colcon.colcon_core.package_identification:_identify(src/aruco_publisher) by extensions ['ros']
[5.856s] Level 1:colcon.colcon_core.package_identification:_identify(src/aruco_publisher) by extension 'ros'
[5.859s] DEBUG:colcon.colcon_core.package_identification:Package 'src/aruco_publisher' with type 'ros.ament_python' and name 'aruco_publisher'
[5.860s] Level 1:colcon.colcon_core.package_identification:_identify(src/distance_node) by extensions ['ignore', 'ignore_ament_install']
[5.860s] Level 1:colcon.colcon_core.package_identification:_identify(src/distance_node) by extension 'ignore'
[5.861s] Level 1:colcon.colcon_core.package_identification:_identify(src/distance_node) by extension 'ignore_ament_install'
[5.861s] Level 1:colcon.colcon_core.package_identification:_identify(src/distance_node) by extensions ['colcon_pkg']
[5.862s] Level 1:colcon.colcon_core.package_identification:_identify(src/distance_node) by extension 'colcon_pkg'
[5.862s] Level 1:colcon.colcon_core.package_identification:_identify(src/distance_node) by extensions ['colcon_meta']
[5.862s] Level 1:colcon.colcon_core.package_identification:_identify(src/distance_node) by extension 'colcon_meta'
[5.862s] Level 1:colcon.colcon_core.package_identification:_identify(src/distance_node) by extensions ['ros']
[5.863s] Level 1:colcon.colcon_core.package_identification:_identify(src/distance_node) by extension 'ros'
[5.865s] DEBUG:colcon.colcon_core.package_identification:Package 'src/distance_node' with type 'ros.ament_python' and name 'distance_node'
[5.866s] Level 1:colcon.colcon_core.package_identification:_identify(src/kolonka) by extensions ['ignore', 'ignore_ament_install']
[5.866s] Level 1:colcon.colcon_core.package_identification:_identify(src/kolonka) by extension 'ignore'
[5.867s] Level 1:colcon.colcon_core.package_identification:_identify(src/kolonka) by extension 'ignore_ament_install'
[5.867s] Level 1:colcon.colcon_core.package_identification:_identify(src/kolonka) by extensions ['colcon_pkg']
[5.867s] Level 1:colcon.colcon_core.package_identification:_identify(src/kolonka) by extension 'colcon_pkg'
[5.868s] Level 1:colcon.colcon_core.package_identification:_identify(src/kolonka) by extensions ['colcon_meta']
[5.868s] Level 1:colcon.colcon_core.package_identification:_identify(src/kolonka) by extension 'colcon_meta'
[5.868s] Level 1:colcon.colcon_core.package_identification:_identify(src/kolonka) by extensions ['ros']
[5.869s] Level 1:colcon.colcon_core.package_identification:_identify(src/kolonka) by extension 'ros'
[5.871s] DEBUG:colcon.colcon_core.package_identification:Package 'src/kolonka' with type 'ros.ament_python' and name 'kolonka'
[5.872s] Level 1:colcon.colcon_core.package_identification:_identify(src/laser_follow) by extensions ['ignore', 'ignore_ament_install']
[5.873s] Level 1:colcon.colcon_core.package_identification:_identify(src/laser_follow) by extension 'ignore'
[5.873s] Level 1:colcon.colcon_core.package_identification:_identify(src/laser_follow) by extension 'ignore_ament_install'
[5.874s] Level 1:colcon.colcon_core.package_identification:_identify(src/laser_follow) by extensions ['colcon_pkg']
[5.874s] Level 1:colcon.colcon_core.package_identification:_identify(src/laser_follow) by extension 'colcon_pkg'
[5.874s] Level 1:colcon.colcon_core.package_identification:_identify(src/laser_follow) by extensions ['colcon_meta']
[5.874s] Level 1:colcon.colcon_core.package_identification:_identify(src/laser_follow) by extension 'colcon_meta'
[5.875s] Level 1:colcon.colcon_core.package_identification:_identify(src/laser_follow) by extensions ['ros']
[5.875s] Level 1:colcon.colcon_core.package_identification:_identify(src/laser_follow) by extension 'ros'
[5.878s] DEBUG:colcon.colcon_core.package_identification:Package 'src/laser_follow' with type 'ros.ament_python' and name 'laser_follow'
[5.878s] Level 1:colcon.colcon_core.package_identification:_identify(src/launch) by extensions ['ignore', 'ignore_ament_install']
[5.879s] Level 1:colcon.colcon_core.package_identification:_identify(src/launch) by extension 'ignore'
[5.879s] Level 1:colcon.colcon_core.package_identification:_identify(src/launch) by extension 'ignore_ament_install'
[5.880s] Level 1:colcon.colcon_core.package_identification:_identify(src/launch) by extensions ['colcon_pkg']
[5.880s] Level 1:colcon.colcon_core.package_identification:_identify(src/launch) by extension 'colcon_pkg'
[5.881s] Level 1:colcon.colcon_core.package_identification:_identify(src/launch) by extensions ['colcon_meta']
[5.881s] Level 1:colcon.colcon_core.package_identification:_identify(src/launch) by extension 'colcon_meta'
[5.881s] Level 1:colcon.colcon_core.package_identification:_identify(src/launch) by extensions ['ros']
[5.882s] Level 1:colcon.colcon_core.package_identification:_identify(src/launch) by extension 'ros'
[5.882s] Level 1:colcon.colcon_core.package_identification:_identify(src/launch) by extensions ['cmake', 'python']
[5.882s] Level 1:colcon.colcon_core.package_identification:_identify(src/launch) by extension 'cmake'
[5.883s] Level 1:colcon.colcon_core.package_identification:_identify(src/launch) by extension 'python'
[5.883s] Level 1:colcon.colcon_core.package_identification:_identify(src/launch) by extensions ['python_setup_py']
[5.883s] Level 1:colcon.colcon_core.package_identification:_identify(src/launch) by extension 'python_setup_py'
[5.884s] Level 1:colcon.colcon_core.package_identification:_identify(src/lidar_template) by extensions ['ignore', 'ignore_ament_install']
[5.885s] Level 1:colcon.colcon_core.package_identification:_identify(src/lidar_template) by extension 'ignore'
[5.885s] Level 1:colcon.colcon_core.package_identification:_identify(src/lidar_template) by extension 'ignore_ament_install'
[5.885s] Level 1:colcon.colcon_core.package_identification:_identify(src/lidar_template) by extensions ['colcon_pkg']
[5.885s] Level 1:colcon.colcon_core.package_identification:_identify(src/lidar_template) by extension 'colcon_pkg'
[5.886s] Level 1:colcon.colcon_core.package_identification:_identify(src/lidar_template) by extensions ['colcon_meta']
[5.886s] Level 1:colcon.colcon_core.package_identification:_identify(src/lidar_template) by extension 'colcon_meta'
[5.886s] Level 1:colcon.colcon_core.package_identification:_identify(src/lidar_template) by extensions ['ros']
[5.886s] Level 1:colcon.colcon_core.package_identification:_identify(src/lidar_template) by extension 'ros'
[5.889s] DEBUG:colcon.colcon_core.package_identification:Package 'src/lidar_template' with type 'ros.ament_python' and name 'lidar_template'
[5.890s] Level 1:colcon.colcon_core.package_identification:_identify(src/main_package_robot) by extensions ['ignore', 'ignore_ament_install']
[5.891s] Level 1:colcon.colcon_core.package_identification:_identify(src/main_package_robot) by extension 'ignore'
[5.891s] Level 1:colcon.colcon_core.package_identification:_identify(src/main_package_robot) by extension 'ignore_ament_install'
[5.892s] Level 1:colcon.colcon_core.package_identification:_identify(src/main_package_robot) by extensions ['colcon_pkg']
[5.892s] Level 1:colcon.colcon_core.package_identification:_identify(src/main_package_robot) by extension 'colcon_pkg'
[5.892s] Level 1:colcon.colcon_core.package_identification:_identify(src/main_package_robot) by extensions ['colcon_meta']
[5.892s] Level 1:colcon.colcon_core.package_identification:_identify(src/main_package_robot) by extension 'colcon_meta'
[5.892s] Level 1:colcon.colcon_core.package_identification:_identify(src/main_package_robot) by extensions ['ros']
[5.893s] Level 1:colcon.colcon_core.package_identification:_identify(src/main_package_robot) by extension 'ros'
[5.895s] DEBUG:colcon.colcon_core.package_identification:Package 'src/main_package_robot' with type 'ros.ament_python' and name 'main_package_robot'
[5.896s] Level 1:colcon.colcon_core.package_identification:_identify(src/motor_control_node) by extensions ['ignore', 'ignore_ament_install']
[5.897s] Level 1:colcon.colcon_core.package_identification:_identify(src/motor_control_node) by extension 'ignore'
[5.897s] Level 1:colcon.colcon_core.package_identification:_identify(src/motor_control_node) by extension 'ignore_ament_install'
[5.897s] Level 1:colcon.colcon_core.package_identification:_identify(src/motor_control_node) by extensions ['colcon_pkg']
[5.898s] Level 1:colcon.colcon_core.package_identification:_identify(src/motor_control_node) by extension 'colcon_pkg'
[5.898s] Level 1:colcon.colcon_core.package_identification:_identify(src/motor_control_node) by extensions ['colcon_meta']
[5.898s] Level 1:colcon.colcon_core.package_identification:_identify(src/motor_control_node) by extension 'colcon_meta'
[5.898s] Level 1:colcon.colcon_core.package_identification:_identify(src/motor_control_node) by extensions ['ros']
[5.899s] Level 1:colcon.colcon_core.package_identification:_identify(src/motor_control_node) by extension 'ros'
[5.902s] DEBUG:colcon.colcon_core.package_identification:Package 'src/motor_control_node' with type 'ros.ament_python' and name 'motor_control_node'
[5.902s] Level 1:colcon.colcon_core.package_identification:_identify(src/opencv_pub) by extensions ['ignore', 'ignore_ament_install']
[5.903s] Level 1:colcon.colcon_core.package_identification:_identify(src/opencv_pub) by extension 'ignore'
[5.903s] Level 1:colcon.colcon_core.package_identification:_identify(src/opencv_pub) by extension 'ignore_ament_install'
[5.904s] Level 1:colcon.colcon_core.package_identification:_identify(src/opencv_pub) by extensions ['colcon_pkg']
[5.904s] Level 1:colcon.colcon_core.package_identification:_identify(src/opencv_pub) by extension 'colcon_pkg'
[5.904s] Level 1:colcon.colcon_core.package_identification:_identify(src/opencv_pub) by extensions ['colcon_meta']
[5.905s] Level 1:colcon.colcon_core.package_identification:_identify(src/opencv_pub) by extension 'colcon_meta'
[5.905s] Level 1:colcon.colcon_core.package_identification:_identify(src/opencv_pub) by extensions ['ros']
[5.905s] Level 1:colcon.colcon_core.package_identification:_identify(src/opencv_pub) by extension 'ros'
[5.908s] DEBUG:colcon.colcon_core.package_identification:Package 'src/opencv_pub' with type 'ros.ament_python' and name 'opencv_pub'
[5.909s] Level 1:colcon.colcon_core.package_identification:_identify(src/py_barrel_detector) by extensions ['ignore', 'ignore_ament_install']
[5.909s] Level 1:colcon.colcon_core.package_identification:_identify(src/py_barrel_detector) by extension 'ignore'
[5.910s] Level 1:colcon.colcon_core.package_identification:_identify(src/py_barrel_detector) by extension 'ignore_ament_install'
[5.911s] Level 1:colcon.colcon_core.package_identification:_identify(src/py_barrel_detector) by extensions ['colcon_pkg']
[5.912s] Level 1:colcon.colcon_core.package_identification:_identify(src/py_barrel_detector) by extension 'colcon_pkg'
[5.913s] Level 1:colcon.colcon_core.package_identification:_identify(src/py_barrel_detector) by extensions ['colcon_meta']
[5.913s] Level 1:colcon.colcon_core.package_identification:_identify(src/py_barrel_detector) by extension 'colcon_meta'
[5.913s] Level 1:colcon.colcon_core.package_identification:_identify(src/py_barrel_detector) by extensions ['ros']
[5.913s] Level 1:colcon.colcon_core.package_identification:_identify(src/py_barrel_detector) by extension 'ros'
[5.916s] DEBUG:colcon.colcon_core.package_identification:Package 'src/py_barrel_detector' with type 'ros.ament_python' and name 'py_barrel_detector'
[5.917s] Level 1:colcon.colcon_core.package_identification:_identify(src/py_main_alg) by extensions ['ignore', 'ignore_ament_install']
[5.918s] Level 1:colcon.colcon_core.package_identification:_identify(src/py_main_alg) by extension 'ignore'
[5.918s] Level 1:colcon.colcon_core.package_identification:_identify(src/py_main_alg) by extension 'ignore_ament_install'
[5.918s] Level 1:colcon.colcon_core.package_identification:_identify(src/py_main_alg) by extensions ['colcon_pkg']
[5.919s] Level 1:colcon.colcon_core.package_identification:_identify(src/py_main_alg) by extension 'colcon_pkg'
[5.919s] Level 1:colcon.colcon_core.package_identification:_identify(src/py_main_alg) by extensions ['colcon_meta']
[5.919s] Level 1:colcon.colcon_core.package_identification:_identify(src/py_main_alg) by extension 'colcon_meta'
[5.920s] Level 1:colcon.colcon_core.package_identification:_identify(src/py_main_alg) by extensions ['ros']
[5.920s] Level 1:colcon.colcon_core.package_identification:_identify(src/py_main_alg) by extension 'ros'
[5.923s] DEBUG:colcon.colcon_core.package_identification:Package 'src/py_main_alg' with type 'ros.ament_python' and name 'py_main_alg'
[5.923s] Level 1:colcon.colcon_core.package_identification:_identify(src/rplidar_ros2) by extensions ['ignore', 'ignore_ament_install']
[5.924s] Level 1:colcon.colcon_core.package_identification:_identify(src/rplidar_ros2) by extension 'ignore'
[5.924s] Level 1:colcon.colcon_core.package_identification:_identify(src/rplidar_ros2) by extension 'ignore_ament_install'
[5.924s] Level 1:colcon.colcon_core.package_identification:_identify(src/rplidar_ros2) by extensions ['colcon_pkg']
[5.925s] Level 1:colcon.colcon_core.package_identification:_identify(src/rplidar_ros2) by extension 'colcon_pkg'
[5.925s] Level 1:colcon.colcon_core.package_identification:_identify(src/rplidar_ros2) by extensions ['colcon_meta']
[5.925s] Level 1:colcon.colcon_core.package_identification:_identify(src/rplidar_ros2) by extension 'colcon_meta'
[5.925s] Level 1:colcon.colcon_core.package_identification:_identify(src/rplidar_ros2) by extensions ['ros']
[5.925s] Level 1:colcon.colcon_core.package_identification:_identify(src/rplidar_ros2) by extension 'ros'
[5.928s] DEBUG:colcon.colcon_core.package_identification:Package 'src/rplidar_ros2' with type 'ros.ament_cmake' and name 'rplidar_ros'
[5.929s] Level 1:colcon.colcon_core.package_identification:_identify(src/test_pub) by extensions ['ignore', 'ignore_ament_install']
[5.929s] Level 1:colcon.colcon_core.package_identification:_identify(src/test_pub) by extension 'ignore'
[5.929s] Level 1:colcon.colcon_core.package_identification:_identify(src/test_pub) by extension 'ignore_ament_install'
[5.930s] Level 1:colcon.colcon_core.package_identification:_identify(src/test_pub) by extensions ['colcon_pkg']
[5.930s] Level 1:colcon.colcon_core.package_identification:_identify(src/test_pub) by extension 'colcon_pkg'
[5.930s] Level 1:colcon.colcon_core.package_identification:_identify(src/test_pub) by extensions ['colcon_meta']
[5.930s] Level 1:colcon.colcon_core.package_identification:_identify(src/test_pub) by extension 'colcon_meta'
[5.931s] Level 1:colcon.colcon_core.package_identification:_identify(src/test_pub) by extensions ['ros']
[5.931s] Level 1:colcon.colcon_core.package_identification:_identify(src/test_pub) by extension 'ros'
[5.934s] DEBUG:colcon.colcon_core.package_identification:Package 'src/test_pub' with type 'ros.ament_python' and name 'test_pub'
[5.934s] Level 1:colcon.colcon_core.package_discovery:discover_packages(recursive) using defaults
[5.934s] Level 1:colcon.colcon_core.package_discovery:discover_packages(ignore) discover
[5.934s] Level 1:colcon.colcon_core.package_discovery:discover_packages(ignore) using defaults
[5.935s] Level 1:colcon.colcon_core.package_discovery:discover_packages(path) discover
[5.935s] Level 1:colcon.colcon_core.package_discovery:discover_packages(path) using defaults
[6.303s] INFO:colcon.colcon_core.package_selection:Skipping not selected package 'arrow_package' in 'src/arrow_package'
[6.304s] INFO:colcon.colcon_core.package_selection:Skipping not selected package 'aruco_publisher' in 'src/aruco_publisher'
[6.304s] INFO:colcon.colcon_core.package_selection:Skipping not selected package 'distance_node' in 'src/distance_node'
[6.304s] INFO:colcon.colcon_core.package_selection:Skipping not selected package 'kolonka' in 'src/kolonka'
[6.304s] INFO:colcon.colcon_core.package_selection:Skipping not selected package 'laser_follow' in 'src/laser_follow'
[6.304s] INFO:colcon.colcon_core.package_selection:Skipping not selected package 'lidar_template' in 'src/lidar_template'
[6.304s] INFO:colcon.colcon_core.package_selection:Skipping not selected package 'main_package_robot' in 'src/main_package_robot'
[6.304s] INFO:colcon.colcon_core.package_selection:Skipping not selected package 'motor_control_node' in 'src/motor_control_node'
[6.304s] INFO:colcon.colcon_core.package_selection:Skipping not selected package 'opencv_pub' in 'src/opencv_pub'
[6.305s] INFO:colcon.colcon_core.package_selection:Skipping not selected package 'py_barrel_detector' in 'src/py_barrel_detector'
[6.305s] INFO:colcon.colcon_core.package_selection:Skipping not selected package 'rplidar_ros' in 'src/rplidar_ros2'
[6.305s] INFO:colcon.colcon_core.package_selection:Skipping not selected package 'test_pub' in 'src/test_pub'
[6.438s] Level 1:colcon.colcon_core.package_discovery:discover_packages(prefix_path) check parameters
[6.438s] Level 1:colcon.colcon_core.package_discovery:discover_packages(prefix_path) discover
[6.620s] DEBUG:colcon.colcon_installed_package_information.package_discovery:Found 13 installed packages in /home/timoha/KSAROmni/install
[6.708s] DEBUG:colcon.colcon_installed_package_information.package_discovery:Found 270 installed packages in /opt/ros/humble
[6.714s] Level 1:colcon.colcon_core.package_discovery:discover_packages(prefix_path) using defaults
[7.251s] Level 5:colcon.colcon_core.verb:set package 'py_main_alg' build argument 'cmake_args' from command line to 'None'
[7.252s] Level 5:colcon.colcon_core.verb:set package 'py_main_alg' build argument 'cmake_target' from command line to 'None'
[7.252s] Level 5:colcon.colcon_core.verb:set package 'py_main_alg' build argument 'cmake_target_skip_unavailable' from command line to 'False'
[7.252s] Level 5:colcon.colcon_core.verb:set package 'py_main_alg' build argument 'cmake_clean_cache' from command line to 'False'
[7.252s] Level 5:colcon.colcon_core.verb:set package 'py_main_alg' build argument 'cmake_clean_first' from command line to 'False'
[7.253s] Level 5:colcon.colcon_core.verb:set package 'py_main_alg' build argument 'cmake_force_configure' from command line to 'False'
[7.253s] Level 5:colcon.colcon_core.verb:set package 'py_main_alg' build argument 'ament_cmake_args' from command line to 'None'
[7.253s] Level 5:colcon.colcon_core.verb:set package 'py_main_alg' build argument 'catkin_cmake_args' from command line to 'None'
[7.253s] Level 5:colcon.colcon_core.verb:set package 'py_main_alg' build argument 'catkin_skip_building_tests' from command line to 'False'
[7.253s] DEBUG:colcon.colcon_core.verb:Building package 'py_main_alg' with the following arguments: {'ament_cmake_args': None, 'build_base': '/home/timoha/KSAROmni/build/py_main_alg', 'catkin_cmake_args': None, 'catkin_skip_building_tests': False, 'cmake_args': None, 'cmake_clean_cache': False, 'cmake_clean_first': False, 'cmake_force_configure': False, 'cmake_target': None, 'cmake_target_skip_unavailable': False, 'install_base': '/home/timoha/KSAROmni/install/py_main_alg', 'merge_install': False, 'path': '/home/timoha/KSAROmni/src/py_main_alg', 'symlink_install': False, 'test_result_base': None}
[7.325s] INFO:colcon.colcon_core.executor:Executing jobs using 'parallel' executor
[7.394s] DEBUG:colcon.colcon_parallel_executor.executor.parallel:run_until_complete
[7.395s] INFO:colcon.colcon_ros.task.ament_python.build:Building ROS package in '/home/timoha/KSAROmni/src/py_main_alg' with build type 'ament_python'
[7.396s] Level 1:colcon.colcon_core.shell:create_environment_hook('py_main_alg', 'ament_prefix_path')
[7.474s] INFO:colcon.colcon_core.plugin_system:Skipping extension 'colcon_core.shell.bat': Not used on non-Windows systems
[7.475s] INFO:colcon.colcon_core.shell:Creating environment hook '/home/timoha/KSAROmni/install/py_main_alg/share/py_main_alg/hook/ament_prefix_path.ps1'
[7.477s] INFO:colcon.colcon_core.shell:Creating environment descriptor '/home/timoha/KSAROmni/install/py_main_alg/share/py_main_alg/hook/ament_prefix_path.dsv'
[7.479s] INFO:colcon.colcon_core.shell:Creating environment hook '/home/timoha/KSAROmni/install/py_main_alg/share/py_main_alg/hook/ament_prefix_path.sh'
[7.551s] INFO:colcon.colcon_core.shell:Skip shell extension 'powershell' for command environment: Not usable outside of PowerShell
[7.551s] DEBUG:colcon.colcon_core.shell:Skip shell extension 'dsv' for command environment
[9.326s] INFO:colcon.colcon_core.task.python.build:Building Python package in '/home/timoha/KSAROmni/src/py_main_alg'
[9.417s] INFO:colcon.colcon_core.shell:Skip shell extension 'powershell' for command environment: Not usable outside of PowerShell
[9.417s] DEBUG:colcon.colcon_core.shell:Skip shell extension 'dsv' for command environment
[11.532s] DEBUG:colcon.colcon_core.event_handler.log_command:Invoking command in '/home/timoha/KSAROmni/src/py_main_alg': PYTHONPATH=/home/timoha/KSAROmni/build/py_main_alg/prefix_override:/home/timoha/KSAROmni/install/py_main_alg/lib/python3.10/site-packages:${PYTHONPATH} /usr/bin/python3 setup.py egg_info --egg-base ../../build/py_main_alg build --build-base /home/timoha/KSAROmni/build/py_main_alg/build install --record /home/timoha/KSAROmni/build/py_main_alg/install.log --single-version-externally-managed
[13.271s] DEBUG:colcon.colcon_core.event_handler.log_command:Invoked command in '/home/timoha/KSAROmni/src/py_main_alg' returned '0': PYTHONPATH=/home/timoha/KSAROmni/build/py_main_alg/prefix_override:/home/timoha/KSAROmni/install/py_main_alg/lib/python3.10/site-packages:${PYTHONPATH} /usr/bin/python3 setup.py egg_info --egg-base ../../build/py_main_alg build --build-base /home/timoha/KSAROmni/build/py_main_alg/build install --record /home/timoha/KSAROmni/build/py_main_alg/install.log --single-version-externally-managed
[13.352s] Level 1:colcon.colcon_core.environment:checking '/home/timoha/KSAROmni/install/py_main_alg' for CMake module files
[13.354s] Level 1:colcon.colcon_core.environment:checking '/home/timoha/KSAROmni/install/py_main_alg' for CMake config files
[13.359s] Level 1:colcon.colcon_core.environment:checking '/home/timoha/KSAROmni/install/py_main_alg/lib'
[13.360s] Level 1:colcon.colcon_core.environment:checking '/home/timoha/KSAROmni/install/py_main_alg/bin'
[13.360s] Level 1:colcon.colcon_core.environment:checking '/home/timoha/KSAROmni/install/py_main_alg/lib/pkgconfig/py_main_alg.pc'
[13.361s] Level 1:colcon.colcon_core.environment:checking '/home/timoha/KSAROmni/install/py_main_alg/lib/python3.10/site-packages'
[13.361s] Level 1:colcon.colcon_core.shell:create_environment_hook('py_main_alg', 'pythonpath')
[13.427s] INFO:colcon.colcon_core.shell:Creating environment hook '/home/timoha/KSAROmni/install/py_main_alg/share/py_main_alg/hook/pythonpath.ps1'
[13.429s] INFO:colcon.colcon_core.shell:Creating environment descriptor '/home/timoha/KSAROmni/install/py_main_alg/share/py_main_alg/hook/pythonpath.dsv'
[13.431s] INFO:colcon.colcon_core.shell:Creating environment hook '/home/timoha/KSAROmni/install/py_main_alg/share/py_main_alg/hook/pythonpath.sh'
[13.434s] Level 1:colcon.colcon_core.environment:checking '/home/timoha/KSAROmni/install/py_main_alg/bin'
[13.434s] Level 1:colcon.colcon_core.environment:create_environment_scripts_only(py_main_alg)
[13.502s] INFO:colcon.colcon_core.shell:Creating package script '/home/timoha/KSAROmni/install/py_main_alg/share/py_main_alg/package.ps1'
[13.506s] INFO:colcon.colcon_core.shell:Creating package descriptor '/home/timoha/KSAROmni/install/py_main_alg/share/py_main_alg/package.dsv'
[13.508s] INFO:colcon.colcon_core.shell:Creating package script '/home/timoha/KSAROmni/install/py_main_alg/share/py_main_alg/package.sh'
[13.512s] INFO:colcon.colcon_core.shell:Creating package script '/home/timoha/KSAROmni/install/py_main_alg/share/py_main_alg/package.bash'
[13.515s] INFO:colcon.colcon_core.shell:Creating package script '/home/timoha/KSAROmni/install/py_main_alg/share/py_main_alg/package.zsh'
[13.518s] Level 1:colcon.colcon_core.environment:create_file_with_runtime_dependencies(/home/timoha/KSAROmni/install/py_main_alg/share/colcon-core/packages/py_main_alg)
[13.519s] DEBUG:colcon.colcon_parallel_executor.executor.parallel:closing loop
[13.520s] DEBUG:colcon.colcon_parallel_executor.executor.parallel:loop closed
[13.521s] DEBUG:colcon.colcon_parallel_executor.executor.parallel:run_until_complete finished with '0'
[13.521s] DEBUG:colcon.colcon_core.event_reactor:joining thread
[13.639s] INFO:colcon.colcon_core.plugin_system:Skipping extension 'colcon_notification.desktop_notification.terminal_notifier': Not used on non-Darwin systems
[13.640s] INFO:colcon.colcon_core.plugin_system:Skipping extension 'colcon_notification.desktop_notification.win32': Not used on non-Windows systems
[13.640s] INFO:colcon.colcon_notification.desktop_notification:Sending desktop notification using 'notify2'
[13.645s] DEBUG:colcon.colcon_notification.desktop_notification.notify2:Failed to initialize notify2: org.freedesktop.DBus.Error.ServiceUnknown: The name org.freedesktop.Notifications was not provided by any .service files
[13.646s] DEBUG:colcon.colcon_core.event_reactor:joined thread
[13.736s] INFO:colcon.colcon_core.shell:Creating prefix script '/home/timoha/KSAROmni/install/local_setup.ps1'
[13.741s] INFO:colcon.colcon_core.shell:Creating prefix util module '/home/timoha/KSAROmni/install/_local_setup_util_ps1.py'
[13.748s] INFO:colcon.colcon_core.shell:Creating prefix chain script '/home/timoha/KSAROmni/install/setup.ps1'
[13.846s] INFO:colcon.colcon_core.shell:Creating prefix script '/home/timoha/KSAROmni/install/local_setup.sh'
[13.849s] INFO:colcon.colcon_core.shell:Creating prefix util module '/home/timoha/KSAROmni/install/_local_setup_util_sh.py'
[13.852s] INFO:colcon.colcon_core.shell:Creating prefix chain script '/home/timoha/KSAROmni/install/setup.sh'
[13.950s] INFO:colcon.colcon_core.shell:Creating prefix script '/home/timoha/KSAROmni/install/local_setup.bash'
[13.952s] INFO:colcon.colcon_core.shell:Creating prefix chain script '/home/timoha/KSAROmni/install/setup.bash'
[14.042s] INFO:colcon.colcon_core.shell:Creating prefix script '/home/timoha/KSAROmni/install/local_setup.zsh'
[14.044s] INFO:colcon.colcon_core.shell:Creating prefix chain script '/home/timoha/KSAROmni/install/setup.zsh'
