[5.548s] DEBUG:colcon:Command line arguments: ['/usr/bin/colcon', 'build', '--packages-select', 'aruco_publisher']
[5.548s] DEBUG:colcon:Parsed command line arguments: Namespace(log_base=None, log_level=None, verb_name='build', build_base='build', install_base='install', merge_install=False, symlink_install=False, test_result_base=None, continue_on_error=False, executor='parallel', parallel_workers=4, event_handlers=None, ignore_user_meta=False, metas=['./colcon.meta'], base_paths=['.'], packages_ignore=None, packages_ignore_regex=None, paths=None, packages_up_to=None, packages_up_to_regex=None, packages_above=None, packages_above_and_dependencies=None, packages_above_depth=None, packages_select_by_dep=None, packages_skip_by_dep=None, packages_skip_up_to=None, packages_select_build_failed=False, packages_skip_build_finished=False, packages_select_test_failures=False, packages_skip_test_passed=False, packages_select=['aruco_publisher'], packages_skip=None, packages_select_regex=None, packages_skip_regex=None, packages_start=None, packages_end=None, allow_overriding=[], cmake_args=None, cmake_target=None, cmake_target_skip_unavailable=False, cmake_clean_cache=False, cmake_clean_first=False, cmake_force_configure=False, ament_cmake_args=None, catkin_cmake_args=None, catkin_skip_building_tests=False, verb_parser=<colcon_defaults.argument_parser.defaults.DefaultArgumentsDecorator object at 0xffff8a5afa90>, verb_extension=<colcon_core.verb.build.BuildVerb object at 0xffff8a5af640>, main=<bound method BuildVerb.main of <colcon_core.verb.build.BuildVerb object at 0xffff8a5af640>>)
[5.835s] Level 1:colcon.colcon_core.package_discovery:discover_packages(colcon_meta) check parameters
[5.836s] Level 1:colcon.colcon_core.package_discovery:discover_packages(recursive) check parameters
[5.836s] Level 1:colcon.colcon_core.package_discovery:discover_packages(ignore) check parameters
[5.836s] Level 1:colcon.colcon_core.package_discovery:discover_packages(path) check parameters
[5.836s] Level 1:colcon.colcon_core.package_discovery:discover_packages(colcon_meta) discover
[5.837s] Level 1:colcon.colcon_core.package_discovery:discover_packages(recursive) discover
[5.837s] INFO:colcon.colcon_core.package_discovery:Crawling recursively for packages in '/home/timoha/KSAROmni'
[5.837s] Level 1:colcon.colcon_core.package_identification:_identify(.) by extensions ['ignore', 'ignore_ament_install']
[5.838s] Level 1:colcon.colcon_core.package_identification:_identify(.) by extension 'ignore'
[5.838s] Level 1:colcon.colcon_core.package_identification:_identify(.) by extension 'ignore_ament_install'
[5.839s] Level 1:colcon.colcon_core.package_identification:_identify(.) by extensions ['colcon_pkg']
[5.839s] Level 1:colcon.colcon_core.package_identification:_identify(.) by extension 'colcon_pkg'
[5.839s] Level 1:colcon.colcon_core.package_identification:_identify(.) by extensions ['colcon_meta']
[5.839s] Level 1:colcon.colcon_core.package_identification:_identify(.) by extension 'colcon_meta'
[5.840s] Level 1:colcon.colcon_core.package_identification:_identify(.) by extensions ['ros']
[5.840s] Level 1:colcon.colcon_core.package_identification:_identify(.) by extension 'ros'
[5.896s] Level 1:colcon.colcon_core.package_identification:_identify(.) by extensions ['cmake', 'python']
[5.896s] Level 1:colcon.colcon_core.package_identification:_identify(.) by extension 'cmake'
[5.896s] Level 1:colcon.colcon_core.package_identification:_identify(.) by extension 'python'
[5.896s] Level 1:colcon.colcon_core.package_identification:_identify(.) by extensions ['python_setup_py']
[5.897s] Level 1:colcon.colcon_core.package_identification:_identify(.) by extension 'python_setup_py'
[5.897s] Level 1:colcon.colcon_core.package_identification:_identify(build) by extensions ['ignore', 'ignore_ament_install']
[5.898s] Level 1:colcon.colcon_core.package_identification:_identify(build) by extension 'ignore'
[5.898s] Level 1:colcon.colcon_core.package_identification:_identify(build) ignored
[5.899s] Level 1:colcon.colcon_core.package_identification:_identify(install) by extensions ['ignore', 'ignore_ament_install']
[5.900s] Level 1:colcon.colcon_core.package_identification:_identify(install) by extension 'ignore'
[5.900s] Level 1:colcon.colcon_core.package_identification:_identify(install) ignored
[5.900s] Level 1:colcon.colcon_core.package_identification:_identify(log) by extensions ['ignore', 'ignore_ament_install']
[5.901s] Level 1:colcon.colcon_core.package_identification:_identify(log) by extension 'ignore'
[5.901s] Level 1:colcon.colcon_core.package_identification:_identify(log) ignored
[5.902s] Level 1:colcon.colcon_core.package_identification:_identify(src) by extensions ['ignore', 'ignore_ament_install']
[5.902s] Level 1:colcon.colcon_core.package_identification:_identify(src) by extension 'ignore'
[5.902s] Level 1:colcon.colcon_core.package_identification:_identify(src) by extension 'ignore_ament_install'
[5.903s] Level 1:colcon.colcon_core.package_identification:_identify(src) by extensions ['colcon_pkg']
[5.903s] Level 1:colcon.colcon_core.package_identification:_identify(src) by extension 'colcon_pkg'
[5.903s] Level 1:colcon.colcon_core.package_identification:_identify(src) by extensions ['colcon_meta']
[5.903s] Level 1:colcon.colcon_core.package_identification:_identify(src) by extension 'colcon_meta'
[5.903s] Level 1:colcon.colcon_core.package_identification:_identify(src) by extensions ['ros']
[5.903s] Level 1:colcon.colcon_core.package_identification:_identify(src) by extension 'ros'
[5.904s] Level 1:colcon.colcon_core.package_identification:_identify(src) by extensions ['cmake', 'python']
[5.904s] Level 1:colcon.colcon_core.package_identification:_identify(src) by extension 'cmake'
[5.904s] Level 1:colcon.colcon_core.package_identification:_identify(src) by extension 'python'
[5.904s] Level 1:colcon.colcon_core.package_identification:_identify(src) by extensions ['python_setup_py']
[5.904s] Level 1:colcon.colcon_core.package_identification:_identify(src) by extension 'python_setup_py'
[5.905s] Level 1:colcon.colcon_core.package_identification:_identify(src/arrow_package) by extensions ['ignore', 'ignore_ament_install']
[5.905s] Level 1:colcon.colcon_core.package_identification:_identify(src/arrow_package) by extension 'ignore'
[5.906s] Level 1:colcon.colcon_core.package_identification:_identify(src/arrow_package) by extension 'ignore_ament_install'
[5.906s] Level 1:colcon.colcon_core.package_identification:_identify(src/arrow_package) by extensions ['colcon_pkg']
[5.906s] Level 1:colcon.colcon_core.package_identification:_identify(src/arrow_package) by extension 'colcon_pkg'
[5.906s] Level 1:colcon.colcon_core.package_identification:_identify(src/arrow_package) by extensions ['colcon_meta']
[5.906s] Level 1:colcon.colcon_core.package_identification:_identify(src/arrow_package) by extension 'colcon_meta'
[5.907s] Level 1:colcon.colcon_core.package_identification:_identify(src/arrow_package) by extensions ['ros']
[5.907s] Level 1:colcon.colcon_core.package_identification:_identify(src/arrow_package) by extension 'ros'
[5.916s] DEBUG:colcon.colcon_core.package_identification:Package 'src/arrow_package' with type 'ros.ament_cmake' and name 'arrow_package'
[5.917s] Level 1:colcon.colcon_core.package_identification:_identify(src/aruco_publisher) by extensions ['ignore', 'ignore_ament_install']
[5.917s] Level 1:colcon.colcon_core.package_identification:_identify(src/aruco_publisher) by extension 'ignore'
[5.917s] Level 1:colcon.colcon_core.package_identification:_identify(src/aruco_publisher) by extension 'ignore_ament_install'
[5.918s] Level 1:colcon.colcon_core.package_identification:_identify(src/aruco_publisher) by extensions ['colcon_pkg']
[5.918s] Level 1:colcon.colcon_core.package_identification:_identify(src/aruco_publisher) by extension 'colcon_pkg'
[5.918s] Level 1:colcon.colcon_core.package_identification:_identify(src/aruco_publisher) by extensions ['colcon_meta']
[5.918s] Level 1:colcon.colcon_core.package_identification:_identify(src/aruco_publisher) by extension 'colcon_meta'
[5.918s] Level 1:colcon.colcon_core.package_identification:_identify(src/aruco_publisher) by extensions ['ros']
[5.919s] Level 1:colcon.colcon_core.package_identification:_identify(src/aruco_publisher) by extension 'ros'
[5.921s] DEBUG:colcon.colcon_core.package_identification:Package 'src/aruco_publisher' with type 'ros.ament_python' and name 'aruco_publisher'
[5.922s] Level 1:colcon.colcon_core.package_identification:_identify(src/distance_node) by extensions ['ignore', 'ignore_ament_install']
[5.922s] Level 1:colcon.colcon_core.package_identification:_identify(src/distance_node) by extension 'ignore'
[5.922s] Level 1:colcon.colcon_core.package_identification:_identify(src/distance_node) by extension 'ignore_ament_install'
[5.923s] Level 1:colcon.colcon_core.package_identification:_identify(src/distance_node) by extensions ['colcon_pkg']
[5.923s] Level 1:colcon.colcon_core.package_identification:_identify(src/distance_node) by extension 'colcon_pkg'
[5.923s] Level 1:colcon.colcon_core.package_identification:_identify(src/distance_node) by extensions ['colcon_meta']
[5.923s] Level 1:colcon.colcon_core.package_identification:_identify(src/distance_node) by extension 'colcon_meta'
[5.923s] Level 1:colcon.colcon_core.package_identification:_identify(src/distance_node) by extensions ['ros']
[5.923s] Level 1:colcon.colcon_core.package_identification:_identify(src/distance_node) by extension 'ros'
[5.925s] DEBUG:colcon.colcon_core.package_identification:Package 'src/distance_node' with type 'ros.ament_python' and name 'distance_node'
[5.926s] Level 1:colcon.colcon_core.package_identification:_identify(src/kolonka) by extensions ['ignore', 'ignore_ament_install']
[5.926s] Level 1:colcon.colcon_core.package_identification:_identify(src/kolonka) by extension 'ignore'
[5.927s] Level 1:colcon.colcon_core.package_identification:_identify(src/kolonka) by extension 'ignore_ament_install'
[5.927s] Level 1:colcon.colcon_core.package_identification:_identify(src/kolonka) by extensions ['colcon_pkg']
[5.927s] Level 1:colcon.colcon_core.package_identification:_identify(src/kolonka) by extension 'colcon_pkg'
[5.927s] Level 1:colcon.colcon_core.package_identification:_identify(src/kolonka) by extensions ['colcon_meta']
[5.927s] Level 1:colcon.colcon_core.package_identification:_identify(src/kolonka) by extension 'colcon_meta'
[5.928s] Level 1:colcon.colcon_core.package_identification:_identify(src/kolonka) by extensions ['ros']
[5.928s] Level 1:colcon.colcon_core.package_identification:_identify(src/kolonka) by extension 'ros'
[5.930s] DEBUG:colcon.colcon_core.package_identification:Package 'src/kolonka' with type 'ros.ament_python' and name 'kolonka'
[5.931s] Level 1:colcon.colcon_core.package_identification:_identify(src/laser_follow) by extensions ['ignore', 'ignore_ament_install']
[5.931s] Level 1:colcon.colcon_core.package_identification:_identify(src/laser_follow) by extension 'ignore'
[5.932s] Level 1:colcon.colcon_core.package_identification:_identify(src/laser_follow) by extension 'ignore_ament_install'
[5.932s] Level 1:colcon.colcon_core.package_identification:_identify(src/laser_follow) by extensions ['colcon_pkg']
[5.932s] Level 1:colcon.colcon_core.package_identification:_identify(src/laser_follow) by extension 'colcon_pkg'
[5.932s] Level 1:colcon.colcon_core.package_identification:_identify(src/laser_follow) by extensions ['colcon_meta']
[5.932s] Level 1:colcon.colcon_core.package_identification:_identify(src/laser_follow) by extension 'colcon_meta'
[5.933s] Level 1:colcon.colcon_core.package_identification:_identify(src/laser_follow) by extensions ['ros']
[5.933s] Level 1:colcon.colcon_core.package_identification:_identify(src/laser_follow) by extension 'ros'
[5.935s] DEBUG:colcon.colcon_core.package_identification:Package 'src/laser_follow' with type 'ros.ament_python' and name 'laser_follow'
[5.936s] Level 1:colcon.colcon_core.package_identification:_identify(src/launch) by extensions ['ignore', 'ignore_ament_install']
[5.936s] Level 1:colcon.colcon_core.package_identification:_identify(src/launch) by extension 'ignore'
[5.936s] Level 1:colcon.colcon_core.package_identification:_identify(src/launch) by extension 'ignore_ament_install'
[5.937s] Level 1:colcon.colcon_core.package_identification:_identify(src/launch) by extensions ['colcon_pkg']
[5.937s] Level 1:colcon.colcon_core.package_identification:_identify(src/launch) by extension 'colcon_pkg'
[5.937s] Level 1:colcon.colcon_core.package_identification:_identify(src/launch) by extensions ['colcon_meta']
[5.937s] Level 1:colcon.colcon_core.package_identification:_identify(src/launch) by extension 'colcon_meta'
[5.937s] Level 1:colcon.colcon_core.package_identification:_identify(src/launch) by extensions ['ros']
[5.938s] Level 1:colcon.colcon_core.package_identification:_identify(src/launch) by extension 'ros'
[5.938s] Level 1:colcon.colcon_core.package_identification:_identify(src/launch) by extensions ['cmake', 'python']
[5.938s] Level 1:colcon.colcon_core.package_identification:_identify(src/launch) by extension 'cmake'
[5.938s] Level 1:colcon.colcon_core.package_identification:_identify(src/launch) by extension 'python'
[5.938s] Level 1:colcon.colcon_core.package_identification:_identify(src/launch) by extensions ['python_setup_py']
[5.939s] Level 1:colcon.colcon_core.package_identification:_identify(src/launch) by extension 'python_setup_py'
[5.939s] Level 1:colcon.colcon_core.package_identification:_identify(src/lidar_template) by extensions ['ignore', 'ignore_ament_install']
[5.939s] Level 1:colcon.colcon_core.package_identification:_identify(src/lidar_template) by extension 'ignore'
[5.940s] Level 1:colcon.colcon_core.package_identification:_identify(src/lidar_template) by extension 'ignore_ament_install'
[5.940s] Level 1:colcon.colcon_core.package_identification:_identify(src/lidar_template) by extensions ['colcon_pkg']
[5.940s] Level 1:colcon.colcon_core.package_identification:_identify(src/lidar_template) by extension 'colcon_pkg'
[5.940s] Level 1:colcon.colcon_core.package_identification:_identify(src/lidar_template) by extensions ['colcon_meta']
[5.940s] Level 1:colcon.colcon_core.package_identification:_identify(src/lidar_template) by extension 'colcon_meta'
[5.941s] Level 1:colcon.colcon_core.package_identification:_identify(src/lidar_template) by extensions ['ros']
[5.941s] Level 1:colcon.colcon_core.package_identification:_identify(src/lidar_template) by extension 'ros'
[5.944s] DEBUG:colcon.colcon_core.package_identification:Package 'src/lidar_template' with type 'ros.ament_python' and name 'lidar_template'
[5.944s] Level 1:colcon.colcon_core.package_identification:_identify(src/main_package_robot) by extensions ['ignore', 'ignore_ament_install']
[5.945s] Level 1:colcon.colcon_core.package_identification:_identify(src/main_package_robot) by extension 'ignore'
[5.945s] Level 1:colcon.colcon_core.package_identification:_identify(src/main_package_robot) by extension 'ignore_ament_install'
[5.945s] Level 1:colcon.colcon_core.package_identification:_identify(src/main_package_robot) by extensions ['colcon_pkg']
[5.945s] Level 1:colcon.colcon_core.package_identification:_identify(src/main_package_robot) by extension 'colcon_pkg'
[5.946s] Level 1:colcon.colcon_core.package_identification:_identify(src/main_package_robot) by extensions ['colcon_meta']
[5.946s] Level 1:colcon.colcon_core.package_identification:_identify(src/main_package_robot) by extension 'colcon_meta'
[5.946s] Level 1:colcon.colcon_core.package_identification:_identify(src/main_package_robot) by extensions ['ros']
[5.946s] Level 1:colcon.colcon_core.package_identification:_identify(src/main_package_robot) by extension 'ros'
[5.948s] DEBUG:colcon.colcon_core.package_identification:Package 'src/main_package_robot' with type 'ros.ament_python' and name 'main_package_robot'
[5.949s] Level 1:colcon.colcon_core.package_identification:_identify(src/motor_control_node) by extensions ['ignore', 'ignore_ament_install']
[5.950s] Level 1:colcon.colcon_core.package_identification:_identify(src/motor_control_node) by extension 'ignore'
[5.950s] Level 1:colcon.colcon_core.package_identification:_identify(src/motor_control_node) by extension 'ignore_ament_install'
[5.950s] Level 1:colcon.colcon_core.package_identification:_identify(src/motor_control_node) by extensions ['colcon_pkg']
[5.950s] Level 1:colcon.colcon_core.package_identification:_identify(src/motor_control_node) by extension 'colcon_pkg'
[5.950s] Level 1:colcon.colcon_core.package_identification:_identify(src/motor_control_node) by extensions ['colcon_meta']
[5.951s] Level 1:colcon.colcon_core.package_identification:_identify(src/motor_control_node) by extension 'colcon_meta'
[5.951s] Level 1:colcon.colcon_core.package_identification:_identify(src/motor_control_node) by extensions ['ros']
[5.951s] Level 1:colcon.colcon_core.package_identification:_identify(src/motor_control_node) by extension 'ros'
[5.953s] DEBUG:colcon.colcon_core.package_identification:Package 'src/motor_control_node' with type 'ros.ament_python' and name 'motor_control_node'
[5.954s] Level 1:colcon.colcon_core.package_identification:_identify(src/opencv_pub) by extensions ['ignore', 'ignore_ament_install']
[5.955s] Level 1:colcon.colcon_core.package_identification:_identify(src/opencv_pub) by extension 'ignore'
[5.955s] Level 1:colcon.colcon_core.package_identification:_identify(src/opencv_pub) by extension 'ignore_ament_install'
[5.955s] Level 1:colcon.colcon_core.package_identification:_identify(src/opencv_pub) by extensions ['colcon_pkg']
[5.956s] Level 1:colcon.colcon_core.package_identification:_identify(src/opencv_pub) by extension 'colcon_pkg'
[5.956s] Level 1:colcon.colcon_core.package_identification:_identify(src/opencv_pub) by extensions ['colcon_meta']
[5.956s] Level 1:colcon.colcon_core.package_identification:_identify(src/opencv_pub) by extension 'colcon_meta'
[5.956s] Level 1:colcon.colcon_core.package_identification:_identify(src/opencv_pub) by extensions ['ros']
[5.956s] Level 1:colcon.colcon_core.package_identification:_identify(src/opencv_pub) by extension 'ros'
[5.959s] DEBUG:colcon.colcon_core.package_identification:Package 'src/opencv_pub' with type 'ros.ament_python' and name 'opencv_pub'
[5.959s] Level 1:colcon.colcon_core.package_identification:_identify(src/py_barrel_detector) by extensions ['ignore', 'ignore_ament_install']
[5.960s] Level 1:colcon.colcon_core.package_identification:_identify(src/py_barrel_detector) by extension 'ignore'
[5.960s] Level 1:colcon.colcon_core.package_identification:_identify(src/py_barrel_detector) by extension 'ignore_ament_install'
[5.960s] Level 1:colcon.colcon_core.package_identification:_identify(src/py_barrel_detector) by extensions ['colcon_pkg']
[5.960s] Level 1:colcon.colcon_core.package_identification:_identify(src/py_barrel_detector) by extension 'colcon_pkg'
[5.961s] Level 1:colcon.colcon_core.package_identification:_identify(src/py_barrel_detector) by extensions ['colcon_meta']
[5.961s] Level 1:colcon.colcon_core.package_identification:_identify(src/py_barrel_detector) by extension 'colcon_meta'
[5.961s] Level 1:colcon.colcon_core.package_identification:_identify(src/py_barrel_detector) by extensions ['ros']
[5.961s] Level 1:colcon.colcon_core.package_identification:_identify(src/py_barrel_detector) by extension 'ros'
[5.963s] DEBUG:colcon.colcon_core.package_identification:Package 'src/py_barrel_detector' with type 'ros.ament_python' and name 'py_barrel_detector'
[5.964s] Level 1:colcon.colcon_core.package_identification:_identify(src/py_main_alg) by extensions ['ignore', 'ignore_ament_install']
[5.964s] Level 1:colcon.colcon_core.package_identification:_identify(src/py_main_alg) by extension 'ignore'
[5.965s] Level 1:colcon.colcon_core.package_identification:_identify(src/py_main_alg) by extension 'ignore_ament_install'
[5.965s] Level 1:colcon.colcon_core.package_identification:_identify(src/py_main_alg) by extensions ['colcon_pkg']
[5.965s] Level 1:colcon.colcon_core.package_identification:_identify(src/py_main_alg) by extension 'colcon_pkg'
[5.965s] Level 1:colcon.colcon_core.package_identification:_identify(src/py_main_alg) by extensions ['colcon_meta']
[5.965s] Level 1:colcon.colcon_core.package_identification:_identify(src/py_main_alg) by extension 'colcon_meta'
[5.966s] Level 1:colcon.colcon_core.package_identification:_identify(src/py_main_alg) by extensions ['ros']
[5.966s] Level 1:colcon.colcon_core.package_identification:_identify(src/py_main_alg) by extension 'ros'
[5.969s] DEBUG:colcon.colcon_core.package_identification:Package 'src/py_main_alg' with type 'ros.ament_python' and name 'py_main_alg'
[5.970s] Level 1:colcon.colcon_core.package_identification:_identify(src/rplidar_ros2) by extensions ['ignore', 'ignore_ament_install']
[5.970s] Level 1:colcon.colcon_core.package_identification:_identify(src/rplidar_ros2) by extension 'ignore'
[5.971s] Level 1:colcon.colcon_core.package_identification:_identify(src/rplidar_ros2) by extension 'ignore_ament_install'
[5.971s] Level 1:colcon.colcon_core.package_identification:_identify(src/rplidar_ros2) by extensions ['colcon_pkg']
[5.972s] Level 1:colcon.colcon_core.package_identification:_identify(src/rplidar_ros2) by extension 'colcon_pkg'
[5.972s] Level 1:colcon.colcon_core.package_identification:_identify(src/rplidar_ros2) by extensions ['colcon_meta']
[5.972s] Level 1:colcon.colcon_core.package_identification:_identify(src/rplidar_ros2) by extension 'colcon_meta'
[5.972s] Level 1:colcon.colcon_core.package_identification:_identify(src/rplidar_ros2) by extensions ['ros']
[5.972s] Level 1:colcon.colcon_core.package_identification:_identify(src/rplidar_ros2) by extension 'ros'
[5.975s] DEBUG:colcon.colcon_core.package_identification:Package 'src/rplidar_ros2' with type 'ros.ament_cmake' and name 'rplidar_ros'
[5.976s] Level 1:colcon.colcon_core.package_identification:_identify(src/test_pub) by extensions ['ignore', 'ignore_ament_install']
[5.976s] Level 1:colcon.colcon_core.package_identification:_identify(src/test_pub) by extension 'ignore'
[5.976s] Level 1:colcon.colcon_core.package_identification:_identify(src/test_pub) by extension 'ignore_ament_install'
[5.977s] Level 1:colcon.colcon_core.package_identification:_identify(src/test_pub) by extensions ['colcon_pkg']
[5.977s] Level 1:colcon.colcon_core.package_identification:_identify(src/test_pub) by extension 'colcon_pkg'
[5.977s] Level 1:colcon.colcon_core.package_identification:_identify(src/test_pub) by extensions ['colcon_meta']
[5.977s] Level 1:colcon.colcon_core.package_identification:_identify(src/test_pub) by extension 'colcon_meta'
[5.977s] Level 1:colcon.colcon_core.package_identification:_identify(src/test_pub) by extensions ['ros']
[5.977s] Level 1:colcon.colcon_core.package_identification:_identify(src/test_pub) by extension 'ros'
[5.980s] DEBUG:colcon.colcon_core.package_identification:Package 'src/test_pub' with type 'ros.ament_python' and name 'test_pub'
[5.980s] Level 1:colcon.colcon_core.package_discovery:discover_packages(recursive) using defaults
[5.980s] Level 1:colcon.colcon_core.package_discovery:discover_packages(ignore) discover
[5.980s] Level 1:colcon.colcon_core.package_discovery:discover_packages(ignore) using defaults
[5.981s] Level 1:colcon.colcon_core.package_discovery:discover_packages(path) discover
[5.981s] Level 1:colcon.colcon_core.package_discovery:discover_packages(path) using defaults
[6.317s] INFO:colcon.colcon_core.package_selection:Skipping not selected package 'arrow_package' in 'src/arrow_package'
[6.317s] INFO:colcon.colcon_core.package_selection:Skipping not selected package 'distance_node' in 'src/distance_node'
[6.318s] INFO:colcon.colcon_core.package_selection:Skipping not selected package 'kolonka' in 'src/kolonka'
[6.318s] INFO:colcon.colcon_core.package_selection:Skipping not selected package 'laser_follow' in 'src/laser_follow'
[6.318s] INFO:colcon.colcon_core.package_selection:Skipping not selected package 'lidar_template' in 'src/lidar_template'
[6.318s] INFO:colcon.colcon_core.package_selection:Skipping not selected package 'main_package_robot' in 'src/main_package_robot'
[6.318s] INFO:colcon.colcon_core.package_selection:Skipping not selected package 'motor_control_node' in 'src/motor_control_node'
[6.318s] INFO:colcon.colcon_core.package_selection:Skipping not selected package 'opencv_pub' in 'src/opencv_pub'
[6.318s] INFO:colcon.colcon_core.package_selection:Skipping not selected package 'py_barrel_detector' in 'src/py_barrel_detector'
[6.319s] INFO:colcon.colcon_core.package_selection:Skipping not selected package 'py_main_alg' in 'src/py_main_alg'
[6.319s] INFO:colcon.colcon_core.package_selection:Skipping not selected package 'rplidar_ros' in 'src/rplidar_ros2'
[6.319s] INFO:colcon.colcon_core.package_selection:Skipping not selected package 'test_pub' in 'src/test_pub'
[6.473s] Level 1:colcon.colcon_core.package_discovery:discover_packages(prefix_path) check parameters
[6.474s] Level 1:colcon.colcon_core.package_discovery:discover_packages(prefix_path) discover
[6.666s] DEBUG:colcon.colcon_installed_package_information.package_discovery:Found 13 installed packages in /home/timoha/KSAROmni/install
[6.766s] DEBUG:colcon.colcon_installed_package_information.package_discovery:Found 270 installed packages in /opt/ros/humble
[6.772s] Level 1:colcon.colcon_core.package_discovery:discover_packages(prefix_path) using defaults
[7.304s] Level 5:colcon.colcon_core.verb:set package 'aruco_publisher' build argument 'cmake_args' from command line to 'None'
[7.305s] Level 5:colcon.colcon_core.verb:set package 'aruco_publisher' build argument 'cmake_target' from command line to 'None'
[7.305s] Level 5:colcon.colcon_core.verb:set package 'aruco_publisher' build argument 'cmake_target_skip_unavailable' from command line to 'False'
[7.305s] Level 5:colcon.colcon_core.verb:set package 'aruco_publisher' build argument 'cmake_clean_cache' from command line to 'False'
[7.305s] Level 5:colcon.colcon_core.verb:set package 'aruco_publisher' build argument 'cmake_clean_first' from command line to 'False'
[7.305s] Level 5:colcon.colcon_core.verb:set package 'aruco_publisher' build argument 'cmake_force_configure' from command line to 'False'
[7.305s] Level 5:colcon.colcon_core.verb:set package 'aruco_publisher' build argument 'ament_cmake_args' from command line to 'None'
[7.306s] Level 5:colcon.colcon_core.verb:set package 'aruco_publisher' build argument 'catkin_cmake_args' from command line to 'None'
[7.306s] Level 5:colcon.colcon_core.verb:set package 'aruco_publisher' build argument 'catkin_skip_building_tests' from command line to 'False'
[7.306s] DEBUG:colcon.colcon_core.verb:Building package 'aruco_publisher' with the following arguments: {'ament_cmake_args': None, 'build_base': '/home/timoha/KSAROmni/build/aruco_publisher', 'catkin_cmake_args': None, 'catkin_skip_building_tests': False, 'cmake_args': None, 'cmake_clean_cache': False, 'cmake_clean_first': False, 'cmake_force_configure': False, 'cmake_target': None, 'cmake_target_skip_unavailable': False, 'install_base': '/home/timoha/KSAROmni/install/aruco_publisher', 'merge_install': False, 'path': '/home/timoha/KSAROmni/src/aruco_publisher', 'symlink_install': False, 'test_result_base': None}
[7.376s] INFO:colcon.colcon_core.executor:Executing jobs using 'parallel' executor
[7.461s] DEBUG:colcon.colcon_parallel_executor.executor.parallel:run_until_complete
[7.462s] INFO:colcon.colcon_ros.task.ament_python.build:Building ROS package in '/home/timoha/KSAROmni/src/aruco_publisher' with build type 'ament_python'
[7.463s] Level 1:colcon.colcon_core.shell:create_environment_hook('aruco_publisher', 'ament_prefix_path')
[7.572s] INFO:colcon.colcon_core.plugin_system:Skipping extension 'colcon_core.shell.bat': Not used on non-Windows systems
[7.573s] INFO:colcon.colcon_core.shell:Creating environment hook '/home/timoha/KSAROmni/install/aruco_publisher/share/aruco_publisher/hook/ament_prefix_path.ps1'
[7.576s] INFO:colcon.colcon_core.shell:Creating environment descriptor '/home/timoha/KSAROmni/install/aruco_publisher/share/aruco_publisher/hook/ament_prefix_path.dsv'
[7.578s] INFO:colcon.colcon_core.shell:Creating environment hook '/home/timoha/KSAROmni/install/aruco_publisher/share/aruco_publisher/hook/ament_prefix_path.sh'
[7.675s] INFO:colcon.colcon_core.shell:Skip shell extension 'powershell' for command environment: Not usable outside of PowerShell
[7.676s] DEBUG:colcon.colcon_core.shell:Skip shell extension 'dsv' for command environment
[9.514s] INFO:colcon.colcon_core.task.python.build:Building Python package in '/home/timoha/KSAROmni/src/aruco_publisher'
[9.589s] INFO:colcon.colcon_core.shell:Skip shell extension 'powershell' for command environment: Not usable outside of PowerShell
[9.590s] DEBUG:colcon.colcon_core.shell:Skip shell extension 'dsv' for command environment
[11.699s] DEBUG:colcon.colcon_core.event_handler.log_command:Invoking command in '/home/timoha/KSAROmni/src/aruco_publisher': PYTHONPATH=/home/timoha/KSAROmni/build/aruco_publisher/prefix_override:/home/timoha/KSAROmni/install/aruco_publisher/lib/python3.10/site-packages:${PYTHONPATH} /usr/bin/python3 setup.py egg_info --egg-base ../../build/aruco_publisher build --build-base /home/timoha/KSAROmni/build/aruco_publisher/build install --record /home/timoha/KSAROmni/build/aruco_publisher/install.log --single-version-externally-managed
[13.368s] DEBUG:colcon.colcon_core.event_handler.log_command:Invoked command in '/home/timoha/KSAROmni/src/aruco_publisher' returned '0': PYTHONPATH=/home/timoha/KSAROmni/build/aruco_publisher/prefix_override:/home/timoha/KSAROmni/install/aruco_publisher/lib/python3.10/site-packages:${PYTHONPATH} /usr/bin/python3 setup.py egg_info --egg-base ../../build/aruco_publisher build --build-base /home/timoha/KSAROmni/build/aruco_publisher/build install --record /home/timoha/KSAROmni/build/aruco_publisher/install.log --single-version-externally-managed
[13.475s] Level 1:colcon.colcon_core.environment:checking '/home/timoha/KSAROmni/install/aruco_publisher' for CMake module files
[13.478s] Level 1:colcon.colcon_core.environment:checking '/home/timoha/KSAROmni/install/aruco_publisher' for CMake config files
[13.482s] Level 1:colcon.colcon_core.environment:checking '/home/timoha/KSAROmni/install/aruco_publisher/lib'
[13.483s] Level 1:colcon.colcon_core.environment:checking '/home/timoha/KSAROmni/install/aruco_publisher/bin'
[13.484s] Level 1:colcon.colcon_core.environment:checking '/home/timoha/KSAROmni/install/aruco_publisher/lib/pkgconfig/aruco_publisher.pc'
[13.485s] Level 1:colcon.colcon_core.environment:checking '/home/timoha/KSAROmni/install/aruco_publisher/lib/python3.10/site-packages'
[13.485s] Level 1:colcon.colcon_core.shell:create_environment_hook('aruco_publisher', 'pythonpath')
[13.577s] INFO:colcon.colcon_core.shell:Creating environment hook '/home/timoha/KSAROmni/install/aruco_publisher/share/aruco_publisher/hook/pythonpath.ps1'
[13.580s] INFO:colcon.colcon_core.shell:Creating environment descriptor '/home/timoha/KSAROmni/install/aruco_publisher/share/aruco_publisher/hook/pythonpath.dsv'
[13.582s] INFO:colcon.colcon_core.shell:Creating environment hook '/home/timoha/KSAROmni/install/aruco_publisher/share/aruco_publisher/hook/pythonpath.sh'
[13.585s] Level 1:colcon.colcon_core.environment:checking '/home/timoha/KSAROmni/install/aruco_publisher/bin'
[13.586s] Level 1:colcon.colcon_core.environment:create_environment_scripts_only(aruco_publisher)
[13.682s] INFO:colcon.colcon_core.shell:Creating package script '/home/timoha/KSAROmni/install/aruco_publisher/share/aruco_publisher/package.ps1'
[13.692s] INFO:colcon.colcon_core.shell:Creating package descriptor '/home/timoha/KSAROmni/install/aruco_publisher/share/aruco_publisher/package.dsv'
[13.695s] INFO:colcon.colcon_core.shell:Creating package script '/home/timoha/KSAROmni/install/aruco_publisher/share/aruco_publisher/package.sh'
[13.699s] INFO:colcon.colcon_core.shell:Creating package script '/home/timoha/KSAROmni/install/aruco_publisher/share/aruco_publisher/package.bash'
[13.703s] INFO:colcon.colcon_core.shell:Creating package script '/home/timoha/KSAROmni/install/aruco_publisher/share/aruco_publisher/package.zsh'
[13.706s] Level 1:colcon.colcon_core.environment:create_file_with_runtime_dependencies(/home/timoha/KSAROmni/install/aruco_publisher/share/colcon-core/packages/aruco_publisher)
[13.708s] DEBUG:colcon.colcon_parallel_executor.executor.parallel:closing loop
[13.710s] DEBUG:colcon.colcon_parallel_executor.executor.parallel:loop closed
[13.710s] DEBUG:colcon.colcon_parallel_executor.executor.parallel:run_until_complete finished with '0'
[13.711s] DEBUG:colcon.colcon_core.event_reactor:joining thread
[13.802s] INFO:colcon.colcon_core.plugin_system:Skipping extension 'colcon_notification.desktop_notification.terminal_notifier': Not used on non-Darwin systems
[13.802s] INFO:colcon.colcon_core.plugin_system:Skipping extension 'colcon_notification.desktop_notification.win32': Not used on non-Windows systems
[13.802s] INFO:colcon.colcon_notification.desktop_notification:Sending desktop notification using 'notify2'
[13.807s] DEBUG:colcon.colcon_notification.desktop_notification.notify2:Failed to initialize notify2: org.freedesktop.DBus.Error.ServiceUnknown: The name org.freedesktop.Notifications was not provided by any .service files
[13.808s] DEBUG:colcon.colcon_core.event_reactor:joined thread
[13.941s] INFO:colcon.colcon_core.shell:Creating prefix script '/home/timoha/KSAROmni/install/local_setup.ps1'
[13.945s] INFO:colcon.colcon_core.shell:Creating prefix util module '/home/timoha/KSAROmni/install/_local_setup_util_ps1.py'
[13.951s] INFO:colcon.colcon_core.shell:Creating prefix chain script '/home/timoha/KSAROmni/install/setup.ps1'
[14.024s] INFO:colcon.colcon_core.shell:Creating prefix script '/home/timoha/KSAROmni/install/local_setup.sh'
[14.026s] INFO:colcon.colcon_core.shell:Creating prefix util module '/home/timoha/KSAROmni/install/_local_setup_util_sh.py'
[14.028s] INFO:colcon.colcon_core.shell:Creating prefix chain script '/home/timoha/KSAROmni/install/setup.sh'
[14.104s] INFO:colcon.colcon_core.shell:Creating prefix script '/home/timoha/KSAROmni/install/local_setup.bash'
[14.106s] INFO:colcon.colcon_core.shell:Creating prefix chain script '/home/timoha/KSAROmni/install/setup.bash'
[14.189s] INFO:colcon.colcon_core.shell:Creating prefix script '/home/timoha/KSAROmni/install/local_setup.zsh'
[14.191s] INFO:colcon.colcon_core.shell:Creating prefix chain script '/home/timoha/KSAROmni/install/setup.zsh'
