[4.698s] DEBUG:colcon:Command line arguments: ['/usr/bin/colcon', 'build', '--packages-select', 'arrow_package']
[4.699s] DEBUG:colcon:Parsed command line arguments: Namespace(log_base=None, log_level=None, verb_name='build', build_base='build', install_base='install', merge_install=False, symlink_install=False, test_result_base=None, continue_on_error=False, executor='parallel', parallel_workers=4, event_handlers=None, ignore_user_meta=False, metas=['./colcon.meta'], base_paths=['.'], packages_ignore=None, packages_ignore_regex=None, paths=None, packages_up_to=None, packages_up_to_regex=None, packages_above=None, packages_above_and_dependencies=None, packages_above_depth=None, packages_select_by_dep=None, packages_skip_by_dep=None, packages_skip_up_to=None, packages_select_build_failed=False, packages_skip_build_finished=False, packages_select_test_failures=False, packages_skip_test_passed=False, packages_select=['arrow_package'], packages_skip=None, packages_select_regex=None, packages_skip_regex=None, packages_start=None, packages_end=None, allow_overriding=[], cmake_args=None, cmake_target=None, cmake_target_skip_unavailable=False, cmake_clean_cache=False, cmake_clean_first=False, cmake_force_configure=False, ament_cmake_args=None, catkin_cmake_args=None, catkin_skip_building_tests=False, verb_parser=<colcon_defaults.argument_parser.defaults.DefaultArgumentsDecorator object at 0xffffa564ce20>, verb_extension=<colcon_core.verb.build.BuildVerb object at 0xffffa564e590>, main=<bound method BuildVerb.main of <colcon_core.verb.build.BuildVerb object at 0xffffa564e590>>)
[4.922s] Level 1:colcon.colcon_core.package_discovery:discover_packages(colcon_meta) check parameters
[4.923s] Level 1:colcon.colcon_core.package_discovery:discover_packages(recursive) check parameters
[4.923s] Level 1:colcon.colcon_core.package_discovery:discover_packages(ignore) check parameters
[4.923s] Level 1:colcon.colcon_core.package_discovery:discover_packages(path) check parameters
[4.923s] Level 1:colcon.colcon_core.package_discovery:discover_packages(colcon_meta) discover
[4.923s] Level 1:colcon.colcon_core.package_discovery:discover_packages(recursive) discover
[4.923s] INFO:colcon.colcon_core.package_discovery:Crawling recursively for packages in '/home/timoha/KSAROmni'
[4.924s] Level 1:colcon.colcon_core.package_identification:_identify(.) by extensions ['ignore', 'ignore_ament_install']
[4.924s] Level 1:colcon.colcon_core.package_identification:_identify(.) by extension 'ignore'
[4.925s] Level 1:colcon.colcon_core.package_identification:_identify(.) by extension 'ignore_ament_install'
[4.925s] Level 1:colcon.colcon_core.package_identification:_identify(.) by extensions ['colcon_pkg']
[4.925s] Level 1:colcon.colcon_core.package_identification:_identify(.) by extension 'colcon_pkg'
[4.925s] Level 1:colcon.colcon_core.package_identification:_identify(.) by extensions ['colcon_meta']
[4.925s] Level 1:colcon.colcon_core.package_identification:_identify(.) by extension 'colcon_meta'
[4.925s] Level 1:colcon.colcon_core.package_identification:_identify(.) by extensions ['ros']
[4.926s] Level 1:colcon.colcon_core.package_identification:_identify(.) by extension 'ros'
[4.973s] Level 1:colcon.colcon_core.package_identification:_identify(.) by extensions ['cmake', 'python']
[4.973s] Level 1:colcon.colcon_core.package_identification:_identify(.) by extension 'cmake'
[4.973s] Level 1:colcon.colcon_core.package_identification:_identify(.) by extension 'python'
[4.973s] Level 1:colcon.colcon_core.package_identification:_identify(.) by extensions ['python_setup_py']
[4.974s] Level 1:colcon.colcon_core.package_identification:_identify(.) by extension 'python_setup_py'
[4.974s] Level 1:colcon.colcon_core.package_identification:_identify(build) by extensions ['ignore', 'ignore_ament_install']
[4.975s] Level 1:colcon.colcon_core.package_identification:_identify(build) by extension 'ignore'
[4.975s] Level 1:colcon.colcon_core.package_identification:_identify(build) ignored
[4.976s] Level 1:colcon.colcon_core.package_identification:_identify(install) by extensions ['ignore', 'ignore_ament_install']
[4.976s] Level 1:colcon.colcon_core.package_identification:_identify(install) by extension 'ignore'
[4.976s] Level 1:colcon.colcon_core.package_identification:_identify(install) ignored
[4.977s] Level 1:colcon.colcon_core.package_identification:_identify(log) by extensions ['ignore', 'ignore_ament_install']
[4.978s] Level 1:colcon.colcon_core.package_identification:_identify(log) by extension 'ignore'
[4.978s] Level 1:colcon.colcon_core.package_identification:_identify(log) ignored
[4.978s] Level 1:colcon.colcon_core.package_identification:_identify(src) by extensions ['ignore', 'ignore_ament_install']
[4.979s] Level 1:colcon.colcon_core.package_identification:_identify(src) by extension 'ignore'
[4.979s] Level 1:colcon.colcon_core.package_identification:_identify(src) by extension 'ignore_ament_install'
[4.979s] Level 1:colcon.colcon_core.package_identification:_identify(src) by extensions ['colcon_pkg']
[4.979s] Level 1:colcon.colcon_core.package_identification:_identify(src) by extension 'colcon_pkg'
[4.979s] Level 1:colcon.colcon_core.package_identification:_identify(src) by extensions ['colcon_meta']
[4.980s] Level 1:colcon.colcon_core.package_identification:_identify(src) by extension 'colcon_meta'
[4.980s] Level 1:colcon.colcon_core.package_identification:_identify(src) by extensions ['ros']
[4.980s] Level 1:colcon.colcon_core.package_identification:_identify(src) by extension 'ros'
[4.980s] Level 1:colcon.colcon_core.package_identification:_identify(src) by extensions ['cmake', 'python']
[4.980s] Level 1:colcon.colcon_core.package_identification:_identify(src) by extension 'cmake'
[4.980s] Level 1:colcon.colcon_core.package_identification:_identify(src) by extension 'python'
[4.981s] Level 1:colcon.colcon_core.package_identification:_identify(src) by extensions ['python_setup_py']
[4.981s] Level 1:colcon.colcon_core.package_identification:_identify(src) by extension 'python_setup_py'
[4.981s] Level 1:colcon.colcon_core.package_identification:_identify(src/arrow_package) by extensions ['ignore', 'ignore_ament_install']
[4.982s] Level 1:colcon.colcon_core.package_identification:_identify(src/arrow_package) by extension 'ignore'
[4.982s] Level 1:colcon.colcon_core.package_identification:_identify(src/arrow_package) by extension 'ignore_ament_install'
[4.982s] Level 1:colcon.colcon_core.package_identification:_identify(src/arrow_package) by extensions ['colcon_pkg']
[4.982s] Level 1:colcon.colcon_core.package_identification:_identify(src/arrow_package) by extension 'colcon_pkg'
[4.982s] Level 1:colcon.colcon_core.package_identification:_identify(src/arrow_package) by extensions ['colcon_meta']
[4.983s] Level 1:colcon.colcon_core.package_identification:_identify(src/arrow_package) by extension 'colcon_meta'
[4.983s] Level 1:colcon.colcon_core.package_identification:_identify(src/arrow_package) by extensions ['ros']
[4.983s] Level 1:colcon.colcon_core.package_identification:_identify(src/arrow_package) by extension 'ros'
[4.992s] DEBUG:colcon.colcon_core.package_identification:Package 'src/arrow_package' with type 'ros.ament_cmake' and name 'arrow_package'
[4.993s] Level 1:colcon.colcon_core.package_identification:_identify(src/aruco_publisher) by extensions ['ignore', 'ignore_ament_install']
[4.993s] Level 1:colcon.colcon_core.package_identification:_identify(src/aruco_publisher) by extension 'ignore'
[4.994s] Level 1:colcon.colcon_core.package_identification:_identify(src/aruco_publisher) by extension 'ignore_ament_install'
[4.994s] Level 1:colcon.colcon_core.package_identification:_identify(src/aruco_publisher) by extensions ['colcon_pkg']
[4.995s] Level 1:colcon.colcon_core.package_identification:_identify(src/aruco_publisher) by extension 'colcon_pkg'
[4.995s] Level 1:colcon.colcon_core.package_identification:_identify(src/aruco_publisher) by extensions ['colcon_meta']
[4.995s] Level 1:colcon.colcon_core.package_identification:_identify(src/aruco_publisher) by extension 'colcon_meta'
[4.995s] Level 1:colcon.colcon_core.package_identification:_identify(src/aruco_publisher) by extensions ['ros']
[4.996s] Level 1:colcon.colcon_core.package_identification:_identify(src/aruco_publisher) by extension 'ros'
[4.998s] DEBUG:colcon.colcon_core.package_identification:Package 'src/aruco_publisher' with type 'ros.ament_python' and name 'aruco_publisher'
[4.999s] Level 1:colcon.colcon_core.package_identification:_identify(src/distance_node) by extensions ['ignore', 'ignore_ament_install']
[4.999s] Level 1:colcon.colcon_core.package_identification:_identify(src/distance_node) by extension 'ignore'
[4.999s] Level 1:colcon.colcon_core.package_identification:_identify(src/distance_node) by extension 'ignore_ament_install'
[5.000s] Level 1:colcon.colcon_core.package_identification:_identify(src/distance_node) by extensions ['colcon_pkg']
[5.000s] Level 1:colcon.colcon_core.package_identification:_identify(src/distance_node) by extension 'colcon_pkg'
[5.000s] Level 1:colcon.colcon_core.package_identification:_identify(src/distance_node) by extensions ['colcon_meta']
[5.000s] Level 1:colcon.colcon_core.package_identification:_identify(src/distance_node) by extension 'colcon_meta'
[5.000s] Level 1:colcon.colcon_core.package_identification:_identify(src/distance_node) by extensions ['ros']
[5.001s] Level 1:colcon.colcon_core.package_identification:_identify(src/distance_node) by extension 'ros'
[5.002s] DEBUG:colcon.colcon_core.package_identification:Package 'src/distance_node' with type 'ros.ament_python' and name 'distance_node'
[5.003s] Level 1:colcon.colcon_core.package_identification:_identify(src/kolonka) by extensions ['ignore', 'ignore_ament_install']
[5.004s] Level 1:colcon.colcon_core.package_identification:_identify(src/kolonka) by extension 'ignore'
[5.004s] Level 1:colcon.colcon_core.package_identification:_identify(src/kolonka) by extension 'ignore_ament_install'
[5.004s] Level 1:colcon.colcon_core.package_identification:_identify(src/kolonka) by extensions ['colcon_pkg']
[5.005s] Level 1:colcon.colcon_core.package_identification:_identify(src/kolonka) by extension 'colcon_pkg'
[5.005s] Level 1:colcon.colcon_core.package_identification:_identify(src/kolonka) by extensions ['colcon_meta']
[5.005s] Level 1:colcon.colcon_core.package_identification:_identify(src/kolonka) by extension 'colcon_meta'
[5.006s] Level 1:colcon.colcon_core.package_identification:_identify(src/kolonka) by extensions ['ros']
[5.006s] Level 1:colcon.colcon_core.package_identification:_identify(src/kolonka) by extension 'ros'
[5.008s] DEBUG:colcon.colcon_core.package_identification:Package 'src/kolonka' with type 'ros.ament_python' and name 'kolonka'
[5.009s] Level 1:colcon.colcon_core.package_identification:_identify(src/laser_follow) by extensions ['ignore', 'ignore_ament_install']
[5.010s] Level 1:colcon.colcon_core.package_identification:_identify(src/laser_follow) by extension 'ignore'
[5.010s] Level 1:colcon.colcon_core.package_identification:_identify(src/laser_follow) by extension 'ignore_ament_install'
[5.010s] Level 1:colcon.colcon_core.package_identification:_identify(src/laser_follow) by extensions ['colcon_pkg']
[5.010s] Level 1:colcon.colcon_core.package_identification:_identify(src/laser_follow) by extension 'colcon_pkg'
[5.010s] Level 1:colcon.colcon_core.package_identification:_identify(src/laser_follow) by extensions ['colcon_meta']
[5.011s] Level 1:colcon.colcon_core.package_identification:_identify(src/laser_follow) by extension 'colcon_meta'
[5.011s] Level 1:colcon.colcon_core.package_identification:_identify(src/laser_follow) by extensions ['ros']
[5.011s] Level 1:colcon.colcon_core.package_identification:_identify(src/laser_follow) by extension 'ros'
[5.014s] DEBUG:colcon.colcon_core.package_identification:Package 'src/laser_follow' with type 'ros.ament_python' and name 'laser_follow'
[5.014s] Level 1:colcon.colcon_core.package_identification:_identify(src/launch) by extensions ['ignore', 'ignore_ament_install']
[5.015s] Level 1:colcon.colcon_core.package_identification:_identify(src/launch) by extension 'ignore'
[5.015s] Level 1:colcon.colcon_core.package_identification:_identify(src/launch) by extension 'ignore_ament_install'
[5.016s] Level 1:colcon.colcon_core.package_identification:_identify(src/launch) by extensions ['colcon_pkg']
[5.016s] Level 1:colcon.colcon_core.package_identification:_identify(src/launch) by extension 'colcon_pkg'
[5.016s] Level 1:colcon.colcon_core.package_identification:_identify(src/launch) by extensions ['colcon_meta']
[5.016s] Level 1:colcon.colcon_core.package_identification:_identify(src/launch) by extension 'colcon_meta'
[5.017s] Level 1:colcon.colcon_core.package_identification:_identify(src/launch) by extensions ['ros']
[5.017s] Level 1:colcon.colcon_core.package_identification:_identify(src/launch) by extension 'ros'
[5.017s] Level 1:colcon.colcon_core.package_identification:_identify(src/launch) by extensions ['cmake', 'python']
[5.017s] Level 1:colcon.colcon_core.package_identification:_identify(src/launch) by extension 'cmake'
[5.017s] Level 1:colcon.colcon_core.package_identification:_identify(src/launch) by extension 'python'
[5.018s] Level 1:colcon.colcon_core.package_identification:_identify(src/launch) by extensions ['python_setup_py']
[5.018s] Level 1:colcon.colcon_core.package_identification:_identify(src/launch) by extension 'python_setup_py'
[5.018s] Level 1:colcon.colcon_core.package_identification:_identify(src/lidar_template) by extensions ['ignore', 'ignore_ament_install']
[5.019s] Level 1:colcon.colcon_core.package_identification:_identify(src/lidar_template) by extension 'ignore'
[5.019s] Level 1:colcon.colcon_core.package_identification:_identify(src/lidar_template) by extension 'ignore_ament_install'
[5.019s] Level 1:colcon.colcon_core.package_identification:_identify(src/lidar_template) by extensions ['colcon_pkg']
[5.019s] Level 1:colcon.colcon_core.package_identification:_identify(src/lidar_template) by extension 'colcon_pkg'
[5.019s] Level 1:colcon.colcon_core.package_identification:_identify(src/lidar_template) by extensions ['colcon_meta']
[5.020s] Level 1:colcon.colcon_core.package_identification:_identify(src/lidar_template) by extension 'colcon_meta'
[5.020s] Level 1:colcon.colcon_core.package_identification:_identify(src/lidar_template) by extensions ['ros']
[5.020s] Level 1:colcon.colcon_core.package_identification:_identify(src/lidar_template) by extension 'ros'
[5.023s] DEBUG:colcon.colcon_core.package_identification:Package 'src/lidar_template' with type 'ros.ament_python' and name 'lidar_template'
[5.024s] Level 1:colcon.colcon_core.package_identification:_identify(src/main_package_robot) by extensions ['ignore', 'ignore_ament_install']
[5.024s] Level 1:colcon.colcon_core.package_identification:_identify(src/main_package_robot) by extension 'ignore'
[5.024s] Level 1:colcon.colcon_core.package_identification:_identify(src/main_package_robot) by extension 'ignore_ament_install'
[5.024s] Level 1:colcon.colcon_core.package_identification:_identify(src/main_package_robot) by extensions ['colcon_pkg']
[5.025s] Level 1:colcon.colcon_core.package_identification:_identify(src/main_package_robot) by extension 'colcon_pkg'
[5.025s] Level 1:colcon.colcon_core.package_identification:_identify(src/main_package_robot) by extensions ['colcon_meta']
[5.025s] Level 1:colcon.colcon_core.package_identification:_identify(src/main_package_robot) by extension 'colcon_meta'
[5.025s] Level 1:colcon.colcon_core.package_identification:_identify(src/main_package_robot) by extensions ['ros']
[5.025s] Level 1:colcon.colcon_core.package_identification:_identify(src/main_package_robot) by extension 'ros'
[5.028s] DEBUG:colcon.colcon_core.package_identification:Package 'src/main_package_robot' with type 'ros.ament_python' and name 'main_package_robot'
[5.028s] Level 1:colcon.colcon_core.package_identification:_identify(src/motor_control_node) by extensions ['ignore', 'ignore_ament_install']
[5.029s] Level 1:colcon.colcon_core.package_identification:_identify(src/motor_control_node) by extension 'ignore'
[5.029s] Level 1:colcon.colcon_core.package_identification:_identify(src/motor_control_node) by extension 'ignore_ament_install'
[5.029s] Level 1:colcon.colcon_core.package_identification:_identify(src/motor_control_node) by extensions ['colcon_pkg']
[5.029s] Level 1:colcon.colcon_core.package_identification:_identify(src/motor_control_node) by extension 'colcon_pkg'
[5.030s] Level 1:colcon.colcon_core.package_identification:_identify(src/motor_control_node) by extensions ['colcon_meta']
[5.030s] Level 1:colcon.colcon_core.package_identification:_identify(src/motor_control_node) by extension 'colcon_meta'
[5.030s] Level 1:colcon.colcon_core.package_identification:_identify(src/motor_control_node) by extensions ['ros']
[5.030s] Level 1:colcon.colcon_core.package_identification:_identify(src/motor_control_node) by extension 'ros'
[5.032s] DEBUG:colcon.colcon_core.package_identification:Package 'src/motor_control_node' with type 'ros.ament_python' and name 'motor_control_node'
[5.033s] Level 1:colcon.colcon_core.package_identification:_identify(src/opencv_pub) by extensions ['ignore', 'ignore_ament_install']
[5.033s] Level 1:colcon.colcon_core.package_identification:_identify(src/opencv_pub) by extension 'ignore'
[5.034s] Level 1:colcon.colcon_core.package_identification:_identify(src/opencv_pub) by extension 'ignore_ament_install'
[5.034s] Level 1:colcon.colcon_core.package_identification:_identify(src/opencv_pub) by extensions ['colcon_pkg']
[5.034s] Level 1:colcon.colcon_core.package_identification:_identify(src/opencv_pub) by extension 'colcon_pkg'
[5.034s] Level 1:colcon.colcon_core.package_identification:_identify(src/opencv_pub) by extensions ['colcon_meta']
[5.034s] Level 1:colcon.colcon_core.package_identification:_identify(src/opencv_pub) by extension 'colcon_meta'
[5.035s] Level 1:colcon.colcon_core.package_identification:_identify(src/opencv_pub) by extensions ['ros']
[5.035s] Level 1:colcon.colcon_core.package_identification:_identify(src/opencv_pub) by extension 'ros'
[5.037s] DEBUG:colcon.colcon_core.package_identification:Package 'src/opencv_pub' with type 'ros.ament_python' and name 'opencv_pub'
[5.038s] Level 1:colcon.colcon_core.package_identification:_identify(src/py_barrel_detector) by extensions ['ignore', 'ignore_ament_install']
[5.038s] Level 1:colcon.colcon_core.package_identification:_identify(src/py_barrel_detector) by extension 'ignore'
[5.038s] Level 1:colcon.colcon_core.package_identification:_identify(src/py_barrel_detector) by extension 'ignore_ament_install'
[5.039s] Level 1:colcon.colcon_core.package_identification:_identify(src/py_barrel_detector) by extensions ['colcon_pkg']
[5.039s] Level 1:colcon.colcon_core.package_identification:_identify(src/py_barrel_detector) by extension 'colcon_pkg'
[5.039s] Level 1:colcon.colcon_core.package_identification:_identify(src/py_barrel_detector) by extensions ['colcon_meta']
[5.039s] Level 1:colcon.colcon_core.package_identification:_identify(src/py_barrel_detector) by extension 'colcon_meta'
[5.039s] Level 1:colcon.colcon_core.package_identification:_identify(src/py_barrel_detector) by extensions ['ros']
[5.040s] Level 1:colcon.colcon_core.package_identification:_identify(src/py_barrel_detector) by extension 'ros'
[5.042s] DEBUG:colcon.colcon_core.package_identification:Package 'src/py_barrel_detector' with type 'ros.ament_python' and name 'py_barrel_detector'
[5.043s] Level 1:colcon.colcon_core.package_identification:_identify(src/py_main_alg) by extensions ['ignore', 'ignore_ament_install']
[5.043s] Level 1:colcon.colcon_core.package_identification:_identify(src/py_main_alg) by extension 'ignore'
[5.043s] Level 1:colcon.colcon_core.package_identification:_identify(src/py_main_alg) by extension 'ignore_ament_install'
[5.043s] Level 1:colcon.colcon_core.package_identification:_identify(src/py_main_alg) by extensions ['colcon_pkg']
[5.044s] Level 1:colcon.colcon_core.package_identification:_identify(src/py_main_alg) by extension 'colcon_pkg'
[5.044s] Level 1:colcon.colcon_core.package_identification:_identify(src/py_main_alg) by extensions ['colcon_meta']
[5.044s] Level 1:colcon.colcon_core.package_identification:_identify(src/py_main_alg) by extension 'colcon_meta'
[5.044s] Level 1:colcon.colcon_core.package_identification:_identify(src/py_main_alg) by extensions ['ros']
[5.044s] Level 1:colcon.colcon_core.package_identification:_identify(src/py_main_alg) by extension 'ros'
[5.047s] DEBUG:colcon.colcon_core.package_identification:Package 'src/py_main_alg' with type 'ros.ament_python' and name 'py_main_alg'
[5.047s] Level 1:colcon.colcon_core.package_identification:_identify(src/rplidar_ros2) by extensions ['ignore', 'ignore_ament_install']
[5.048s] Level 1:colcon.colcon_core.package_identification:_identify(src/rplidar_ros2) by extension 'ignore'
[5.048s] Level 1:colcon.colcon_core.package_identification:_identify(src/rplidar_ros2) by extension 'ignore_ament_install'
[5.048s] Level 1:colcon.colcon_core.package_identification:_identify(src/rplidar_ros2) by extensions ['colcon_pkg']
[5.049s] Level 1:colcon.colcon_core.package_identification:_identify(src/rplidar_ros2) by extension 'colcon_pkg'
[5.049s] Level 1:colcon.colcon_core.package_identification:_identify(src/rplidar_ros2) by extensions ['colcon_meta']
[5.049s] Level 1:colcon.colcon_core.package_identification:_identify(src/rplidar_ros2) by extension 'colcon_meta'
[5.050s] Level 1:colcon.colcon_core.package_identification:_identify(src/rplidar_ros2) by extensions ['ros']
[5.050s] Level 1:colcon.colcon_core.package_identification:_identify(src/rplidar_ros2) by extension 'ros'
[5.052s] DEBUG:colcon.colcon_core.package_identification:Package 'src/rplidar_ros2' with type 'ros.ament_cmake' and name 'rplidar_ros'
[5.053s] Level 1:colcon.colcon_core.package_identification:_identify(src/test_pub) by extensions ['ignore', 'ignore_ament_install']
[5.053s] Level 1:colcon.colcon_core.package_identification:_identify(src/test_pub) by extension 'ignore'
[5.054s] Level 1:colcon.colcon_core.package_identification:_identify(src/test_pub) by extension 'ignore_ament_install'
[5.054s] Level 1:colcon.colcon_core.package_identification:_identify(src/test_pub) by extensions ['colcon_pkg']
[5.054s] Level 1:colcon.colcon_core.package_identification:_identify(src/test_pub) by extension 'colcon_pkg'
[5.054s] Level 1:colcon.colcon_core.package_identification:_identify(src/test_pub) by extensions ['colcon_meta']
[5.054s] Level 1:colcon.colcon_core.package_identification:_identify(src/test_pub) by extension 'colcon_meta'
[5.055s] Level 1:colcon.colcon_core.package_identification:_identify(src/test_pub) by extensions ['ros']
[5.055s] Level 1:colcon.colcon_core.package_identification:_identify(src/test_pub) by extension 'ros'
[5.057s] DEBUG:colcon.colcon_core.package_identification:Package 'src/test_pub' with type 'ros.ament_python' and name 'test_pub'
[5.057s] Level 1:colcon.colcon_core.package_discovery:discover_packages(recursive) using defaults
[5.057s] Level 1:colcon.colcon_core.package_discovery:discover_packages(ignore) discover
[5.058s] Level 1:colcon.colcon_core.package_discovery:discover_packages(ignore) using defaults
[5.058s] Level 1:colcon.colcon_core.package_discovery:discover_packages(path) discover
[5.058s] Level 1:colcon.colcon_core.package_discovery:discover_packages(path) using defaults
[5.354s] INFO:colcon.colcon_core.package_selection:Skipping not selected package 'aruco_publisher' in 'src/aruco_publisher'
[5.354s] INFO:colcon.colcon_core.package_selection:Skipping not selected package 'distance_node' in 'src/distance_node'
[5.354s] INFO:colcon.colcon_core.package_selection:Skipping not selected package 'kolonka' in 'src/kolonka'
[5.355s] INFO:colcon.colcon_core.package_selection:Skipping not selected package 'laser_follow' in 'src/laser_follow'
[5.355s] INFO:colcon.colcon_core.package_selection:Skipping not selected package 'lidar_template' in 'src/lidar_template'
[5.355s] INFO:colcon.colcon_core.package_selection:Skipping not selected package 'main_package_robot' in 'src/main_package_robot'
[5.355s] INFO:colcon.colcon_core.package_selection:Skipping not selected package 'motor_control_node' in 'src/motor_control_node'
[5.355s] INFO:colcon.colcon_core.package_selection:Skipping not selected package 'opencv_pub' in 'src/opencv_pub'
[5.355s] INFO:colcon.colcon_core.package_selection:Skipping not selected package 'py_barrel_detector' in 'src/py_barrel_detector'
[5.355s] INFO:colcon.colcon_core.package_selection:Skipping not selected package 'py_main_alg' in 'src/py_main_alg'
[5.355s] INFO:colcon.colcon_core.package_selection:Skipping not selected package 'rplidar_ros' in 'src/rplidar_ros2'
[5.355s] INFO:colcon.colcon_core.package_selection:Skipping not selected package 'test_pub' in 'src/test_pub'
[5.494s] Level 1:colcon.colcon_core.package_discovery:discover_packages(prefix_path) check parameters
[5.495s] Level 1:colcon.colcon_core.package_discovery:discover_packages(prefix_path) discover
[5.649s] DEBUG:colcon.colcon_installed_package_information.package_discovery:Found 13 installed packages in /home/timoha/KSAROmni/install
[5.724s] DEBUG:colcon.colcon_installed_package_information.package_discovery:Found 270 installed packages in /opt/ros/humble
[5.730s] Level 1:colcon.colcon_core.package_discovery:discover_packages(prefix_path) using defaults
[6.181s] Level 5:colcon.colcon_core.verb:set package 'arrow_package' build argument 'cmake_args' from command line to 'None'
[6.181s] Level 5:colcon.colcon_core.verb:set package 'arrow_package' build argument 'cmake_target' from command line to 'None'
[6.181s] Level 5:colcon.colcon_core.verb:set package 'arrow_package' build argument 'cmake_target_skip_unavailable' from command line to 'False'
[6.181s] Level 5:colcon.colcon_core.verb:set package 'arrow_package' build argument 'cmake_clean_cache' from command line to 'False'
[6.181s] Level 5:colcon.colcon_core.verb:set package 'arrow_package' build argument 'cmake_clean_first' from command line to 'False'
[6.181s] Level 5:colcon.colcon_core.verb:set package 'arrow_package' build argument 'cmake_force_configure' from command line to 'False'
[6.181s] Level 5:colcon.colcon_core.verb:set package 'arrow_package' build argument 'ament_cmake_args' from command line to 'None'
[6.182s] Level 5:colcon.colcon_core.verb:set package 'arrow_package' build argument 'catkin_cmake_args' from command line to 'None'
[6.182s] Level 5:colcon.colcon_core.verb:set package 'arrow_package' build argument 'catkin_skip_building_tests' from command line to 'False'
[6.182s] DEBUG:colcon.colcon_core.verb:Building package 'arrow_package' with the following arguments: {'ament_cmake_args': None, 'build_base': '/home/timoha/KSAROmni/build/arrow_package', 'catkin_cmake_args': None, 'catkin_skip_building_tests': False, 'cmake_args': None, 'cmake_clean_cache': False, 'cmake_clean_first': False, 'cmake_force_configure': False, 'cmake_target': None, 'cmake_target_skip_unavailable': False, 'install_base': '/home/timoha/KSAROmni/install/arrow_package', 'merge_install': False, 'path': '/home/timoha/KSAROmni/src/arrow_package', 'symlink_install': False, 'test_result_base': None}
[6.252s] INFO:colcon.colcon_core.executor:Executing jobs using 'parallel' executor
[6.324s] DEBUG:colcon.colcon_parallel_executor.executor.parallel:run_until_complete
[6.325s] INFO:colcon.colcon_ros.task.ament_cmake.build:Building ROS package in '/home/timoha/KSAROmni/src/arrow_package' with build type 'ament_cmake'
[6.326s] INFO:colcon.colcon_cmake.task.cmake.build:Building CMake package in '/home/timoha/KSAROmni/src/arrow_package'
[6.407s] INFO:colcon.colcon_core.plugin_system:Skipping extension 'colcon_core.shell.bat': Not used on non-Windows systems
[6.407s] INFO:colcon.colcon_core.shell:Skip shell extension 'powershell' for command environment: Not usable outside of PowerShell
[6.408s] DEBUG:colcon.colcon_core.shell:Skip shell extension 'dsv' for command environment
[6.664s] DEBUG:colcon.colcon_core.event_handler.log_command:Invoking command in '/home/timoha/KSAROmni/build/arrow_package': CMAKE_PREFIX_PATH=${CMAKE_PREFIX_PATH}:/home/timoha/KSAROmni/install/test_pub:/home/timoha/KSAROmni/install/py_main_alg:/home/timoha/KSAROmni/install/py_barrel_detector:/home/timoha/KSAROmni/install/opencv_pub:/home/timoha/KSAROmni/install/motor_control_node:/home/timoha/KSAROmni/install/main_package_robot:/home/timoha/KSAROmni/install/lidar_template:/home/timoha/KSAROmni/install/laser_follow:/home/timoha/KSAROmni/install/kolonka:/home/timoha/KSAROmni/install/distance_node:/home/timoha/KSAROmni/install/aruco_publisher:/opt/ros/humble /usr/bin/cmake /home/timoha/KSAROmni/src/arrow_package -DCMAKE_INSTALL_PREFIX=/home/timoha/KSAROmni/install/arrow_package
[11.160s] DEBUG:colcon.colcon_core.event_handler.log_command:Invoked command in '/home/timoha/KSAROmni/build/arrow_package' returned '0': CMAKE_PREFIX_PATH=${CMAKE_PREFIX_PATH}:/home/timoha/KSAROmni/install/test_pub:/home/timoha/KSAROmni/install/py_main_alg:/home/timoha/KSAROmni/install/py_barrel_detector:/home/timoha/KSAROmni/install/opencv_pub:/home/timoha/KSAROmni/install/motor_control_node:/home/timoha/KSAROmni/install/main_package_robot:/home/timoha/KSAROmni/install/lidar_template:/home/timoha/KSAROmni/install/laser_follow:/home/timoha/KSAROmni/install/kolonka:/home/timoha/KSAROmni/install/distance_node:/home/timoha/KSAROmni/install/aruco_publisher:/opt/ros/humble /usr/bin/cmake /home/timoha/KSAROmni/src/arrow_package -DCMAKE_INSTALL_PREFIX=/home/timoha/KSAROmni/install/arrow_package
[11.173s] DEBUG:colcon.colcon_core.event_handler.log_command:Invoking command in '/home/timoha/KSAROmni/build/arrow_package': CMAKE_PREFIX_PATH=${CMAKE_PREFIX_PATH}:/home/timoha/KSAROmni/install/test_pub:/home/timoha/KSAROmni/install/py_main_alg:/home/timoha/KSAROmni/install/py_barrel_detector:/home/timoha/KSAROmni/install/opencv_pub:/home/timoha/KSAROmni/install/motor_control_node:/home/timoha/KSAROmni/install/main_package_robot:/home/timoha/KSAROmni/install/lidar_template:/home/timoha/KSAROmni/install/laser_follow:/home/timoha/KSAROmni/install/kolonka:/home/timoha/KSAROmni/install/distance_node:/home/timoha/KSAROmni/install/aruco_publisher:/opt/ros/humble /usr/bin/cmake --build /home/timoha/KSAROmni/build/arrow_package -- -j4 -l4
[31.408s] DEBUG:colcon.colcon_core.event_handler.log_command:Invoked command in '/home/timoha/KSAROmni/build/arrow_package' returned '0': CMAKE_PREFIX_PATH=${CMAKE_PREFIX_PATH}:/home/timoha/KSAROmni/install/test_pub:/home/timoha/KSAROmni/install/py_main_alg:/home/timoha/KSAROmni/install/py_barrel_detector:/home/timoha/KSAROmni/install/opencv_pub:/home/timoha/KSAROmni/install/motor_control_node:/home/timoha/KSAROmni/install/main_package_robot:/home/timoha/KSAROmni/install/lidar_template:/home/timoha/KSAROmni/install/laser_follow:/home/timoha/KSAROmni/install/kolonka:/home/timoha/KSAROmni/install/distance_node:/home/timoha/KSAROmni/install/aruco_publisher:/opt/ros/humble /usr/bin/cmake --build /home/timoha/KSAROmni/build/arrow_package -- -j4 -l4
[31.584s] DEBUG:colcon.colcon_core.event_handler.log_command:Invoking command in '/home/timoha/KSAROmni/build/arrow_package': CMAKE_PREFIX_PATH=${CMAKE_PREFIX_PATH}:/home/timoha/KSAROmni/install/test_pub:/home/timoha/KSAROmni/install/py_main_alg:/home/timoha/KSAROmni/install/py_barrel_detector:/home/timoha/KSAROmni/install/opencv_pub:/home/timoha/KSAROmni/install/motor_control_node:/home/timoha/KSAROmni/install/main_package_robot:/home/timoha/KSAROmni/install/lidar_template:/home/timoha/KSAROmni/install/laser_follow:/home/timoha/KSAROmni/install/kolonka:/home/timoha/KSAROmni/install/distance_node:/home/timoha/KSAROmni/install/aruco_publisher:/opt/ros/humble /usr/bin/cmake --install /home/timoha/KSAROmni/build/arrow_package
[31.667s] Level 1:colcon.colcon_core.environment:create_environment_scripts_only(arrow_package)
[31.669s] DEBUG:colcon.colcon_core.event_handler.log_command:Invoked command in '/home/timoha/KSAROmni/build/arrow_package' returned '0': CMAKE_PREFIX_PATH=${CMAKE_PREFIX_PATH}:/home/timoha/KSAROmni/install/test_pub:/home/timoha/KSAROmni/install/py_main_alg:/home/timoha/KSAROmni/install/py_barrel_detector:/home/timoha/KSAROmni/install/opencv_pub:/home/timoha/KSAROmni/install/motor_control_node:/home/timoha/KSAROmni/install/main_package_robot:/home/timoha/KSAROmni/install/lidar_template:/home/timoha/KSAROmni/install/laser_follow:/home/timoha/KSAROmni/install/kolonka:/home/timoha/KSAROmni/install/distance_node:/home/timoha/KSAROmni/install/aruco_publisher:/opt/ros/humble /usr/bin/cmake --install /home/timoha/KSAROmni/build/arrow_package
[31.752s] Level 1:colcon.colcon_core.environment:checking '/home/timoha/KSAROmni/install/arrow_package' for CMake module files
[31.755s] Level 1:colcon.colcon_core.environment:checking '/home/timoha/KSAROmni/install/arrow_package' for CMake config files
[31.758s] Level 1:colcon.colcon_core.shell:create_environment_hook('arrow_package', 'cmake_prefix_path')
[31.829s] INFO:colcon.colcon_core.shell:Creating environment hook '/home/timoha/KSAROmni/install/arrow_package/share/arrow_package/hook/cmake_prefix_path.ps1'
[31.832s] INFO:colcon.colcon_core.shell:Creating environment descriptor '/home/timoha/KSAROmni/install/arrow_package/share/arrow_package/hook/cmake_prefix_path.dsv'
[31.834s] INFO:colcon.colcon_core.shell:Creating environment hook '/home/timoha/KSAROmni/install/arrow_package/share/arrow_package/hook/cmake_prefix_path.sh'
[31.837s] Level 1:colcon.colcon_core.environment:checking '/home/timoha/KSAROmni/install/arrow_package/lib'
[31.838s] Level 1:colcon.colcon_core.environment:checking '/home/timoha/KSAROmni/install/arrow_package/bin'
[31.839s] Level 1:colcon.colcon_core.environment:checking '/home/timoha/KSAROmni/install/arrow_package/lib/pkgconfig/arrow_package.pc'
[31.839s] Level 1:colcon.colcon_core.environment:checking '/home/timoha/KSAROmni/install/arrow_package/lib/python3.10/site-packages'
[31.840s] Level 1:colcon.colcon_core.environment:checking '/home/timoha/KSAROmni/install/arrow_package/bin'
[31.910s] INFO:colcon.colcon_core.shell:Creating package script '/home/timoha/KSAROmni/install/arrow_package/share/arrow_package/package.ps1'
[31.914s] INFO:colcon.colcon_core.shell:Creating package descriptor '/home/timoha/KSAROmni/install/arrow_package/share/arrow_package/package.dsv'
[31.917s] INFO:colcon.colcon_core.shell:Creating package script '/home/timoha/KSAROmni/install/arrow_package/share/arrow_package/package.sh'
[31.921s] INFO:colcon.colcon_core.shell:Creating package script '/home/timoha/KSAROmni/install/arrow_package/share/arrow_package/package.bash'
[31.924s] INFO:colcon.colcon_core.shell:Creating package script '/home/timoha/KSAROmni/install/arrow_package/share/arrow_package/package.zsh'
[31.927s] Level 1:colcon.colcon_core.environment:create_file_with_runtime_dependencies(/home/timoha/KSAROmni/install/arrow_package/share/colcon-core/packages/arrow_package)
[32.139s] Level 1:colcon.colcon_core.environment:create_environment_scripts_only(arrow_package)
[32.209s] Level 1:colcon.colcon_core.environment:checking '/home/timoha/KSAROmni/install/arrow_package' for CMake module files
[32.212s] Level 1:colcon.colcon_core.environment:checking '/home/timoha/KSAROmni/install/arrow_package' for CMake config files
[32.215s] Level 1:colcon.colcon_core.shell:create_environment_hook('arrow_package', 'cmake_prefix_path')
[32.284s] INFO:colcon.colcon_core.shell:Creating environment hook '/home/timoha/KSAROmni/install/arrow_package/share/arrow_package/hook/cmake_prefix_path.ps1'
[32.286s] INFO:colcon.colcon_core.shell:Creating environment descriptor '/home/timoha/KSAROmni/install/arrow_package/share/arrow_package/hook/cmake_prefix_path.dsv'
[32.288s] INFO:colcon.colcon_core.shell:Creating environment hook '/home/timoha/KSAROmni/install/arrow_package/share/arrow_package/hook/cmake_prefix_path.sh'
[32.290s] Level 1:colcon.colcon_core.environment:checking '/home/timoha/KSAROmni/install/arrow_package/lib'
[32.291s] Level 1:colcon.colcon_core.environment:checking '/home/timoha/KSAROmni/install/arrow_package/bin'
[32.291s] Level 1:colcon.colcon_core.environment:checking '/home/timoha/KSAROmni/install/arrow_package/lib/pkgconfig/arrow_package.pc'
[32.292s] Level 1:colcon.colcon_core.environment:checking '/home/timoha/KSAROmni/install/arrow_package/lib/python3.10/site-packages'
[32.293s] Level 1:colcon.colcon_core.environment:checking '/home/timoha/KSAROmni/install/arrow_package/bin'
[32.363s] INFO:colcon.colcon_core.shell:Creating package script '/home/timoha/KSAROmni/install/arrow_package/share/arrow_package/package.ps1'
[32.365s] INFO:colcon.colcon_core.shell:Creating package descriptor '/home/timoha/KSAROmni/install/arrow_package/share/arrow_package/package.dsv'
[32.368s] INFO:colcon.colcon_core.shell:Creating package script '/home/timoha/KSAROmni/install/arrow_package/share/arrow_package/package.sh'
[32.370s] INFO:colcon.colcon_core.shell:Creating package script '/home/timoha/KSAROmni/install/arrow_package/share/arrow_package/package.bash'
[32.372s] INFO:colcon.colcon_core.shell:Creating package script '/home/timoha/KSAROmni/install/arrow_package/share/arrow_package/package.zsh'
[32.374s] Level 1:colcon.colcon_core.environment:create_file_with_runtime_dependencies(/home/timoha/KSAROmni/install/arrow_package/share/colcon-core/packages/arrow_package)
[32.375s] DEBUG:colcon.colcon_parallel_executor.executor.parallel:closing loop
[32.376s] DEBUG:colcon.colcon_parallel_executor.executor.parallel:loop closed
[32.377s] DEBUG:colcon.colcon_parallel_executor.executor.parallel:run_until_complete finished with '0'
[32.377s] DEBUG:colcon.colcon_core.event_reactor:joining thread
[32.475s] INFO:colcon.colcon_core.plugin_system:Skipping extension 'colcon_notification.desktop_notification.terminal_notifier': Not used on non-Darwin systems
[32.475s] INFO:colcon.colcon_core.plugin_system:Skipping extension 'colcon_notification.desktop_notification.win32': Not used on non-Windows systems
[32.475s] INFO:colcon.colcon_notification.desktop_notification:Sending desktop notification using 'notify2'
[32.480s] DEBUG:colcon.colcon_notification.desktop_notification.notify2:Failed to initialize notify2: org.freedesktop.DBus.Error.ServiceUnknown: The name org.freedesktop.Notifications was not provided by any .service files
[32.481s] DEBUG:colcon.colcon_core.event_reactor:joined thread
[32.557s] INFO:colcon.colcon_core.shell:Creating prefix script '/home/timoha/KSAROmni/install/local_setup.ps1'
[32.561s] INFO:colcon.colcon_core.shell:Creating prefix util module '/home/timoha/KSAROmni/install/_local_setup_util_ps1.py'
[32.567s] INFO:colcon.colcon_core.shell:Creating prefix chain script '/home/timoha/KSAROmni/install/setup.ps1'
[32.645s] INFO:colcon.colcon_core.shell:Creating prefix script '/home/timoha/KSAROmni/install/local_setup.sh'
[32.647s] INFO:colcon.colcon_core.shell:Creating prefix util module '/home/timoha/KSAROmni/install/_local_setup_util_sh.py'
[32.650s] INFO:colcon.colcon_core.shell:Creating prefix chain script '/home/timoha/KSAROmni/install/setup.sh'
[32.729s] INFO:colcon.colcon_core.shell:Creating prefix script '/home/timoha/KSAROmni/install/local_setup.bash'
[32.731s] INFO:colcon.colcon_core.shell:Creating prefix chain script '/home/timoha/KSAROmni/install/setup.bash'
[32.809s] INFO:colcon.colcon_core.shell:Creating prefix script '/home/timoha/KSAROmni/install/local_setup.zsh'
[32.811s] INFO:colcon.colcon_core.shell:Creating prefix chain script '/home/timoha/KSAROmni/install/setup.zsh'
