[8.540s] Invoking command in '/home/timoha/KSAROmni/build/aruco_publisher': PYTHONPATH=/home/timoha/KSAROmni/build/aruco_publisher/prefix_override:/home/timoha/KSAROmni/install/aruco_publisher/lib/python3.10/site-packages:${PYTHONPATH} /usr/bin/python3 setup.py develop --editable --build-directory /home/timoha/KSAROmni/build/aruco_publisher/build --no-deps install_data
[10.513s] running develop
[10.515s] /usr/lib/python3/dist-packages/setuptools/command/easy_install.py:158: EasyInstallDeprecationWarning: easy_install command is deprecated. Use build and pip and other standards-based tools.
[10.515s]   warnings.warn(
[10.529s] /usr/lib/python3/dist-packages/setuptools/command/install.py:34: SetuptoolsDeprecationWarning: setup.py install is deprecated. Use build and pip and other standards-based tools.
[10.530s]   warnings.warn(
[12.049s] running egg_info
[12.050s] writing aruco_publisher.egg-info/PKG-INFO
[12.052s] writing dependency_links to aruco_publisher.egg-info/dependency_links.txt
[12.053s] writing entry points to aruco_publisher.egg-info/entry_points.txt
[12.054s] writing requirements to aruco_publisher.egg-info/requires.txt
[12.054s] writing top-level names to aruco_publisher.egg-info/top_level.txt
[12.064s] reading manifest file 'aruco_publisher.egg-info/SOURCES.txt'
[12.069s] writing manifest file 'aruco_publisher.egg-info/SOURCES.txt'
[12.075s] running build_ext
[12.075s] Creating /home/timoha/KSAROmni/install/aruco_publisher/lib/python3.10/site-packages/aruco-publisher.egg-link (link to .)
[12.084s] Installing aruco_detector script to /home/timoha/KSAROmni/install/aruco_publisher/lib/aruco_publisher
[12.086s] 
[12.087s] Installed /home/timoha/KSAROmni/build/aruco_publisher
[12.089s] running install_data
[14.209s] Invoked command in '/home/timoha/KSAROmni/build/aruco_publisher' returned '0': PYTHONPATH=/home/timoha/KSAROmni/build/aruco_publisher/prefix_override:/home/timoha/KSAROmni/install/aruco_publisher/lib/python3.10/site-packages:${PYTHONPATH} /usr/bin/python3 setup.py develop --editable --build-directory /home/timoha/KSAROmni/build/aruco_publisher/build --no-deps install_data
