[3.351s] Invoking command in '/home/timoha/KSAROmni/build/rplidar_ros': CMAKE_PREFIX_PATH=/opt/ros/humble /usr/bin/cmake /home/timoha/KSAROmni/src/rplidar_ros2 -DAMENT_CMAKE_SYMLINK_INSTALL=1 -DCMAKE_INSTALL_PREFIX=/home/timoha/KSAROmni/install/rplidar_ros
[3.423s] -- Found ament_cmake_auto: 1.3.7 (/opt/ros/humble/share/ament_cmake_auto/cmake)
[4.401s] -- Override CMake install command with custom implementation using symlinks instead of copying resources
[4.467s] -- Found ament_cmake_ros: 0.10.0 (/opt/ros/humble/share/ament_cmake_ros/cmake)
[5.155s] -- Found rosidl_generator_c: 3.1.5 (/opt/ros/humble/share/rosidl_generator_c/cmake)
[5.173s] -- Found rosidl_adapter: 3.1.5 (/opt/ros/humble/share/rosidl_adapter/cmake)
[5.219s] -- Found rosidl_generator_cpp: 3.1.5 (/opt/ros/humble/share/rosidl_generator_cpp/cmake)
[5.292s] -- Using all available rosidl_typesupport_c: rosidl_typesupport_fastrtps_c;rosidl_typesupport_introspection_c
[5.407s] -- Using all available rosidl_typesupport_cpp: rosidl_typesupport_fastrtps_cpp;rosidl_typesupport_introspection_cpp
[5.825s] -- Found rmw_implementation_cmake: 6.1.1 (/opt/ros/humble/share/rmw_implementation_cmake/cmake)
[5.847s] -- Found rmw_fastrtps_cpp: 6.2.6 (/opt/ros/humble/share/rmw_fastrtps_cpp/cmake)
[7.056s] -- Using RMW implementation 'rmw_fastrtps_cpp' as default
[9.229s] -- Configuring done
[9.361s] -- Generating done
[9.372s] -- Build files have been written to: /home/timoha/KSAROmni/build/rplidar_ros
[10.412s] Invoked command in '/home/timoha/KSAROmni/build/rplidar_ros' returned '0': CMAKE_PREFIX_PATH=/opt/ros/humble /usr/bin/cmake /home/timoha/KSAROmni/src/rplidar_ros2 -DAMENT_CMAKE_SYMLINK_INSTALL=1 -DCMAKE_INSTALL_PREFIX=/home/timoha/KSAROmni/install/rplidar_ros
[10.416s] Invoking command in '/home/timoha/KSAROmni/build/rplidar_ros': CMAKE_PREFIX_PATH=/opt/ros/humble /usr/bin/cmake --build /home/timoha/KSAROmni/build/rplidar_ros -- -j4 -l4
[10.801s] [35m[1mConsolidate compiler generated dependencies of target rplidar_composition_node[0m
[10.802s] [ 11%] [32m[1mLinking CXX shared library librplidar_composition_node.so[0m
[12.449s] [ 77%] Built target rplidar_composition_node
[12.500s] [35m[1mConsolidate compiler generated dependencies of target rplidar_composition[0m
[12.590s] [ 88%] [32m[1mLinking CXX executable rplidar_composition[0m
[13.725s] [100%] Built target rplidar_composition
[13.767s] Invoked command in '/home/timoha/KSAROmni/build/rplidar_ros' returned '0': CMAKE_PREFIX_PATH=/opt/ros/humble /usr/bin/cmake --build /home/timoha/KSAROmni/build/rplidar_ros -- -j4 -l4
[13.989s] Invoking command in '/home/timoha/KSAROmni/build/rplidar_ros': CMAKE_PREFIX_PATH=/opt/ros/humble /usr/bin/cmake --install /home/timoha/KSAROmni/build/rplidar_ros
[14.017s] -- Install configuration: ""
[14.020s] -- Execute custom install script
[14.022s] -- Symlinking: /home/timoha/KSAROmni/install/rplidar_ros/lib/rplidar_ros/rplidar_composition
[14.058s] -- Symlinking: /home/timoha/KSAROmni/install/rplidar_ros/share/rplidar_ros/launch/rplidar.launch.py
[14.091s] -- Symlinking: /home/timoha/KSAROmni/install/rplidar_ros/share/rplidar_ros/launch/rplidar_a3.launch.py
[14.126s] -- Symlinking: /home/timoha/KSAROmni/install/rplidar_ros/share/rplidar_ros/launch/rplidar_s1.launch.py
[14.159s] -- Symlinking: /home/timoha/KSAROmni/install/rplidar_ros/share/rplidar_ros/launch/rplidar_s1_tcp.launch.py
[14.192s] -- Symlinking: /home/timoha/KSAROmni/install/rplidar_ros/share/rplidar_ros/launch/test_rplidar_a3.launch.py
[14.229s] -- Symlinking: /home/timoha/KSAROmni/install/rplidar_ros/share/rplidar_ros/launch/view_rplidar.launch.py
[14.263s] -- Symlinking: /home/timoha/KSAROmni/install/rplidar_ros/share/rplidar_ros/launch/view_rplidar_a3.launch.py
[14.296s] -- Symlinking: /home/timoha/KSAROmni/install/rplidar_ros/share/rplidar_ros/launch/view_rplidar_s1.launch.py
[14.334s] -- Symlinking: /home/timoha/KSAROmni/install/rplidar_ros/share/rplidar_ros/launch/view_rplidar_s1_tcp.launch.py
[14.369s] -- Symlinking: /home/timoha/KSAROmni/install/rplidar_ros/share/rplidar_ros/rviz/rplidar.rviz
[14.403s] -- Symlinking: /home/timoha/KSAROmni/install/rplidar_ros/lib/librplidar_composition_node.so
[14.440s] -- Symlinking: /home/timoha/KSAROmni/install/rplidar_ros/include/rplidar_node.hpp
[14.474s] -- Symlinking: /home/timoha/KSAROmni/install/rplidar_ros/include/visibility.h
[14.516s] -- Up-to-date symlink: /home/timoha/KSAROmni/install/rplidar_ros/lib/rplidar_ros/rplidar_composition
[14.517s] -- Symlinking: /home/timoha/KSAROmni/install/rplidar_ros/share/ament_index/resource_index/package_run_dependencies/rplidar_ros
[14.551s] -- Symlinking: /home/timoha/KSAROmni/install/rplidar_ros/share/ament_index/resource_index/parent_prefix_path/rplidar_ros
[14.587s] -- Symlinking: /home/timoha/KSAROmni/install/rplidar_ros/share/rplidar_ros/environment/ament_prefix_path.sh
[14.623s] -- Symlinking: /home/timoha/KSAROmni/install/rplidar_ros/share/rplidar_ros/environment/ament_prefix_path.dsv
[14.656s] -- Symlinking: /home/timoha/KSAROmni/install/rplidar_ros/share/rplidar_ros/environment/path.sh
[14.690s] -- Symlinking: /home/timoha/KSAROmni/install/rplidar_ros/share/rplidar_ros/environment/path.dsv
[14.727s] -- Symlinking: /home/timoha/KSAROmni/install/rplidar_ros/share/rplidar_ros/local_setup.bash
[14.760s] -- Symlinking: /home/timoha/KSAROmni/install/rplidar_ros/share/rplidar_ros/local_setup.sh
[14.794s] -- Symlinking: /home/timoha/KSAROmni/install/rplidar_ros/share/rplidar_ros/local_setup.zsh
[14.829s] -- Symlinking: /home/timoha/KSAROmni/install/rplidar_ros/share/rplidar_ros/local_setup.dsv
[14.863s] -- Symlinking: /home/timoha/KSAROmni/install/rplidar_ros/share/rplidar_ros/package.dsv
[14.899s] -- Symlinking: /home/timoha/KSAROmni/install/rplidar_ros/share/ament_index/resource_index/packages/rplidar_ros
[14.936s] -- Symlinking: /home/timoha/KSAROmni/install/rplidar_ros/share/ament_index/resource_index/rclcpp_components/rplidar_ros
[14.969s] -- Symlinking: /home/timoha/KSAROmni/install/rplidar_ros/share/rplidar_ros/cmake/ament_cmake_export_dependencies-extras.cmake
[15.003s] -- Symlinking: /home/timoha/KSAROmni/install/rplidar_ros/share/rplidar_ros/cmake/ament_cmake_export_include_directories-extras.cmake
[15.039s] -- Symlinking: /home/timoha/KSAROmni/install/rplidar_ros/share/rplidar_ros/cmake/rplidar_rosConfig.cmake
[15.072s] -- Symlinking: /home/timoha/KSAROmni/install/rplidar_ros/share/rplidar_ros/cmake/rplidar_rosConfig-version.cmake
[15.105s] -- Symlinking: /home/timoha/KSAROmni/install/rplidar_ros/share/rplidar_ros/package.xml
[15.146s] Invoked command in '/home/timoha/KSAROmni/build/rplidar_ros' returned '0': CMAKE_PREFIX_PATH=/opt/ros/humble /usr/bin/cmake --install /home/timoha/KSAROmni/build/rplidar_ros
