[4.427s] Invoking command in '/home/timoha/KSAROmni/src/aruco_publisher': PYTHONPATH=/home/timoha/KSAROmni/build/aruco_publisher/prefix_override:/home/timoha/KSAROmni/install/aruco_publisher/lib/python3.10/site-packages:${PYTHONPATH} /usr/bin/python3 setup.py egg_info --egg-base ../../build/aruco_publisher build --build-base /home/timoha/KSAROmni/build/aruco_publisher/build install --record /home/timoha/KSAROmni/build/aruco_publisher/install.log --single-version-externally-managed
[5.903s] running egg_info
[5.906s] writing ../../build/aruco_publisher/aruco_publisher.egg-info/PKG-INFO
[5.908s] writing dependency_links to ../../build/aruco_publisher/aruco_publisher.egg-info/dependency_links.txt
[5.909s] writing entry points to ../../build/aruco_publisher/aruco_publisher.egg-info/entry_points.txt
[5.909s] writing requirements to ../../build/aruco_publisher/aruco_publisher.egg-info/requires.txt
[5.910s] writing top-level names to ../../build/aruco_publisher/aruco_publisher.egg-info/top_level.txt
[5.921s] reading manifest file '../../build/aruco_publisher/aruco_publisher.egg-info/SOURCES.txt'
[5.929s] writing manifest file '../../build/aruco_publisher/aruco_publisher.egg-info/SOURCES.txt'
[5.930s] running build
[5.931s] running build_py
[5.931s] copying aruco_publisher/aruco_detector.py -> /home/timoha/KSAROmni/build/aruco_publisher/build/lib/aruco_publisher
[5.932s] running install
[5.933s] /usr/lib/python3/dist-packages/setuptools/command/install.py:34: SetuptoolsDeprecationWarning: setup.py install is deprecated. Use build and pip and other standards-based tools.
[5.934s]   warnings.warn(
[5.935s] running install_lib
[5.938s] copying /home/timoha/KSAROmni/build/aruco_publisher/build/lib/aruco_publisher/aruco_detector.py -> /home/timoha/KSAROmni/install/aruco_publisher/lib/python3.10/site-packages/aruco_publisher
[5.943s] byte-compiling /home/timoha/KSAROmni/install/aruco_publisher/lib/python3.10/site-packages/aruco_publisher/aruco_detector.py to aruco_detector.cpython-310.pyc
[5.948s] running install_data
[5.951s] running install_egg_info
[5.959s] removing '/home/timoha/KSAROmni/install/aruco_publisher/lib/python3.10/site-packages/aruco_publisher-0.0.0-py3.10.egg-info' (and everything under it)
[5.965s] Copying ../../build/aruco_publisher/aruco_publisher.egg-info to /home/timoha/KSAROmni/install/aruco_publisher/lib/python3.10/site-packages/aruco_publisher-0.0.0-py3.10.egg-info
[5.968s] running install_scripts
[6.072s] Installing aruco_detector script to /home/timoha/KSAROmni/install/aruco_publisher/lib/aruco_publisher
[6.085s] writing list of installed files to '/home/timoha/KSAROmni/build/aruco_publisher/install.log'
[6.215s] Invoked command in '/home/timoha/KSAROmni/src/aruco_publisher' returned '0': PYTHONPATH=/home/timoha/KSAROmni/build/aruco_publisher/prefix_override:/home/timoha/KSAROmni/install/aruco_publisher/lib/python3.10/site-packages:${PYTHONPATH} /usr/bin/python3 setup.py egg_info --egg-base ../../build/aruco_publisher build --build-base /home/timoha/KSAROmni/build/aruco_publisher/build install --record /home/timoha/KSAROmni/build/aruco_publisher/install.log --single-version-externally-managed
