[9.755s] Invoking command in '/home/timoha/KSAROmni/build/aruco_publisher': PYTHONPATH=/home/timoha/KSAROmni/build/aruco_publisher/prefix_override:/usr/lib/python3/dist-packages/colcon_core/task/python/colcon_distutils_commands:/home/timoha/KSAROmni/install/aruco_publisher/lib/python3.10/site-packages:${PYTHONPATH} /usr/bin/python3 -W ignore:setup.py install is deprecated setup.py develop --editable --build-directory /home/timoha/KSAROmni/build/aruco_publisher/build --no-deps symlink_data --force
[12.194s] running develop
[12.198s] /usr/lib/python3/dist-packages/setuptools/command/easy_install.py:158: EasyInstallDeprecationWarning: easy_install command is deprecated. Use build and pip and other standards-based tools.
[12.201s]   warnings.warn(
[13.898s] running egg_info
[13.902s] writing aruco_publisher.egg-info/PKG-INFO
[13.908s] writing dependency_links to aruco_publisher.egg-info/dependency_links.txt
[13.913s] writing entry points to aruco_publisher.egg-info/entry_points.txt
[13.916s] writing requirements to aruco_publisher.egg-info/requires.txt
[13.927s] writing top-level names to aruco_publisher.egg-info/top_level.txt
[13.931s] reading manifest file 'aruco_publisher.egg-info/SOURCES.txt'
[13.981s] writing manifest file 'aruco_publisher.egg-info/SOURCES.txt'
[13.999s] running build_ext
[14.000s] Creating /home/timoha/KSAROmni/install/aruco_publisher/lib/python3.10/site-packages/aruco-publisher.egg-link (link to .)
[14.008s] Installing aruco_detector script to /home/timoha/KSAROmni/install/aruco_publisher/lib/aruco_publisher
[14.013s] 
[14.013s] Installed /home/timoha/KSAROmni/build/aruco_publisher
[14.015s] running symlink_data
[14.023s] symbolically linking /home/timoha/KSAROmni/build/aruco_publisher/resource/aruco_publisher -> /home/timoha/KSAROmni/install/aruco_publisher/share/ament_index/resource_index/packages
[14.027s] symbolically linking /home/timoha/KSAROmni/build/aruco_publisher/package.xml -> /home/timoha/KSAROmni/install/aruco_publisher/share/aruco_publisher
[14.371s] Invoked command in '/home/timoha/KSAROmni/build/aruco_publisher' returned '0': PYTHONPATH=/home/timoha/KSAROmni/build/aruco_publisher/prefix_override:/usr/lib/python3/dist-packages/colcon_core/task/python/colcon_distutils_commands:/home/timoha/KSAROmni/install/aruco_publisher/lib/python3.10/site-packages:${PYTHONPATH} /usr/bin/python3 -W ignore:setup.py install is deprecated setup.py develop --editable --build-directory /home/timoha/KSAROmni/build/aruco_publisher/build --no-deps symlink_data --force
