[4.851s] Invoking command in '/home/timoha/KSAROmni/src/py_main_alg': PYTHONPATH=/home/timoha/KSAROmni/build/py_main_alg/prefix_override:/home/timoha/KSAROmni/install/py_main_alg/lib/python3.10/site-packages:${PYTHONPATH} /usr/bin/python3 setup.py egg_info --egg-base ../../build/py_main_alg build --build-base /home/timoha/KSAROmni/build/py_main_alg/build install --record /home/timoha/KSAROmni/build/py_main_alg/install.log --single-version-externally-managed
[6.571s] running egg_info
[6.578s] writing ../../build/py_main_alg/py_main_alg.egg-info/PKG-INFO
[6.580s] writing dependency_links to ../../build/py_main_alg/py_main_alg.egg-info/dependency_links.txt
[6.589s] writing entry points to ../../build/py_main_alg/py_main_alg.egg-info/entry_points.txt
[6.595s] writing requirements to ../../build/py_main_alg/py_main_alg.egg-info/requires.txt
[6.598s] writing top-level names to ../../build/py_main_alg/py_main_alg.egg-info/top_level.txt
[6.607s] reading manifest file '../../build/py_main_alg/py_main_alg.egg-info/SOURCES.txt'
[6.614s] writing manifest file '../../build/py_main_alg/py_main_alg.egg-info/SOURCES.txt'
[6.619s] running build
[6.625s] running build_py
[6.628s] copying py_main_alg/main_alg.py -> /home/timoha/KSAROmni/build/py_main_alg/build/lib/py_main_alg
[6.631s] running install
[6.634s] running install_lib
[6.637s] /usr/lib/python3/dist-packages/setuptools/command/install.py:34: SetuptoolsDeprecationWarning: setup.py install is deprecated. Use build and pip and other standards-based tools.
[6.642s]   warnings.warn(
[6.643s] copying /home/timoha/KSAROmni/build/py_main_alg/build/lib/py_main_alg/main_alg.py -> /home/timoha/KSAROmni/install/py_main_alg/lib/python3.10/site-packages/py_main_alg
[6.643s] byte-compiling /home/timoha/KSAROmni/install/py_main_alg/lib/python3.10/site-packages/py_main_alg/main_alg.py to main_alg.cpython-310.pyc
[6.644s] running install_data
[6.644s] running install_egg_info
[6.645s] removing '/home/timoha/KSAROmni/install/py_main_alg/lib/python3.10/site-packages/py_main_alg-0.0.0-py3.10.egg-info' (and everything under it)
[6.646s] Copying ../../build/py_main_alg/py_main_alg.egg-info to /home/timoha/KSAROmni/install/py_main_alg/lib/python3.10/site-packages/py_main_alg-0.0.0-py3.10.egg-info
[6.654s] running install_scripts
[6.760s] Installing main_alg script to /home/timoha/KSAROmni/install/py_main_alg/lib/py_main_alg
[6.762s] writing list of installed files to '/home/timoha/KSAROmni/build/py_main_alg/install.log'
[6.910s] Invoked command in '/home/timoha/KSAROmni/src/py_main_alg' returned '0': PYTHONPATH=/home/timoha/KSAROmni/build/py_main_alg/prefix_override:/home/timoha/KSAROmni/install/py_main_alg/lib/python3.10/site-packages:${PYTHONPATH} /usr/bin/python3 setup.py egg_info --egg-base ../../build/py_main_alg build --build-base /home/timoha/KSAROmni/build/py_main_alg/build install --record /home/timoha/KSAROmni/build/py_main_alg/install.log --single-version-externally-managed
