running egg_info
creating ../../build/laser_follow/laser_follow.egg-info
writing ../../build/laser_follow/laser_follow.egg-info/PKG-INFO
writing dependency_links to ../../build/laser_follow/laser_follow.egg-info/dependency_links.txt
writing entry points to ../../build/laser_follow/laser_follow.egg-info/entry_points.txt
writing requirements to ../../build/laser_follow/laser_follow.egg-info/requires.txt
writing top-level names to ../../build/laser_follow/laser_follow.egg-info/top_level.txt
writing manifest file '../../build/laser_follow/laser_follow.egg-info/SOURCES.txt'
reading manifest file '../../build/laser_follow/laser_follow.egg-info/SOURCES.txt'
writing manifest file '../../build/laser_follow/laser_follow.egg-info/SOURCES.txt'
running build
running build_py
creating /home/timoha/KSAROmni/build/laser_follow/build
creating /home/timoha/KSAROmni/build/laser_follow/build/lib
creating /home/timoha/KSAROmni/build/laser_follow/build/lib/laser_follow
copying laser_follow/__init__.py -> /home/timoha/KSAROmni/build/laser_follow/build/lib/laser_follow
copying laser_follow/laser_keep_distance.py -> /home/timoha/KSAROmni/build/laser_follow/build/lib/laser_follow
running install
running install_lib
creating /home/timoha/KSAROmni/install/laser_follow/lib/python3.10/site-packages/laser_follow
copying /home/timoha/KSAROmni/build/laser_follow/build/lib/laser_follow/__init__.py -> /home/timoha/KSAROmni/install/laser_follow/lib/python3.10/site-packages/laser_follow
copying /home/timoha/KSAROmni/build/laser_follow/build/lib/laser_follow/laser_keep_distance.py -> /home/timoha/KSAROmni/install/laser_follow/lib/python3.10/site-packages/laser_follow
byte-compiling /home/timoha/KSAROmni/install/laser_follow/lib/python3.10/site-packages/laser_follow/__init__.py to __init__.cpython-310.pyc
byte-compiling /home/timoha/KSAROmni/install/laser_follow/lib/python3.10/site-packages/laser_follow/laser_keep_distance.py to laser_keep_distance.cpython-310.pyc
running install_data
creating /home/timoha/KSAROmni/install/laser_follow/share/ament_index
creating /home/timoha/KSAROmni/install/laser_follow/share/ament_index/resource_index
creating /home/timoha/KSAROmni/install/laser_follow/share/ament_index/resource_index/packages
copying resource/laser_follow -> /home/timoha/KSAROmni/install/laser_follow/share/ament_index/resource_index/packages
copying package.xml -> /home/timoha/KSAROmni/install/laser_follow/share/laser_follow
running install_egg_info
Copying ../../build/laser_follow/laser_follow.egg-info to /home/timoha/KSAROmni/install/laser_follow/lib/python3.10/site-packages/laser_follow-0.0.0-py3.10.egg-info
running install_scripts
Installing laser_follow script to /home/timoha/KSAROmni/install/laser_follow/lib/laser_follow
writing list of installed files to '/home/timoha/KSAROmni/build/laser_follow/install.log'
