[1.154s] Invoking command in '/home/timoha/KSAROmni/build/arrow_package': CMAKE_PREFIX_PATH=/opt/ros/humble /usr/bin/cmake /home/timoha/KSAROmni/src/arrow_package -DCMAKE_INSTALL_PREFIX=/home/timoha/KSAROmni/install/arrow_package
[4.469s] -- The C compiler identification is GNU 11.4.0
[4.470s] -- The CXX compiler identification is GNU 11.4.0
[4.472s] -- Detecting C compiler ABI info
[4.475s] -- Detecting C compiler ABI info - done
[4.476s] -- Check for working C compiler: /usr/bin/cc - skipped
[4.477s] -- Detecting C compile features
[4.480s] -- Detecting C compile features - done
[4.482s] -- Detecting CXX compiler ABI info
[4.482s] -- Detecting CXX compiler ABI info - done
[4.483s] -- Check for working CXX compiler: /usr/bin/c++ - skipped
[4.484s] -- Detecting CXX compile features
[4.484s] -- Detecting CXX compile features - done
[4.485s] -- Found ament_cmake: 1.3.7 (/opt/ros/humble/share/ament_cmake/cmake)
[4.907s] -- Found Python3: /usr/bin/python3.10 (found version "3.10.12") found components: Interpreter 
[5.541s] -- Found rclcpp: 16.0.8 (/opt/ros/humble/share/rclcpp/cmake)
[5.989s] -- Found rosidl_generator_c: 3.1.5 (/opt/ros/humble/share/rosidl_generator_c/cmake)
[6.041s] -- Found rosidl_adapter: 3.1.5 (/opt/ros/humble/share/rosidl_adapter/cmake)
[6.118s] -- Found rosidl_generator_cpp: 3.1.5 (/opt/ros/humble/share/rosidl_generator_cpp/cmake)
[6.258s] -- Using all available rosidl_typesupport_c: rosidl_typesupport_fastrtps_c;rosidl_typesupport_introspection_c
[6.444s] -- Using all available rosidl_typesupport_cpp: rosidl_typesupport_fastrtps_cpp;rosidl_typesupport_introspection_cpp
[7.033s] -- Found rmw_implementation_cmake: 6.1.1 (/opt/ros/humble/share/rmw_implementation_cmake/cmake)
[7.064s] -- Found rmw_fastrtps_cpp: 6.2.6 (/opt/ros/humble/share/rmw_fastrtps_cpp/cmake)
[7.925s] -- Found OpenSSL: /usr/lib/aarch64-linux-gnu/libcrypto.so (found version "3.0.2")  
[8.245s] -- Found FastRTPS: /opt/ros/humble/include  
[8.804s] -- Using RMW implementation 'rmw_fastrtps_cpp' as default
[8.934s] -- Looking for pthread.h
[9.411s] -- Looking for pthread.h - found
[9.413s] -- Performing Test CMAKE_HAVE_LIBC_PTHREAD
[9.820s] -- Performing Test CMAKE_HAVE_LIBC_PTHREAD - Success
[9.828s] -- Found Threads: TRUE  
[11.005s] -- Found ament_lint_auto: 0.12.10 (/opt/ros/humble/share/ament_lint_auto/cmake)
[11.495s] -- Added test 'cppcheck' to perform static code analysis on C / C++ code
[11.496s] -- Configured cppcheck include dirs: $<BUILD_INTERFACE:/home/timoha/KSAROmni/src/arrow_package/include>
[11.497s] -- Configured cppcheck exclude dirs and/or files: 
[11.500s] -- Added test 'lint_cmake' to check CMake code style
[11.507s] -- Added test 'uncrustify' to check C / C++ code style
[11.509s] -- Configured uncrustify additional arguments: 
[11.510s] -- Added test 'xmllint' to check XML markup files
[11.523s] -- Configuring done
[11.586s] -- Generating done
[11.594s] -- Build files have been written to: /home/timoha/KSAROmni/build/arrow_package
[13.878s] Invoked command in '/home/timoha/KSAROmni/build/arrow_package' returned '0': CMAKE_PREFIX_PATH=/opt/ros/humble /usr/bin/cmake /home/timoha/KSAROmni/src/arrow_package -DCMAKE_INSTALL_PREFIX=/home/timoha/KSAROmni/install/arrow_package
[13.889s] Invoking command in '/home/timoha/KSAROmni/build/arrow_package': CMAKE_PREFIX_PATH=/opt/ros/humble /usr/bin/cmake --build /home/timoha/KSAROmni/build/arrow_package -- -j4 -l4
[14.101s] [ 50%] [32mBuilding CXX object CMakeFiles/arrow_node.dir/src/arrow_node.cpp.o[0m
[40.349s] [100%] [32m[1mLinking CXX executable arrow_node[0m
[41.663s] [100%] Built target arrow_node
[41.886s] Invoked command in '/home/timoha/KSAROmni/build/arrow_package' returned '0': CMAKE_PREFIX_PATH=/opt/ros/humble /usr/bin/cmake --build /home/timoha/KSAROmni/build/arrow_package -- -j4 -l4
[42.126s] Invoking command in '/home/timoha/KSAROmni/build/arrow_package': CMAKE_PREFIX_PATH=/opt/ros/humble /usr/bin/cmake --install /home/timoha/KSAROmni/build/arrow_package
[42.181s] -- Install configuration: ""
[42.184s] -- Installing: /home/timoha/KSAROmni/install/arrow_package/lib/arrow_package/arrow_node
[42.200s] -- Set runtime path of "/home/timoha/KSAROmni/install/arrow_package/lib/arrow_package/arrow_node" to ""
[42.202s] -- Installing: /home/timoha/KSAROmni/install/arrow_package/share/ament_index/resource_index/package_run_dependencies/arrow_package
[42.204s] -- Installing: /home/timoha/KSAROmni/install/arrow_package/share/ament_index/resource_index/parent_prefix_path/arrow_package
[42.206s] -- Installing: /home/timoha/KSAROmni/install/arrow_package/share/arrow_package/environment/ament_prefix_path.sh
[42.208s] -- Installing: /home/timoha/KSAROmni/install/arrow_package/share/arrow_package/environment/ament_prefix_path.dsv
[42.210s] -- Installing: /home/timoha/KSAROmni/install/arrow_package/share/arrow_package/environment/path.sh
[42.211s] -- Installing: /home/timoha/KSAROmni/install/arrow_package/share/arrow_package/environment/path.dsv
[42.213s] -- Installing: /home/timoha/KSAROmni/install/arrow_package/share/arrow_package/local_setup.bash
[42.214s] -- Installing: /home/timoha/KSAROmni/install/arrow_package/share/arrow_package/local_setup.sh
[42.215s] -- Installing: /home/timoha/KSAROmni/install/arrow_package/share/arrow_package/local_setup.zsh
[42.217s] -- Installing: /home/timoha/KSAROmni/install/arrow_package/share/arrow_package/local_setup.dsv
[42.218s] -- Installing: /home/timoha/KSAROmni/install/arrow_package/share/arrow_package/package.dsv
[42.220s] -- Installing: /home/timoha/KSAROmni/install/arrow_package/share/ament_index/resource_index/packages/arrow_package
[42.222s] -- Installing: /home/timoha/KSAROmni/install/arrow_package/share/arrow_package/cmake/arrow_packageConfig.cmake
[42.224s] -- Installing: /home/timoha/KSAROmni/install/arrow_package/share/arrow_package/cmake/arrow_packageConfig-version.cmake
[42.225s] -- Installing: /home/timoha/KSAROmni/install/arrow_package/share/arrow_package/package.xml
[42.238s] Invoked command in '/home/timoha/KSAROmni/build/arrow_package' returned '0': CMAKE_PREFIX_PATH=/opt/ros/humble /usr/bin/cmake --install /home/timoha/KSAROmni/build/arrow_package
