running egg_info
creating ../../build/lidar_template/lidar_template.egg-info
writing ../../build/lidar_template/lidar_template.egg-info/PKG-INFO
writing dependency_links to ../../build/lidar_template/lidar_template.egg-info/dependency_links.txt
writing entry points to ../../build/lidar_template/lidar_template.egg-info/entry_points.txt
writing requirements to ../../build/lidar_template/lidar_template.egg-info/requires.txt
writing top-level names to ../../build/lidar_template/lidar_template.egg-info/top_level.txt
writing manifest file '../../build/lidar_template/lidar_template.egg-info/SOURCES.txt'
reading manifest file '../../build/lidar_template/lidar_template.egg-info/SOURCES.txt'
writing manifest file '../../build/lidar_template/lidar_template.egg-info/SOURCES.txt'
running build
running build_py
creating /home/timoha/KSAROmni/build/lidar_template/build
creating /home/timoha/KSAROmni/build/lidar_template/build/lib
creating /home/timoha/KSAROmni/build/lidar_template/build/lib/lidar_template
copying lidar_template/lidar_template.py -> /home/timoha/KSAROmni/build/lidar_template/build/lib/lidar_template
copying lidar_template/__init__.py -> /home/timoha/KSAROmni/build/lidar_template/build/lib/lidar_template
running install
/usr/lib/python3/dist-packages/setuptools/command/install.py:34: SetuptoolsDeprecationWarning: setup.py install is deprecated. Use build and pip and other standards-based tools.
  warnings.warn(
running install_lib
creating /home/timoha/KSAROmni/install/lidar_template/lib/python3.10/site-packages/lidar_template
copying /home/timoha/KSAROmni/build/lidar_template/build/lib/lidar_template/lidar_template.py -> /home/timoha/KSAROmni/install/lidar_template/lib/python3.10/site-packages/lidar_template
copying /home/timoha/KSAROmni/build/lidar_template/build/lib/lidar_template/__init__.py -> /home/timoha/KSAROmni/install/lidar_template/lib/python3.10/site-packages/lidar_template
byte-compiling /home/timoha/KSAROmni/install/lidar_template/lib/python3.10/site-packages/lidar_template/lidar_template.py to lidar_template.cpython-310.pyc
byte-compiling /home/timoha/KSAROmni/install/lidar_template/lib/python3.10/site-packages/lidar_template/__init__.py to __init__.cpython-310.pyc
running install_data
creating /home/timoha/KSAROmni/install/lidar_template/share/ament_index
creating /home/timoha/KSAROmni/install/lidar_template/share/ament_index/resource_index
creating /home/timoha/KSAROmni/install/lidar_template/share/ament_index/resource_index/packages
copying resource/lidar_template -> /home/timoha/KSAROmni/install/lidar_template/share/ament_index/resource_index/packages
copying package.xml -> /home/timoha/KSAROmni/install/lidar_template/share/lidar_template
running install_egg_info
Copying ../../build/lidar_template/lidar_template.egg-info to /home/timoha/KSAROmni/install/lidar_template/lib/python3.10/site-packages/lidar_template-0.0.0-py3.10.egg-info
running install_scripts
Installing lidar_temp script to /home/timoha/KSAROmni/install/lidar_template/lib/lidar_template
writing list of installed files to '/home/timoha/KSAROmni/build/lidar_template/install.log'
