running develop
Removing /home/timoha/KSAROmni/install/opencv_pub/lib/python3.10/site-packages/opencv-pub.egg-link (link to .)
running egg_info
writing ../../build/opencv_pub/opencv_pub.egg-info/PKG-INFO
writing dependency_links to ../../build/opencv_pub/opencv_pub.egg-info/dependency_links.txt
writing entry points to ../../build/opencv_pub/opencv_pub.egg-info/entry_points.txt
writing requirements to ../../build/opencv_pub/opencv_pub.egg-info/requires.txt
writing top-level names to ../../build/opencv_pub/opencv_pub.egg-info/top_level.txt
reading manifest file '../../build/opencv_pub/opencv_pub.egg-info/SOURCES.txt'
writing manifest file '../../build/opencv_pub/opencv_pub.egg-info/SOURCES.txt'
running build
running build_py
running install
running install_lib
creating /home/timoha/KSAROmni/install/opencv_pub/lib/python3.10/site-packages/opencv_pub
copying /home/timoha/KSAROmni/build/opencv_pub/build/lib/opencv_pub/__init__.py -> /home/timoha/KSAROmni/install/opencv_pub/lib/python3.10/site-packages/opencv_pub
copying /home/timoha/KSAROmni/build/opencv_pub/build/lib/opencv_pub/camera_vision_publisher.py -> /home/timoha/KSAROmni/install/opencv_pub/lib/python3.10/site-packages/opencv_pub
byte-compiling /home/timoha/KSAROmni/install/opencv_pub/lib/python3.10/site-packages/opencv_pub/__init__.py to __init__.cpython-310.pyc
byte-compiling /home/timoha/KSAROmni/install/opencv_pub/lib/python3.10/site-packages/opencv_pub/camera_vision_publisher.py to camera_vision_publisher.cpython-310.pyc
running install_data
copying resource/opencv_pub -> /home/timoha/KSAROmni/install/opencv_pub/share/ament_index/resource_index/packages
copying package.xml -> /home/timoha/KSAROmni/install/opencv_pub/share/opencv_pub
running install_egg_info
Copying ../../build/opencv_pub/opencv_pub.egg-info to /home/timoha/KSAROmni/install/opencv_pub/lib/python3.10/site-packages/opencv_pub-0.0.0-py3.10.egg-info
running install_scripts
Installing CAM script to /home/timoha/KSAROmni/install/opencv_pub/lib/opencv_pub
writing list of installed files to '/home/timoha/KSAROmni/build/opencv_pub/install.log'
