[4.632s] DEBUG:colcon:Command line arguments: ['/usr/bin/colcon', 'build', '--packages-select', 'py_main_alg', 'main_alg']
[4.632s] DEBUG:colcon:Parsed command line arguments: Namespace(log_base=None, log_level=None, verb_name='build', build_base='build', install_base='install', merge_install=False, symlink_install=False, test_result_base=None, continue_on_error=False, executor='parallel', parallel_workers=4, event_handlers=None, ignore_user_meta=False, metas=['./colcon.meta'], base_paths=['.'], packages_ignore=None, packages_ignore_regex=None, paths=None, packages_up_to=None, packages_up_to_regex=None, packages_above=None, packages_above_and_dependencies=None, packages_above_depth=None, packages_select_by_dep=None, packages_skip_by_dep=None, packages_skip_up_to=None, packages_select_build_failed=False, packages_skip_build_finished=False, packages_select_test_failures=False, packages_skip_test_passed=False, packages_select=['py_main_alg', 'main_alg'], packages_skip=None, packages_select_regex=None, packages_skip_regex=None, packages_start=None, packages_end=None, allow_overriding=[], cmake_args=None, cmake_target=None, cmake_target_skip_unavailable=False, cmake_clean_cache=False, cmake_clean_first=False, cmake_force_configure=False, ament_cmake_args=None, catkin_cmake_args=None, catkin_skip_building_tests=False, verb_parser=<colcon_defaults.argument_parser.defaults.DefaultArgumentsDecorator object at 0xffffb2a1f670>, verb_extension=<colcon_core.verb.build.BuildVerb object at 0xffffb2a1d750>, main=<bound method BuildVerb.main of <colcon_core.verb.build.BuildVerb object at 0xffffb2a1d750>>)
[4.850s] Level 1:colcon.colcon_core.package_discovery:discover_packages(colcon_meta) check parameters
[4.850s] Level 1:colcon.colcon_core.package_discovery:discover_packages(recursive) check parameters
[4.851s] Level 1:colcon.colcon_core.package_discovery:discover_packages(ignore) check parameters
[4.851s] Level 1:colcon.colcon_core.package_discovery:discover_packages(path) check parameters
[4.851s] Level 1:colcon.colcon_core.package_discovery:discover_packages(colcon_meta) discover
[4.851s] Level 1:colcon.colcon_core.package_discovery:discover_packages(recursive) discover
[4.851s] INFO:colcon.colcon_core.package_discovery:Crawling recursively for packages in '/home/timoha/KSAROmni'
[4.852s] Level 1:colcon.colcon_core.package_identification:_identify(.) by extensions ['ignore', 'ignore_ament_install']
[4.852s] Level 1:colcon.colcon_core.package_identification:_identify(.) by extension 'ignore'
[4.852s] Level 1:colcon.colcon_core.package_identification:_identify(.) by extension 'ignore_ament_install'
[4.853s] Level 1:colcon.colcon_core.package_identification:_identify(.) by extensions ['colcon_pkg']
[4.853s] Level 1:colcon.colcon_core.package_identification:_identify(.) by extension 'colcon_pkg'
[4.853s] Level 1:colcon.colcon_core.package_identification:_identify(.) by extensions ['colcon_meta']
[4.853s] Level 1:colcon.colcon_core.package_identification:_identify(.) by extension 'colcon_meta'
[4.853s] Level 1:colcon.colcon_core.package_identification:_identify(.) by extensions ['ros']
[4.853s] Level 1:colcon.colcon_core.package_identification:_identify(.) by extension 'ros'
[4.901s] Level 1:colcon.colcon_core.package_identification:_identify(.) by extensions ['cmake', 'python']
[4.901s] Level 1:colcon.colcon_core.package_identification:_identify(.) by extension 'cmake'
[4.901s] Level 1:colcon.colcon_core.package_identification:_identify(.) by extension 'python'
[4.901s] Level 1:colcon.colcon_core.package_identification:_identify(.) by extensions ['python_setup_py']
[4.902s] Level 1:colcon.colcon_core.package_identification:_identify(.) by extension 'python_setup_py'
[4.902s] Level 1:colcon.colcon_core.package_identification:_identify(build) by extensions ['ignore', 'ignore_ament_install']
[4.903s] Level 1:colcon.colcon_core.package_identification:_identify(build) by extension 'ignore'
[4.903s] Level 1:colcon.colcon_core.package_identification:_identify(build) ignored
[4.904s] Level 1:colcon.colcon_core.package_identification:_identify(install) by extensions ['ignore', 'ignore_ament_install']
[4.904s] Level 1:colcon.colcon_core.package_identification:_identify(install) by extension 'ignore'
[4.904s] Level 1:colcon.colcon_core.package_identification:_identify(install) ignored
[4.905s] Level 1:colcon.colcon_core.package_identification:_identify(log) by extensions ['ignore', 'ignore_ament_install']
[4.906s] Level 1:colcon.colcon_core.package_identification:_identify(log) by extension 'ignore'
[4.906s] Level 1:colcon.colcon_core.package_identification:_identify(log) ignored
[4.906s] Level 1:colcon.colcon_core.package_identification:_identify(src) by extensions ['ignore', 'ignore_ament_install']
[4.907s] Level 1:colcon.colcon_core.package_identification:_identify(src) by extension 'ignore'
[4.907s] Level 1:colcon.colcon_core.package_identification:_identify(src) by extension 'ignore_ament_install'
[4.907s] Level 1:colcon.colcon_core.package_identification:_identify(src) by extensions ['colcon_pkg']
[4.907s] Level 1:colcon.colcon_core.package_identification:_identify(src) by extension 'colcon_pkg'
[4.907s] Level 1:colcon.colcon_core.package_identification:_identify(src) by extensions ['colcon_meta']
[4.907s] Level 1:colcon.colcon_core.package_identification:_identify(src) by extension 'colcon_meta'
[4.908s] Level 1:colcon.colcon_core.package_identification:_identify(src) by extensions ['ros']
[4.908s] Level 1:colcon.colcon_core.package_identification:_identify(src) by extension 'ros'
[4.908s] Level 1:colcon.colcon_core.package_identification:_identify(src) by extensions ['cmake', 'python']
[4.908s] Level 1:colcon.colcon_core.package_identification:_identify(src) by extension 'cmake'
[4.909s] Level 1:colcon.colcon_core.package_identification:_identify(src) by extension 'python'
[4.909s] Level 1:colcon.colcon_core.package_identification:_identify(src) by extensions ['python_setup_py']
[4.909s] Level 1:colcon.colcon_core.package_identification:_identify(src) by extension 'python_setup_py'
[4.909s] Level 1:colcon.colcon_core.package_identification:_identify(src/arrow_package) by extensions ['ignore', 'ignore_ament_install']
[4.910s] Level 1:colcon.colcon_core.package_identification:_identify(src/arrow_package) by extension 'ignore'
[4.910s] Level 1:colcon.colcon_core.package_identification:_identify(src/arrow_package) by extension 'ignore_ament_install'
[4.910s] Level 1:colcon.colcon_core.package_identification:_identify(src/arrow_package) by extensions ['colcon_pkg']
[4.910s] Level 1:colcon.colcon_core.package_identification:_identify(src/arrow_package) by extension 'colcon_pkg'
[4.910s] Level 1:colcon.colcon_core.package_identification:_identify(src/arrow_package) by extensions ['colcon_meta']
[4.910s] Level 1:colcon.colcon_core.package_identification:_identify(src/arrow_package) by extension 'colcon_meta'
[4.911s] Level 1:colcon.colcon_core.package_identification:_identify(src/arrow_package) by extensions ['ros']
[4.911s] Level 1:colcon.colcon_core.package_identification:_identify(src/arrow_package) by extension 'ros'
[4.920s] DEBUG:colcon.colcon_core.package_identification:Package 'src/arrow_package' with type 'ros.ament_cmake' and name 'arrow_package'
[4.921s] Level 1:colcon.colcon_core.package_identification:_identify(src/aruco_publisher) by extensions ['ignore', 'ignore_ament_install']
[4.921s] Level 1:colcon.colcon_core.package_identification:_identify(src/aruco_publisher) by extension 'ignore'
[4.921s] Level 1:colcon.colcon_core.package_identification:_identify(src/aruco_publisher) by extension 'ignore_ament_install'
[4.922s] Level 1:colcon.colcon_core.package_identification:_identify(src/aruco_publisher) by extensions ['colcon_pkg']
[4.922s] Level 1:colcon.colcon_core.package_identification:_identify(src/aruco_publisher) by extension 'colcon_pkg'
[4.922s] Level 1:colcon.colcon_core.package_identification:_identify(src/aruco_publisher) by extensions ['colcon_meta']
[4.922s] Level 1:colcon.colcon_core.package_identification:_identify(src/aruco_publisher) by extension 'colcon_meta'
[4.922s] Level 1:colcon.colcon_core.package_identification:_identify(src/aruco_publisher) by extensions ['ros']
[4.922s] Level 1:colcon.colcon_core.package_identification:_identify(src/aruco_publisher) by extension 'ros'
[4.925s] DEBUG:colcon.colcon_core.package_identification:Package 'src/aruco_publisher' with type 'ros.ament_python' and name 'aruco_publisher'
[4.926s] Level 1:colcon.colcon_core.package_identification:_identify(src/distance_node) by extensions ['ignore', 'ignore_ament_install']
[4.926s] Level 1:colcon.colcon_core.package_identification:_identify(src/distance_node) by extension 'ignore'
[4.926s] Level 1:colcon.colcon_core.package_identification:_identify(src/distance_node) by extension 'ignore_ament_install'
[4.926s] Level 1:colcon.colcon_core.package_identification:_identify(src/distance_node) by extensions ['colcon_pkg']
[4.927s] Level 1:colcon.colcon_core.package_identification:_identify(src/distance_node) by extension 'colcon_pkg'
[4.927s] Level 1:colcon.colcon_core.package_identification:_identify(src/distance_node) by extensions ['colcon_meta']
[4.927s] Level 1:colcon.colcon_core.package_identification:_identify(src/distance_node) by extension 'colcon_meta'
[4.927s] Level 1:colcon.colcon_core.package_identification:_identify(src/distance_node) by extensions ['ros']
[4.927s] Level 1:colcon.colcon_core.package_identification:_identify(src/distance_node) by extension 'ros'
[4.929s] DEBUG:colcon.colcon_core.package_identification:Package 'src/distance_node' with type 'ros.ament_python' and name 'distance_node'
[4.930s] Level 1:colcon.colcon_core.package_identification:_identify(src/kolonka) by extensions ['ignore', 'ignore_ament_install']
[4.930s] Level 1:colcon.colcon_core.package_identification:_identify(src/kolonka) by extension 'ignore'
[4.930s] Level 1:colcon.colcon_core.package_identification:_identify(src/kolonka) by extension 'ignore_ament_install'
[4.931s] Level 1:colcon.colcon_core.package_identification:_identify(src/kolonka) by extensions ['colcon_pkg']
[4.931s] Level 1:colcon.colcon_core.package_identification:_identify(src/kolonka) by extension 'colcon_pkg'
[4.931s] Level 1:colcon.colcon_core.package_identification:_identify(src/kolonka) by extensions ['colcon_meta']
[4.931s] Level 1:colcon.colcon_core.package_identification:_identify(src/kolonka) by extension 'colcon_meta'
[4.931s] Level 1:colcon.colcon_core.package_identification:_identify(src/kolonka) by extensions ['ros']
[4.931s] Level 1:colcon.colcon_core.package_identification:_identify(src/kolonka) by extension 'ros'
[4.934s] DEBUG:colcon.colcon_core.package_identification:Package 'src/kolonka' with type 'ros.ament_python' and name 'kolonka'
[4.935s] Level 1:colcon.colcon_core.package_identification:_identify(src/laser_follow) by extensions ['ignore', 'ignore_ament_install']
[4.935s] Level 1:colcon.colcon_core.package_identification:_identify(src/laser_follow) by extension 'ignore'
[4.935s] Level 1:colcon.colcon_core.package_identification:_identify(src/laser_follow) by extension 'ignore_ament_install'
[4.935s] Level 1:colcon.colcon_core.package_identification:_identify(src/laser_follow) by extensions ['colcon_pkg']
[4.936s] Level 1:colcon.colcon_core.package_identification:_identify(src/laser_follow) by extension 'colcon_pkg'
[4.936s] Level 1:colcon.colcon_core.package_identification:_identify(src/laser_follow) by extensions ['colcon_meta']
[4.936s] Level 1:colcon.colcon_core.package_identification:_identify(src/laser_follow) by extension 'colcon_meta'
[4.936s] Level 1:colcon.colcon_core.package_identification:_identify(src/laser_follow) by extensions ['ros']
[4.936s] Level 1:colcon.colcon_core.package_identification:_identify(src/laser_follow) by extension 'ros'
[4.939s] DEBUG:colcon.colcon_core.package_identification:Package 'src/laser_follow' with type 'ros.ament_python' and name 'laser_follow'
[4.939s] Level 1:colcon.colcon_core.package_identification:_identify(src/launch) by extensions ['ignore', 'ignore_ament_install']
[4.940s] Level 1:colcon.colcon_core.package_identification:_identify(src/launch) by extension 'ignore'
[4.940s] Level 1:colcon.colcon_core.package_identification:_identify(src/launch) by extension 'ignore_ament_install'
[4.941s] Level 1:colcon.colcon_core.package_identification:_identify(src/launch) by extensions ['colcon_pkg']
[4.941s] Level 1:colcon.colcon_core.package_identification:_identify(src/launch) by extension 'colcon_pkg'
[4.941s] Level 1:colcon.colcon_core.package_identification:_identify(src/launch) by extensions ['colcon_meta']
[4.941s] Level 1:colcon.colcon_core.package_identification:_identify(src/launch) by extension 'colcon_meta'
[4.941s] Level 1:colcon.colcon_core.package_identification:_identify(src/launch) by extensions ['ros']
[4.941s] Level 1:colcon.colcon_core.package_identification:_identify(src/launch) by extension 'ros'
[4.942s] Level 1:colcon.colcon_core.package_identification:_identify(src/launch) by extensions ['cmake', 'python']
[4.942s] Level 1:colcon.colcon_core.package_identification:_identify(src/launch) by extension 'cmake'
[4.942s] Level 1:colcon.colcon_core.package_identification:_identify(src/launch) by extension 'python'
[4.942s] Level 1:colcon.colcon_core.package_identification:_identify(src/launch) by extensions ['python_setup_py']
[4.942s] Level 1:colcon.colcon_core.package_identification:_identify(src/launch) by extension 'python_setup_py'
[4.943s] Level 1:colcon.colcon_core.package_identification:_identify(src/lidar_template) by extensions ['ignore', 'ignore_ament_install']
[4.943s] Level 1:colcon.colcon_core.package_identification:_identify(src/lidar_template) by extension 'ignore'
[4.944s] Level 1:colcon.colcon_core.package_identification:_identify(src/lidar_template) by extension 'ignore_ament_install'
[4.944s] Level 1:colcon.colcon_core.package_identification:_identify(src/lidar_template) by extensions ['colcon_pkg']
[4.944s] Level 1:colcon.colcon_core.package_identification:_identify(src/lidar_template) by extension 'colcon_pkg'
[4.944s] Level 1:colcon.colcon_core.package_identification:_identify(src/lidar_template) by extensions ['colcon_meta']
[4.944s] Level 1:colcon.colcon_core.package_identification:_identify(src/lidar_template) by extension 'colcon_meta'
[4.945s] Level 1:colcon.colcon_core.package_identification:_identify(src/lidar_template) by extensions ['ros']
[4.945s] Level 1:colcon.colcon_core.package_identification:_identify(src/lidar_template) by extension 'ros'
[4.947s] DEBUG:colcon.colcon_core.package_identification:Package 'src/lidar_template' with type 'ros.ament_python' and name 'lidar_template'
[4.948s] Level 1:colcon.colcon_core.package_identification:_identify(src/main_package_robot) by extensions ['ignore', 'ignore_ament_install']
[4.949s] Level 1:colcon.colcon_core.package_identification:_identify(src/main_package_robot) by extension 'ignore'
[4.949s] Level 1:colcon.colcon_core.package_identification:_identify(src/main_package_robot) by extension 'ignore_ament_install'
[4.949s] Level 1:colcon.colcon_core.package_identification:_identify(src/main_package_robot) by extensions ['colcon_pkg']
[4.949s] Level 1:colcon.colcon_core.package_identification:_identify(src/main_package_robot) by extension 'colcon_pkg'
[4.949s] Level 1:colcon.colcon_core.package_identification:_identify(src/main_package_robot) by extensions ['colcon_meta']
[4.950s] Level 1:colcon.colcon_core.package_identification:_identify(src/main_package_robot) by extension 'colcon_meta'
[4.950s] Level 1:colcon.colcon_core.package_identification:_identify(src/main_package_robot) by extensions ['ros']
[4.950s] Level 1:colcon.colcon_core.package_identification:_identify(src/main_package_robot) by extension 'ros'
[4.952s] DEBUG:colcon.colcon_core.package_identification:Package 'src/main_package_robot' with type 'ros.ament_python' and name 'main_package_robot'
[4.953s] Level 1:colcon.colcon_core.package_identification:_identify(src/motor_control_node) by extensions ['ignore', 'ignore_ament_install']
[4.953s] Level 1:colcon.colcon_core.package_identification:_identify(src/motor_control_node) by extension 'ignore'
[4.954s] Level 1:colcon.colcon_core.package_identification:_identify(src/motor_control_node) by extension 'ignore_ament_install'
[4.954s] Level 1:colcon.colcon_core.package_identification:_identify(src/motor_control_node) by extensions ['colcon_pkg']
[4.954s] Level 1:colcon.colcon_core.package_identification:_identify(src/motor_control_node) by extension 'colcon_pkg'
[4.954s] Level 1:colcon.colcon_core.package_identification:_identify(src/motor_control_node) by extensions ['colcon_meta']
[4.954s] Level 1:colcon.colcon_core.package_identification:_identify(src/motor_control_node) by extension 'colcon_meta'
[4.955s] Level 1:colcon.colcon_core.package_identification:_identify(src/motor_control_node) by extensions ['ros']
[4.955s] Level 1:colcon.colcon_core.package_identification:_identify(src/motor_control_node) by extension 'ros'
[4.957s] DEBUG:colcon.colcon_core.package_identification:Package 'src/motor_control_node' with type 'ros.ament_python' and name 'motor_control_node'
[4.958s] Level 1:colcon.colcon_core.package_identification:_identify(src/opencv_pub) by extensions ['ignore', 'ignore_ament_install']
[4.958s] Level 1:colcon.colcon_core.package_identification:_identify(src/opencv_pub) by extension 'ignore'
[4.958s] Level 1:colcon.colcon_core.package_identification:_identify(src/opencv_pub) by extension 'ignore_ament_install'
[4.959s] Level 1:colcon.colcon_core.package_identification:_identify(src/opencv_pub) by extensions ['colcon_pkg']
[4.959s] Level 1:colcon.colcon_core.package_identification:_identify(src/opencv_pub) by extension 'colcon_pkg'
[4.959s] Level 1:colcon.colcon_core.package_identification:_identify(src/opencv_pub) by extensions ['colcon_meta']
[4.959s] Level 1:colcon.colcon_core.package_identification:_identify(src/opencv_pub) by extension 'colcon_meta'
[4.959s] Level 1:colcon.colcon_core.package_identification:_identify(src/opencv_pub) by extensions ['ros']
[4.959s] Level 1:colcon.colcon_core.package_identification:_identify(src/opencv_pub) by extension 'ros'
[4.962s] DEBUG:colcon.colcon_core.package_identification:Package 'src/opencv_pub' with type 'ros.ament_python' and name 'opencv_pub'
[4.962s] Level 1:colcon.colcon_core.package_identification:_identify(src/py_barrel_detector) by extensions ['ignore', 'ignore_ament_install']
[4.963s] Level 1:colcon.colcon_core.package_identification:_identify(src/py_barrel_detector) by extension 'ignore'
[4.963s] Level 1:colcon.colcon_core.package_identification:_identify(src/py_barrel_detector) by extension 'ignore_ament_install'
[4.963s] Level 1:colcon.colcon_core.package_identification:_identify(src/py_barrel_detector) by extensions ['colcon_pkg']
[4.963s] Level 1:colcon.colcon_core.package_identification:_identify(src/py_barrel_detector) by extension 'colcon_pkg'
[4.964s] Level 1:colcon.colcon_core.package_identification:_identify(src/py_barrel_detector) by extensions ['colcon_meta']
[4.964s] Level 1:colcon.colcon_core.package_identification:_identify(src/py_barrel_detector) by extension 'colcon_meta'
[4.964s] Level 1:colcon.colcon_core.package_identification:_identify(src/py_barrel_detector) by extensions ['ros']
[4.964s] Level 1:colcon.colcon_core.package_identification:_identify(src/py_barrel_detector) by extension 'ros'
[4.967s] DEBUG:colcon.colcon_core.package_identification:Package 'src/py_barrel_detector' with type 'ros.ament_python' and name 'py_barrel_detector'
[4.967s] Level 1:colcon.colcon_core.package_identification:_identify(src/py_main_alg) by extensions ['ignore', 'ignore_ament_install']
[4.968s] Level 1:colcon.colcon_core.package_identification:_identify(src/py_main_alg) by extension 'ignore'
[4.968s] Level 1:colcon.colcon_core.package_identification:_identify(src/py_main_alg) by extension 'ignore_ament_install'
[4.968s] Level 1:colcon.colcon_core.package_identification:_identify(src/py_main_alg) by extensions ['colcon_pkg']
[4.968s] Level 1:colcon.colcon_core.package_identification:_identify(src/py_main_alg) by extension 'colcon_pkg'
[4.968s] Level 1:colcon.colcon_core.package_identification:_identify(src/py_main_alg) by extensions ['colcon_meta']
[4.969s] Level 1:colcon.colcon_core.package_identification:_identify(src/py_main_alg) by extension 'colcon_meta'
[4.969s] Level 1:colcon.colcon_core.package_identification:_identify(src/py_main_alg) by extensions ['ros']
[4.969s] Level 1:colcon.colcon_core.package_identification:_identify(src/py_main_alg) by extension 'ros'
[4.971s] DEBUG:colcon.colcon_core.package_identification:Package 'src/py_main_alg' with type 'ros.ament_python' and name 'py_main_alg'
[4.972s] Level 1:colcon.colcon_core.package_identification:_identify(src/rplidar_ros2) by extensions ['ignore', 'ignore_ament_install']
[4.972s] Level 1:colcon.colcon_core.package_identification:_identify(src/rplidar_ros2) by extension 'ignore'
[4.973s] Level 1:colcon.colcon_core.package_identification:_identify(src/rplidar_ros2) by extension 'ignore_ament_install'
[4.973s] Level 1:colcon.colcon_core.package_identification:_identify(src/rplidar_ros2) by extensions ['colcon_pkg']
[4.973s] Level 1:colcon.colcon_core.package_identification:_identify(src/rplidar_ros2) by extension 'colcon_pkg'
[4.973s] Level 1:colcon.colcon_core.package_identification:_identify(src/rplidar_ros2) by extensions ['colcon_meta']
[4.973s] Level 1:colcon.colcon_core.package_identification:_identify(src/rplidar_ros2) by extension 'colcon_meta'
[4.974s] Level 1:colcon.colcon_core.package_identification:_identify(src/rplidar_ros2) by extensions ['ros']
[4.974s] Level 1:colcon.colcon_core.package_identification:_identify(src/rplidar_ros2) by extension 'ros'
[4.976s] DEBUG:colcon.colcon_core.package_identification:Package 'src/rplidar_ros2' with type 'ros.ament_cmake' and name 'rplidar_ros'
[4.977s] Level 1:colcon.colcon_core.package_identification:_identify(src/test_pub) by extensions ['ignore', 'ignore_ament_install']
[4.977s] Level 1:colcon.colcon_core.package_identification:_identify(src/test_pub) by extension 'ignore'
[4.978s] Level 1:colcon.colcon_core.package_identification:_identify(src/test_pub) by extension 'ignore_ament_install'
[4.978s] Level 1:colcon.colcon_core.package_identification:_identify(src/test_pub) by extensions ['colcon_pkg']
[4.978s] Level 1:colcon.colcon_core.package_identification:_identify(src/test_pub) by extension 'colcon_pkg'
[4.978s] Level 1:colcon.colcon_core.package_identification:_identify(src/test_pub) by extensions ['colcon_meta']
[4.978s] Level 1:colcon.colcon_core.package_identification:_identify(src/test_pub) by extension 'colcon_meta'
[4.978s] Level 1:colcon.colcon_core.package_identification:_identify(src/test_pub) by extensions ['ros']
[4.979s] Level 1:colcon.colcon_core.package_identification:_identify(src/test_pub) by extension 'ros'
[4.981s] DEBUG:colcon.colcon_core.package_identification:Package 'src/test_pub' with type 'ros.ament_python' and name 'test_pub'
[4.981s] Level 1:colcon.colcon_core.package_discovery:discover_packages(recursive) using defaults
[4.981s] Level 1:colcon.colcon_core.package_discovery:discover_packages(ignore) discover
[4.982s] Level 1:colcon.colcon_core.package_discovery:discover_packages(ignore) using defaults
[4.982s] Level 1:colcon.colcon_core.package_discovery:discover_packages(path) discover
[4.982s] Level 1:colcon.colcon_core.package_discovery:discover_packages(path) using defaults
[5.048s] WARNING:colcon.colcon_core.package_selection:ignoring unknown package 'main_alg' in --packages-select
[5.281s] INFO:colcon.colcon_core.package_selection:Skipping not selected package 'arrow_package' in 'src/arrow_package'
[5.282s] INFO:colcon.colcon_core.package_selection:Skipping not selected package 'aruco_publisher' in 'src/aruco_publisher'
[5.282s] INFO:colcon.colcon_core.package_selection:Skipping not selected package 'distance_node' in 'src/distance_node'
[5.282s] INFO:colcon.colcon_core.package_selection:Skipping not selected package 'kolonka' in 'src/kolonka'
[5.282s] INFO:colcon.colcon_core.package_selection:Skipping not selected package 'laser_follow' in 'src/laser_follow'
[5.282s] INFO:colcon.colcon_core.package_selection:Skipping not selected package 'lidar_template' in 'src/lidar_template'
[5.282s] INFO:colcon.colcon_core.package_selection:Skipping not selected package 'main_package_robot' in 'src/main_package_robot'
[5.282s] INFO:colcon.colcon_core.package_selection:Skipping not selected package 'motor_control_node' in 'src/motor_control_node'
[5.282s] INFO:colcon.colcon_core.package_selection:Skipping not selected package 'opencv_pub' in 'src/opencv_pub'
[5.282s] INFO:colcon.colcon_core.package_selection:Skipping not selected package 'py_barrel_detector' in 'src/py_barrel_detector'
[5.283s] INFO:colcon.colcon_core.package_selection:Skipping not selected package 'rplidar_ros' in 'src/rplidar_ros2'
[5.283s] INFO:colcon.colcon_core.package_selection:Skipping not selected package 'test_pub' in 'src/test_pub'
[5.425s] Level 1:colcon.colcon_core.package_discovery:discover_packages(prefix_path) check parameters
[5.425s] Level 1:colcon.colcon_core.package_discovery:discover_packages(prefix_path) discover
[5.568s] DEBUG:colcon.colcon_installed_package_information.package_discovery:Found 13 installed packages in /home/timoha/KSAROmni/install
[5.641s] DEBUG:colcon.colcon_installed_package_information.package_discovery:Found 270 installed packages in /opt/ros/humble
[5.647s] Level 1:colcon.colcon_core.package_discovery:discover_packages(prefix_path) using defaults
[6.096s] Level 5:colcon.colcon_core.verb:set package 'py_main_alg' build argument 'cmake_args' from command line to 'None'
[6.096s] Level 5:colcon.colcon_core.verb:set package 'py_main_alg' build argument 'cmake_target' from command line to 'None'
[6.096s] Level 5:colcon.colcon_core.verb:set package 'py_main_alg' build argument 'cmake_target_skip_unavailable' from command line to 'False'
[6.096s] Level 5:colcon.colcon_core.verb:set package 'py_main_alg' build argument 'cmake_clean_cache' from command line to 'False'
[6.096s] Level 5:colcon.colcon_core.verb:set package 'py_main_alg' build argument 'cmake_clean_first' from command line to 'False'
[6.097s] Level 5:colcon.colcon_core.verb:set package 'py_main_alg' build argument 'cmake_force_configure' from command line to 'False'
[6.097s] Level 5:colcon.colcon_core.verb:set package 'py_main_alg' build argument 'ament_cmake_args' from command line to 'None'
[6.097s] Level 5:colcon.colcon_core.verb:set package 'py_main_alg' build argument 'catkin_cmake_args' from command line to 'None'
[6.097s] Level 5:colcon.colcon_core.verb:set package 'py_main_alg' build argument 'catkin_skip_building_tests' from command line to 'False'
[6.097s] DEBUG:colcon.colcon_core.verb:Building package 'py_main_alg' with the following arguments: {'ament_cmake_args': None, 'build_base': '/home/timoha/KSAROmni/build/py_main_alg', 'catkin_cmake_args': None, 'catkin_skip_building_tests': False, 'cmake_args': None, 'cmake_clean_cache': False, 'cmake_clean_first': False, 'cmake_force_configure': False, 'cmake_target': None, 'cmake_target_skip_unavailable': False, 'install_base': '/home/timoha/KSAROmni/install/py_main_alg', 'merge_install': False, 'path': '/home/timoha/KSAROmni/src/py_main_alg', 'symlink_install': False, 'test_result_base': None}
[6.162s] INFO:colcon.colcon_core.executor:Executing jobs using 'parallel' executor
[6.232s] DEBUG:colcon.colcon_parallel_executor.executor.parallel:run_until_complete
[6.233s] INFO:colcon.colcon_ros.task.ament_python.build:Building ROS package in '/home/timoha/KSAROmni/src/py_main_alg' with build type 'ament_python'
[6.233s] Level 1:colcon.colcon_core.shell:create_environment_hook('py_main_alg', 'ament_prefix_path')
[6.316s] INFO:colcon.colcon_core.plugin_system:Skipping extension 'colcon_core.shell.bat': Not used on non-Windows systems
[6.317s] INFO:colcon.colcon_core.shell:Creating environment hook '/home/timoha/KSAROmni/install/py_main_alg/share/py_main_alg/hook/ament_prefix_path.ps1'
[6.319s] INFO:colcon.colcon_core.shell:Creating environment descriptor '/home/timoha/KSAROmni/install/py_main_alg/share/py_main_alg/hook/ament_prefix_path.dsv'
[6.321s] INFO:colcon.colcon_core.shell:Creating environment hook '/home/timoha/KSAROmni/install/py_main_alg/share/py_main_alg/hook/ament_prefix_path.sh'
[6.395s] INFO:colcon.colcon_core.shell:Skip shell extension 'powershell' for command environment: Not usable outside of PowerShell
[6.396s] DEBUG:colcon.colcon_core.shell:Skip shell extension 'dsv' for command environment
[7.962s] INFO:colcon.colcon_core.task.python.build:Building Python package in '/home/timoha/KSAROmni/src/py_main_alg'
[8.031s] INFO:colcon.colcon_core.shell:Skip shell extension 'powershell' for command environment: Not usable outside of PowerShell
[8.031s] DEBUG:colcon.colcon_core.shell:Skip shell extension 'dsv' for command environment
[9.871s] DEBUG:colcon.colcon_core.event_handler.log_command:Invoking command in '/home/timoha/KSAROmni/src/py_main_alg': PYTHONPATH=/home/timoha/KSAROmni/build/py_main_alg/prefix_override:/home/timoha/KSAROmni/install/py_main_alg/lib/python3.10/site-packages:${PYTHONPATH} /usr/bin/python3 setup.py egg_info --egg-base ../../build/py_main_alg build --build-base /home/timoha/KSAROmni/build/py_main_alg/build install --record /home/timoha/KSAROmni/build/py_main_alg/install.log --single-version-externally-managed
[11.354s] DEBUG:colcon.colcon_core.event_handler.log_command:Invoked command in '/home/timoha/KSAROmni/src/py_main_alg' returned '0': PYTHONPATH=/home/timoha/KSAROmni/build/py_main_alg/prefix_override:/home/timoha/KSAROmni/install/py_main_alg/lib/python3.10/site-packages:${PYTHONPATH} /usr/bin/python3 setup.py egg_info --egg-base ../../build/py_main_alg build --build-base /home/timoha/KSAROmni/build/py_main_alg/build install --record /home/timoha/KSAROmni/build/py_main_alg/install.log --single-version-externally-managed
[11.438s] Level 1:colcon.colcon_core.environment:checking '/home/timoha/KSAROmni/install/py_main_alg' for CMake module files
[11.441s] Level 1:colcon.colcon_core.environment:checking '/home/timoha/KSAROmni/install/py_main_alg' for CMake config files
[11.444s] Level 1:colcon.colcon_core.environment:checking '/home/timoha/KSAROmni/install/py_main_alg/lib'
[11.445s] Level 1:colcon.colcon_core.environment:checking '/home/timoha/KSAROmni/install/py_main_alg/bin'
[11.446s] Level 1:colcon.colcon_core.environment:checking '/home/timoha/KSAROmni/install/py_main_alg/lib/pkgconfig/py_main_alg.pc'
[11.446s] Level 1:colcon.colcon_core.environment:checking '/home/timoha/KSAROmni/install/py_main_alg/lib/python3.10/site-packages'
[11.447s] Level 1:colcon.colcon_core.shell:create_environment_hook('py_main_alg', 'pythonpath')
[11.518s] INFO:colcon.colcon_core.shell:Creating environment hook '/home/timoha/KSAROmni/install/py_main_alg/share/py_main_alg/hook/pythonpath.ps1'
[11.520s] INFO:colcon.colcon_core.shell:Creating environment descriptor '/home/timoha/KSAROmni/install/py_main_alg/share/py_main_alg/hook/pythonpath.dsv'
[11.522s] INFO:colcon.colcon_core.shell:Creating environment hook '/home/timoha/KSAROmni/install/py_main_alg/share/py_main_alg/hook/pythonpath.sh'
[11.525s] Level 1:colcon.colcon_core.environment:checking '/home/timoha/KSAROmni/install/py_main_alg/bin'
[11.525s] Level 1:colcon.colcon_core.environment:create_environment_scripts_only(py_main_alg)
[11.593s] INFO:colcon.colcon_core.shell:Creating package script '/home/timoha/KSAROmni/install/py_main_alg/share/py_main_alg/package.ps1'
[11.597s] INFO:colcon.colcon_core.shell:Creating package descriptor '/home/timoha/KSAROmni/install/py_main_alg/share/py_main_alg/package.dsv'
[11.600s] INFO:colcon.colcon_core.shell:Creating package script '/home/timoha/KSAROmni/install/py_main_alg/share/py_main_alg/package.sh'
[11.603s] INFO:colcon.colcon_core.shell:Creating package script '/home/timoha/KSAROmni/install/py_main_alg/share/py_main_alg/package.bash'
[11.607s] INFO:colcon.colcon_core.shell:Creating package script '/home/timoha/KSAROmni/install/py_main_alg/share/py_main_alg/package.zsh'
[11.610s] Level 1:colcon.colcon_core.environment:create_file_with_runtime_dependencies(/home/timoha/KSAROmni/install/py_main_alg/share/colcon-core/packages/py_main_alg)
[11.612s] DEBUG:colcon.colcon_parallel_executor.executor.parallel:closing loop
[11.613s] DEBUG:colcon.colcon_parallel_executor.executor.parallel:loop closed
[11.613s] DEBUG:colcon.colcon_parallel_executor.executor.parallel:run_until_complete finished with '0'
[11.614s] DEBUG:colcon.colcon_core.event_reactor:joining thread
[11.701s] INFO:colcon.colcon_core.plugin_system:Skipping extension 'colcon_notification.desktop_notification.terminal_notifier': Not used on non-Darwin systems
[11.701s] INFO:colcon.colcon_core.plugin_system:Skipping extension 'colcon_notification.desktop_notification.win32': Not used on non-Windows systems
[11.702s] INFO:colcon.colcon_notification.desktop_notification:Sending desktop notification using 'notify2'
[11.707s] DEBUG:colcon.colcon_notification.desktop_notification.notify2:Failed to initialize notify2: org.freedesktop.DBus.Error.ServiceUnknown: The name org.freedesktop.Notifications was not provided by any .service files
[11.707s] DEBUG:colcon.colcon_core.event_reactor:joined thread
[11.786s] INFO:colcon.colcon_core.shell:Creating prefix script '/home/timoha/KSAROmni/install/local_setup.ps1'
[11.790s] INFO:colcon.colcon_core.shell:Creating prefix util module '/home/timoha/KSAROmni/install/_local_setup_util_ps1.py'
[11.796s] INFO:colcon.colcon_core.shell:Creating prefix chain script '/home/timoha/KSAROmni/install/setup.ps1'
[11.872s] INFO:colcon.colcon_core.shell:Creating prefix script '/home/timoha/KSAROmni/install/local_setup.sh'
[11.875s] INFO:colcon.colcon_core.shell:Creating prefix util module '/home/timoha/KSAROmni/install/_local_setup_util_sh.py'
[11.877s] INFO:colcon.colcon_core.shell:Creating prefix chain script '/home/timoha/KSAROmni/install/setup.sh'
[11.953s] INFO:colcon.colcon_core.shell:Creating prefix script '/home/timoha/KSAROmni/install/local_setup.bash'
[11.955s] INFO:colcon.colcon_core.shell:Creating prefix chain script '/home/timoha/KSAROmni/install/setup.bash'
[12.031s] INFO:colcon.colcon_core.shell:Creating prefix script '/home/timoha/KSAROmni/install/local_setup.zsh'
[12.034s] INFO:colcon.colcon_core.shell:Creating prefix chain script '/home/timoha/KSAROmni/install/setup.zsh'
