[4.564s] Invoking command in '/home/timoha/KSAROmni/src/aruco_publisher': PYTHONPATH=/home/timoha/KSAROmni/build/aruco_publisher/prefix_override:/home/timoha/KSAROmni/install/aruco_publisher/lib/python3.10/site-packages:${PYTHONPATH} /usr/bin/python3 setup.py egg_info --egg-base ../../build/aruco_publisher build --build-base /home/timoha/KSAROmni/build/aruco_publisher/build install --record /home/timoha/KSAROmni/build/aruco_publisher/install.log --single-version-externally-managed
[6.009s] running egg_info
[6.012s] writing ../../build/aruco_publisher/aruco_publisher.egg-info/PKG-INFO
[6.013s] writing dependency_links to ../../build/aruco_publisher/aruco_publisher.egg-info/dependency_links.txt
[6.014s] writing entry points to ../../build/aruco_publisher/aruco_publisher.egg-info/entry_points.txt
[6.015s] writing requirements to ../../build/aruco_publisher/aruco_publisher.egg-info/requires.txt
[6.016s] writing top-level names to ../../build/aruco_publisher/aruco_publisher.egg-info/top_level.txt
[6.024s] reading manifest file '../../build/aruco_publisher/aruco_publisher.egg-info/SOURCES.txt'
[6.028s] writing manifest file '../../build/aruco_publisher/aruco_publisher.egg-info/SOURCES.txt'
[6.029s] running build
[6.030s] running build_py
[6.032s] running install
[6.034s] /usr/lib/python3/dist-packages/setuptools/command/install.py:34: SetuptoolsDeprecationWarning: setup.py install is deprecated. Use build and pip and other standards-based tools.
[6.034s]   warnings.warn(
[6.035s] running install_lib
[6.043s] running install_data
[6.046s] running install_egg_info
[6.054s] removing '/home/timoha/KSAROmni/install/aruco_publisher/lib/python3.10/site-packages/aruco_publisher-0.0.0-py3.10.egg-info' (and everything under it)
[6.056s] Copying ../../build/aruco_publisher/aruco_publisher.egg-info to /home/timoha/KSAROmni/install/aruco_publisher/lib/python3.10/site-packages/aruco_publisher-0.0.0-py3.10.egg-info
[6.064s] running install_scripts
[6.168s] Installing aruco_detector script to /home/timoha/KSAROmni/install/aruco_publisher/lib/aruco_publisher
[6.170s] writing list of installed files to '/home/timoha/KSAROmni/build/aruco_publisher/install.log'
[6.313s] Invoked command in '/home/timoha/KSAROmni/src/aruco_publisher' returned '0': PYTHONPATH=/home/timoha/KSAROmni/build/aruco_publisher/prefix_override:/home/timoha/KSAROmni/install/aruco_publisher/lib/python3.10/site-packages:${PYTHONPATH} /usr/bin/python3 setup.py egg_info --egg-base ../../build/aruco_publisher build --build-base /home/timoha/KSAROmni/build/aruco_publisher/build install --record /home/timoha/KSAROmni/build/aruco_publisher/install.log --single-version-externally-managed
