[5.522s] Invoking command in '/home/timoha/KSAROmni/build/opencv_pub': PYTHONPATH=/home/timoha/KSAROmni/build/opencv_pub/prefix_override:/usr/lib/python3/dist-packages/colcon_core/task/python/colcon_distutils_commands:/home/timoha/KSAROmni/install/opencv_pub/lib/python3.10/site-packages:${PYTHONPATH} /usr/bin/python3 -W ignore:setup.py install is deprecated setup.py develop --editable --build-directory /home/timoha/KSAROmni/build/opencv_pub/build --no-deps symlink_data --force
[7.839s] /usr/lib/python3/dist-packages/setuptools/command/easy_install.py:158: EasyInstallDeprecationWarning: easy_install command is deprecated. Use build and pip and other standards-based tools.
[7.844s]   warnings.warn(
[7.848s] running develop
[9.189s] running egg_info
[9.194s] writing opencv_pub.egg-info/PKG-INFO
[9.197s] writing dependency_links to opencv_pub.egg-info/dependency_links.txt
[9.201s] writing entry points to opencv_pub.egg-info/entry_points.txt
[9.204s] writing requirements to opencv_pub.egg-info/requires.txt
[9.207s] writing top-level names to opencv_pub.egg-info/top_level.txt
[9.210s] reading manifest file 'opencv_pub.egg-info/SOURCES.txt'
[9.215s] writing manifest file 'opencv_pub.egg-info/SOURCES.txt'
[9.219s] running build_ext
[9.222s] Creating /home/timoha/KSAROmni/install/opencv_pub/lib/python3.10/site-packages/opencv-pub.egg-link (link to .)
[9.226s] Installing CAM script to /home/timoha/KSAROmni/install/opencv_pub/lib/opencv_pub
[9.233s] 
[9.238s] Installed /home/timoha/KSAROmni/build/opencv_pub
[9.243s] running symlink_data
[9.249s] symbolically linking /home/timoha/KSAROmni/build/opencv_pub/resource/opencv_pub -> /home/timoha/KSAROmni/install/opencv_pub/share/ament_index/resource_index/packages
[9.254s] symbolically linking /home/timoha/KSAROmni/build/opencv_pub/package.xml -> /home/timoha/KSAROmni/install/opencv_pub/share/opencv_pub
[11.079s] Invoked command in '/home/timoha/KSAROmni/build/opencv_pub' returned '0': PYTHONPATH=/home/timoha/KSAROmni/build/opencv_pub/prefix_override:/usr/lib/python3/dist-packages/colcon_core/task/python/colcon_distutils_commands:/home/timoha/KSAROmni/install/opencv_pub/lib/python3.10/site-packages:${PYTHONPATH} /usr/bin/python3 -W ignore:setup.py install is deprecated setup.py develop --editable --build-directory /home/timoha/KSAROmni/build/opencv_pub/build --no-deps symlink_data --force
