[6.649s] Invoking command in '/home/timoha/KSAROmni/build/lidar_template': PYTHONPATH=/home/timoha/KSAROmni/build/lidar_template/prefix_override:/usr/lib/python3/dist-packages/colcon_core/task/python/colcon_distutils_commands:/home/timoha/KSAROmni/install/lidar_template/lib/python3.10/site-packages:${PYTHONPATH} /usr/bin/python3 -W ignore:setup.py install is deprecated setup.py develop --editable --build-directory /home/timoha/KSAROmni/build/lidar_template/build --no-deps symlink_data --force
[9.745s] running develop
[9.749s] /usr/lib/python3/dist-packages/setuptools/command/easy_install.py:158: EasyInstallDeprecationWarning: easy_install command is deprecated. Use build and pip and other standards-based tools.
[9.756s]   warnings.warn(
[11.759s] running egg_info
[11.761s] writing lidar_template.egg-info/PKG-INFO
[11.771s] writing dependency_links to lidar_template.egg-info/dependency_links.txt
[11.772s] writing entry points to lidar_template.egg-info/entry_points.txt
[11.773s] writing requirements to lidar_template.egg-info/requires.txt
[11.776s] writing top-level names to lidar_template.egg-info/top_level.txt
[11.789s] reading manifest file 'lidar_template.egg-info/SOURCES.txt'
[11.797s] writing manifest file 'lidar_template.egg-info/SOURCES.txt'
[11.813s] running build_ext
[11.818s] Creating /home/timoha/KSAROmni/install/lidar_template/lib/python3.10/site-packages/lidar-template.egg-link (link to .)
[11.840s] Installing lidar_temp script to /home/timoha/KSAROmni/install/lidar_template/lib/lidar_template
[11.841s] 
[11.842s] Installed /home/timoha/KSAROmni/build/lidar_template
[11.843s] running symlink_data
[11.847s] symbolically linking /home/timoha/KSAROmni/build/lidar_template/resource/lidar_template -> /home/timoha/KSAROmni/install/lidar_template/share/ament_index/resource_index/packages
[11.848s] symbolically linking /home/timoha/KSAROmni/build/lidar_template/package.xml -> /home/timoha/KSAROmni/install/lidar_template/share/lidar_template
[12.200s] Invoked command in '/home/timoha/KSAROmni/build/lidar_template' returned '0': PYTHONPATH=/home/timoha/KSAROmni/build/lidar_template/prefix_override:/usr/lib/python3/dist-packages/colcon_core/task/python/colcon_distutils_commands:/home/timoha/KSAROmni/install/lidar_template/lib/python3.10/site-packages:${PYTHONPATH} /usr/bin/python3 -W ignore:setup.py install is deprecated setup.py develop --editable --build-directory /home/timoha/KSAROmni/build/lidar_template/build --no-deps symlink_data --force
