[4.328s] DEBUG:colcon:Command line arguments: ['/usr/bin/colcon', 'build', '--packages-select', 'py_main_alg']
[4.329s] DEBUG:colcon:Parsed command line arguments: Namespace(log_base=None, log_level=None, verb_name='build', build_base='build', install_base='install', merge_install=False, symlink_install=False, test_result_base=None, continue_on_error=False, executor='parallel', parallel_workers=4, event_handlers=None, ignore_user_meta=False, metas=['./colcon.meta'], base_paths=['.'], packages_ignore=None, packages_ignore_regex=None, paths=None, packages_up_to=None, packages_up_to_regex=None, packages_above=None, packages_above_and_dependencies=None, packages_above_depth=None, packages_select_by_dep=None, packages_skip_by_dep=None, packages_skip_up_to=None, packages_select_build_failed=False, packages_skip_build_finished=False, packages_select_test_failures=False, packages_skip_test_passed=False, packages_select=['py_main_alg'], packages_skip=None, packages_select_regex=None, packages_skip_regex=None, packages_start=None, packages_end=None, allow_overriding=[], cmake_args=None, cmake_target=None, cmake_target_skip_unavailable=False, cmake_clean_cache=False, cmake_clean_first=False, cmake_force_configure=False, ament_cmake_args=None, catkin_cmake_args=None, catkin_skip_building_tests=False, verb_parser=<colcon_defaults.argument_parser.defaults.DefaultArgumentsDecorator object at 0xffffa76299c0>, verb_extension=<colcon_core.verb.build.BuildVerb object at 0xffffa762a290>, main=<bound method BuildVerb.main of <colcon_core.verb.build.BuildVerb object at 0xffffa762a290>>)
[4.660s] Level 1:colcon.colcon_core.package_discovery:discover_packages(colcon_meta) check parameters
[4.660s] Level 1:colcon.colcon_core.package_discovery:discover_packages(recursive) check parameters
[4.661s] Level 1:colcon.colcon_core.package_discovery:discover_packages(ignore) check parameters
[4.661s] Level 1:colcon.colcon_core.package_discovery:discover_packages(path) check parameters
[4.661s] Level 1:colcon.colcon_core.package_discovery:discover_packages(colcon_meta) discover
[4.661s] Level 1:colcon.colcon_core.package_discovery:discover_packages(recursive) discover
[4.661s] INFO:colcon.colcon_core.package_discovery:Crawling recursively for packages in '/home/timoha/KSAROmni'
[4.662s] Level 1:colcon.colcon_core.package_identification:_identify(.) by extensions ['ignore', 'ignore_ament_install']
[4.662s] Level 1:colcon.colcon_core.package_identification:_identify(.) by extension 'ignore'
[4.662s] Level 1:colcon.colcon_core.package_identification:_identify(.) by extension 'ignore_ament_install'
[4.663s] Level 1:colcon.colcon_core.package_identification:_identify(.) by extensions ['colcon_pkg']
[4.663s] Level 1:colcon.colcon_core.package_identification:_identify(.) by extension 'colcon_pkg'
[4.663s] Level 1:colcon.colcon_core.package_identification:_identify(.) by extensions ['colcon_meta']
[4.663s] Level 1:colcon.colcon_core.package_identification:_identify(.) by extension 'colcon_meta'
[4.663s] Level 1:colcon.colcon_core.package_identification:_identify(.) by extensions ['ros']
[4.663s] Level 1:colcon.colcon_core.package_identification:_identify(.) by extension 'ros'
[4.732s] Level 1:colcon.colcon_core.package_identification:_identify(.) by extensions ['cmake', 'python']
[4.732s] Level 1:colcon.colcon_core.package_identification:_identify(.) by extension 'cmake'
[4.732s] Level 1:colcon.colcon_core.package_identification:_identify(.) by extension 'python'
[4.733s] Level 1:colcon.colcon_core.package_identification:_identify(.) by extensions ['python_setup_py']
[4.733s] Level 1:colcon.colcon_core.package_identification:_identify(.) by extension 'python_setup_py'
[4.733s] Level 1:colcon.colcon_core.package_identification:_identify(build) by extensions ['ignore', 'ignore_ament_install']
[4.734s] Level 1:colcon.colcon_core.package_identification:_identify(build) by extension 'ignore'
[4.734s] Level 1:colcon.colcon_core.package_identification:_identify(build) ignored
[4.735s] Level 1:colcon.colcon_core.package_identification:_identify(install) by extensions ['ignore', 'ignore_ament_install']
[4.735s] Level 1:colcon.colcon_core.package_identification:_identify(install) by extension 'ignore'
[4.735s] Level 1:colcon.colcon_core.package_identification:_identify(install) ignored
[4.736s] Level 1:colcon.colcon_core.package_identification:_identify(log) by extensions ['ignore', 'ignore_ament_install']
[4.737s] Level 1:colcon.colcon_core.package_identification:_identify(log) by extension 'ignore'
[4.737s] Level 1:colcon.colcon_core.package_identification:_identify(log) ignored
[4.737s] Level 1:colcon.colcon_core.package_identification:_identify(src) by extensions ['ignore', 'ignore_ament_install']
[4.738s] Level 1:colcon.colcon_core.package_identification:_identify(src) by extension 'ignore'
[4.738s] Level 1:colcon.colcon_core.package_identification:_identify(src) by extension 'ignore_ament_install'
[4.738s] Level 1:colcon.colcon_core.package_identification:_identify(src) by extensions ['colcon_pkg']
[4.738s] Level 1:colcon.colcon_core.package_identification:_identify(src) by extension 'colcon_pkg'
[4.739s] Level 1:colcon.colcon_core.package_identification:_identify(src) by extensions ['colcon_meta']
[4.739s] Level 1:colcon.colcon_core.package_identification:_identify(src) by extension 'colcon_meta'
[4.739s] Level 1:colcon.colcon_core.package_identification:_identify(src) by extensions ['ros']
[4.739s] Level 1:colcon.colcon_core.package_identification:_identify(src) by extension 'ros'
[4.740s] Level 1:colcon.colcon_core.package_identification:_identify(src) by extensions ['cmake', 'python']
[4.740s] Level 1:colcon.colcon_core.package_identification:_identify(src) by extension 'cmake'
[4.740s] Level 1:colcon.colcon_core.package_identification:_identify(src) by extension 'python'
[4.740s] Level 1:colcon.colcon_core.package_identification:_identify(src) by extensions ['python_setup_py']
[4.740s] Level 1:colcon.colcon_core.package_identification:_identify(src) by extension 'python_setup_py'
[4.741s] Level 1:colcon.colcon_core.package_identification:_identify(src/arrow_package) by extensions ['ignore', 'ignore_ament_install']
[4.741s] Level 1:colcon.colcon_core.package_identification:_identify(src/arrow_package) by extension 'ignore'
[4.741s] Level 1:colcon.colcon_core.package_identification:_identify(src/arrow_package) by extension 'ignore_ament_install'
[4.742s] Level 1:colcon.colcon_core.package_identification:_identify(src/arrow_package) by extensions ['colcon_pkg']
[4.742s] Level 1:colcon.colcon_core.package_identification:_identify(src/arrow_package) by extension 'colcon_pkg'
[4.742s] Level 1:colcon.colcon_core.package_identification:_identify(src/arrow_package) by extensions ['colcon_meta']
[4.742s] Level 1:colcon.colcon_core.package_identification:_identify(src/arrow_package) by extension 'colcon_meta'
[4.742s] Level 1:colcon.colcon_core.package_identification:_identify(src/arrow_package) by extensions ['ros']
[4.742s] Level 1:colcon.colcon_core.package_identification:_identify(src/arrow_package) by extension 'ros'
[4.755s] DEBUG:colcon.colcon_core.package_identification:Package 'src/arrow_package' with type 'ros.ament_cmake' and name 'arrow_package'
[4.756s] Level 1:colcon.colcon_core.package_identification:_identify(src/aruco_publisher) by extensions ['ignore', 'ignore_ament_install']
[4.757s] Level 1:colcon.colcon_core.package_identification:_identify(src/aruco_publisher) by extension 'ignore'
[4.757s] Level 1:colcon.colcon_core.package_identification:_identify(src/aruco_publisher) by extension 'ignore_ament_install'
[4.757s] Level 1:colcon.colcon_core.package_identification:_identify(src/aruco_publisher) by extensions ['colcon_pkg']
[4.758s] Level 1:colcon.colcon_core.package_identification:_identify(src/aruco_publisher) by extension 'colcon_pkg'
[4.758s] Level 1:colcon.colcon_core.package_identification:_identify(src/aruco_publisher) by extensions ['colcon_meta']
[4.758s] Level 1:colcon.colcon_core.package_identification:_identify(src/aruco_publisher) by extension 'colcon_meta'
[4.758s] Level 1:colcon.colcon_core.package_identification:_identify(src/aruco_publisher) by extensions ['ros']
[4.758s] Level 1:colcon.colcon_core.package_identification:_identify(src/aruco_publisher) by extension 'ros'
[4.762s] DEBUG:colcon.colcon_core.package_identification:Package 'src/aruco_publisher' with type 'ros.ament_python' and name 'aruco_publisher'
[4.763s] Level 1:colcon.colcon_core.package_identification:_identify(src/distance_node) by extensions ['ignore', 'ignore_ament_install']
[4.763s] Level 1:colcon.colcon_core.package_identification:_identify(src/distance_node) by extension 'ignore'
[4.763s] Level 1:colcon.colcon_core.package_identification:_identify(src/distance_node) by extension 'ignore_ament_install'
[4.764s] Level 1:colcon.colcon_core.package_identification:_identify(src/distance_node) by extensions ['colcon_pkg']
[4.764s] Level 1:colcon.colcon_core.package_identification:_identify(src/distance_node) by extension 'colcon_pkg'
[4.764s] Level 1:colcon.colcon_core.package_identification:_identify(src/distance_node) by extensions ['colcon_meta']
[4.764s] Level 1:colcon.colcon_core.package_identification:_identify(src/distance_node) by extension 'colcon_meta'
[4.765s] Level 1:colcon.colcon_core.package_identification:_identify(src/distance_node) by extensions ['ros']
[4.765s] Level 1:colcon.colcon_core.package_identification:_identify(src/distance_node) by extension 'ros'
[4.768s] DEBUG:colcon.colcon_core.package_identification:Package 'src/distance_node' with type 'ros.ament_python' and name 'distance_node'
[4.768s] Level 1:colcon.colcon_core.package_identification:_identify(src/kolonka) by extensions ['ignore', 'ignore_ament_install']
[4.769s] Level 1:colcon.colcon_core.package_identification:_identify(src/kolonka) by extension 'ignore'
[4.769s] Level 1:colcon.colcon_core.package_identification:_identify(src/kolonka) by extension 'ignore_ament_install'
[4.769s] Level 1:colcon.colcon_core.package_identification:_identify(src/kolonka) by extensions ['colcon_pkg']
[4.769s] Level 1:colcon.colcon_core.package_identification:_identify(src/kolonka) by extension 'colcon_pkg'
[4.770s] Level 1:colcon.colcon_core.package_identification:_identify(src/kolonka) by extensions ['colcon_meta']
[4.770s] Level 1:colcon.colcon_core.package_identification:_identify(src/kolonka) by extension 'colcon_meta'
[4.770s] Level 1:colcon.colcon_core.package_identification:_identify(src/kolonka) by extensions ['ros']
[4.770s] Level 1:colcon.colcon_core.package_identification:_identify(src/kolonka) by extension 'ros'
[4.773s] DEBUG:colcon.colcon_core.package_identification:Package 'src/kolonka' with type 'ros.ament_python' and name 'kolonka'
[4.774s] Level 1:colcon.colcon_core.package_identification:_identify(src/laser_follow) by extensions ['ignore', 'ignore_ament_install']
[4.774s] Level 1:colcon.colcon_core.package_identification:_identify(src/laser_follow) by extension 'ignore'
[4.774s] Level 1:colcon.colcon_core.package_identification:_identify(src/laser_follow) by extension 'ignore_ament_install'
[4.775s] Level 1:colcon.colcon_core.package_identification:_identify(src/laser_follow) by extensions ['colcon_pkg']
[4.775s] Level 1:colcon.colcon_core.package_identification:_identify(src/laser_follow) by extension 'colcon_pkg'
[4.775s] Level 1:colcon.colcon_core.package_identification:_identify(src/laser_follow) by extensions ['colcon_meta']
[4.775s] Level 1:colcon.colcon_core.package_identification:_identify(src/laser_follow) by extension 'colcon_meta'
[4.775s] Level 1:colcon.colcon_core.package_identification:_identify(src/laser_follow) by extensions ['ros']
[4.776s] Level 1:colcon.colcon_core.package_identification:_identify(src/laser_follow) by extension 'ros'
[4.779s] DEBUG:colcon.colcon_core.package_identification:Package 'src/laser_follow' with type 'ros.ament_python' and name 'laser_follow'
[4.779s] Level 1:colcon.colcon_core.package_identification:_identify(src/launch) by extensions ['ignore', 'ignore_ament_install']
[4.780s] Level 1:colcon.colcon_core.package_identification:_identify(src/launch) by extension 'ignore'
[4.780s] Level 1:colcon.colcon_core.package_identification:_identify(src/launch) by extension 'ignore_ament_install'
[4.780s] Level 1:colcon.colcon_core.package_identification:_identify(src/launch) by extensions ['colcon_pkg']
[4.780s] Level 1:colcon.colcon_core.package_identification:_identify(src/launch) by extension 'colcon_pkg'
[4.781s] Level 1:colcon.colcon_core.package_identification:_identify(src/launch) by extensions ['colcon_meta']
[4.781s] Level 1:colcon.colcon_core.package_identification:_identify(src/launch) by extension 'colcon_meta'
[4.781s] Level 1:colcon.colcon_core.package_identification:_identify(src/launch) by extensions ['ros']
[4.781s] Level 1:colcon.colcon_core.package_identification:_identify(src/launch) by extension 'ros'
[4.782s] Level 1:colcon.colcon_core.package_identification:_identify(src/launch) by extensions ['cmake', 'python']
[4.782s] Level 1:colcon.colcon_core.package_identification:_identify(src/launch) by extension 'cmake'
[4.782s] Level 1:colcon.colcon_core.package_identification:_identify(src/launch) by extension 'python'
[4.782s] Level 1:colcon.colcon_core.package_identification:_identify(src/launch) by extensions ['python_setup_py']
[4.782s] Level 1:colcon.colcon_core.package_identification:_identify(src/launch) by extension 'python_setup_py'
[4.783s] Level 1:colcon.colcon_core.package_identification:_identify(src/lidar_template) by extensions ['ignore', 'ignore_ament_install']
[4.783s] Level 1:colcon.colcon_core.package_identification:_identify(src/lidar_template) by extension 'ignore'
[4.783s] Level 1:colcon.colcon_core.package_identification:_identify(src/lidar_template) by extension 'ignore_ament_install'
[4.784s] Level 1:colcon.colcon_core.package_identification:_identify(src/lidar_template) by extensions ['colcon_pkg']
[4.784s] Level 1:colcon.colcon_core.package_identification:_identify(src/lidar_template) by extension 'colcon_pkg'
[4.784s] Level 1:colcon.colcon_core.package_identification:_identify(src/lidar_template) by extensions ['colcon_meta']
[4.784s] Level 1:colcon.colcon_core.package_identification:_identify(src/lidar_template) by extension 'colcon_meta'
[4.784s] Level 1:colcon.colcon_core.package_identification:_identify(src/lidar_template) by extensions ['ros']
[4.785s] Level 1:colcon.colcon_core.package_identification:_identify(src/lidar_template) by extension 'ros'
[4.788s] DEBUG:colcon.colcon_core.package_identification:Package 'src/lidar_template' with type 'ros.ament_python' and name 'lidar_template'
[4.789s] Level 1:colcon.colcon_core.package_identification:_identify(src/main_package_robot) by extensions ['ignore', 'ignore_ament_install']
[4.789s] Level 1:colcon.colcon_core.package_identification:_identify(src/main_package_robot) by extension 'ignore'
[4.790s] Level 1:colcon.colcon_core.package_identification:_identify(src/main_package_robot) by extension 'ignore_ament_install'
[4.790s] Level 1:colcon.colcon_core.package_identification:_identify(src/main_package_robot) by extensions ['colcon_pkg']
[4.790s] Level 1:colcon.colcon_core.package_identification:_identify(src/main_package_robot) by extension 'colcon_pkg'
[4.790s] Level 1:colcon.colcon_core.package_identification:_identify(src/main_package_robot) by extensions ['colcon_meta']
[4.790s] Level 1:colcon.colcon_core.package_identification:_identify(src/main_package_robot) by extension 'colcon_meta'
[4.791s] Level 1:colcon.colcon_core.package_identification:_identify(src/main_package_robot) by extensions ['ros']
[4.791s] Level 1:colcon.colcon_core.package_identification:_identify(src/main_package_robot) by extension 'ros'
[4.794s] DEBUG:colcon.colcon_core.package_identification:Package 'src/main_package_robot' with type 'ros.ament_python' and name 'main_package_robot'
[4.795s] Level 1:colcon.colcon_core.package_identification:_identify(src/motor_control_node) by extensions ['ignore', 'ignore_ament_install']
[4.796s] Level 1:colcon.colcon_core.package_identification:_identify(src/motor_control_node) by extension 'ignore'
[4.796s] Level 1:colcon.colcon_core.package_identification:_identify(src/motor_control_node) by extension 'ignore_ament_install'
[4.796s] Level 1:colcon.colcon_core.package_identification:_identify(src/motor_control_node) by extensions ['colcon_pkg']
[4.796s] Level 1:colcon.colcon_core.package_identification:_identify(src/motor_control_node) by extension 'colcon_pkg'
[4.797s] Level 1:colcon.colcon_core.package_identification:_identify(src/motor_control_node) by extensions ['colcon_meta']
[4.797s] Level 1:colcon.colcon_core.package_identification:_identify(src/motor_control_node) by extension 'colcon_meta'
[4.797s] Level 1:colcon.colcon_core.package_identification:_identify(src/motor_control_node) by extensions ['ros']
[4.797s] Level 1:colcon.colcon_core.package_identification:_identify(src/motor_control_node) by extension 'ros'
[4.800s] DEBUG:colcon.colcon_core.package_identification:Package 'src/motor_control_node' with type 'ros.ament_python' and name 'motor_control_node'
[4.801s] Level 1:colcon.colcon_core.package_identification:_identify(src/opencv_pub) by extensions ['ignore', 'ignore_ament_install']
[4.801s] Level 1:colcon.colcon_core.package_identification:_identify(src/opencv_pub) by extension 'ignore'
[4.802s] Level 1:colcon.colcon_core.package_identification:_identify(src/opencv_pub) by extension 'ignore_ament_install'
[4.802s] Level 1:colcon.colcon_core.package_identification:_identify(src/opencv_pub) by extensions ['colcon_pkg']
[4.802s] Level 1:colcon.colcon_core.package_identification:_identify(src/opencv_pub) by extension 'colcon_pkg'
[4.802s] Level 1:colcon.colcon_core.package_identification:_identify(src/opencv_pub) by extensions ['colcon_meta']
[4.803s] Level 1:colcon.colcon_core.package_identification:_identify(src/opencv_pub) by extension 'colcon_meta'
[4.803s] Level 1:colcon.colcon_core.package_identification:_identify(src/opencv_pub) by extensions ['ros']
[4.803s] Level 1:colcon.colcon_core.package_identification:_identify(src/opencv_pub) by extension 'ros'
[4.806s] DEBUG:colcon.colcon_core.package_identification:Package 'src/opencv_pub' with type 'ros.ament_python' and name 'opencv_pub'
[4.807s] Level 1:colcon.colcon_core.package_identification:_identify(src/py_barrel_detector) by extensions ['ignore', 'ignore_ament_install']
[4.807s] Level 1:colcon.colcon_core.package_identification:_identify(src/py_barrel_detector) by extension 'ignore'
[4.807s] Level 1:colcon.colcon_core.package_identification:_identify(src/py_barrel_detector) by extension 'ignore_ament_install'
[4.808s] Level 1:colcon.colcon_core.package_identification:_identify(src/py_barrel_detector) by extensions ['colcon_pkg']
[4.808s] Level 1:colcon.colcon_core.package_identification:_identify(src/py_barrel_detector) by extension 'colcon_pkg'
[4.808s] Level 1:colcon.colcon_core.package_identification:_identify(src/py_barrel_detector) by extensions ['colcon_meta']
[4.808s] Level 1:colcon.colcon_core.package_identification:_identify(src/py_barrel_detector) by extension 'colcon_meta'
[4.809s] Level 1:colcon.colcon_core.package_identification:_identify(src/py_barrel_detector) by extensions ['ros']
[4.809s] Level 1:colcon.colcon_core.package_identification:_identify(src/py_barrel_detector) by extension 'ros'
[4.812s] DEBUG:colcon.colcon_core.package_identification:Package 'src/py_barrel_detector' with type 'ros.ament_python' and name 'py_barrel_detector'
[4.812s] Level 1:colcon.colcon_core.package_identification:_identify(src/py_main_alg) by extensions ['ignore', 'ignore_ament_install']
[4.813s] Level 1:colcon.colcon_core.package_identification:_identify(src/py_main_alg) by extension 'ignore'
[4.813s] Level 1:colcon.colcon_core.package_identification:_identify(src/py_main_alg) by extension 'ignore_ament_install'
[4.814s] Level 1:colcon.colcon_core.package_identification:_identify(src/py_main_alg) by extensions ['colcon_pkg']
[4.814s] Level 1:colcon.colcon_core.package_identification:_identify(src/py_main_alg) by extension 'colcon_pkg'
[4.814s] Level 1:colcon.colcon_core.package_identification:_identify(src/py_main_alg) by extensions ['colcon_meta']
[4.814s] Level 1:colcon.colcon_core.package_identification:_identify(src/py_main_alg) by extension 'colcon_meta'
[4.814s] Level 1:colcon.colcon_core.package_identification:_identify(src/py_main_alg) by extensions ['ros']
[4.814s] Level 1:colcon.colcon_core.package_identification:_identify(src/py_main_alg) by extension 'ros'
[4.817s] DEBUG:colcon.colcon_core.package_identification:Package 'src/py_main_alg' with type 'ros.ament_python' and name 'py_main_alg'
[4.818s] Level 1:colcon.colcon_core.package_identification:_identify(src/rplidar_ros2) by extensions ['ignore', 'ignore_ament_install']
[4.819s] Level 1:colcon.colcon_core.package_identification:_identify(src/rplidar_ros2) by extension 'ignore'
[4.819s] Level 1:colcon.colcon_core.package_identification:_identify(src/rplidar_ros2) by extension 'ignore_ament_install'
[4.819s] Level 1:colcon.colcon_core.package_identification:_identify(src/rplidar_ros2) by extensions ['colcon_pkg']
[4.819s] Level 1:colcon.colcon_core.package_identification:_identify(src/rplidar_ros2) by extension 'colcon_pkg'
[4.820s] Level 1:colcon.colcon_core.package_identification:_identify(src/rplidar_ros2) by extensions ['colcon_meta']
[4.820s] Level 1:colcon.colcon_core.package_identification:_identify(src/rplidar_ros2) by extension 'colcon_meta'
[4.820s] Level 1:colcon.colcon_core.package_identification:_identify(src/rplidar_ros2) by extensions ['ros']
[4.820s] Level 1:colcon.colcon_core.package_identification:_identify(src/rplidar_ros2) by extension 'ros'
[4.823s] DEBUG:colcon.colcon_core.package_identification:Package 'src/rplidar_ros2' with type 'ros.ament_cmake' and name 'rplidar_ros'
[4.824s] Level 1:colcon.colcon_core.package_identification:_identify(src/test_pub) by extensions ['ignore', 'ignore_ament_install']
[4.824s] Level 1:colcon.colcon_core.package_identification:_identify(src/test_pub) by extension 'ignore'
[4.825s] Level 1:colcon.colcon_core.package_identification:_identify(src/test_pub) by extension 'ignore_ament_install'
[4.825s] Level 1:colcon.colcon_core.package_identification:_identify(src/test_pub) by extensions ['colcon_pkg']
[4.825s] Level 1:colcon.colcon_core.package_identification:_identify(src/test_pub) by extension 'colcon_pkg'
[4.825s] Level 1:colcon.colcon_core.package_identification:_identify(src/test_pub) by extensions ['colcon_meta']
[4.826s] Level 1:colcon.colcon_core.package_identification:_identify(src/test_pub) by extension 'colcon_meta'
[4.826s] Level 1:colcon.colcon_core.package_identification:_identify(src/test_pub) by extensions ['ros']
[4.826s] Level 1:colcon.colcon_core.package_identification:_identify(src/test_pub) by extension 'ros'
[4.829s] DEBUG:colcon.colcon_core.package_identification:Package 'src/test_pub' with type 'ros.ament_python' and name 'test_pub'
[4.829s] Level 1:colcon.colcon_core.package_discovery:discover_packages(recursive) using defaults
[4.830s] Level 1:colcon.colcon_core.package_discovery:discover_packages(ignore) discover
[4.830s] Level 1:colcon.colcon_core.package_discovery:discover_packages(ignore) using defaults
[4.830s] Level 1:colcon.colcon_core.package_discovery:discover_packages(path) discover
[4.830s] Level 1:colcon.colcon_core.package_discovery:discover_packages(path) using defaults
[5.171s] INFO:colcon.colcon_core.package_selection:Skipping not selected package 'arrow_package' in 'src/arrow_package'
[5.172s] INFO:colcon.colcon_core.package_selection:Skipping not selected package 'aruco_publisher' in 'src/aruco_publisher'
[5.172s] INFO:colcon.colcon_core.package_selection:Skipping not selected package 'distance_node' in 'src/distance_node'
[5.172s] INFO:colcon.colcon_core.package_selection:Skipping not selected package 'kolonka' in 'src/kolonka'
[5.172s] INFO:colcon.colcon_core.package_selection:Skipping not selected package 'laser_follow' in 'src/laser_follow'
[5.172s] INFO:colcon.colcon_core.package_selection:Skipping not selected package 'lidar_template' in 'src/lidar_template'
[5.172s] INFO:colcon.colcon_core.package_selection:Skipping not selected package 'main_package_robot' in 'src/main_package_robot'
[5.172s] INFO:colcon.colcon_core.package_selection:Skipping not selected package 'motor_control_node' in 'src/motor_control_node'
[5.172s] INFO:colcon.colcon_core.package_selection:Skipping not selected package 'opencv_pub' in 'src/opencv_pub'
[5.172s] INFO:colcon.colcon_core.package_selection:Skipping not selected package 'py_barrel_detector' in 'src/py_barrel_detector'
[5.173s] INFO:colcon.colcon_core.package_selection:Skipping not selected package 'rplidar_ros' in 'src/rplidar_ros2'
[5.173s] INFO:colcon.colcon_core.package_selection:Skipping not selected package 'test_pub' in 'src/test_pub'
[5.296s] Level 1:colcon.colcon_core.package_discovery:discover_packages(prefix_path) check parameters
[5.297s] Level 1:colcon.colcon_core.package_discovery:discover_packages(prefix_path) discover
[5.443s] DEBUG:colcon.colcon_installed_package_information.package_discovery:Found 270 installed packages in /opt/ros/humble
[5.449s] Level 1:colcon.colcon_core.package_discovery:discover_packages(prefix_path) using defaults
[5.843s] Level 5:colcon.colcon_core.verb:set package 'py_main_alg' build argument 'cmake_args' from command line to 'None'
[5.844s] Level 5:colcon.colcon_core.verb:set package 'py_main_alg' build argument 'cmake_target' from command line to 'None'
[5.844s] Level 5:colcon.colcon_core.verb:set package 'py_main_alg' build argument 'cmake_target_skip_unavailable' from command line to 'False'
[5.844s] Level 5:colcon.colcon_core.verb:set package 'py_main_alg' build argument 'cmake_clean_cache' from command line to 'False'
[5.844s] Level 5:colcon.colcon_core.verb:set package 'py_main_alg' build argument 'cmake_clean_first' from command line to 'False'
[5.844s] Level 5:colcon.colcon_core.verb:set package 'py_main_alg' build argument 'cmake_force_configure' from command line to 'False'
[5.844s] Level 5:colcon.colcon_core.verb:set package 'py_main_alg' build argument 'ament_cmake_args' from command line to 'None'
[5.844s] Level 5:colcon.colcon_core.verb:set package 'py_main_alg' build argument 'catkin_cmake_args' from command line to 'None'
[5.844s] Level 5:colcon.colcon_core.verb:set package 'py_main_alg' build argument 'catkin_skip_building_tests' from command line to 'False'
[5.845s] DEBUG:colcon.colcon_core.verb:Building package 'py_main_alg' with the following arguments: {'ament_cmake_args': None, 'build_base': '/home/timoha/KSAROmni/build/py_main_alg', 'catkin_cmake_args': None, 'catkin_skip_building_tests': False, 'cmake_args': None, 'cmake_clean_cache': False, 'cmake_clean_first': False, 'cmake_force_configure': False, 'cmake_target': None, 'cmake_target_skip_unavailable': False, 'install_base': '/home/timoha/KSAROmni/install/py_main_alg', 'merge_install': False, 'path': '/home/timoha/KSAROmni/src/py_main_alg', 'symlink_install': False, 'test_result_base': None}
[5.906s] INFO:colcon.colcon_core.executor:Executing jobs using 'parallel' executor
[5.970s] DEBUG:colcon.colcon_parallel_executor.executor.parallel:run_until_complete
[5.972s] INFO:colcon.colcon_ros.task.ament_python.build:Building ROS package in '/home/timoha/KSAROmni/src/py_main_alg' with build type 'ament_python'
[5.973s] Level 1:colcon.colcon_core.shell:create_environment_hook('py_main_alg', 'ament_prefix_path')
[6.062s] INFO:colcon.colcon_core.plugin_system:Skipping extension 'colcon_core.shell.bat': Not used on non-Windows systems
[6.063s] INFO:colcon.colcon_core.shell:Creating environment hook '/home/timoha/KSAROmni/install/py_main_alg/share/py_main_alg/hook/ament_prefix_path.ps1'
[6.067s] INFO:colcon.colcon_core.shell:Creating environment descriptor '/home/timoha/KSAROmni/install/py_main_alg/share/py_main_alg/hook/ament_prefix_path.dsv'
[6.071s] INFO:colcon.colcon_core.shell:Creating environment hook '/home/timoha/KSAROmni/install/py_main_alg/share/py_main_alg/hook/ament_prefix_path.sh'
[6.142s] INFO:colcon.colcon_core.shell:Skip shell extension 'powershell' for command environment: Not usable outside of PowerShell
[6.143s] DEBUG:colcon.colcon_core.shell:Skip shell extension 'dsv' for command environment
[7.431s] INFO:colcon.colcon_core.task.python.build:Building Python package in '/home/timoha/KSAROmni/src/py_main_alg'
[7.501s] INFO:colcon.colcon_core.shell:Skip shell extension 'powershell' for command environment: Not usable outside of PowerShell
[7.502s] DEBUG:colcon.colcon_core.shell:Skip shell extension 'dsv' for command environment
[9.286s] DEBUG:colcon.colcon_core.event_handler.log_command:Invoking command in '/home/timoha/KSAROmni/src/py_main_alg': PYTHONPATH=/home/timoha/KSAROmni/build/py_main_alg/prefix_override:/home/timoha/KSAROmni/install/py_main_alg/lib/python3.10/site-packages:${PYTHONPATH} /usr/bin/python3 setup.py egg_info --egg-base ../../build/py_main_alg build --build-base /home/timoha/KSAROmni/build/py_main_alg/build install --record /home/timoha/KSAROmni/build/py_main_alg/install.log --single-version-externally-managed
[10.608s] DEBUG:colcon.colcon_core.event_handler.log_command:Invoked command in '/home/timoha/KSAROmni/src/py_main_alg' returned '0': PYTHONPATH=/home/timoha/KSAROmni/build/py_main_alg/prefix_override:/home/timoha/KSAROmni/install/py_main_alg/lib/python3.10/site-packages:${PYTHONPATH} /usr/bin/python3 setup.py egg_info --egg-base ../../build/py_main_alg build --build-base /home/timoha/KSAROmni/build/py_main_alg/build install --record /home/timoha/KSAROmni/build/py_main_alg/install.log --single-version-externally-managed
[10.698s] Level 1:colcon.colcon_core.environment:checking '/home/timoha/KSAROmni/install/py_main_alg' for CMake module files
[10.701s] Level 1:colcon.colcon_core.environment:checking '/home/timoha/KSAROmni/install/py_main_alg' for CMake config files
[10.706s] Level 1:colcon.colcon_core.environment:checking '/home/timoha/KSAROmni/install/py_main_alg/lib'
[10.707s] Level 1:colcon.colcon_core.environment:checking '/home/timoha/KSAROmni/install/py_main_alg/bin'
[10.708s] Level 1:colcon.colcon_core.environment:checking '/home/timoha/KSAROmni/install/py_main_alg/lib/pkgconfig/py_main_alg.pc'
[10.709s] Level 1:colcon.colcon_core.environment:checking '/home/timoha/KSAROmni/install/py_main_alg/lib/python3.10/site-packages'
[10.709s] Level 1:colcon.colcon_core.shell:create_environment_hook('py_main_alg', 'pythonpath')
[10.774s] INFO:colcon.colcon_core.shell:Creating environment hook '/home/timoha/KSAROmni/install/py_main_alg/share/py_main_alg/hook/pythonpath.ps1'
[10.776s] INFO:colcon.colcon_core.shell:Creating environment descriptor '/home/timoha/KSAROmni/install/py_main_alg/share/py_main_alg/hook/pythonpath.dsv'
[10.778s] INFO:colcon.colcon_core.shell:Creating environment hook '/home/timoha/KSAROmni/install/py_main_alg/share/py_main_alg/hook/pythonpath.sh'
[10.781s] Level 1:colcon.colcon_core.environment:checking '/home/timoha/KSAROmni/install/py_main_alg/bin'
[10.781s] Level 1:colcon.colcon_core.environment:create_environment_scripts_only(py_main_alg)
[10.846s] INFO:colcon.colcon_core.shell:Creating package script '/home/timoha/KSAROmni/install/py_main_alg/share/py_main_alg/package.ps1'
[10.851s] INFO:colcon.colcon_core.shell:Creating package descriptor '/home/timoha/KSAROmni/install/py_main_alg/share/py_main_alg/package.dsv'
[10.855s] INFO:colcon.colcon_core.shell:Creating package script '/home/timoha/KSAROmni/install/py_main_alg/share/py_main_alg/package.sh'
[10.859s] INFO:colcon.colcon_core.shell:Creating package script '/home/timoha/KSAROmni/install/py_main_alg/share/py_main_alg/package.bash'
[10.864s] INFO:colcon.colcon_core.shell:Creating package script '/home/timoha/KSAROmni/install/py_main_alg/share/py_main_alg/package.zsh'
[10.868s] Level 1:colcon.colcon_core.environment:create_file_with_runtime_dependencies(/home/timoha/KSAROmni/install/py_main_alg/share/colcon-core/packages/py_main_alg)
[10.870s] DEBUG:colcon.colcon_parallel_executor.executor.parallel:closing loop
[10.871s] DEBUG:colcon.colcon_parallel_executor.executor.parallel:loop closed
[10.872s] DEBUG:colcon.colcon_parallel_executor.executor.parallel:run_until_complete finished with '0'
[10.872s] DEBUG:colcon.colcon_core.event_reactor:joining thread
[10.968s] INFO:colcon.colcon_core.plugin_system:Skipping extension 'colcon_notification.desktop_notification.terminal_notifier': Not used on non-Darwin systems
[10.968s] INFO:colcon.colcon_core.plugin_system:Skipping extension 'colcon_notification.desktop_notification.win32': Not used on non-Windows systems
[10.969s] INFO:colcon.colcon_notification.desktop_notification:Sending desktop notification using 'notify2'
[10.975s] DEBUG:colcon.colcon_notification.desktop_notification.notify2:Failed to initialize notify2: org.freedesktop.DBus.Error.ServiceUnknown: The name org.freedesktop.Notifications was not provided by any .service files
[10.975s] DEBUG:colcon.colcon_core.event_reactor:joined thread
[11.043s] INFO:colcon.colcon_core.shell:Creating prefix script '/home/timoha/KSAROmni/install/local_setup.ps1'
[11.047s] INFO:colcon.colcon_core.shell:Creating prefix util module '/home/timoha/KSAROmni/install/_local_setup_util_ps1.py'
[11.054s] INFO:colcon.colcon_core.shell:Creating prefix chain script '/home/timoha/KSAROmni/install/setup.ps1'
[11.124s] INFO:colcon.colcon_core.shell:Creating prefix script '/home/timoha/KSAROmni/install/local_setup.sh'
[11.127s] INFO:colcon.colcon_core.shell:Creating prefix util module '/home/timoha/KSAROmni/install/_local_setup_util_sh.py'
[11.130s] INFO:colcon.colcon_core.shell:Creating prefix chain script '/home/timoha/KSAROmni/install/setup.sh'
[11.198s] INFO:colcon.colcon_core.shell:Creating prefix script '/home/timoha/KSAROmni/install/local_setup.bash'
[11.201s] INFO:colcon.colcon_core.shell:Creating prefix chain script '/home/timoha/KSAROmni/install/setup.bash'
[11.269s] INFO:colcon.colcon_core.shell:Creating prefix script '/home/timoha/KSAROmni/install/local_setup.zsh'
[11.273s] INFO:colcon.colcon_core.shell:Creating prefix chain script '/home/timoha/KSAROmni/install/setup.zsh'
