[0.167s] Invoking command in '/home/timoha/KSAROmni/build/arrow_package': CMAKE_PREFIX_PATH=/opt/ros/humble /usr/bin/cmake /home/timoha/KSAROmni/src/arrow_package -DAMENT_CMAKE_SYMLINK_INSTALL=1 -DCMAKE_INSTALL_PREFIX=/home/timoha/KSAROmni/install/arrow_package
[3.668s] -- Found ament_cmake: 1.3.9 (/opt/ros/humble/share/ament_cmake/cmake)
[3.670s] -- Override CMake install command with custom implementation using symlinks instead of copying resources
[3.671s] -- Found rclcpp: 16.0.9 (/opt/ros/humble/share/rclcpp/cmake)
[3.673s] -- Found rosidl_generator_c: 3.1.5 (/opt/ros/humble/share/rosidl_generator_c/cmake)
[3.684s] -- Found rosidl_adapter: 3.1.5 (/opt/ros/humble/share/rosidl_adapter/cmake)
[3.687s] -- Found rosidl_generator_cpp: 3.1.5 (/opt/ros/humble/share/rosidl_generator_cpp/cmake)
[3.696s] -- Using all available rosidl_typesupport_c: rosidl_typesupport_fastrtps_c;rosidl_typesupport_introspection_c
[3.699s] -- Using all available rosidl_typesupport_cpp: rosidl_typesupport_fastrtps_cpp;rosidl_typesupport_introspection_cpp
[3.703s] -- Found rmw_implementation_cmake: 6.1.2 (/opt/ros/humble/share/rmw_implementation_cmake/cmake)
[3.706s] -- Found rmw_fastrtps_cpp: 6.2.6 (/opt/ros/humble/share/rmw_fastrtps_cpp/cmake)
[3.708s] -- Using RMW implementation 'rmw_fastrtps_cpp' as default
[4.477s] -- Found ament_lint_auto: 0.12.11 (/opt/ros/humble/share/ament_lint_auto/cmake)
[4.883s] -- Added test 'cppcheck' to perform static code analysis on C / C++ code
[4.884s] -- Configured cppcheck include dirs: $<BUILD_INTERFACE:/home/timoha/KSAROmni/src/arrow_package/include>
[4.885s] -- Configured cppcheck exclude dirs and/or files: 
[4.888s] -- Added test 'lint_cmake' to check CMake code style
[4.895s] -- Added test 'uncrustify' to check C / C++ code style
[4.897s] -- Configured uncrustify additional arguments: 
[4.898s] -- Added test 'xmllint' to check XML markup files
[4.911s] -- Configuring done
[5.012s] -- Generating done
[5.021s] -- Build files have been written to: /home/timoha/KSAROmni/build/arrow_package
[5.254s] Invoked command in '/home/timoha/KSAROmni/build/arrow_package' returned '0': CMAKE_PREFIX_PATH=/opt/ros/humble /usr/bin/cmake /home/timoha/KSAROmni/src/arrow_package -DAMENT_CMAKE_SYMLINK_INSTALL=1 -DCMAKE_INSTALL_PREFIX=/home/timoha/KSAROmni/install/arrow_package
[5.262s] Invoking command in '/home/timoha/KSAROmni/build/arrow_package': CMAKE_PREFIX_PATH=/opt/ros/humble /usr/bin/cmake --build /home/timoha/KSAROmni/build/arrow_package -- -j4 -l4
[5.567s] [35m[1mConsolidate compiler generated dependencies of target arrow_node[0m
[5.814s] [100%] Built target arrow_node
[5.887s] Invoked command in '/home/timoha/KSAROmni/build/arrow_package' returned '0': CMAKE_PREFIX_PATH=/opt/ros/humble /usr/bin/cmake --build /home/timoha/KSAROmni/build/arrow_package -- -j4 -l4
[6.105s] Invoking command in '/home/timoha/KSAROmni/build/arrow_package': CMAKE_PREFIX_PATH=/opt/ros/humble /usr/bin/cmake --install /home/timoha/KSAROmni/build/arrow_package
[6.150s] -- Install configuration: ""
[6.156s] -- Execute custom install script
[6.161s] -- Up-to-date symlink: /home/timoha/KSAROmni/install/arrow_package/lib/arrow_package/arrow_node
[6.166s] -- Up-to-date symlink: /home/timoha/KSAROmni/install/arrow_package/share/ament_index/resource_index/package_run_dependencies/arrow_package
[6.171s] -- Up-to-date symlink: /home/timoha/KSAROmni/install/arrow_package/share/ament_index/resource_index/parent_prefix_path/arrow_package
[6.177s] -- Up-to-date symlink: /home/timoha/KSAROmni/install/arrow_package/share/arrow_package/environment/ament_prefix_path.sh
[6.182s] -- Up-to-date symlink: /home/timoha/KSAROmni/install/arrow_package/share/arrow_package/environment/ament_prefix_path.dsv
[6.187s] -- Up-to-date symlink: /home/timoha/KSAROmni/install/arrow_package/share/arrow_package/environment/path.sh
[6.192s] -- Up-to-date symlink: /home/timoha/KSAROmni/install/arrow_package/share/arrow_package/environment/path.dsv
[6.197s] -- Up-to-date symlink: /home/timoha/KSAROmni/install/arrow_package/share/arrow_package/local_setup.bash
[6.202s] -- Up-to-date symlink: /home/timoha/KSAROmni/install/arrow_package/share/arrow_package/local_setup.sh
[6.208s] -- Up-to-date symlink: /home/timoha/KSAROmni/install/arrow_package/share/arrow_package/local_setup.zsh
[6.215s] -- Up-to-date symlink: /home/timoha/KSAROmni/install/arrow_package/share/arrow_package/local_setup.dsv
[6.222s] -- Symlinking: /home/timoha/KSAROmni/install/arrow_package/share/arrow_package/package.dsv
[6.272s] -- Up-to-date symlink: /home/timoha/KSAROmni/install/arrow_package/share/ament_index/resource_index/packages/arrow_package
[6.282s] -- Up-to-date symlink: /home/timoha/KSAROmni/install/arrow_package/share/arrow_package/cmake/arrow_packageConfig.cmake
[6.286s] -- Up-to-date symlink: /home/timoha/KSAROmni/install/arrow_package/share/arrow_package/cmake/arrow_packageConfig-version.cmake
[6.291s] -- Up-to-date symlink: /home/timoha/KSAROmni/install/arrow_package/share/arrow_package/package.xml
[6.309s] Invoked command in '/home/timoha/KSAROmni/build/arrow_package' returned '0': CMAKE_PREFIX_PATH=/opt/ros/humble /usr/bin/cmake --install /home/timoha/KSAROmni/build/arrow_package
