[7.932s] DEBUG:colcon:Command line arguments: ['/usr/bin/colcon', 'build', '--packages-select', 'aruco_publisher']
[7.933s] DEBUG:colcon:Parsed command line arguments: Namespace(log_base=None, log_level=None, verb_name='build', build_base='build', install_base='install', merge_install=False, symlink_install=False, test_result_base=None, continue_on_error=False, executor='parallel', parallel_workers=4, event_handlers=None, ignore_user_meta=False, metas=['./colcon.meta'], base_paths=['.'], packages_ignore=None, packages_ignore_regex=None, paths=None, packages_up_to=None, packages_up_to_regex=None, packages_above=None, packages_above_and_dependencies=None, packages_above_depth=None, packages_select_by_dep=None, packages_skip_by_dep=None, packages_skip_up_to=None, packages_select_build_failed=False, packages_skip_build_finished=False, packages_select_test_failures=False, packages_skip_test_passed=False, packages_select=['aruco_publisher'], packages_skip=None, packages_select_regex=None, packages_skip_regex=None, packages_start=None, packages_end=None, allow_overriding=[], cmake_args=None, cmake_target=None, cmake_target_skip_unavailable=False, cmake_clean_cache=False, cmake_clean_first=False, cmake_force_configure=False, ament_cmake_args=None, catkin_cmake_args=None, catkin_skip_building_tests=False, verb_parser=<colcon_defaults.argument_parser.defaults.DefaultArgumentsDecorator object at 0xffffba78f790>, verb_extension=<colcon_core.verb.build.BuildVerb object at 0xffffba78f5b0>, main=<bound method BuildVerb.main of <colcon_core.verb.build.BuildVerb object at 0xffffba78f5b0>>)
[8.283s] Level 1:colcon.colcon_core.package_discovery:discover_packages(colcon_meta) check parameters
[8.284s] Level 1:colcon.colcon_core.package_discovery:discover_packages(recursive) check parameters
[8.284s] Level 1:colcon.colcon_core.package_discovery:discover_packages(ignore) check parameters
[8.285s] Level 1:colcon.colcon_core.package_discovery:discover_packages(path) check parameters
[8.286s] Level 1:colcon.colcon_core.package_discovery:discover_packages(colcon_meta) discover
[8.288s] Level 1:colcon.colcon_core.package_discovery:discover_packages(recursive) discover
[8.289s] INFO:colcon.colcon_core.package_discovery:Crawling recursively for packages in '/home/timoha/KSAROmni'
[8.290s] Level 1:colcon.colcon_core.package_identification:_identify(.) by extensions ['ignore', 'ignore_ament_install']
[8.291s] Level 1:colcon.colcon_core.package_identification:_identify(.) by extension 'ignore'
[8.292s] Level 1:colcon.colcon_core.package_identification:_identify(.) by extension 'ignore_ament_install'
[8.292s] Level 1:colcon.colcon_core.package_identification:_identify(.) by extensions ['colcon_pkg']
[8.293s] Level 1:colcon.colcon_core.package_identification:_identify(.) by extension 'colcon_pkg'
[8.293s] Level 1:colcon.colcon_core.package_identification:_identify(.) by extensions ['colcon_meta']
[8.293s] Level 1:colcon.colcon_core.package_identification:_identify(.) by extension 'colcon_meta'
[8.294s] Level 1:colcon.colcon_core.package_identification:_identify(.) by extensions ['ros']
[8.294s] Level 1:colcon.colcon_core.package_identification:_identify(.) by extension 'ros'
[8.354s] Level 1:colcon.colcon_core.package_identification:_identify(.) by extensions ['cmake', 'python']
[8.354s] Level 1:colcon.colcon_core.package_identification:_identify(.) by extension 'cmake'
[8.354s] Level 1:colcon.colcon_core.package_identification:_identify(.) by extension 'python'
[8.355s] Level 1:colcon.colcon_core.package_identification:_identify(.) by extensions ['python_setup_py']
[8.355s] Level 1:colcon.colcon_core.package_identification:_identify(.) by extension 'python_setup_py'
[8.356s] Level 1:colcon.colcon_core.package_identification:_identify(build) by extensions ['ignore', 'ignore_ament_install']
[8.357s] Level 1:colcon.colcon_core.package_identification:_identify(build) by extension 'ignore'
[8.358s] Level 1:colcon.colcon_core.package_identification:_identify(build) ignored
[8.359s] Level 1:colcon.colcon_core.package_identification:_identify(install) by extensions ['ignore', 'ignore_ament_install']
[8.359s] Level 1:colcon.colcon_core.package_identification:_identify(install) by extension 'ignore'
[8.360s] Level 1:colcon.colcon_core.package_identification:_identify(install) ignored
[8.361s] Level 1:colcon.colcon_core.package_identification:_identify(log) by extensions ['ignore', 'ignore_ament_install']
[8.362s] Level 1:colcon.colcon_core.package_identification:_identify(log) by extension 'ignore'
[8.363s] Level 1:colcon.colcon_core.package_identification:_identify(log) ignored
[8.364s] Level 1:colcon.colcon_core.package_identification:_identify(src) by extensions ['ignore', 'ignore_ament_install']
[8.364s] Level 1:colcon.colcon_core.package_identification:_identify(src) by extension 'ignore'
[8.365s] Level 1:colcon.colcon_core.package_identification:_identify(src) by extension 'ignore_ament_install'
[8.365s] Level 1:colcon.colcon_core.package_identification:_identify(src) by extensions ['colcon_pkg']
[8.366s] Level 1:colcon.colcon_core.package_identification:_identify(src) by extension 'colcon_pkg'
[8.366s] Level 1:colcon.colcon_core.package_identification:_identify(src) by extensions ['colcon_meta']
[8.367s] Level 1:colcon.colcon_core.package_identification:_identify(src) by extension 'colcon_meta'
[8.367s] Level 1:colcon.colcon_core.package_identification:_identify(src) by extensions ['ros']
[8.367s] Level 1:colcon.colcon_core.package_identification:_identify(src) by extension 'ros'
[8.368s] Level 1:colcon.colcon_core.package_identification:_identify(src) by extensions ['cmake', 'python']
[8.368s] Level 1:colcon.colcon_core.package_identification:_identify(src) by extension 'cmake'
[8.369s] Level 1:colcon.colcon_core.package_identification:_identify(src) by extension 'python'
[8.369s] Level 1:colcon.colcon_core.package_identification:_identify(src) by extensions ['python_setup_py']
[8.370s] Level 1:colcon.colcon_core.package_identification:_identify(src) by extension 'python_setup_py'
[8.370s] Level 1:colcon.colcon_core.package_identification:_identify(src/arrow_package) by extensions ['ignore', 'ignore_ament_install']
[8.371s] Level 1:colcon.colcon_core.package_identification:_identify(src/arrow_package) by extension 'ignore'
[8.372s] Level 1:colcon.colcon_core.package_identification:_identify(src/arrow_package) by extension 'ignore_ament_install'
[8.372s] Level 1:colcon.colcon_core.package_identification:_identify(src/arrow_package) by extensions ['colcon_pkg']
[8.373s] Level 1:colcon.colcon_core.package_identification:_identify(src/arrow_package) by extension 'colcon_pkg'
[8.373s] Level 1:colcon.colcon_core.package_identification:_identify(src/arrow_package) by extensions ['colcon_meta']
[8.373s] Level 1:colcon.colcon_core.package_identification:_identify(src/arrow_package) by extension 'colcon_meta'
[8.374s] Level 1:colcon.colcon_core.package_identification:_identify(src/arrow_package) by extensions ['ros']
[8.374s] Level 1:colcon.colcon_core.package_identification:_identify(src/arrow_package) by extension 'ros'
[8.390s] DEBUG:colcon.colcon_core.package_identification:Package 'src/arrow_package' with type 'ros.ament_cmake' and name 'arrow_package'
[8.392s] Level 1:colcon.colcon_core.package_identification:_identify(src/aruco_publisher) by extensions ['ignore', 'ignore_ament_install']
[8.393s] Level 1:colcon.colcon_core.package_identification:_identify(src/aruco_publisher) by extension 'ignore'
[8.394s] Level 1:colcon.colcon_core.package_identification:_identify(src/aruco_publisher) by extension 'ignore_ament_install'
[8.395s] Level 1:colcon.colcon_core.package_identification:_identify(src/aruco_publisher) by extensions ['colcon_pkg']
[8.395s] Level 1:colcon.colcon_core.package_identification:_identify(src/aruco_publisher) by extension 'colcon_pkg'
[8.396s] Level 1:colcon.colcon_core.package_identification:_identify(src/aruco_publisher) by extensions ['colcon_meta']
[8.397s] Level 1:colcon.colcon_core.package_identification:_identify(src/aruco_publisher) by extension 'colcon_meta'
[8.397s] Level 1:colcon.colcon_core.package_identification:_identify(src/aruco_publisher) by extensions ['ros']
[8.398s] Level 1:colcon.colcon_core.package_identification:_identify(src/aruco_publisher) by extension 'ros'
[8.403s] DEBUG:colcon.colcon_core.package_identification:Package 'src/aruco_publisher' with type 'ros.ament_python' and name 'aruco_publisher'
[8.404s] Level 1:colcon.colcon_core.package_identification:_identify(src/distance_node) by extensions ['ignore', 'ignore_ament_install']
[8.405s] Level 1:colcon.colcon_core.package_identification:_identify(src/distance_node) by extension 'ignore'
[8.406s] Level 1:colcon.colcon_core.package_identification:_identify(src/distance_node) by extension 'ignore_ament_install'
[8.407s] Level 1:colcon.colcon_core.package_identification:_identify(src/distance_node) by extensions ['colcon_pkg']
[8.407s] Level 1:colcon.colcon_core.package_identification:_identify(src/distance_node) by extension 'colcon_pkg'
[8.408s] Level 1:colcon.colcon_core.package_identification:_identify(src/distance_node) by extensions ['colcon_meta']
[8.409s] Level 1:colcon.colcon_core.package_identification:_identify(src/distance_node) by extension 'colcon_meta'
[8.409s] Level 1:colcon.colcon_core.package_identification:_identify(src/distance_node) by extensions ['ros']
[8.410s] Level 1:colcon.colcon_core.package_identification:_identify(src/distance_node) by extension 'ros'
[8.414s] DEBUG:colcon.colcon_core.package_identification:Package 'src/distance_node' with type 'ros.ament_python' and name 'distance_node'
[8.415s] Level 1:colcon.colcon_core.package_identification:_identify(src/kolonka) by extensions ['ignore', 'ignore_ament_install']
[8.416s] Level 1:colcon.colcon_core.package_identification:_identify(src/kolonka) by extension 'ignore'
[8.416s] Level 1:colcon.colcon_core.package_identification:_identify(src/kolonka) by extension 'ignore_ament_install'
[8.417s] Level 1:colcon.colcon_core.package_identification:_identify(src/kolonka) by extensions ['colcon_pkg']
[8.417s] Level 1:colcon.colcon_core.package_identification:_identify(src/kolonka) by extension 'colcon_pkg'
[8.418s] Level 1:colcon.colcon_core.package_identification:_identify(src/kolonka) by extensions ['colcon_meta']
[8.418s] Level 1:colcon.colcon_core.package_identification:_identify(src/kolonka) by extension 'colcon_meta'
[8.418s] Level 1:colcon.colcon_core.package_identification:_identify(src/kolonka) by extensions ['ros']
[8.419s] Level 1:colcon.colcon_core.package_identification:_identify(src/kolonka) by extension 'ros'
[8.423s] DEBUG:colcon.colcon_core.package_identification:Package 'src/kolonka' with type 'ros.ament_python' and name 'kolonka'
[8.424s] Level 1:colcon.colcon_core.package_identification:_identify(src/laser_follow) by extensions ['ignore', 'ignore_ament_install']
[8.424s] Level 1:colcon.colcon_core.package_identification:_identify(src/laser_follow) by extension 'ignore'
[8.425s] Level 1:colcon.colcon_core.package_identification:_identify(src/laser_follow) by extension 'ignore_ament_install'
[8.426s] Level 1:colcon.colcon_core.package_identification:_identify(src/laser_follow) by extensions ['colcon_pkg']
[8.426s] Level 1:colcon.colcon_core.package_identification:_identify(src/laser_follow) by extension 'colcon_pkg'
[8.427s] Level 1:colcon.colcon_core.package_identification:_identify(src/laser_follow) by extensions ['colcon_meta']
[8.427s] Level 1:colcon.colcon_core.package_identification:_identify(src/laser_follow) by extension 'colcon_meta'
[8.427s] Level 1:colcon.colcon_core.package_identification:_identify(src/laser_follow) by extensions ['ros']
[8.428s] Level 1:colcon.colcon_core.package_identification:_identify(src/laser_follow) by extension 'ros'
[8.431s] DEBUG:colcon.colcon_core.package_identification:Package 'src/laser_follow' with type 'ros.ament_python' and name 'laser_follow'
[8.432s] Level 1:colcon.colcon_core.package_identification:_identify(src/launch) by extensions ['ignore', 'ignore_ament_install']
[8.433s] Level 1:colcon.colcon_core.package_identification:_identify(src/launch) by extension 'ignore'
[8.433s] Level 1:colcon.colcon_core.package_identification:_identify(src/launch) by extension 'ignore_ament_install'
[8.434s] Level 1:colcon.colcon_core.package_identification:_identify(src/launch) by extensions ['colcon_pkg']
[8.434s] Level 1:colcon.colcon_core.package_identification:_identify(src/launch) by extension 'colcon_pkg'
[8.434s] Level 1:colcon.colcon_core.package_identification:_identify(src/launch) by extensions ['colcon_meta']
[8.435s] Level 1:colcon.colcon_core.package_identification:_identify(src/launch) by extension 'colcon_meta'
[8.435s] Level 1:colcon.colcon_core.package_identification:_identify(src/launch) by extensions ['ros']
[8.435s] Level 1:colcon.colcon_core.package_identification:_identify(src/launch) by extension 'ros'
[8.436s] Level 1:colcon.colcon_core.package_identification:_identify(src/launch) by extensions ['cmake', 'python']
[8.436s] Level 1:colcon.colcon_core.package_identification:_identify(src/launch) by extension 'cmake'
[8.436s] Level 1:colcon.colcon_core.package_identification:_identify(src/launch) by extension 'python'
[8.437s] Level 1:colcon.colcon_core.package_identification:_identify(src/launch) by extensions ['python_setup_py']
[8.437s] Level 1:colcon.colcon_core.package_identification:_identify(src/launch) by extension 'python_setup_py'
[8.438s] Level 1:colcon.colcon_core.package_identification:_identify(src/lidar_template) by extensions ['ignore', 'ignore_ament_install']
[8.439s] Level 1:colcon.colcon_core.package_identification:_identify(src/lidar_template) by extension 'ignore'
[8.439s] Level 1:colcon.colcon_core.package_identification:_identify(src/lidar_template) by extension 'ignore_ament_install'
[8.440s] Level 1:colcon.colcon_core.package_identification:_identify(src/lidar_template) by extensions ['colcon_pkg']
[8.440s] Level 1:colcon.colcon_core.package_identification:_identify(src/lidar_template) by extension 'colcon_pkg'
[8.440s] Level 1:colcon.colcon_core.package_identification:_identify(src/lidar_template) by extensions ['colcon_meta']
[8.441s] Level 1:colcon.colcon_core.package_identification:_identify(src/lidar_template) by extension 'colcon_meta'
[8.441s] Level 1:colcon.colcon_core.package_identification:_identify(src/lidar_template) by extensions ['ros']
[8.441s] Level 1:colcon.colcon_core.package_identification:_identify(src/lidar_template) by extension 'ros'
[8.445s] DEBUG:colcon.colcon_core.package_identification:Package 'src/lidar_template' with type 'ros.ament_python' and name 'lidar_template'
[8.446s] Level 1:colcon.colcon_core.package_identification:_identify(src/main_package_robot) by extensions ['ignore', 'ignore_ament_install']
[8.447s] Level 1:colcon.colcon_core.package_identification:_identify(src/main_package_robot) by extension 'ignore'
[8.447s] Level 1:colcon.colcon_core.package_identification:_identify(src/main_package_robot) by extension 'ignore_ament_install'
[8.448s] Level 1:colcon.colcon_core.package_identification:_identify(src/main_package_robot) by extensions ['colcon_pkg']
[8.448s] Level 1:colcon.colcon_core.package_identification:_identify(src/main_package_robot) by extension 'colcon_pkg'
[8.449s] Level 1:colcon.colcon_core.package_identification:_identify(src/main_package_robot) by extensions ['colcon_meta']
[8.449s] Level 1:colcon.colcon_core.package_identification:_identify(src/main_package_robot) by extension 'colcon_meta'
[8.450s] Level 1:colcon.colcon_core.package_identification:_identify(src/main_package_robot) by extensions ['ros']
[8.450s] Level 1:colcon.colcon_core.package_identification:_identify(src/main_package_robot) by extension 'ros'
[8.453s] DEBUG:colcon.colcon_core.package_identification:Package 'src/main_package_robot' with type 'ros.ament_python' and name 'main_package_robot'
[8.454s] Level 1:colcon.colcon_core.package_identification:_identify(src/motor_control_node) by extensions ['ignore', 'ignore_ament_install']
[8.455s] Level 1:colcon.colcon_core.package_identification:_identify(src/motor_control_node) by extension 'ignore'
[8.456s] Level 1:colcon.colcon_core.package_identification:_identify(src/motor_control_node) by extension 'ignore_ament_install'
[8.456s] Level 1:colcon.colcon_core.package_identification:_identify(src/motor_control_node) by extensions ['colcon_pkg']
[8.457s] Level 1:colcon.colcon_core.package_identification:_identify(src/motor_control_node) by extension 'colcon_pkg'
[8.457s] Level 1:colcon.colcon_core.package_identification:_identify(src/motor_control_node) by extensions ['colcon_meta']
[8.457s] Level 1:colcon.colcon_core.package_identification:_identify(src/motor_control_node) by extension 'colcon_meta'
[8.458s] Level 1:colcon.colcon_core.package_identification:_identify(src/motor_control_node) by extensions ['ros']
[8.458s] Level 1:colcon.colcon_core.package_identification:_identify(src/motor_control_node) by extension 'ros'
[8.461s] DEBUG:colcon.colcon_core.package_identification:Package 'src/motor_control_node' with type 'ros.ament_python' and name 'motor_control_node'
[8.462s] Level 1:colcon.colcon_core.package_identification:_identify(src/opencv_pub) by extensions ['ignore', 'ignore_ament_install']
[8.463s] Level 1:colcon.colcon_core.package_identification:_identify(src/opencv_pub) by extension 'ignore'
[8.463s] Level 1:colcon.colcon_core.package_identification:_identify(src/opencv_pub) by extension 'ignore_ament_install'
[8.463s] Level 1:colcon.colcon_core.package_identification:_identify(src/opencv_pub) by extensions ['colcon_pkg']
[8.463s] Level 1:colcon.colcon_core.package_identification:_identify(src/opencv_pub) by extension 'colcon_pkg'
[8.464s] Level 1:colcon.colcon_core.package_identification:_identify(src/opencv_pub) by extensions ['colcon_meta']
[8.464s] Level 1:colcon.colcon_core.package_identification:_identify(src/opencv_pub) by extension 'colcon_meta'
[8.464s] Level 1:colcon.colcon_core.package_identification:_identify(src/opencv_pub) by extensions ['ros']
[8.464s] Level 1:colcon.colcon_core.package_identification:_identify(src/opencv_pub) by extension 'ros'
[8.467s] DEBUG:colcon.colcon_core.package_identification:Package 'src/opencv_pub' with type 'ros.ament_python' and name 'opencv_pub'
[8.469s] Level 1:colcon.colcon_core.package_identification:_identify(src/py_barrel_detector) by extensions ['ignore', 'ignore_ament_install']
[8.469s] Level 1:colcon.colcon_core.package_identification:_identify(src/py_barrel_detector) by extension 'ignore'
[8.470s] Level 1:colcon.colcon_core.package_identification:_identify(src/py_barrel_detector) by extension 'ignore_ament_install'
[8.470s] Level 1:colcon.colcon_core.package_identification:_identify(src/py_barrel_detector) by extensions ['colcon_pkg']
[8.471s] Level 1:colcon.colcon_core.package_identification:_identify(src/py_barrel_detector) by extension 'colcon_pkg'
[8.471s] Level 1:colcon.colcon_core.package_identification:_identify(src/py_barrel_detector) by extensions ['colcon_meta']
[8.471s] Level 1:colcon.colcon_core.package_identification:_identify(src/py_barrel_detector) by extension 'colcon_meta'
[8.472s] Level 1:colcon.colcon_core.package_identification:_identify(src/py_barrel_detector) by extensions ['ros']
[8.472s] Level 1:colcon.colcon_core.package_identification:_identify(src/py_barrel_detector) by extension 'ros'
[8.475s] DEBUG:colcon.colcon_core.package_identification:Package 'src/py_barrel_detector' with type 'ros.ament_python' and name 'py_barrel_detector'
[8.476s] Level 1:colcon.colcon_core.package_identification:_identify(src/py_main_alg) by extensions ['ignore', 'ignore_ament_install']
[8.477s] Level 1:colcon.colcon_core.package_identification:_identify(src/py_main_alg) by extension 'ignore'
[8.477s] Level 1:colcon.colcon_core.package_identification:_identify(src/py_main_alg) by extension 'ignore_ament_install'
[8.478s] Level 1:colcon.colcon_core.package_identification:_identify(src/py_main_alg) by extensions ['colcon_pkg']
[8.478s] Level 1:colcon.colcon_core.package_identification:_identify(src/py_main_alg) by extension 'colcon_pkg'
[8.479s] Level 1:colcon.colcon_core.package_identification:_identify(src/py_main_alg) by extensions ['colcon_meta']
[8.479s] Level 1:colcon.colcon_core.package_identification:_identify(src/py_main_alg) by extension 'colcon_meta'
[8.480s] Level 1:colcon.colcon_core.package_identification:_identify(src/py_main_alg) by extensions ['ros']
[8.480s] Level 1:colcon.colcon_core.package_identification:_identify(src/py_main_alg) by extension 'ros'
[8.485s] DEBUG:colcon.colcon_core.package_identification:Package 'src/py_main_alg' with type 'ros.ament_python' and name 'py_main_alg'
[8.486s] Level 1:colcon.colcon_core.package_identification:_identify(src/rplidar_ros2) by extensions ['ignore', 'ignore_ament_install']
[8.486s] Level 1:colcon.colcon_core.package_identification:_identify(src/rplidar_ros2) by extension 'ignore'
[8.487s] Level 1:colcon.colcon_core.package_identification:_identify(src/rplidar_ros2) by extension 'ignore_ament_install'
[8.487s] Level 1:colcon.colcon_core.package_identification:_identify(src/rplidar_ros2) by extensions ['colcon_pkg']
[8.488s] Level 1:colcon.colcon_core.package_identification:_identify(src/rplidar_ros2) by extension 'colcon_pkg'
[8.488s] Level 1:colcon.colcon_core.package_identification:_identify(src/rplidar_ros2) by extensions ['colcon_meta']
[8.489s] Level 1:colcon.colcon_core.package_identification:_identify(src/rplidar_ros2) by extension 'colcon_meta'
[8.489s] Level 1:colcon.colcon_core.package_identification:_identify(src/rplidar_ros2) by extensions ['ros']
[8.490s] Level 1:colcon.colcon_core.package_identification:_identify(src/rplidar_ros2) by extension 'ros'
[8.493s] DEBUG:colcon.colcon_core.package_identification:Package 'src/rplidar_ros2' with type 'ros.ament_cmake' and name 'rplidar_ros'
[8.494s] Level 1:colcon.colcon_core.package_identification:_identify(src/test_pub) by extensions ['ignore', 'ignore_ament_install']
[8.494s] Level 1:colcon.colcon_core.package_identification:_identify(src/test_pub) by extension 'ignore'
[8.495s] Level 1:colcon.colcon_core.package_identification:_identify(src/test_pub) by extension 'ignore_ament_install'
[8.495s] Level 1:colcon.colcon_core.package_identification:_identify(src/test_pub) by extensions ['colcon_pkg']
[8.496s] Level 1:colcon.colcon_core.package_identification:_identify(src/test_pub) by extension 'colcon_pkg'
[8.496s] Level 1:colcon.colcon_core.package_identification:_identify(src/test_pub) by extensions ['colcon_meta']
[8.496s] Level 1:colcon.colcon_core.package_identification:_identify(src/test_pub) by extension 'colcon_meta'
[8.497s] Level 1:colcon.colcon_core.package_identification:_identify(src/test_pub) by extensions ['ros']
[8.497s] Level 1:colcon.colcon_core.package_identification:_identify(src/test_pub) by extension 'ros'
[8.500s] DEBUG:colcon.colcon_core.package_identification:Package 'src/test_pub' with type 'ros.ament_python' and name 'test_pub'
[8.501s] Level 1:colcon.colcon_core.package_discovery:discover_packages(recursive) using defaults
[8.501s] Level 1:colcon.colcon_core.package_discovery:discover_packages(ignore) discover
[8.501s] Level 1:colcon.colcon_core.package_discovery:discover_packages(ignore) using defaults
[8.502s] Level 1:colcon.colcon_core.package_discovery:discover_packages(path) discover
[8.502s] Level 1:colcon.colcon_core.package_discovery:discover_packages(path) using defaults
[8.942s] INFO:colcon.colcon_core.package_selection:Skipping not selected package 'arrow_package' in 'src/arrow_package'
[8.943s] INFO:colcon.colcon_core.package_selection:Skipping not selected package 'distance_node' in 'src/distance_node'
[8.944s] INFO:colcon.colcon_core.package_selection:Skipping not selected package 'kolonka' in 'src/kolonka'
[8.944s] INFO:colcon.colcon_core.package_selection:Skipping not selected package 'laser_follow' in 'src/laser_follow'
[8.945s] INFO:colcon.colcon_core.package_selection:Skipping not selected package 'lidar_template' in 'src/lidar_template'
[8.946s] INFO:colcon.colcon_core.package_selection:Skipping not selected package 'main_package_robot' in 'src/main_package_robot'
[8.946s] INFO:colcon.colcon_core.package_selection:Skipping not selected package 'motor_control_node' in 'src/motor_control_node'
[8.947s] INFO:colcon.colcon_core.package_selection:Skipping not selected package 'opencv_pub' in 'src/opencv_pub'
[8.948s] INFO:colcon.colcon_core.package_selection:Skipping not selected package 'py_barrel_detector' in 'src/py_barrel_detector'
[8.948s] INFO:colcon.colcon_core.package_selection:Skipping not selected package 'py_main_alg' in 'src/py_main_alg'
[8.949s] INFO:colcon.colcon_core.package_selection:Skipping not selected package 'rplidar_ros' in 'src/rplidar_ros2'
[8.950s] INFO:colcon.colcon_core.package_selection:Skipping not selected package 'test_pub' in 'src/test_pub'
[9.192s] Level 1:colcon.colcon_core.package_discovery:discover_packages(prefix_path) check parameters
[9.192s] Level 1:colcon.colcon_core.package_discovery:discover_packages(prefix_path) discover
[9.417s] DEBUG:colcon.colcon_installed_package_information.package_discovery:Found 13 installed packages in /home/timoha/KSAROmni/install
[9.562s] DEBUG:colcon.colcon_installed_package_information.package_discovery:Found 270 installed packages in /opt/ros/humble
[9.570s] Level 1:colcon.colcon_core.package_discovery:discover_packages(prefix_path) using defaults
[10.252s] Level 5:colcon.colcon_core.verb:set package 'aruco_publisher' build argument 'cmake_args' from command line to 'None'
[10.253s] Level 5:colcon.colcon_core.verb:set package 'aruco_publisher' build argument 'cmake_target' from command line to 'None'
[10.254s] Level 5:colcon.colcon_core.verb:set package 'aruco_publisher' build argument 'cmake_target_skip_unavailable' from command line to 'False'
[10.254s] Level 5:colcon.colcon_core.verb:set package 'aruco_publisher' build argument 'cmake_clean_cache' from command line to 'False'
[10.255s] Level 5:colcon.colcon_core.verb:set package 'aruco_publisher' build argument 'cmake_clean_first' from command line to 'False'
[10.256s] Level 5:colcon.colcon_core.verb:set package 'aruco_publisher' build argument 'cmake_force_configure' from command line to 'False'
[10.256s] Level 5:colcon.colcon_core.verb:set package 'aruco_publisher' build argument 'ament_cmake_args' from command line to 'None'
[10.257s] Level 5:colcon.colcon_core.verb:set package 'aruco_publisher' build argument 'catkin_cmake_args' from command line to 'None'
[10.257s] Level 5:colcon.colcon_core.verb:set package 'aruco_publisher' build argument 'catkin_skip_building_tests' from command line to 'False'
[10.258s] DEBUG:colcon.colcon_core.verb:Building package 'aruco_publisher' with the following arguments: {'ament_cmake_args': None, 'build_base': '/home/timoha/KSAROmni/build/aruco_publisher', 'catkin_cmake_args': None, 'catkin_skip_building_tests': False, 'cmake_args': None, 'cmake_clean_cache': False, 'cmake_clean_first': False, 'cmake_force_configure': False, 'cmake_target': None, 'cmake_target_skip_unavailable': False, 'install_base': '/home/timoha/KSAROmni/install/aruco_publisher', 'merge_install': False, 'path': '/home/timoha/KSAROmni/src/aruco_publisher', 'symlink_install': False, 'test_result_base': None}
[10.366s] INFO:colcon.colcon_core.executor:Executing jobs using 'parallel' executor
[10.509s] DEBUG:colcon.colcon_parallel_executor.executor.parallel:run_until_complete
[10.510s] INFO:colcon.colcon_ros.task.ament_python.build:Building ROS package in '/home/timoha/KSAROmni/src/aruco_publisher' with build type 'ament_python'
[10.511s] Level 1:colcon.colcon_core.shell:create_environment_hook('aruco_publisher', 'ament_prefix_path')
[10.659s] INFO:colcon.colcon_core.plugin_system:Skipping extension 'colcon_core.shell.bat': Not used on non-Windows systems
[10.660s] INFO:colcon.colcon_core.shell:Creating environment hook '/home/timoha/KSAROmni/install/aruco_publisher/share/aruco_publisher/hook/ament_prefix_path.ps1'
[10.664s] INFO:colcon.colcon_core.shell:Creating environment descriptor '/home/timoha/KSAROmni/install/aruco_publisher/share/aruco_publisher/hook/ament_prefix_path.dsv'
[10.667s] INFO:colcon.colcon_core.shell:Creating environment hook '/home/timoha/KSAROmni/install/aruco_publisher/share/aruco_publisher/hook/ament_prefix_path.sh'
[10.794s] INFO:colcon.colcon_core.shell:Skip shell extension 'powershell' for command environment: Not usable outside of PowerShell
[10.794s] DEBUG:colcon.colcon_core.shell:Skip shell extension 'dsv' for command environment
[13.156s] INFO:colcon.colcon_core.task.python.build:Building Python package in '/home/timoha/KSAROmni/src/aruco_publisher'
[13.258s] INFO:colcon.colcon_core.shell:Skip shell extension 'powershell' for command environment: Not usable outside of PowerShell
[13.258s] DEBUG:colcon.colcon_core.shell:Skip shell extension 'dsv' for command environment
[16.010s] DEBUG:colcon.colcon_core.event_handler.log_command:Invoking command in '/home/timoha/KSAROmni/src/aruco_publisher': PYTHONPATH=/home/timoha/KSAROmni/build/aruco_publisher/prefix_override:/home/timoha/KSAROmni/install/aruco_publisher/lib/python3.10/site-packages:${PYTHONPATH} /usr/bin/python3 setup.py egg_info --egg-base ../../build/aruco_publisher build --build-base /home/timoha/KSAROmni/build/aruco_publisher/build install --record /home/timoha/KSAROmni/build/aruco_publisher/install.log --single-version-externally-managed
[18.195s] DEBUG:colcon.colcon_core.event_handler.log_command:Invoked command in '/home/timoha/KSAROmni/src/aruco_publisher' returned '0': PYTHONPATH=/home/timoha/KSAROmni/build/aruco_publisher/prefix_override:/home/timoha/KSAROmni/install/aruco_publisher/lib/python3.10/site-packages:${PYTHONPATH} /usr/bin/python3 setup.py egg_info --egg-base ../../build/aruco_publisher build --build-base /home/timoha/KSAROmni/build/aruco_publisher/build install --record /home/timoha/KSAROmni/build/aruco_publisher/install.log --single-version-externally-managed
[18.301s] Level 1:colcon.colcon_core.environment:checking '/home/timoha/KSAROmni/install/aruco_publisher' for CMake module files
[18.304s] Level 1:colcon.colcon_core.environment:checking '/home/timoha/KSAROmni/install/aruco_publisher' for CMake config files
[18.308s] Level 1:colcon.colcon_core.environment:checking '/home/timoha/KSAROmni/install/aruco_publisher/lib'
[18.310s] Level 1:colcon.colcon_core.environment:checking '/home/timoha/KSAROmni/install/aruco_publisher/bin'
[18.311s] Level 1:colcon.colcon_core.environment:checking '/home/timoha/KSAROmni/install/aruco_publisher/lib/pkgconfig/aruco_publisher.pc'
[18.313s] Level 1:colcon.colcon_core.environment:checking '/home/timoha/KSAROmni/install/aruco_publisher/lib/python3.10/site-packages'
[18.314s] Level 1:colcon.colcon_core.shell:create_environment_hook('aruco_publisher', 'pythonpath')
[18.434s] INFO:colcon.colcon_core.shell:Creating environment hook '/home/timoha/KSAROmni/install/aruco_publisher/share/aruco_publisher/hook/pythonpath.ps1'
[18.437s] INFO:colcon.colcon_core.shell:Creating environment descriptor '/home/timoha/KSAROmni/install/aruco_publisher/share/aruco_publisher/hook/pythonpath.dsv'
[18.439s] INFO:colcon.colcon_core.shell:Creating environment hook '/home/timoha/KSAROmni/install/aruco_publisher/share/aruco_publisher/hook/pythonpath.sh'
[18.443s] Level 1:colcon.colcon_core.environment:checking '/home/timoha/KSAROmni/install/aruco_publisher/bin'
[18.444s] Level 1:colcon.colcon_core.environment:create_environment_scripts_only(aruco_publisher)
[18.581s] INFO:colcon.colcon_core.shell:Creating package script '/home/timoha/KSAROmni/install/aruco_publisher/share/aruco_publisher/package.ps1'
[18.586s] INFO:colcon.colcon_core.shell:Creating package descriptor '/home/timoha/KSAROmni/install/aruco_publisher/share/aruco_publisher/package.dsv'
[18.589s] INFO:colcon.colcon_core.shell:Creating package script '/home/timoha/KSAROmni/install/aruco_publisher/share/aruco_publisher/package.sh'
[18.594s] INFO:colcon.colcon_core.shell:Creating package script '/home/timoha/KSAROmni/install/aruco_publisher/share/aruco_publisher/package.bash'
[18.599s] INFO:colcon.colcon_core.shell:Creating package script '/home/timoha/KSAROmni/install/aruco_publisher/share/aruco_publisher/package.zsh'
[18.602s] Level 1:colcon.colcon_core.environment:create_file_with_runtime_dependencies(/home/timoha/KSAROmni/install/aruco_publisher/share/colcon-core/packages/aruco_publisher)
[18.605s] DEBUG:colcon.colcon_parallel_executor.executor.parallel:closing loop
[18.606s] DEBUG:colcon.colcon_parallel_executor.executor.parallel:loop closed
[18.607s] DEBUG:colcon.colcon_parallel_executor.executor.parallel:run_until_complete finished with '0'
[18.607s] DEBUG:colcon.colcon_core.event_reactor:joining thread
[18.803s] INFO:colcon.colcon_core.plugin_system:Skipping extension 'colcon_notification.desktop_notification.terminal_notifier': Not used on non-Darwin systems
[18.804s] INFO:colcon.colcon_core.plugin_system:Skipping extension 'colcon_notification.desktop_notification.win32': Not used on non-Windows systems
[18.805s] INFO:colcon.colcon_notification.desktop_notification:Sending desktop notification using 'notify2'
[18.812s] DEBUG:colcon.colcon_notification.desktop_notification.notify2:Failed to initialize notify2: org.freedesktop.DBus.Error.ServiceUnknown: The name org.freedesktop.Notifications was not provided by any .service files
[18.813s] DEBUG:colcon.colcon_core.event_reactor:joined thread
[18.944s] INFO:colcon.colcon_core.shell:Creating prefix script '/home/timoha/KSAROmni/install/local_setup.ps1'
[18.947s] INFO:colcon.colcon_core.shell:Creating prefix util module '/home/timoha/KSAROmni/install/_local_setup_util_ps1.py'
[18.953s] INFO:colcon.colcon_core.shell:Creating prefix chain script '/home/timoha/KSAROmni/install/setup.ps1'
[19.125s] INFO:colcon.colcon_core.shell:Creating prefix script '/home/timoha/KSAROmni/install/local_setup.sh'
[19.129s] INFO:colcon.colcon_core.shell:Creating prefix util module '/home/timoha/KSAROmni/install/_local_setup_util_sh.py'
[19.132s] INFO:colcon.colcon_core.shell:Creating prefix chain script '/home/timoha/KSAROmni/install/setup.sh'
[19.228s] INFO:colcon.colcon_core.shell:Creating prefix script '/home/timoha/KSAROmni/install/local_setup.bash'
[19.233s] INFO:colcon.colcon_core.shell:Creating prefix chain script '/home/timoha/KSAROmni/install/setup.bash'
[19.346s] INFO:colcon.colcon_core.shell:Creating prefix script '/home/timoha/KSAROmni/install/local_setup.zsh'
[19.350s] INFO:colcon.colcon_core.shell:Creating prefix chain script '/home/timoha/KSAROmni/install/setup.zsh'
