[4.230s] Invoking command in '/home/timoha/KSAROmni/src/py_main_alg': PYTHONPATH=/home/timoha/KSAROmni/build/py_main_alg/prefix_override:/home/timoha/KSAROmni/install/py_main_alg/lib/python3.10/site-packages:${PYTHONPATH} /usr/bin/python3 setup.py egg_info --egg-base ../../build/py_main_alg build --build-base /home/timoha/KSAROmni/build/py_main_alg/build install --record /home/timoha/KSAROmni/build/py_main_alg/install.log --single-version-externally-managed
[5.664s] running egg_info
[5.667s] writing ../../build/py_main_alg/py_main_alg.egg-info/PKG-INFO
[5.668s] writing dependency_links to ../../build/py_main_alg/py_main_alg.egg-info/dependency_links.txt
[5.669s] writing entry points to ../../build/py_main_alg/py_main_alg.egg-info/entry_points.txt
[5.671s] writing requirements to ../../build/py_main_alg/py_main_alg.egg-info/requires.txt
[5.671s] writing top-level names to ../../build/py_main_alg/py_main_alg.egg-info/top_level.txt
[5.679s] reading manifest file '../../build/py_main_alg/py_main_alg.egg-info/SOURCES.txt'
[5.683s] writing manifest file '../../build/py_main_alg/py_main_alg.egg-info/SOURCES.txt'
[5.684s] running build
[5.684s] running build_py
[5.685s] copying py_main_alg/main_alg.py -> /home/timoha/KSAROmni/build/py_main_alg/build/lib/py_main_alg
[5.687s] running install
[5.687s] /usr/lib/python3/dist-packages/setuptools/command/install.py:34: SetuptoolsDeprecationWarning: setup.py install is deprecated. Use build and pip and other standards-based tools.
[5.688s]   warnings.warn(
[5.689s] running install_lib
[5.692s] copying /home/timoha/KSAROmni/build/py_main_alg/build/lib/py_main_alg/main_alg.py -> /home/timoha/KSAROmni/install/py_main_alg/lib/python3.10/site-packages/py_main_alg
[5.696s] byte-compiling /home/timoha/KSAROmni/install/py_main_alg/lib/python3.10/site-packages/py_main_alg/main_alg.py to main_alg.cpython-310.pyc
[5.708s] running install_data
[5.710s] running install_egg_info
[5.719s] removing '/home/timoha/KSAROmni/install/py_main_alg/lib/python3.10/site-packages/py_main_alg-0.0.0-py3.10.egg-info' (and everything under it)
[5.721s] Copying ../../build/py_main_alg/py_main_alg.egg-info to /home/timoha/KSAROmni/install/py_main_alg/lib/python3.10/site-packages/py_main_alg-0.0.0-py3.10.egg-info
[5.728s] running install_scripts
[5.818s] Installing main_alg script to /home/timoha/KSAROmni/install/py_main_alg/lib/py_main_alg
[5.820s] writing list of installed files to '/home/timoha/KSAROmni/build/py_main_alg/install.log'
[5.979s] Invoked command in '/home/timoha/KSAROmni/src/py_main_alg' returned '0': PYTHONPATH=/home/timoha/KSAROmni/build/py_main_alg/prefix_override:/home/timoha/KSAROmni/install/py_main_alg/lib/python3.10/site-packages:${PYTHONPATH} /usr/bin/python3 setup.py egg_info --egg-base ../../build/py_main_alg build --build-base /home/timoha/KSAROmni/build/py_main_alg/build install --record /home/timoha/KSAROmni/build/py_main_alg/install.log --single-version-externally-managed
