[5.839s] Invoking command in '/home/timoha/KSAROmni/build/main_package_robot': PYTHONPATH=/home/timoha/KSAROmni/build/main_package_robot/prefix_override:/usr/lib/python3/dist-packages/colcon_core/task/python/colcon_distutils_commands:/home/timoha/KSAROmni/install/main_package_robot/lib/python3.10/site-packages:${PYTHONPATH} /usr/bin/python3 -W ignore:setup.py install is deprecated setup.py develop --uninstall --editable --build-directory /home/timoha/KSAROmni/build/main_package_robot/build
[7.843s] running develop
[7.845s] /usr/lib/python3/dist-packages/setuptools/command/easy_install.py:158: EasyInstallDeprecationWarning: easy_install command is deprecated. Use build and pip and other standards-based tools.
[7.846s]   warnings.warn(
[9.270s] Removing /home/timoha/KSAROmni/install/main_package_robot/lib/python3.10/site-packages/main-package-robot.egg-link (link to .)
[9.491s] Invoked command in '/home/timoha/KSAROmni/build/main_package_robot' returned '0': PYTHONPATH=/home/timoha/KSAROmni/build/main_package_robot/prefix_override:/usr/lib/python3/dist-packages/colcon_core/task/python/colcon_distutils_commands:/home/timoha/KSAROmni/install/main_package_robot/lib/python3.10/site-packages:${PYTHONPATH} /usr/bin/python3 -W ignore:setup.py install is deprecated setup.py develop --uninstall --editable --build-directory /home/timoha/KSAROmni/build/main_package_robot/build
[9.493s] Invoking command in '/home/timoha/KSAROmni/src/main_package_robot': PYTHONPATH=/home/timoha/KSAROmni/build/main_package_robot/prefix_override:/usr/lib/python3/dist-packages/colcon_core/task/python/colcon_distutils_commands:/home/timoha/KSAROmni/install/main_package_robot/lib/python3.10/site-packages:${PYTHONPATH} /usr/bin/python3 -W ignore:setup.py install is deprecated setup.py egg_info --egg-base ../../build/main_package_robot build --build-base /home/timoha/KSAROmni/build/main_package_robot/build install --record /home/timoha/KSAROmni/build/main_package_robot/install.log --single-version-externally-managed install_data --force
[11.507s] running egg_info
[11.510s] writing ../../build/main_package_robot/main_package_robot.egg-info/PKG-INFO
[11.511s] writing dependency_links to ../../build/main_package_robot/main_package_robot.egg-info/dependency_links.txt
[11.512s] writing entry points to ../../build/main_package_robot/main_package_robot.egg-info/entry_points.txt
[11.513s] writing requirements to ../../build/main_package_robot/main_package_robot.egg-info/requires.txt
[11.514s] writing top-level names to ../../build/main_package_robot/main_package_robot.egg-info/top_level.txt
[11.522s] reading manifest file '../../build/main_package_robot/main_package_robot.egg-info/SOURCES.txt'
[11.526s] writing manifest file '../../build/main_package_robot/main_package_robot.egg-info/SOURCES.txt'
[11.527s] running build
[11.528s] running build_py
[11.530s] running install
[11.532s] running install_lib
[11.535s] creating /home/timoha/KSAROmni/install/main_package_robot/lib/python3.10/site-packages/main_package_robot
[11.536s] copying /home/timoha/KSAROmni/build/main_package_robot/build/lib/main_package_robot/__init__.py -> /home/timoha/KSAROmni/install/main_package_robot/lib/python3.10/site-packages/main_package_robot
[11.536s] copying /home/timoha/KSAROmni/build/main_package_robot/build/lib/main_package_robot/main_node.py -> /home/timoha/KSAROmni/install/main_package_robot/lib/python3.10/site-packages/main_package_robot
[11.540s] byte-compiling /home/timoha/KSAROmni/install/main_package_robot/lib/python3.10/site-packages/main_package_robot/__init__.py to __init__.cpython-310.pyc
[11.542s] byte-compiling /home/timoha/KSAROmni/install/main_package_robot/lib/python3.10/site-packages/main_package_robot/main_node.py to main_node.cpython-310.pyc
[11.546s] Sorry: IndentationError: unexpected indent (main_node.py, line 81)
[11.547s] running install_data
[11.548s] copying resource/main_package_robot -> /home/timoha/KSAROmni/install/main_package_robot/share/ament_index/resource_index/packages
[11.551s] copying package.xml -> /home/timoha/KSAROmni/install/main_package_robot/share/main_package_robot
[11.551s] running install_egg_info
[11.559s] Copying ../../build/main_package_robot/main_package_robot.egg-info to /home/timoha/KSAROmni/install/main_package_robot/lib/python3.10/site-packages/main_package_robot-0.0.0-py3.10.egg-info
[11.565s] running install_scripts
[11.652s] Installing main_node script to /home/timoha/KSAROmni/install/main_package_robot/lib/main_package_robot
[11.654s] writing list of installed files to '/home/timoha/KSAROmni/build/main_package_robot/install.log'
[12.120s] Invoked command in '/home/timoha/KSAROmni/src/main_package_robot' returned '0': PYTHONPATH=/home/timoha/KSAROmni/build/main_package_robot/prefix_override:/usr/lib/python3/dist-packages/colcon_core/task/python/colcon_distutils_commands:/home/timoha/KSAROmni/install/main_package_robot/lib/python3.10/site-packages:${PYTHONPATH} /usr/bin/python3 -W ignore:setup.py install is deprecated setup.py egg_info --egg-base ../../build/main_package_robot build --build-base /home/timoha/KSAROmni/build/main_package_robot/build install --record /home/timoha/KSAROmni/build/main_package_robot/install.log --single-version-externally-managed install_data --force
