[8.002s] DEBUG:colcon:Command line arguments: ['/usr/bin/colcon', 'build', '--packages-select', 'aruco_publisher']
[8.003s] DEBUG:colcon:Parsed command line arguments: Namespace(log_base=None, log_level=None, verb_name='build', build_base='build', install_base='install', merge_install=False, symlink_install=False, test_result_base=None, continue_on_error=False, executor='parallel', parallel_workers=4, event_handlers=None, ignore_user_meta=False, metas=['./colcon.meta'], base_paths=['.'], packages_ignore=None, packages_ignore_regex=None, paths=None, packages_up_to=None, packages_up_to_regex=None, packages_above=None, packages_above_and_dependencies=None, packages_above_depth=None, packages_select_by_dep=None, packages_skip_by_dep=None, packages_skip_up_to=None, packages_select_build_failed=False, packages_skip_build_finished=False, packages_select_test_failures=False, packages_skip_test_passed=False, packages_select=['aruco_publisher'], packages_skip=None, packages_select_regex=None, packages_skip_regex=None, packages_start=None, packages_end=None, allow_overriding=[], cmake_args=None, cmake_target=None, cmake_target_skip_unavailable=False, cmake_clean_cache=False, cmake_clean_first=False, cmake_force_configure=False, ament_cmake_args=None, catkin_cmake_args=None, catkin_skip_building_tests=False, verb_parser=<colcon_defaults.argument_parser.defaults.DefaultArgumentsDecorator object at 0xffff9148c490>, verb_extension=<colcon_core.verb.build.BuildVerb object at 0xffff9148f3a0>, main=<bound method BuildVerb.main of <colcon_core.verb.build.BuildVerb object at 0xffff9148f3a0>>)
[8.347s] Level 1:colcon.colcon_core.package_discovery:discover_packages(colcon_meta) check parameters
[8.348s] Level 1:colcon.colcon_core.package_discovery:discover_packages(recursive) check parameters
[8.348s] Level 1:colcon.colcon_core.package_discovery:discover_packages(ignore) check parameters
[8.349s] Level 1:colcon.colcon_core.package_discovery:discover_packages(path) check parameters
[8.350s] Level 1:colcon.colcon_core.package_discovery:discover_packages(colcon_meta) discover
[8.351s] Level 1:colcon.colcon_core.package_discovery:discover_packages(recursive) discover
[8.352s] INFO:colcon.colcon_core.package_discovery:Crawling recursively for packages in '/home/timoha/KSAROmni'
[8.353s] Level 1:colcon.colcon_core.package_identification:_identify(.) by extensions ['ignore', 'ignore_ament_install']
[8.354s] Level 1:colcon.colcon_core.package_identification:_identify(.) by extension 'ignore'
[8.355s] Level 1:colcon.colcon_core.package_identification:_identify(.) by extension 'ignore_ament_install'
[8.356s] Level 1:colcon.colcon_core.package_identification:_identify(.) by extensions ['colcon_pkg']
[8.357s] Level 1:colcon.colcon_core.package_identification:_identify(.) by extension 'colcon_pkg'
[8.357s] Level 1:colcon.colcon_core.package_identification:_identify(.) by extensions ['colcon_meta']
[8.358s] Level 1:colcon.colcon_core.package_identification:_identify(.) by extension 'colcon_meta'
[8.359s] Level 1:colcon.colcon_core.package_identification:_identify(.) by extensions ['ros']
[8.360s] Level 1:colcon.colcon_core.package_identification:_identify(.) by extension 'ros'
[8.421s] Level 1:colcon.colcon_core.package_identification:_identify(.) by extensions ['cmake', 'python']
[8.422s] Level 1:colcon.colcon_core.package_identification:_identify(.) by extension 'cmake'
[8.423s] Level 1:colcon.colcon_core.package_identification:_identify(.) by extension 'python'
[8.424s] Level 1:colcon.colcon_core.package_identification:_identify(.) by extensions ['python_setup_py']
[8.425s] Level 1:colcon.colcon_core.package_identification:_identify(.) by extension 'python_setup_py'
[8.426s] Level 1:colcon.colcon_core.package_identification:_identify(build) by extensions ['ignore', 'ignore_ament_install']
[8.428s] Level 1:colcon.colcon_core.package_identification:_identify(build) by extension 'ignore'
[8.429s] Level 1:colcon.colcon_core.package_identification:_identify(build) ignored
[8.430s] Level 1:colcon.colcon_core.package_identification:_identify(install) by extensions ['ignore', 'ignore_ament_install']
[8.431s] Level 1:colcon.colcon_core.package_identification:_identify(install) by extension 'ignore'
[8.432s] Level 1:colcon.colcon_core.package_identification:_identify(install) ignored
[8.434s] Level 1:colcon.colcon_core.package_identification:_identify(log) by extensions ['ignore', 'ignore_ament_install']
[8.435s] Level 1:colcon.colcon_core.package_identification:_identify(log) by extension 'ignore'
[8.435s] Level 1:colcon.colcon_core.package_identification:_identify(log) ignored
[8.437s] Level 1:colcon.colcon_core.package_identification:_identify(src) by extensions ['ignore', 'ignore_ament_install']
[8.438s] Level 1:colcon.colcon_core.package_identification:_identify(src) by extension 'ignore'
[8.439s] Level 1:colcon.colcon_core.package_identification:_identify(src) by extension 'ignore_ament_install'
[8.439s] Level 1:colcon.colcon_core.package_identification:_identify(src) by extensions ['colcon_pkg']
[8.440s] Level 1:colcon.colcon_core.package_identification:_identify(src) by extension 'colcon_pkg'
[8.441s] Level 1:colcon.colcon_core.package_identification:_identify(src) by extensions ['colcon_meta']
[8.442s] Level 1:colcon.colcon_core.package_identification:_identify(src) by extension 'colcon_meta'
[8.442s] Level 1:colcon.colcon_core.package_identification:_identify(src) by extensions ['ros']
[8.443s] Level 1:colcon.colcon_core.package_identification:_identify(src) by extension 'ros'
[8.444s] Level 1:colcon.colcon_core.package_identification:_identify(src) by extensions ['cmake', 'python']
[8.445s] Level 1:colcon.colcon_core.package_identification:_identify(src) by extension 'cmake'
[8.446s] Level 1:colcon.colcon_core.package_identification:_identify(src) by extension 'python'
[8.447s] Level 1:colcon.colcon_core.package_identification:_identify(src) by extensions ['python_setup_py']
[8.447s] Level 1:colcon.colcon_core.package_identification:_identify(src) by extension 'python_setup_py'
[8.449s] Level 1:colcon.colcon_core.package_identification:_identify(src/arrow_package) by extensions ['ignore', 'ignore_ament_install']
[8.450s] Level 1:colcon.colcon_core.package_identification:_identify(src/arrow_package) by extension 'ignore'
[8.451s] Level 1:colcon.colcon_core.package_identification:_identify(src/arrow_package) by extension 'ignore_ament_install'
[8.452s] Level 1:colcon.colcon_core.package_identification:_identify(src/arrow_package) by extensions ['colcon_pkg']
[8.453s] Level 1:colcon.colcon_core.package_identification:_identify(src/arrow_package) by extension 'colcon_pkg'
[8.453s] Level 1:colcon.colcon_core.package_identification:_identify(src/arrow_package) by extensions ['colcon_meta']
[8.454s] Level 1:colcon.colcon_core.package_identification:_identify(src/arrow_package) by extension 'colcon_meta'
[8.455s] Level 1:colcon.colcon_core.package_identification:_identify(src/arrow_package) by extensions ['ros']
[8.455s] Level 1:colcon.colcon_core.package_identification:_identify(src/arrow_package) by extension 'ros'
[8.469s] DEBUG:colcon.colcon_core.package_identification:Package 'src/arrow_package' with type 'ros.ament_cmake' and name 'arrow_package'
[8.470s] Level 1:colcon.colcon_core.package_identification:_identify(src/aruco_publisher) by extensions ['ignore', 'ignore_ament_install']
[8.471s] Level 1:colcon.colcon_core.package_identification:_identify(src/aruco_publisher) by extension 'ignore'
[8.472s] Level 1:colcon.colcon_core.package_identification:_identify(src/aruco_publisher) by extension 'ignore_ament_install'
[8.473s] Level 1:colcon.colcon_core.package_identification:_identify(src/aruco_publisher) by extensions ['colcon_pkg']
[8.474s] Level 1:colcon.colcon_core.package_identification:_identify(src/aruco_publisher) by extension 'colcon_pkg'
[8.474s] Level 1:colcon.colcon_core.package_identification:_identify(src/aruco_publisher) by extensions ['colcon_meta']
[8.475s] Level 1:colcon.colcon_core.package_identification:_identify(src/aruco_publisher) by extension 'colcon_meta'
[8.476s] Level 1:colcon.colcon_core.package_identification:_identify(src/aruco_publisher) by extensions ['ros']
[8.477s] Level 1:colcon.colcon_core.package_identification:_identify(src/aruco_publisher) by extension 'ros'
[8.481s] DEBUG:colcon.colcon_core.package_identification:Package 'src/aruco_publisher' with type 'ros.ament_python' and name 'aruco_publisher'
[8.483s] Level 1:colcon.colcon_core.package_identification:_identify(src/distance_node) by extensions ['ignore', 'ignore_ament_install']
[8.485s] Level 1:colcon.colcon_core.package_identification:_identify(src/distance_node) by extension 'ignore'
[8.486s] Level 1:colcon.colcon_core.package_identification:_identify(src/distance_node) by extension 'ignore_ament_install'
[8.487s] Level 1:colcon.colcon_core.package_identification:_identify(src/distance_node) by extensions ['colcon_pkg']
[8.488s] Level 1:colcon.colcon_core.package_identification:_identify(src/distance_node) by extension 'colcon_pkg'
[8.489s] Level 1:colcon.colcon_core.package_identification:_identify(src/distance_node) by extensions ['colcon_meta']
[8.490s] Level 1:colcon.colcon_core.package_identification:_identify(src/distance_node) by extension 'colcon_meta'
[8.492s] Level 1:colcon.colcon_core.package_identification:_identify(src/distance_node) by extensions ['ros']
[8.493s] Level 1:colcon.colcon_core.package_identification:_identify(src/distance_node) by extension 'ros'
[8.498s] DEBUG:colcon.colcon_core.package_identification:Package 'src/distance_node' with type 'ros.ament_python' and name 'distance_node'
[8.499s] Level 1:colcon.colcon_core.package_identification:_identify(src/kolonka) by extensions ['ignore', 'ignore_ament_install']
[8.500s] Level 1:colcon.colcon_core.package_identification:_identify(src/kolonka) by extension 'ignore'
[8.502s] Level 1:colcon.colcon_core.package_identification:_identify(src/kolonka) by extension 'ignore_ament_install'
[8.503s] Level 1:colcon.colcon_core.package_identification:_identify(src/kolonka) by extensions ['colcon_pkg']
[8.505s] Level 1:colcon.colcon_core.package_identification:_identify(src/kolonka) by extension 'colcon_pkg'
[8.506s] Level 1:colcon.colcon_core.package_identification:_identify(src/kolonka) by extensions ['colcon_meta']
[8.507s] Level 1:colcon.colcon_core.package_identification:_identify(src/kolonka) by extension 'colcon_meta'
[8.508s] Level 1:colcon.colcon_core.package_identification:_identify(src/kolonka) by extensions ['ros']
[8.509s] Level 1:colcon.colcon_core.package_identification:_identify(src/kolonka) by extension 'ros'
[8.516s] DEBUG:colcon.colcon_core.package_identification:Package 'src/kolonka' with type 'ros.ament_python' and name 'kolonka'
[8.516s] Level 1:colcon.colcon_core.package_identification:_identify(src/laser_follow) by extensions ['ignore', 'ignore_ament_install']
[8.517s] Level 1:colcon.colcon_core.package_identification:_identify(src/laser_follow) by extension 'ignore'
[8.518s] Level 1:colcon.colcon_core.package_identification:_identify(src/laser_follow) by extension 'ignore_ament_install'
[8.518s] Level 1:colcon.colcon_core.package_identification:_identify(src/laser_follow) by extensions ['colcon_pkg']
[8.518s] Level 1:colcon.colcon_core.package_identification:_identify(src/laser_follow) by extension 'colcon_pkg'
[8.519s] Level 1:colcon.colcon_core.package_identification:_identify(src/laser_follow) by extensions ['colcon_meta']
[8.519s] Level 1:colcon.colcon_core.package_identification:_identify(src/laser_follow) by extension 'colcon_meta'
[8.519s] Level 1:colcon.colcon_core.package_identification:_identify(src/laser_follow) by extensions ['ros']
[8.520s] Level 1:colcon.colcon_core.package_identification:_identify(src/laser_follow) by extension 'ros'
[8.523s] DEBUG:colcon.colcon_core.package_identification:Package 'src/laser_follow' with type 'ros.ament_python' and name 'laser_follow'
[8.524s] Level 1:colcon.colcon_core.package_identification:_identify(src/launch) by extensions ['ignore', 'ignore_ament_install']
[8.525s] Level 1:colcon.colcon_core.package_identification:_identify(src/launch) by extension 'ignore'
[8.525s] Level 1:colcon.colcon_core.package_identification:_identify(src/launch) by extension 'ignore_ament_install'
[8.526s] Level 1:colcon.colcon_core.package_identification:_identify(src/launch) by extensions ['colcon_pkg']
[8.527s] Level 1:colcon.colcon_core.package_identification:_identify(src/launch) by extension 'colcon_pkg'
[8.527s] Level 1:colcon.colcon_core.package_identification:_identify(src/launch) by extensions ['colcon_meta']
[8.527s] Level 1:colcon.colcon_core.package_identification:_identify(src/launch) by extension 'colcon_meta'
[8.528s] Level 1:colcon.colcon_core.package_identification:_identify(src/launch) by extensions ['ros']
[8.528s] Level 1:colcon.colcon_core.package_identification:_identify(src/launch) by extension 'ros'
[8.529s] Level 1:colcon.colcon_core.package_identification:_identify(src/launch) by extensions ['cmake', 'python']
[8.529s] Level 1:colcon.colcon_core.package_identification:_identify(src/launch) by extension 'cmake'
[8.530s] Level 1:colcon.colcon_core.package_identification:_identify(src/launch) by extension 'python'
[8.530s] Level 1:colcon.colcon_core.package_identification:_identify(src/launch) by extensions ['python_setup_py']
[8.531s] Level 1:colcon.colcon_core.package_identification:_identify(src/launch) by extension 'python_setup_py'
[8.532s] Level 1:colcon.colcon_core.package_identification:_identify(src/lidar_template) by extensions ['ignore', 'ignore_ament_install']
[8.533s] Level 1:colcon.colcon_core.package_identification:_identify(src/lidar_template) by extension 'ignore'
[8.533s] Level 1:colcon.colcon_core.package_identification:_identify(src/lidar_template) by extension 'ignore_ament_install'
[8.534s] Level 1:colcon.colcon_core.package_identification:_identify(src/lidar_template) by extensions ['colcon_pkg']
[8.534s] Level 1:colcon.colcon_core.package_identification:_identify(src/lidar_template) by extension 'colcon_pkg'
[8.535s] Level 1:colcon.colcon_core.package_identification:_identify(src/lidar_template) by extensions ['colcon_meta']
[8.535s] Level 1:colcon.colcon_core.package_identification:_identify(src/lidar_template) by extension 'colcon_meta'
[8.535s] Level 1:colcon.colcon_core.package_identification:_identify(src/lidar_template) by extensions ['ros']
[8.536s] Level 1:colcon.colcon_core.package_identification:_identify(src/lidar_template) by extension 'ros'
[8.539s] DEBUG:colcon.colcon_core.package_identification:Package 'src/lidar_template' with type 'ros.ament_python' and name 'lidar_template'
[8.540s] Level 1:colcon.colcon_core.package_identification:_identify(src/main_package_robot) by extensions ['ignore', 'ignore_ament_install']
[8.541s] Level 1:colcon.colcon_core.package_identification:_identify(src/main_package_robot) by extension 'ignore'
[8.541s] Level 1:colcon.colcon_core.package_identification:_identify(src/main_package_robot) by extension 'ignore_ament_install'
[8.542s] Level 1:colcon.colcon_core.package_identification:_identify(src/main_package_robot) by extensions ['colcon_pkg']
[8.542s] Level 1:colcon.colcon_core.package_identification:_identify(src/main_package_robot) by extension 'colcon_pkg'
[8.542s] Level 1:colcon.colcon_core.package_identification:_identify(src/main_package_robot) by extensions ['colcon_meta']
[8.543s] Level 1:colcon.colcon_core.package_identification:_identify(src/main_package_robot) by extension 'colcon_meta'
[8.543s] Level 1:colcon.colcon_core.package_identification:_identify(src/main_package_robot) by extensions ['ros']
[8.543s] Level 1:colcon.colcon_core.package_identification:_identify(src/main_package_robot) by extension 'ros'
[8.546s] DEBUG:colcon.colcon_core.package_identification:Package 'src/main_package_robot' with type 'ros.ament_python' and name 'main_package_robot'
[8.547s] Level 1:colcon.colcon_core.package_identification:_identify(src/motor_control_node) by extensions ['ignore', 'ignore_ament_install']
[8.548s] Level 1:colcon.colcon_core.package_identification:_identify(src/motor_control_node) by extension 'ignore'
[8.548s] Level 1:colcon.colcon_core.package_identification:_identify(src/motor_control_node) by extension 'ignore_ament_install'
[8.549s] Level 1:colcon.colcon_core.package_identification:_identify(src/motor_control_node) by extensions ['colcon_pkg']
[8.549s] Level 1:colcon.colcon_core.package_identification:_identify(src/motor_control_node) by extension 'colcon_pkg'
[8.550s] Level 1:colcon.colcon_core.package_identification:_identify(src/motor_control_node) by extensions ['colcon_meta']
[8.550s] Level 1:colcon.colcon_core.package_identification:_identify(src/motor_control_node) by extension 'colcon_meta'
[8.551s] Level 1:colcon.colcon_core.package_identification:_identify(src/motor_control_node) by extensions ['ros']
[8.551s] Level 1:colcon.colcon_core.package_identification:_identify(src/motor_control_node) by extension 'ros'
[8.554s] DEBUG:colcon.colcon_core.package_identification:Package 'src/motor_control_node' with type 'ros.ament_python' and name 'motor_control_node'
[8.555s] Level 1:colcon.colcon_core.package_identification:_identify(src/opencv_pub) by extensions ['ignore', 'ignore_ament_install']
[8.556s] Level 1:colcon.colcon_core.package_identification:_identify(src/opencv_pub) by extension 'ignore'
[8.556s] Level 1:colcon.colcon_core.package_identification:_identify(src/opencv_pub) by extension 'ignore_ament_install'
[8.557s] Level 1:colcon.colcon_core.package_identification:_identify(src/opencv_pub) by extensions ['colcon_pkg']
[8.558s] Level 1:colcon.colcon_core.package_identification:_identify(src/opencv_pub) by extension 'colcon_pkg'
[8.558s] Level 1:colcon.colcon_core.package_identification:_identify(src/opencv_pub) by extensions ['colcon_meta']
[8.558s] Level 1:colcon.colcon_core.package_identification:_identify(src/opencv_pub) by extension 'colcon_meta'
[8.559s] Level 1:colcon.colcon_core.package_identification:_identify(src/opencv_pub) by extensions ['ros']
[8.559s] Level 1:colcon.colcon_core.package_identification:_identify(src/opencv_pub) by extension 'ros'
[8.563s] DEBUG:colcon.colcon_core.package_identification:Package 'src/opencv_pub' with type 'ros.ament_python' and name 'opencv_pub'
[8.564s] Level 1:colcon.colcon_core.package_identification:_identify(src/py_barrel_detector) by extensions ['ignore', 'ignore_ament_install']
[8.564s] Level 1:colcon.colcon_core.package_identification:_identify(src/py_barrel_detector) by extension 'ignore'
[8.565s] Level 1:colcon.colcon_core.package_identification:_identify(src/py_barrel_detector) by extension 'ignore_ament_install'
[8.565s] Level 1:colcon.colcon_core.package_identification:_identify(src/py_barrel_detector) by extensions ['colcon_pkg']
[8.565s] Level 1:colcon.colcon_core.package_identification:_identify(src/py_barrel_detector) by extension 'colcon_pkg'
[8.566s] Level 1:colcon.colcon_core.package_identification:_identify(src/py_barrel_detector) by extensions ['colcon_meta']
[8.566s] Level 1:colcon.colcon_core.package_identification:_identify(src/py_barrel_detector) by extension 'colcon_meta'
[8.566s] Level 1:colcon.colcon_core.package_identification:_identify(src/py_barrel_detector) by extensions ['ros']
[8.567s] Level 1:colcon.colcon_core.package_identification:_identify(src/py_barrel_detector) by extension 'ros'
[8.569s] DEBUG:colcon.colcon_core.package_identification:Package 'src/py_barrel_detector' with type 'ros.ament_python' and name 'py_barrel_detector'
[8.570s] Level 1:colcon.colcon_core.package_identification:_identify(src/py_main_alg) by extensions ['ignore', 'ignore_ament_install']
[8.571s] Level 1:colcon.colcon_core.package_identification:_identify(src/py_main_alg) by extension 'ignore'
[8.571s] Level 1:colcon.colcon_core.package_identification:_identify(src/py_main_alg) by extension 'ignore_ament_install'
[8.572s] Level 1:colcon.colcon_core.package_identification:_identify(src/py_main_alg) by extensions ['colcon_pkg']
[8.572s] Level 1:colcon.colcon_core.package_identification:_identify(src/py_main_alg) by extension 'colcon_pkg'
[8.572s] Level 1:colcon.colcon_core.package_identification:_identify(src/py_main_alg) by extensions ['colcon_meta']
[8.573s] Level 1:colcon.colcon_core.package_identification:_identify(src/py_main_alg) by extension 'colcon_meta'
[8.573s] Level 1:colcon.colcon_core.package_identification:_identify(src/py_main_alg) by extensions ['ros']
[8.574s] Level 1:colcon.colcon_core.package_identification:_identify(src/py_main_alg) by extension 'ros'
[8.577s] DEBUG:colcon.colcon_core.package_identification:Package 'src/py_main_alg' with type 'ros.ament_python' and name 'py_main_alg'
[8.578s] Level 1:colcon.colcon_core.package_identification:_identify(src/rplidar_ros2) by extensions ['ignore', 'ignore_ament_install']
[8.578s] Level 1:colcon.colcon_core.package_identification:_identify(src/rplidar_ros2) by extension 'ignore'
[8.579s] Level 1:colcon.colcon_core.package_identification:_identify(src/rplidar_ros2) by extension 'ignore_ament_install'
[8.580s] Level 1:colcon.colcon_core.package_identification:_identify(src/rplidar_ros2) by extensions ['colcon_pkg']
[8.580s] Level 1:colcon.colcon_core.package_identification:_identify(src/rplidar_ros2) by extension 'colcon_pkg'
[8.581s] Level 1:colcon.colcon_core.package_identification:_identify(src/rplidar_ros2) by extensions ['colcon_meta']
[8.581s] Level 1:colcon.colcon_core.package_identification:_identify(src/rplidar_ros2) by extension 'colcon_meta'
[8.581s] Level 1:colcon.colcon_core.package_identification:_identify(src/rplidar_ros2) by extensions ['ros']
[8.582s] Level 1:colcon.colcon_core.package_identification:_identify(src/rplidar_ros2) by extension 'ros'
[8.585s] DEBUG:colcon.colcon_core.package_identification:Package 'src/rplidar_ros2' with type 'ros.ament_cmake' and name 'rplidar_ros'
[8.587s] Level 1:colcon.colcon_core.package_identification:_identify(src/test_pub) by extensions ['ignore', 'ignore_ament_install']
[8.588s] Level 1:colcon.colcon_core.package_identification:_identify(src/test_pub) by extension 'ignore'
[8.588s] Level 1:colcon.colcon_core.package_identification:_identify(src/test_pub) by extension 'ignore_ament_install'
[8.589s] Level 1:colcon.colcon_core.package_identification:_identify(src/test_pub) by extensions ['colcon_pkg']
[8.589s] Level 1:colcon.colcon_core.package_identification:_identify(src/test_pub) by extension 'colcon_pkg'
[8.590s] Level 1:colcon.colcon_core.package_identification:_identify(src/test_pub) by extensions ['colcon_meta']
[8.590s] Level 1:colcon.colcon_core.package_identification:_identify(src/test_pub) by extension 'colcon_meta'
[8.591s] Level 1:colcon.colcon_core.package_identification:_identify(src/test_pub) by extensions ['ros']
[8.591s] Level 1:colcon.colcon_core.package_identification:_identify(src/test_pub) by extension 'ros'
[8.594s] DEBUG:colcon.colcon_core.package_identification:Package 'src/test_pub' with type 'ros.ament_python' and name 'test_pub'
[8.594s] Level 1:colcon.colcon_core.package_discovery:discover_packages(recursive) using defaults
[8.595s] Level 1:colcon.colcon_core.package_discovery:discover_packages(ignore) discover
[8.595s] Level 1:colcon.colcon_core.package_discovery:discover_packages(ignore) using defaults
[8.595s] Level 1:colcon.colcon_core.package_discovery:discover_packages(path) discover
[8.595s] Level 1:colcon.colcon_core.package_discovery:discover_packages(path) using defaults
[9.047s] INFO:colcon.colcon_core.package_selection:Skipping not selected package 'arrow_package' in 'src/arrow_package'
[9.049s] INFO:colcon.colcon_core.package_selection:Skipping not selected package 'distance_node' in 'src/distance_node'
[9.049s] INFO:colcon.colcon_core.package_selection:Skipping not selected package 'kolonka' in 'src/kolonka'
[9.050s] INFO:colcon.colcon_core.package_selection:Skipping not selected package 'laser_follow' in 'src/laser_follow'
[9.051s] INFO:colcon.colcon_core.package_selection:Skipping not selected package 'lidar_template' in 'src/lidar_template'
[9.052s] INFO:colcon.colcon_core.package_selection:Skipping not selected package 'main_package_robot' in 'src/main_package_robot'
[9.053s] INFO:colcon.colcon_core.package_selection:Skipping not selected package 'motor_control_node' in 'src/motor_control_node'
[9.054s] INFO:colcon.colcon_core.package_selection:Skipping not selected package 'opencv_pub' in 'src/opencv_pub'
[9.055s] INFO:colcon.colcon_core.package_selection:Skipping not selected package 'py_barrel_detector' in 'src/py_barrel_detector'
[9.056s] INFO:colcon.colcon_core.package_selection:Skipping not selected package 'py_main_alg' in 'src/py_main_alg'
[9.057s] INFO:colcon.colcon_core.package_selection:Skipping not selected package 'rplidar_ros' in 'src/rplidar_ros2'
[9.058s] INFO:colcon.colcon_core.package_selection:Skipping not selected package 'test_pub' in 'src/test_pub'
[9.285s] Level 1:colcon.colcon_core.package_discovery:discover_packages(prefix_path) check parameters
[9.285s] Level 1:colcon.colcon_core.package_discovery:discover_packages(prefix_path) discover
[9.508s] DEBUG:colcon.colcon_installed_package_information.package_discovery:Found 13 installed packages in /home/timoha/KSAROmni/install
[9.651s] DEBUG:colcon.colcon_installed_package_information.package_discovery:Found 270 installed packages in /opt/ros/humble
[9.658s] Level 1:colcon.colcon_core.package_discovery:discover_packages(prefix_path) using defaults
[10.356s] Level 5:colcon.colcon_core.verb:set package 'aruco_publisher' build argument 'cmake_args' from command line to 'None'
[10.356s] Level 5:colcon.colcon_core.verb:set package 'aruco_publisher' build argument 'cmake_target' from command line to 'None'
[10.356s] Level 5:colcon.colcon_core.verb:set package 'aruco_publisher' build argument 'cmake_target_skip_unavailable' from command line to 'False'
[10.356s] Level 5:colcon.colcon_core.verb:set package 'aruco_publisher' build argument 'cmake_clean_cache' from command line to 'False'
[10.357s] Level 5:colcon.colcon_core.verb:set package 'aruco_publisher' build argument 'cmake_clean_first' from command line to 'False'
[10.357s] Level 5:colcon.colcon_core.verb:set package 'aruco_publisher' build argument 'cmake_force_configure' from command line to 'False'
[10.357s] Level 5:colcon.colcon_core.verb:set package 'aruco_publisher' build argument 'ament_cmake_args' from command line to 'None'
[10.357s] Level 5:colcon.colcon_core.verb:set package 'aruco_publisher' build argument 'catkin_cmake_args' from command line to 'None'
[10.357s] Level 5:colcon.colcon_core.verb:set package 'aruco_publisher' build argument 'catkin_skip_building_tests' from command line to 'False'
[10.357s] DEBUG:colcon.colcon_core.verb:Building package 'aruco_publisher' with the following arguments: {'ament_cmake_args': None, 'build_base': '/home/timoha/KSAROmni/build/aruco_publisher', 'catkin_cmake_args': None, 'catkin_skip_building_tests': False, 'cmake_args': None, 'cmake_clean_cache': False, 'cmake_clean_first': False, 'cmake_force_configure': False, 'cmake_target': None, 'cmake_target_skip_unavailable': False, 'install_base': '/home/timoha/KSAROmni/install/aruco_publisher', 'merge_install': False, 'path': '/home/timoha/KSAROmni/src/aruco_publisher', 'symlink_install': False, 'test_result_base': None}
[10.481s] INFO:colcon.colcon_core.executor:Executing jobs using 'parallel' executor
[10.625s] DEBUG:colcon.colcon_parallel_executor.executor.parallel:run_until_complete
[10.627s] INFO:colcon.colcon_ros.task.ament_python.build:Building ROS package in '/home/timoha/KSAROmni/src/aruco_publisher' with build type 'ament_python'
[10.630s] Level 1:colcon.colcon_core.shell:create_environment_hook('aruco_publisher', 'ament_prefix_path')
[10.786s] INFO:colcon.colcon_core.plugin_system:Skipping extension 'colcon_core.shell.bat': Not used on non-Windows systems
[10.787s] INFO:colcon.colcon_core.shell:Creating environment hook '/home/timoha/KSAROmni/install/aruco_publisher/share/aruco_publisher/hook/ament_prefix_path.ps1'
[10.790s] INFO:colcon.colcon_core.shell:Creating environment descriptor '/home/timoha/KSAROmni/install/aruco_publisher/share/aruco_publisher/hook/ament_prefix_path.dsv'
[10.793s] INFO:colcon.colcon_core.shell:Creating environment hook '/home/timoha/KSAROmni/install/aruco_publisher/share/aruco_publisher/hook/ament_prefix_path.sh'
[10.918s] INFO:colcon.colcon_core.shell:Skip shell extension 'powershell' for command environment: Not usable outside of PowerShell
[10.919s] DEBUG:colcon.colcon_core.shell:Skip shell extension 'dsv' for command environment
[13.285s] INFO:colcon.colcon_core.task.python.build:Building Python package in '/home/timoha/KSAROmni/src/aruco_publisher'
[13.376s] INFO:colcon.colcon_core.shell:Skip shell extension 'powershell' for command environment: Not usable outside of PowerShell
[13.376s] DEBUG:colcon.colcon_core.shell:Skip shell extension 'dsv' for command environment
[16.086s] DEBUG:colcon.colcon_core.event_handler.log_command:Invoking command in '/home/timoha/KSAROmni/src/aruco_publisher': PYTHONPATH=/home/timoha/KSAROmni/build/aruco_publisher/prefix_override:/home/timoha/KSAROmni/install/aruco_publisher/lib/python3.10/site-packages:${PYTHONPATH} /usr/bin/python3 setup.py egg_info --egg-base ../../build/aruco_publisher build --build-base /home/timoha/KSAROmni/build/aruco_publisher/build install --record /home/timoha/KSAROmni/build/aruco_publisher/install.log --single-version-externally-managed
[18.256s] DEBUG:colcon.colcon_core.event_handler.log_command:Invoked command in '/home/timoha/KSAROmni/src/aruco_publisher' returned '0': PYTHONPATH=/home/timoha/KSAROmni/build/aruco_publisher/prefix_override:/home/timoha/KSAROmni/install/aruco_publisher/lib/python3.10/site-packages:${PYTHONPATH} /usr/bin/python3 setup.py egg_info --egg-base ../../build/aruco_publisher build --build-base /home/timoha/KSAROmni/build/aruco_publisher/build install --record /home/timoha/KSAROmni/build/aruco_publisher/install.log --single-version-externally-managed
[18.359s] Level 1:colcon.colcon_core.environment:checking '/home/timoha/KSAROmni/install/aruco_publisher' for CMake module files
[18.362s] Level 1:colcon.colcon_core.environment:checking '/home/timoha/KSAROmni/install/aruco_publisher' for CMake config files
[18.366s] Level 1:colcon.colcon_core.environment:checking '/home/timoha/KSAROmni/install/aruco_publisher/lib'
[18.367s] Level 1:colcon.colcon_core.environment:checking '/home/timoha/KSAROmni/install/aruco_publisher/bin'
[18.368s] Level 1:colcon.colcon_core.environment:checking '/home/timoha/KSAROmni/install/aruco_publisher/lib/pkgconfig/aruco_publisher.pc'
[18.370s] Level 1:colcon.colcon_core.environment:checking '/home/timoha/KSAROmni/install/aruco_publisher/lib/python3.10/site-packages'
[18.371s] Level 1:colcon.colcon_core.shell:create_environment_hook('aruco_publisher', 'pythonpath')
[18.495s] INFO:colcon.colcon_core.shell:Creating environment hook '/home/timoha/KSAROmni/install/aruco_publisher/share/aruco_publisher/hook/pythonpath.ps1'
[18.499s] INFO:colcon.colcon_core.shell:Creating environment descriptor '/home/timoha/KSAROmni/install/aruco_publisher/share/aruco_publisher/hook/pythonpath.dsv'
[18.504s] INFO:colcon.colcon_core.shell:Creating environment hook '/home/timoha/KSAROmni/install/aruco_publisher/share/aruco_publisher/hook/pythonpath.sh'
[18.509s] Level 1:colcon.colcon_core.environment:checking '/home/timoha/KSAROmni/install/aruco_publisher/bin'
[18.511s] Level 1:colcon.colcon_core.environment:create_environment_scripts_only(aruco_publisher)
[18.655s] INFO:colcon.colcon_core.shell:Creating package script '/home/timoha/KSAROmni/install/aruco_publisher/share/aruco_publisher/package.ps1'
[18.663s] INFO:colcon.colcon_core.shell:Creating package descriptor '/home/timoha/KSAROmni/install/aruco_publisher/share/aruco_publisher/package.dsv'
[18.669s] INFO:colcon.colcon_core.shell:Creating package script '/home/timoha/KSAROmni/install/aruco_publisher/share/aruco_publisher/package.sh'
[18.675s] INFO:colcon.colcon_core.shell:Creating package script '/home/timoha/KSAROmni/install/aruco_publisher/share/aruco_publisher/package.bash'
[18.680s] INFO:colcon.colcon_core.shell:Creating package script '/home/timoha/KSAROmni/install/aruco_publisher/share/aruco_publisher/package.zsh'
[18.685s] Level 1:colcon.colcon_core.environment:create_file_with_runtime_dependencies(/home/timoha/KSAROmni/install/aruco_publisher/share/colcon-core/packages/aruco_publisher)
[18.688s] DEBUG:colcon.colcon_parallel_executor.executor.parallel:closing loop
[18.691s] DEBUG:colcon.colcon_parallel_executor.executor.parallel:loop closed
[18.692s] DEBUG:colcon.colcon_parallel_executor.executor.parallel:run_until_complete finished with '0'
[18.693s] DEBUG:colcon.colcon_core.event_reactor:joining thread
[18.865s] INFO:colcon.colcon_core.plugin_system:Skipping extension 'colcon_notification.desktop_notification.terminal_notifier': Not used on non-Darwin systems
[18.865s] INFO:colcon.colcon_core.plugin_system:Skipping extension 'colcon_notification.desktop_notification.win32': Not used on non-Windows systems
[18.866s] INFO:colcon.colcon_notification.desktop_notification:Sending desktop notification using 'notify2'
[18.873s] DEBUG:colcon.colcon_notification.desktop_notification.notify2:Failed to initialize notify2: org.freedesktop.DBus.Error.ServiceUnknown: The name org.freedesktop.Notifications was not provided by any .service files
[18.874s] DEBUG:colcon.colcon_core.event_reactor:joined thread
[19.008s] INFO:colcon.colcon_core.shell:Creating prefix script '/home/timoha/KSAROmni/install/local_setup.ps1'
[19.013s] INFO:colcon.colcon_core.shell:Creating prefix util module '/home/timoha/KSAROmni/install/_local_setup_util_ps1.py'
[19.020s] INFO:colcon.colcon_core.shell:Creating prefix chain script '/home/timoha/KSAROmni/install/setup.ps1'
[19.189s] INFO:colcon.colcon_core.shell:Creating prefix script '/home/timoha/KSAROmni/install/local_setup.sh'
[19.193s] INFO:colcon.colcon_core.shell:Creating prefix util module '/home/timoha/KSAROmni/install/_local_setup_util_sh.py'
[19.196s] INFO:colcon.colcon_core.shell:Creating prefix chain script '/home/timoha/KSAROmni/install/setup.sh'
[19.294s] INFO:colcon.colcon_core.shell:Creating prefix script '/home/timoha/KSAROmni/install/local_setup.bash'
[19.297s] INFO:colcon.colcon_core.shell:Creating prefix chain script '/home/timoha/KSAROmni/install/setup.bash'
[19.407s] INFO:colcon.colcon_core.shell:Creating prefix script '/home/timoha/KSAROmni/install/local_setup.zsh'
[19.412s] INFO:colcon.colcon_core.shell:Creating prefix chain script '/home/timoha/KSAROmni/install/setup.zsh'
