[0.139s] Invoking command in '/home/timoha/KSAROmni/build/arrow_package': CMAKE_PREFIX_PATH=/opt/ros/humble /usr/bin/cmake --build /home/timoha/KSAROmni/build/arrow_package -- -j4 -l4
[2.590s] [100%] Built target arrow_node
[3.796s] Invoked command in '/home/timoha/KSAROmni/build/arrow_package' returned '0': CMAKE_PREFIX_PATH=/opt/ros/humble /usr/bin/cmake --build /home/timoha/KSAROmni/build/arrow_package -- -j4 -l4
[4.010s] Invoking command in '/home/timoha/KSAROmni/build/arrow_package': CMAKE_PREFIX_PATH=/opt/ros/humble /usr/bin/cmake --install /home/timoha/KSAROmni/build/arrow_package
[4.054s] -- Install configuration: ""
[4.057s] -- Execute custom install script
[4.061s] -- Up-to-date symlink: /home/timoha/KSAROmni/install/arrow_package/lib/arrow_package/arrow_node
[4.067s] -- Up-to-date symlink: /home/timoha/KSAROmni/install/arrow_package/share/ament_index/resource_index/package_run_dependencies/arrow_package
[4.073s] -- Up-to-date symlink: /home/timoha/KSAROmni/install/arrow_package/share/ament_index/resource_index/parent_prefix_path/arrow_package
[4.078s] -- Up-to-date symlink: /home/timoha/KSAROmni/install/arrow_package/share/arrow_package/environment/ament_prefix_path.sh
[4.084s] -- Up-to-date symlink: /home/timoha/KSAROmni/install/arrow_package/share/arrow_package/environment/ament_prefix_path.dsv
[4.091s] -- Up-to-date symlink: /home/timoha/KSAROmni/install/arrow_package/share/arrow_package/environment/path.sh
[4.097s] -- Up-to-date symlink: /home/timoha/KSAROmni/install/arrow_package/share/arrow_package/environment/path.dsv
[4.102s] -- Up-to-date symlink: /home/timoha/KSAROmni/install/arrow_package/share/arrow_package/local_setup.bash
[4.107s] -- Up-to-date symlink: /home/timoha/KSAROmni/install/arrow_package/share/arrow_package/local_setup.sh
[4.113s] -- Up-to-date symlink: /home/timoha/KSAROmni/install/arrow_package/share/arrow_package/local_setup.zsh
[4.118s] -- Up-to-date symlink: /home/timoha/KSAROmni/install/arrow_package/share/arrow_package/local_setup.dsv
[4.123s] -- Symlinking: /home/timoha/KSAROmni/install/arrow_package/share/arrow_package/package.dsv
[4.174s] -- Up-to-date symlink: /home/timoha/KSAROmni/install/arrow_package/share/ament_index/resource_index/packages/arrow_package
[4.180s] -- Up-to-date symlink: /home/timoha/KSAROmni/install/arrow_package/share/arrow_package/cmake/arrow_packageConfig.cmake
[4.186s] -- Up-to-date symlink: /home/timoha/KSAROmni/install/arrow_package/share/arrow_package/cmake/arrow_packageConfig-version.cmake
[4.193s] -- Up-to-date symlink: /home/timoha/KSAROmni/install/arrow_package/share/arrow_package/package.xml
[4.218s] Invoked command in '/home/timoha/KSAROmni/build/arrow_package' returned '0': CMAKE_PREFIX_PATH=/opt/ros/humble /usr/bin/cmake --install /home/timoha/KSAROmni/build/arrow_package
