/home/timoha/KSAROmni/install/omnirobot/lib/python3.10/site-packages/omnirobot/robot_audio.py
/home/timoha/KSAROmni/install/omnirobot/lib/python3.10/site-packages/omnirobot/aruco_detector.py
/home/timoha/KSAROmni/install/omnirobot/lib/python3.10/site-packages/omnirobot/barrel_detector.py
/home/timoha/KSAROmni/install/omnirobot/lib/python3.10/site-packages/omnirobot/lidar_template.py
/home/timoha/KSAROmni/install/omnirobot/lib/python3.10/site-packages/omnirobot/__init__.py
/home/timoha/KSAROmni/install/omnirobot/lib/python3.10/site-packages/omnirobot/motor_control.py
/home/timoha/KSAROmni/install/omnirobot/lib/python3.10/site-packages/omnirobot/laser_keep_distance.py
/home/timoha/KSAROmni/install/omnirobot/lib/python3.10/site-packages/omnirobot/distance_publisher.py
/home/timoha/KSAROmni/install/omnirobot/lib/python3.10/site-packages/omnirobot/main_alg.py
/home/timoha/KSAROmni/install/omnirobot/lib/python3.10/site-packages/omnirobot/main_node.py
/home/timoha/KSAROmni/install/omnirobot/lib/python3.10/site-packages/omnirobot/camera_vision_publisher.py
/home/timoha/KSAROmni/install/omnirobot/lib/python3.10/site-packages/omnirobot/__pycache__/robot_audio.cpython-310.pyc
/home/timoha/KSAROmni/install/omnirobot/lib/python3.10/site-packages/omnirobot/__pycache__/aruco_detector.cpython-310.pyc
/home/timoha/KSAROmni/install/omnirobot/lib/python3.10/site-packages/omnirobot/__pycache__/barrel_detector.cpython-310.pyc
/home/timoha/KSAROmni/install/omnirobot/lib/python3.10/site-packages/omnirobot/__pycache__/lidar_template.cpython-310.pyc
/home/timoha/KSAROmni/install/omnirobot/lib/python3.10/site-packages/omnirobot/__pycache__/__init__.cpython-310.pyc
/home/timoha/KSAROmni/install/omnirobot/lib/python3.10/site-packages/omnirobot/__pycache__/motor_control.cpython-310.pyc
/home/timoha/KSAROmni/install/omnirobot/lib/python3.10/site-packages/omnirobot/__pycache__/laser_keep_distance.cpython-310.pyc
/home/timoha/KSAROmni/install/omnirobot/lib/python3.10/site-packages/omnirobot/__pycache__/distance_publisher.cpython-310.pyc
/home/timoha/KSAROmni/install/omnirobot/lib/python3.10/site-packages/omnirobot/__pycache__/main_alg.cpython-310.pyc
/home/timoha/KSAROmni/install/omnirobot/lib/python3.10/site-packages/omnirobot/__pycache__/main_node.cpython-310.pyc
/home/timoha/KSAROmni/install/omnirobot/lib/python3.10/site-packages/omnirobot/__pycache__/camera_vision_publisher.cpython-310.pyc
/home/timoha/KSAROmni/install/omnirobot/share/ament_index/resource_index/packages/omnirobot
/home/timoha/KSAROmni/install/omnirobot/share/omnirobot/package.xml
/home/timoha/KSAROmni/install/omnirobot/lib/python3.10/site-packages/omnirobot-0.0.0-py3.10.egg-info/dependency_links.txt
/home/timoha/KSAROmni/install/omnirobot/lib/python3.10/site-packages/omnirobot-0.0.0-py3.10.egg-info/SOURCES.txt
/home/timoha/KSAROmni/install/omnirobot/lib/python3.10/site-packages/omnirobot-0.0.0-py3.10.egg-info/entry_points.txt
/home/timoha/KSAROmni/install/omnirobot/lib/python3.10/site-packages/omnirobot-0.0.0-py3.10.egg-info/top_level.txt
/home/timoha/KSAROmni/install/omnirobot/lib/python3.10/site-packages/omnirobot-0.0.0-py3.10.egg-info/requires.txt
/home/timoha/KSAROmni/install/omnirobot/lib/python3.10/site-packages/omnirobot-0.0.0-py3.10.egg-info/PKG-INFO
/home/timoha/KSAROmni/install/omnirobot/lib/python3.10/site-packages/omnirobot-0.0.0-py3.10.egg-info/zip-safe
/home/timoha/KSAROmni/install/omnirobot/lib/omnirobot/CAM
/home/timoha/KSAROmni/install/omnirobot/lib/omnirobot/aruco_detector
/home/timoha/KSAROmni/install/omnirobot/lib/omnirobot/audio
/home/timoha/KSAROmni/install/omnirobot/lib/omnirobot/barrel_detector
/home/timoha/KSAROmni/install/omnirobot/lib/omnirobot/distance_publisher
/home/timoha/KSAROmni/install/omnirobot/lib/omnirobot/laser_follow
/home/timoha/KSAROmni/install/omnirobot/lib/omnirobot/main_alg
/home/timoha/KSAROmni/install/omnirobot/lib/omnirobot/main_node
/home/timoha/KSAROmni/install/omnirobot/lib/omnirobot/motor_control
