[3.606s] Invoking command in '/home/timoha/KSAROmni/src/py_main_alg': PYTHONPATH=/home/timoha/KSAROmni/build/py_main_alg/prefix_override:/home/timoha/KSAROmni/install/py_main_alg/lib/python3.10/site-packages:${PYTHONPATH} /usr/bin/python3 setup.py egg_info --egg-base ../../build/py_main_alg build --build-base /home/timoha/KSAROmni/build/py_main_alg/build install --record /home/timoha/KSAROmni/build/py_main_alg/install.log --single-version-externally-managed
[4.827s] running egg_info
[4.830s] writing ../../build/py_main_alg/py_main_alg.egg-info/PKG-INFO
[4.831s] writing dependency_links to ../../build/py_main_alg/py_main_alg.egg-info/dependency_links.txt
[4.832s] writing entry points to ../../build/py_main_alg/py_main_alg.egg-info/entry_points.txt
[4.833s] writing requirements to ../../build/py_main_alg/py_main_alg.egg-info/requires.txt
[4.833s] writing top-level names to ../../build/py_main_alg/py_main_alg.egg-info/top_level.txt
[4.841s] reading manifest file '../../build/py_main_alg/py_main_alg.egg-info/SOURCES.txt'
[4.845s] writing manifest file '../../build/py_main_alg/py_main_alg.egg-info/SOURCES.txt'
[4.846s] running build
[4.846s] running build_py
[4.847s] copying py_main_alg/main_alg.py -> /home/timoha/KSAROmni/build/py_main_alg/build/lib/py_main_alg
[4.848s] running install
[4.849s] /usr/lib/python3/dist-packages/setuptools/command/install.py:34: SetuptoolsDeprecationWarning: setup.py install is deprecated. Use build and pip and other standards-based tools.
[4.849s]   warnings.warn(
[4.850s] running install_lib
[4.854s] copying /home/timoha/KSAROmni/build/py_main_alg/build/lib/py_main_alg/main_alg.py -> /home/timoha/KSAROmni/install/py_main_alg/lib/python3.10/site-packages/py_main_alg
[4.858s] byte-compiling /home/timoha/KSAROmni/install/py_main_alg/lib/python3.10/site-packages/py_main_alg/main_alg.py to main_alg.cpython-310.pyc
[4.862s]   File "/home/timoha/KSAROmni/install/py_main_alg/lib/python3.10/site-packages/py_main_alg/main_alg.py", line 113
[4.863s]     self.speedx = 0.0'''
[4.863s]                      ^^^^^^^^^^
[4.864s] SyntaxError: invalid syntax
[4.864s] 
[4.864s] running install_data
[4.865s] running install_egg_info
[4.873s] removing '/home/timoha/KSAROmni/install/py_main_alg/lib/python3.10/site-packages/py_main_alg-0.0.0-py3.10.egg-info' (and everything under it)
[4.875s] Copying ../../build/py_main_alg/py_main_alg.egg-info to /home/timoha/KSAROmni/install/py_main_alg/lib/python3.10/site-packages/py_main_alg-0.0.0-py3.10.egg-info
[4.880s] running install_scripts
[4.970s] Installing main_alg script to /home/timoha/KSAROmni/install/py_main_alg/lib/py_main_alg
[4.972s] writing list of installed files to '/home/timoha/KSAROmni/build/py_main_alg/install.log'
[5.089s] Invoked command in '/home/timoha/KSAROmni/src/py_main_alg' returned '0': PYTHONPATH=/home/timoha/KSAROmni/build/py_main_alg/prefix_override:/home/timoha/KSAROmni/install/py_main_alg/lib/python3.10/site-packages:${PYTHONPATH} /usr/bin/python3 setup.py egg_info --egg-base ../../build/py_main_alg build --build-base /home/timoha/KSAROmni/build/py_main_alg/build install --record /home/timoha/KSAROmni/build/py_main_alg/install.log --single-version-externally-managed
