running egg_info
creating ../../build/main_package_robot/main_package_robot.egg-info
writing ../../build/main_package_robot/main_package_robot.egg-info/PKG-INFO
writing dependency_links to ../../build/main_package_robot/main_package_robot.egg-info/dependency_links.txt
writing entry points to ../../build/main_package_robot/main_package_robot.egg-info/entry_points.txt
writing requirements to ../../build/main_package_robot/main_package_robot.egg-info/requires.txt
writing top-level names to ../../build/main_package_robot/main_package_robot.egg-info/top_level.txt
writing manifest file '../../build/main_package_robot/main_package_robot.egg-info/SOURCES.txt'
reading manifest file '../../build/main_package_robot/main_package_robot.egg-info/SOURCES.txt'
writing manifest file '../../build/main_package_robot/main_package_robot.egg-info/SOURCES.txt'
running build
running build_py
creating /home/timoha/KSAROmni/build/main_package_robot/build
creating /home/timoha/KSAROmni/build/main_package_robot/build/lib
creating /home/timoha/KSAROmni/build/main_package_robot/build/lib/main_package_robot
copying main_package_robot/__init__.py -> /home/timoha/KSAROmni/build/main_package_robot/build/lib/main_package_robot
copying main_package_robot/main_node.py -> /home/timoha/KSAROmni/build/main_package_robot/build/lib/main_package_robot
running install
/usr/lib/python3/dist-packages/setuptools/command/install.py:34: SetuptoolsDeprecationWarning: setup.py install is deprecated. Use build and pip and other standards-based tools.
  warnings.warn(
running install_lib
creating /home/timoha/KSAROmni/install/main_package_robot/lib/python3.10/site-packages/main_package_robot
copying /home/timoha/KSAROmni/build/main_package_robot/build/lib/main_package_robot/__init__.py -> /home/timoha/KSAROmni/install/main_package_robot/lib/python3.10/site-packages/main_package_robot
copying /home/timoha/KSAROmni/build/main_package_robot/build/lib/main_package_robot/main_node.py -> /home/timoha/KSAROmni/install/main_package_robot/lib/python3.10/site-packages/main_package_robot
byte-compiling /home/timoha/KSAROmni/install/main_package_robot/lib/python3.10/site-packages/main_package_robot/__init__.py to __init__.cpython-310.pyc
byte-compiling /home/timoha/KSAROmni/install/main_package_robot/lib/python3.10/site-packages/main_package_robot/main_node.py to main_node.cpython-310.pyc
Sorry: IndentationError: unexpected indent (main_node.py, line 81)
running install_data
creating /home/timoha/KSAROmni/install/main_package_robot/share/ament_index
creating /home/timoha/KSAROmni/install/main_package_robot/share/ament_index/resource_index
creating /home/timoha/KSAROmni/install/main_package_robot/share/ament_index/resource_index/packages
copying resource/main_package_robot -> /home/timoha/KSAROmni/install/main_package_robot/share/ament_index/resource_index/packages
copying package.xml -> /home/timoha/KSAROmni/install/main_package_robot/share/main_package_robot
running install_egg_info
Copying ../../build/main_package_robot/main_package_robot.egg-info to /home/timoha/KSAROmni/install/main_package_robot/lib/python3.10/site-packages/main_package_robot-0.0.0-py3.10.egg-info
running install_scripts
Installing main_node script to /home/timoha/KSAROmni/install/main_package_robot/lib/main_package_robot
writing list of installed files to '/home/timoha/KSAROmni/build/main_package_robot/install.log'
