[1.706s] Invoking command in '/home/timoha/KSAROmni/build/peredelka': CMAKE_PREFIX_PATH=/opt/ros/humble /usr/bin/cmake /home/timoha/KSAROmni/src/peredelka -DCMAKE_INSTALL_PREFIX=/home/timoha/KSAROmni/install/peredelka
[2.577s] -- The C compiler identification is GNU 11.4.0
[2.925s] -- The CXX compiler identification is GNU 11.4.0
[2.987s] -- Detecting C compiler ABI info
[3.468s] -- Detecting C compiler ABI info - done
[3.522s] -- Check for working C compiler: /usr/bin/cc - skipped
[3.526s] -- Detecting C compile features
[3.529s] -- Detecting C compile features - done
[3.548s] -- Detecting CXX compiler ABI info
[4.017s] -- Detecting CXX compiler ABI info - done
[4.059s] -- Check for working CXX compiler: /usr/bin/c++ - skipped
[4.061s] -- Detecting CXX compile features
[4.064s] -- Detecting CXX compile features - done
[4.108s] -- Found ament_cmake: 1.3.9 (/opt/ros/humble/share/ament_cmake/cmake)
[5.120s] -- Found Python3: /usr/bin/python3 (found version "3.10.12") found components: Interpreter 
[5.863s] -- Found rclcpp: 16.0.9 (/opt/ros/humble/share/rclcpp/cmake)
[6.285s] -- Found rosidl_generator_c: 3.1.5 (/opt/ros/humble/share/rosidl_generator_c/cmake)
[6.334s] -- Found rosidl_adapter: 3.1.5 (/opt/ros/humble/share/rosidl_adapter/cmake)
[6.403s] -- Found rosidl_generator_cpp: 3.1.5 (/opt/ros/humble/share/rosidl_generator_cpp/cmake)
[6.506s] -- Using all available rosidl_typesupport_c: rosidl_typesupport_fastrtps_c;rosidl_typesupport_introspection_c
[6.651s] -- Using all available rosidl_typesupport_cpp: rosidl_typesupport_fastrtps_cpp;rosidl_typesupport_introspection_cpp
[7.129s] -- Found rmw_implementation_cmake: 6.1.2 (/opt/ros/humble/share/rmw_implementation_cmake/cmake)
[7.154s] -- Found rmw_fastrtps_cpp: 6.2.6 (/opt/ros/humble/share/rmw_fastrtps_cpp/cmake)
[7.935s] -- Found OpenSSL: /usr/lib/aarch64-linux-gnu/libcrypto.so (found version "3.0.2")  
[8.222s] -- Found FastRTPS: /opt/ros/humble/include  
[8.694s] -- Using RMW implementation 'rmw_fastrtps_cpp' as default
[8.836s] -- Looking for pthread.h
[9.213s] -- Looking for pthread.h - found
[9.217s] -- Performing Test CMAKE_HAVE_LIBC_PTHREAD
[9.653s] -- Performing Test CMAKE_HAVE_LIBC_PTHREAD - Success
[9.660s] -- Found Threads: TRUE  
[10.709s] -- Found ament_lint_auto: 0.12.11 (/opt/ros/humble/share/ament_lint_auto/cmake)
[11.285s] -- Added test 'cppcheck' to perform static code analysis on C / C++ code
[11.286s] -- Configured cppcheck include dirs: 
[11.287s] -- Configured cppcheck exclude dirs and/or files: 
[11.293s] -- Added test 'lint_cmake' to check CMake code style
[11.305s] -- Added test 'uncrustify' to check C / C++ code style
[11.306s] -- Configured uncrustify additional arguments: 
[11.311s] -- Added test 'xmllint' to check XML markup files
[11.322s] -- Configuring done
[11.391s] -- Generating done
[11.402s] -- Build files have been written to: /home/timoha/KSAROmni/build/peredelka
[11.996s] Invoked command in '/home/timoha/KSAROmni/build/peredelka' returned '0': CMAKE_PREFIX_PATH=/opt/ros/humble /usr/bin/cmake /home/timoha/KSAROmni/src/peredelka -DCMAKE_INSTALL_PREFIX=/home/timoha/KSAROmni/install/peredelka
[12.008s] Invoking command in '/home/timoha/KSAROmni/build/peredelka': CMAKE_PREFIX_PATH=/opt/ros/humble /usr/bin/cmake --build /home/timoha/KSAROmni/build/peredelka -- -j4 -l4
[12.257s] [ 50%] [32mBuilding CXX object CMakeFiles/talker.dir/src/main.cpp.o[0m
[37.833s] [100%] [32m[1mLinking CXX executable talker[0m
[38.767s] [100%] Built target talker
[38.808s] Invoked command in '/home/timoha/KSAROmni/build/peredelka' returned '0': CMAKE_PREFIX_PATH=/opt/ros/humble /usr/bin/cmake --build /home/timoha/KSAROmni/build/peredelka -- -j4 -l4
[38.931s] Invoking command in '/home/timoha/KSAROmni/build/peredelka': CMAKE_PREFIX_PATH=/opt/ros/humble /usr/bin/cmake --install /home/timoha/KSAROmni/build/peredelka
[38.958s] -- Install configuration: ""
[38.958s] -- Installing: /home/timoha/KSAROmni/install/peredelka/lib/peredelka/talker
[38.968s] -- Set runtime path of "/home/timoha/KSAROmni/install/peredelka/lib/peredelka/talker" to ""
[38.969s] -- Installing: /home/timoha/KSAROmni/install/peredelka/share/ament_index/resource_index/package_run_dependencies/peredelka
[38.971s] -- Installing: /home/timoha/KSAROmni/install/peredelka/share/ament_index/resource_index/parent_prefix_path/peredelka
[38.973s] -- Installing: /home/timoha/KSAROmni/install/peredelka/share/peredelka/environment/ament_prefix_path.sh
[38.974s] -- Installing: /home/timoha/KSAROmni/install/peredelka/share/peredelka/environment/ament_prefix_path.dsv
[38.976s] -- Installing: /home/timoha/KSAROmni/install/peredelka/share/peredelka/environment/path.sh
[38.977s] -- Installing: /home/timoha/KSAROmni/install/peredelka/share/peredelka/environment/path.dsv
[38.978s] -- Installing: /home/timoha/KSAROmni/install/peredelka/share/peredelka/local_setup.bash
[38.979s] -- Installing: /home/timoha/KSAROmni/install/peredelka/share/peredelka/local_setup.sh
[38.981s] -- Installing: /home/timoha/KSAROmni/install/peredelka/share/peredelka/local_setup.zsh
[38.982s] -- Installing: /home/timoha/KSAROmni/install/peredelka/share/peredelka/local_setup.dsv
[38.983s] -- Installing: /home/timoha/KSAROmni/install/peredelka/share/peredelka/package.dsv
[38.985s] -- Installing: /home/timoha/KSAROmni/install/peredelka/share/ament_index/resource_index/packages/peredelka
[38.986s] -- Installing: /home/timoha/KSAROmni/install/peredelka/share/peredelka/cmake/peredelkaConfig.cmake
[38.987s] -- Installing: /home/timoha/KSAROmni/install/peredelka/share/peredelka/cmake/peredelkaConfig-version.cmake
[38.989s] -- Installing: /home/timoha/KSAROmni/install/peredelka/share/peredelka/package.xml
[38.998s] Invoked command in '/home/timoha/KSAROmni/build/peredelka' returned '0': CMAKE_PREFIX_PATH=/opt/ros/humble /usr/bin/cmake --install /home/timoha/KSAROmni/build/peredelka
