[7.380s] Invoking command in '/home/timoha/KSAROmni/build/kolonka': PYTHONPATH=/home/timoha/KSAROmni/build/kolonka/prefix_override:/usr/lib/python3/dist-packages/colcon_core/task/python/colcon_distutils_commands:/home/timoha/KSAROmni/install/kolonka/lib/python3.10/site-packages:${PYTHONPATH} /usr/bin/python3 -W ignore:setup.py install is deprecated setup.py develop --uninstall --editable --build-directory /home/timoha/KSAROmni/build/kolonka/build
[9.159s] running develop
[9.165s] /usr/lib/python3/dist-packages/setuptools/command/easy_install.py:158: EasyInstallDeprecationWarning: easy_install command is deprecated. Use build and pip and other standards-based tools.
[9.166s]   warnings.warn(
[10.473s] Removing /home/timoha/KSAROmni/install/kolonka/lib/python3.10/site-packages/kolonka.egg-link (link to .)
[10.757s] Invoked command in '/home/timoha/KSAROmni/build/kolonka' returned '0': PYTHONPATH=/home/timoha/KSAROmni/build/kolonka/prefix_override:/usr/lib/python3/dist-packages/colcon_core/task/python/colcon_distutils_commands:/home/timoha/KSAROmni/install/kolonka/lib/python3.10/site-packages:${PYTHONPATH} /usr/bin/python3 -W ignore:setup.py install is deprecated setup.py develop --uninstall --editable --build-directory /home/timoha/KSAROmni/build/kolonka/build
[10.761s] Invoking command in '/home/timoha/KSAROmni/src/kolonka': PYTHONPATH=/home/timoha/KSAROmni/build/kolonka/prefix_override:/usr/lib/python3/dist-packages/colcon_core/task/python/colcon_distutils_commands:/home/timoha/KSAROmni/install/kolonka/lib/python3.10/site-packages:${PYTHONPATH} /usr/bin/python3 -W ignore:setup.py install is deprecated setup.py egg_info --egg-base ../../build/kolonka build --build-base /home/timoha/KSAROmni/build/kolonka/build install --record /home/timoha/KSAROmni/build/kolonka/install.log --single-version-externally-managed install_data --force
[12.550s] running egg_info
[12.553s] writing ../../build/kolonka/kolonka.egg-info/PKG-INFO
[12.555s] writing dependency_links to ../../build/kolonka/kolonka.egg-info/dependency_links.txt
[12.556s] writing entry points to ../../build/kolonka/kolonka.egg-info/entry_points.txt
[12.560s] writing requirements to ../../build/kolonka/kolonka.egg-info/requires.txt
[12.561s] writing top-level names to ../../build/kolonka/kolonka.egg-info/top_level.txt
[12.570s] reading manifest file '../../build/kolonka/kolonka.egg-info/SOURCES.txt'
[12.576s] writing manifest file '../../build/kolonka/kolonka.egg-info/SOURCES.txt'
[12.577s] running build
[12.578s] running build_py
[12.581s] running install
[12.583s] running install_lib
[12.587s] creating /home/timoha/KSAROmni/install/kolonka/lib/python3.10/site-packages/kolonka
[12.588s] copying /home/timoha/KSAROmni/build/kolonka/build/lib/kolonka/robot_audio.py -> /home/timoha/KSAROmni/install/kolonka/lib/python3.10/site-packages/kolonka
[12.589s] copying /home/timoha/KSAROmni/build/kolonka/build/lib/kolonka/__init__.py -> /home/timoha/KSAROmni/install/kolonka/lib/python3.10/site-packages/kolonka
[12.594s] byte-compiling /home/timoha/KSAROmni/install/kolonka/lib/python3.10/site-packages/kolonka/robot_audio.py to robot_audio.cpython-310.pyc
[12.597s] byte-compiling /home/timoha/KSAROmni/install/kolonka/lib/python3.10/site-packages/kolonka/__init__.py to __init__.cpython-310.pyc
[12.598s] running install_data
[12.600s] copying resource/kolonka -> /home/timoha/KSAROmni/install/kolonka/share/ament_index/resource_index/packages
[12.602s] copying package.xml -> /home/timoha/KSAROmni/install/kolonka/share/kolonka
[12.603s] running install_egg_info
[12.612s] Copying ../../build/kolonka/kolonka.egg-info to /home/timoha/KSAROmni/install/kolonka/lib/python3.10/site-packages/kolonka-0.0.0-py3.10.egg-info
[12.621s] running install_scripts
[12.733s] Installing audio script to /home/timoha/KSAROmni/install/kolonka/lib/kolonka
[12.736s] writing list of installed files to '/home/timoha/KSAROmni/build/kolonka/install.log'
[12.961s] Invoked command in '/home/timoha/KSAROmni/src/kolonka' returned '0': PYTHONPATH=/home/timoha/KSAROmni/build/kolonka/prefix_override:/usr/lib/python3/dist-packages/colcon_core/task/python/colcon_distutils_commands:/home/timoha/KSAROmni/install/kolonka/lib/python3.10/site-packages:${PYTHONPATH} /usr/bin/python3 -W ignore:setup.py install is deprecated setup.py egg_info --egg-base ../../build/kolonka build --build-base /home/timoha/KSAROmni/build/kolonka/build install --record /home/timoha/KSAROmni/build/kolonka/install.log --single-version-externally-managed install_data --force
