[4.735s] Invoking command in '/home/timoha/KSAROmni/src/py_main_alg': PYTHONPATH=/home/timoha/KSAROmni/build/py_main_alg/prefix_override:/home/timoha/KSAROmni/install/py_main_alg/lib/python3.10/site-packages:${PYTHONPATH} /usr/bin/python3 setup.py egg_info --egg-base ../../build/py_main_alg build --build-base /home/timoha/KSAROmni/build/py_main_alg/build install --record /home/timoha/KSAROmni/build/py_main_alg/install.log --single-version-externally-managed
[6.210s] running egg_info
[6.215s] writing ../../build/py_main_alg/py_main_alg.egg-info/PKG-INFO
[6.216s] writing dependency_links to ../../build/py_main_alg/py_main_alg.egg-info/dependency_links.txt
[6.217s] writing entry points to ../../build/py_main_alg/py_main_alg.egg-info/entry_points.txt
[6.218s] writing requirements to ../../build/py_main_alg/py_main_alg.egg-info/requires.txt
[6.219s] writing top-level names to ../../build/py_main_alg/py_main_alg.egg-info/top_level.txt
[6.227s] reading manifest file '../../build/py_main_alg/py_main_alg.egg-info/SOURCES.txt'
[6.232s] writing manifest file '../../build/py_main_alg/py_main_alg.egg-info/SOURCES.txt'
[6.233s] running build
[6.233s] running build_py
[6.234s] copying py_main_alg/main_alg.py -> /home/timoha/KSAROmni/build/py_main_alg/build/lib/py_main_alg
[6.235s] running install
[6.236s] /usr/lib/python3/dist-packages/setuptools/command/install.py:34: SetuptoolsDeprecationWarning: setup.py install is deprecated. Use build and pip and other standards-based tools.
[6.237s]   warnings.warn(
[6.238s] running install_lib
[6.243s] copying /home/timoha/KSAROmni/build/py_main_alg/build/lib/py_main_alg/main_alg.py -> /home/timoha/KSAROmni/install/py_main_alg/lib/python3.10/site-packages/py_main_alg
[6.250s] byte-compiling /home/timoha/KSAROmni/install/py_main_alg/lib/python3.10/site-packages/py_main_alg/main_alg.py to main_alg.cpython-310.pyc
[6.254s] running install_data
[6.257s] running install_egg_info
[6.271s] removing '/home/timoha/KSAROmni/install/py_main_alg/lib/python3.10/site-packages/py_main_alg-0.0.0-py3.10.egg-info' (and everything under it)
[6.271s] Copying ../../build/py_main_alg/py_main_alg.egg-info to /home/timoha/KSAROmni/install/py_main_alg/lib/python3.10/site-packages/py_main_alg-0.0.0-py3.10.egg-info
[6.276s] running install_scripts
[6.385s] Installing main_alg script to /home/timoha/KSAROmni/install/py_main_alg/lib/py_main_alg
[6.388s] writing list of installed files to '/home/timoha/KSAROmni/build/py_main_alg/install.log'
[6.539s] Invoked command in '/home/timoha/KSAROmni/src/py_main_alg' returned '0': PYTHONPATH=/home/timoha/KSAROmni/build/py_main_alg/prefix_override:/home/timoha/KSAROmni/install/py_main_alg/lib/python3.10/site-packages:${PYTHONPATH} /usr/bin/python3 setup.py egg_info --egg-base ../../build/py_main_alg build --build-base /home/timoha/KSAROmni/build/py_main_alg/build install --record /home/timoha/KSAROmni/build/py_main_alg/install.log --single-version-externally-managed
