[4.117s] Invoking command in '/home/timoha/KSAROmni/build/aruco_publisher': PYTHONPATH=/home/timoha/KSAROmni/build/aruco_publisher/prefix_override:/home/timoha/KSAROmni/install/aruco_publisher/lib/python3.10/site-packages:${PYTHONPATH} /usr/bin/python3 setup.py develop --uninstall --editable --build-directory /home/timoha/KSAROmni/build/aruco_publisher/build
[5.420s] running develop
[5.424s] /usr/lib/python3/dist-packages/setuptools/command/easy_install.py:158: EasyInstallDeprecationWarning: easy_install command is deprecated. Use build and pip and other standards-based tools.
[5.425s]   warnings.warn(
[5.430s] /usr/lib/python3/dist-packages/setuptools/command/install.py:34: SetuptoolsDeprecationWarning: setup.py install is deprecated. Use build and pip and other standards-based tools.
[5.431s]   warnings.warn(
[6.296s] Removing /home/timoha/KSAROmni/install/aruco_publisher/lib/python3.10/site-packages/aruco-publisher.egg-link (link to .)
[6.428s] Invoked command in '/home/timoha/KSAROmni/build/aruco_publisher' returned '0': PYTHONPATH=/home/timoha/KSAROmni/build/aruco_publisher/prefix_override:/home/timoha/KSAROmni/install/aruco_publisher/lib/python3.10/site-packages:${PYTHONPATH} /usr/bin/python3 setup.py develop --uninstall --editable --build-directory /home/timoha/KSAROmni/build/aruco_publisher/build
[6.439s] Invoking command in '/home/timoha/KSAROmni/src/aruco_publisher': PYTHONPATH=/home/timoha/KSAROmni/build/aruco_publisher/prefix_override:/home/timoha/KSAROmni/install/aruco_publisher/lib/python3.10/site-packages:${PYTHONPATH} /usr/bin/python3 setup.py egg_info --egg-base ../../build/aruco_publisher build --build-base /home/timoha/KSAROmni/build/aruco_publisher/build install --record /home/timoha/KSAROmni/build/aruco_publisher/install.log --single-version-externally-managed
[7.640s] running egg_info
[7.642s] writing ../../build/aruco_publisher/aruco_publisher.egg-info/PKG-INFO
[7.644s] writing dependency_links to ../../build/aruco_publisher/aruco_publisher.egg-info/dependency_links.txt
[7.645s] writing entry points to ../../build/aruco_publisher/aruco_publisher.egg-info/entry_points.txt
[7.645s] writing requirements to ../../build/aruco_publisher/aruco_publisher.egg-info/requires.txt
[7.646s] writing top-level names to ../../build/aruco_publisher/aruco_publisher.egg-info/top_level.txt
[7.654s] reading manifest file '../../build/aruco_publisher/aruco_publisher.egg-info/SOURCES.txt'
[7.659s] writing manifest file '../../build/aruco_publisher/aruco_publisher.egg-info/SOURCES.txt'
[7.659s] running build
[7.660s] running build_py
[7.660s] copying aruco_publisher/aruco_detector.py -> /home/timoha/KSAROmni/build/aruco_publisher/build/lib/aruco_publisher
[7.662s] running install
[7.663s] /usr/lib/python3/dist-packages/setuptools/command/install.py:34: SetuptoolsDeprecationWarning: setup.py install is deprecated. Use build and pip and other standards-based tools.
[7.663s]   warnings.warn(
[7.664s] running install_lib
[7.667s] creating /home/timoha/KSAROmni/install/aruco_publisher/lib/python3.10/site-packages/aruco_publisher
[7.668s] copying /home/timoha/KSAROmni/build/aruco_publisher/build/lib/aruco_publisher/aruco_detector.py -> /home/timoha/KSAROmni/install/aruco_publisher/lib/python3.10/site-packages/aruco_publisher
[7.669s] copying /home/timoha/KSAROmni/build/aruco_publisher/build/lib/aruco_publisher/__init__.py -> /home/timoha/KSAROmni/install/aruco_publisher/lib/python3.10/site-packages/aruco_publisher
[7.672s] byte-compiling /home/timoha/KSAROmni/install/aruco_publisher/lib/python3.10/site-packages/aruco_publisher/aruco_detector.py to aruco_detector.cpython-310.pyc
[7.676s] byte-compiling /home/timoha/KSAROmni/install/aruco_publisher/lib/python3.10/site-packages/aruco_publisher/__init__.py to __init__.cpython-310.pyc
[7.677s] running install_data
[7.680s] running install_egg_info
[7.688s] Copying ../../build/aruco_publisher/aruco_publisher.egg-info to /home/timoha/KSAROmni/install/aruco_publisher/lib/python3.10/site-packages/aruco_publisher-0.0.0-py3.10.egg-info
[7.695s] running install_scripts
[7.786s] Installing aruco_detector script to /home/timoha/KSAROmni/install/aruco_publisher/lib/aruco_publisher
[7.788s] writing list of installed files to '/home/timoha/KSAROmni/build/aruco_publisher/install.log'
[7.906s] Invoked command in '/home/timoha/KSAROmni/src/aruco_publisher' returned '0': PYTHONPATH=/home/timoha/KSAROmni/build/aruco_publisher/prefix_override:/home/timoha/KSAROmni/install/aruco_publisher/lib/python3.10/site-packages:${PYTHONPATH} /usr/bin/python3 setup.py egg_info --egg-base ../../build/aruco_publisher build --build-base /home/timoha/KSAROmni/build/aruco_publisher/build install --record /home/timoha/KSAROmni/build/aruco_publisher/install.log --single-version-externally-managed
