[1.198s] Invoking command in '/home/timoha/KSAROmni/build/arrow_package': CMAKE_PREFIX_PATH=/opt/ros/humble /usr/bin/cmake /home/timoha/KSAROmni/src/arrow_package -DAMENT_CMAKE_SYMLINK_INSTALL=1 -DCMAKE_INSTALL_PREFIX=/home/timoha/KSAROmni/install/arrow_package
[4.411s] -- Found ament_cmake: 1.3.7 (/opt/ros/humble/share/ament_cmake/cmake)
[4.413s] -- Override CMake install command with custom implementation using symlinks instead of copying resources
[4.414s] -- Found rclcpp: 16.0.8 (/opt/ros/humble/share/rclcpp/cmake)
[4.416s] -- Found rosidl_generator_c: 3.1.5 (/opt/ros/humble/share/rosidl_generator_c/cmake)
[4.418s] -- Found rosidl_adapter: 3.1.5 (/opt/ros/humble/share/rosidl_adapter/cmake)
[4.421s] -- Found rosidl_generator_cpp: 3.1.5 (/opt/ros/humble/share/rosidl_generator_cpp/cmake)
[4.421s] -- Using all available rosidl_typesupport_c: rosidl_typesupport_fastrtps_c;rosidl_typesupport_introspection_c
[4.422s] -- Using all available rosidl_typesupport_cpp: rosidl_typesupport_fastrtps_cpp;rosidl_typesupport_introspection_cpp
[4.426s] -- Found rmw_implementation_cmake: 6.1.1 (/opt/ros/humble/share/rmw_implementation_cmake/cmake)
[4.426s] -- Found rmw_fastrtps_cpp: 6.2.6 (/opt/ros/humble/share/rmw_fastrtps_cpp/cmake)
[4.426s] -- Using RMW implementation 'rmw_fastrtps_cpp' as default
[5.083s] -- Found ament_lint_auto: 0.12.10 (/opt/ros/humble/share/ament_lint_auto/cmake)
[5.466s] -- Added test 'cppcheck' to perform static code analysis on C / C++ code
[5.467s] -- Configured cppcheck include dirs: $<BUILD_INTERFACE:/home/timoha/KSAROmni/src/arrow_package/include>
[5.467s] -- Configured cppcheck exclude dirs and/or files: 
[5.471s] -- Added test 'lint_cmake' to check CMake code style
[5.478s] -- Added test 'uncrustify' to check C / C++ code style
[5.478s] -- Configured uncrustify additional arguments: 
[5.480s] -- Added test 'xmllint' to check XML markup files
[5.497s] -- Configuring done
[5.582s] -- Generating done
[5.593s] -- Build files have been written to: /home/timoha/KSAROmni/build/arrow_package
[6.039s] Invoked command in '/home/timoha/KSAROmni/build/arrow_package' returned '0': CMAKE_PREFIX_PATH=/opt/ros/humble /usr/bin/cmake /home/timoha/KSAROmni/src/arrow_package -DAMENT_CMAKE_SYMLINK_INSTALL=1 -DCMAKE_INSTALL_PREFIX=/home/timoha/KSAROmni/install/arrow_package
[6.051s] Invoking command in '/home/timoha/KSAROmni/build/arrow_package': CMAKE_PREFIX_PATH=/opt/ros/humble /usr/bin/cmake --build /home/timoha/KSAROmni/build/arrow_package -- -j4 -l4
[6.291s] [35m[1mConsolidate compiler generated dependencies of target arrow_node[0m
[6.537s] [ 50%] [32m[1mLinking CXX executable arrow_node[0m
[8.213s] [100%] Built target arrow_node
[8.281s] Invoked command in '/home/timoha/KSAROmni/build/arrow_package' returned '0': CMAKE_PREFIX_PATH=/opt/ros/humble /usr/bin/cmake --build /home/timoha/KSAROmni/build/arrow_package -- -j4 -l4
[8.564s] Invoking command in '/home/timoha/KSAROmni/build/arrow_package': CMAKE_PREFIX_PATH=/opt/ros/humble /usr/bin/cmake --install /home/timoha/KSAROmni/build/arrow_package
[8.655s] -- Install configuration: ""
[8.663s] -- Execute custom install script
[8.672s] -- Symlinking: /home/timoha/KSAROmni/install/arrow_package/lib/arrow_package/arrow_node
[8.759s] -- Symlinking: /home/timoha/KSAROmni/install/arrow_package/share/ament_index/resource_index/package_run_dependencies/arrow_package
[8.807s] -- Symlinking: /home/timoha/KSAROmni/install/arrow_package/share/ament_index/resource_index/parent_prefix_path/arrow_package
[8.857s] -- Symlinking: /home/timoha/KSAROmni/install/arrow_package/share/arrow_package/environment/ament_prefix_path.sh
[8.896s] -- Symlinking: /home/timoha/KSAROmni/install/arrow_package/share/arrow_package/environment/ament_prefix_path.dsv
[8.946s] -- Symlinking: /home/timoha/KSAROmni/install/arrow_package/share/arrow_package/environment/path.sh
[8.993s] -- Symlinking: /home/timoha/KSAROmni/install/arrow_package/share/arrow_package/environment/path.dsv
[9.042s] -- Symlinking: /home/timoha/KSAROmni/install/arrow_package/share/arrow_package/local_setup.bash
[9.094s] -- Symlinking: /home/timoha/KSAROmni/install/arrow_package/share/arrow_package/local_setup.sh
[9.159s] -- Symlinking: /home/timoha/KSAROmni/install/arrow_package/share/arrow_package/local_setup.zsh
[9.231s] -- Symlinking: /home/timoha/KSAROmni/install/arrow_package/share/arrow_package/local_setup.dsv
[9.280s] -- Symlinking: /home/timoha/KSAROmni/install/arrow_package/share/arrow_package/package.dsv
[9.329s] -- Symlinking: /home/timoha/KSAROmni/install/arrow_package/share/ament_index/resource_index/packages/arrow_package
[9.390s] -- Symlinking: /home/timoha/KSAROmni/install/arrow_package/share/arrow_package/cmake/arrow_packageConfig.cmake
[9.433s] -- Symlinking: /home/timoha/KSAROmni/install/arrow_package/share/arrow_package/cmake/arrow_packageConfig-version.cmake
[9.477s] -- Symlinking: /home/timoha/KSAROmni/install/arrow_package/share/arrow_package/package.xml
[9.536s] Invoked command in '/home/timoha/KSAROmni/build/arrow_package' returned '0': CMAKE_PREFIX_PATH=/opt/ros/humble /usr/bin/cmake --install /home/timoha/KSAROmni/build/arrow_package
