[3.630s] Invoking command in '/home/timoha/KSAROmni/src/py_main_alg': PYTHONPATH=/home/timoha/KSAROmni/build/py_main_alg/prefix_override:/home/timoha/KSAROmni/install/py_main_alg/lib/python3.10/site-packages:${PYTHONPATH} /usr/bin/python3 setup.py egg_info --egg-base ../../build/py_main_alg build --build-base /home/timoha/KSAROmni/build/py_main_alg/build install --record /home/timoha/KSAROmni/build/py_main_alg/install.log --single-version-externally-managed
[4.848s] running egg_info
[4.851s] writing ../../build/py_main_alg/py_main_alg.egg-info/PKG-INFO
[4.852s] writing dependency_links to ../../build/py_main_alg/py_main_alg.egg-info/dependency_links.txt
[4.853s] writing entry points to ../../build/py_main_alg/py_main_alg.egg-info/entry_points.txt
[4.854s] writing requirements to ../../build/py_main_alg/py_main_alg.egg-info/requires.txt
[4.855s] writing top-level names to ../../build/py_main_alg/py_main_alg.egg-info/top_level.txt
[4.864s] reading manifest file '../../build/py_main_alg/py_main_alg.egg-info/SOURCES.txt'
[4.867s] writing manifest file '../../build/py_main_alg/py_main_alg.egg-info/SOURCES.txt'
[4.868s] running build
[4.869s] running build_py
[4.869s] copying py_main_alg/main_alg.py -> /home/timoha/KSAROmni/build/py_main_alg/build/lib/py_main_alg
[4.871s] running install
[4.872s] /usr/lib/python3/dist-packages/setuptools/command/install.py:34: SetuptoolsDeprecationWarning: setup.py install is deprecated. Use build and pip and other standards-based tools.
[4.873s]   warnings.warn(
[4.873s] running install_lib
[4.877s] copying /home/timoha/KSAROmni/build/py_main_alg/build/lib/py_main_alg/main_alg.py -> /home/timoha/KSAROmni/install/py_main_alg/lib/python3.10/site-packages/py_main_alg
[4.881s] byte-compiling /home/timoha/KSAROmni/install/py_main_alg/lib/python3.10/site-packages/py_main_alg/main_alg.py to main_alg.cpython-310.pyc
[4.886s] running install_data
[4.888s] running install_egg_info
[4.896s] removing '/home/timoha/KSAROmni/install/py_main_alg/lib/python3.10/site-packages/py_main_alg-0.0.0-py3.10.egg-info' (and everything under it)
[4.897s] Copying ../../build/py_main_alg/py_main_alg.egg-info to /home/timoha/KSAROmni/install/py_main_alg/lib/python3.10/site-packages/py_main_alg-0.0.0-py3.10.egg-info
[4.903s] running install_scripts
[4.993s] Installing main_alg script to /home/timoha/KSAROmni/install/py_main_alg/lib/py_main_alg
[4.995s] writing list of installed files to '/home/timoha/KSAROmni/build/py_main_alg/install.log'
[5.114s] Invoked command in '/home/timoha/KSAROmni/src/py_main_alg' returned '0': PYTHONPATH=/home/timoha/KSAROmni/build/py_main_alg/prefix_override:/home/timoha/KSAROmni/install/py_main_alg/lib/python3.10/site-packages:${PYTHONPATH} /usr/bin/python3 setup.py egg_info --egg-base ../../build/py_main_alg build --build-base /home/timoha/KSAROmni/build/py_main_alg/build install --record /home/timoha/KSAROmni/build/py_main_alg/install.log --single-version-externally-managed
