[6.650s] Invoking command in '/home/timoha/KSAROmni/build/py_barrel_detector': PYTHONPATH=/home/timoha/KSAROmni/build/py_barrel_detector/prefix_override:/home/timoha/KSAROmni/install/py_barrel_detector/lib/python3.10/site-packages:${PYTHONPATH} /usr/bin/python3 setup.py develop --editable --build-directory /home/timoha/KSAROmni/build/py_barrel_detector/build --no-deps install_data
[8.614s] running develop
[8.616s] /usr/lib/python3/dist-packages/setuptools/command/easy_install.py:158: EasyInstallDeprecationWarning: easy_install command is deprecated. Use build and pip and other standards-based tools.
[8.616s]   warnings.warn(
[8.622s] /usr/lib/python3/dist-packages/setuptools/command/install.py:34: SetuptoolsDeprecationWarning: setup.py install is deprecated. Use build and pip and other standards-based tools.
[8.622s]   warnings.warn(
[9.975s] running egg_info
[9.976s] writing py_barrel_detector.egg-info/PKG-INFO
[9.978s] writing dependency_links to py_barrel_detector.egg-info/dependency_links.txt
[9.980s] writing entry points to py_barrel_detector.egg-info/entry_points.txt
[9.981s] writing requirements to py_barrel_detector.egg-info/requires.txt
[9.981s] writing top-level names to py_barrel_detector.egg-info/top_level.txt
[9.995s] reading manifest file 'py_barrel_detector.egg-info/SOURCES.txt'
[10.005s] writing manifest file 'py_barrel_detector.egg-info/SOURCES.txt'
[10.015s] running build_ext
[10.016s] Creating /home/timoha/KSAROmni/install/py_barrel_detector/lib/python3.10/site-packages/py-barrel-detector.egg-link (link to .)
[10.023s] Installing barrel_detector script to /home/timoha/KSAROmni/install/py_barrel_detector/lib/py_barrel_detector
[10.027s] 
[10.029s] Installed /home/timoha/KSAROmni/build/py_barrel_detector
[10.037s] running install_data
[11.047s] Invoked command in '/home/timoha/KSAROmni/build/py_barrel_detector' returned '0': PYTHONPATH=/home/timoha/KSAROmni/build/py_barrel_detector/prefix_override:/home/timoha/KSAROmni/install/py_barrel_detector/lib/python3.10/site-packages:${PYTHONPATH} /usr/bin/python3 setup.py develop --editable --build-directory /home/timoha/KSAROmni/build/py_barrel_detector/build --no-deps install_data
