[6.197s] Invoking command in '/home/timoha/KSAROmni/build/py_main_alg': PYTHONPATH=/home/timoha/KSAROmni/build/py_main_alg/prefix_override:/usr/lib/python3/dist-packages/colcon_core/task/python/colcon_distutils_commands:/home/timoha/KSAROmni/install/py_main_alg/lib/python3.10/site-packages:${PYTHONPATH} /usr/bin/python3 -W ignore:setup.py install is deprecated setup.py develop --editable --build-directory /home/timoha/KSAROmni/build/py_main_alg/build --no-deps symlink_data --force
[8.125s] running develop
[8.129s] /usr/lib/python3/dist-packages/setuptools/command/easy_install.py:158: EasyInstallDeprecationWarning: easy_install command is deprecated. Use build and pip and other standards-based tools.
[8.132s]   warnings.warn(
[9.533s] running egg_info
[9.535s] writing py_main_alg.egg-info/PKG-INFO
[9.548s] writing dependency_links to py_main_alg.egg-info/dependency_links.txt
[9.558s] writing entry points to py_main_alg.egg-info/entry_points.txt
[9.572s] writing requirements to py_main_alg.egg-info/requires.txt
[9.575s] writing top-level names to py_main_alg.egg-info/top_level.txt
[9.591s] reading manifest file 'py_main_alg.egg-info/SOURCES.txt'
[9.595s] writing manifest file 'py_main_alg.egg-info/SOURCES.txt'
[9.605s] running build_ext
[9.606s] Creating /home/timoha/KSAROmni/install/py_main_alg/lib/python3.10/site-packages/py-main-alg.egg-link (link to .)
[9.611s] Installing main_alg script to /home/timoha/KSAROmni/install/py_main_alg/lib/py_main_alg
[9.612s] 
[9.615s] Installed /home/timoha/KSAROmni/build/py_main_alg
[9.616s] running symlink_data
[9.620s] symbolically linking /home/timoha/KSAROmni/build/py_main_alg/resource/py_main_alg -> /home/timoha/KSAROmni/install/py_main_alg/share/ament_index/resource_index/packages
[9.628s] symbolically linking /home/timoha/KSAROmni/build/py_main_alg/package.xml -> /home/timoha/KSAROmni/install/py_main_alg/share/py_main_alg
