[6.688s] DEBUG:colcon:Command line arguments: ['/usr/bin/colcon', 'build', '--packages-select', 'py_main_alg']
[6.688s] DEBUG:colcon:Parsed command line arguments: Namespace(log_base=None, log_level=None, verb_name='build', build_base='build', install_base='install', merge_install=False, symlink_install=False, test_result_base=None, continue_on_error=False, executor='parallel', parallel_workers=4, event_handlers=None, ignore_user_meta=False, metas=['./colcon.meta'], base_paths=['.'], packages_ignore=None, packages_ignore_regex=None, paths=None, packages_up_to=None, packages_up_to_regex=None, packages_above=None, packages_above_and_dependencies=None, packages_above_depth=None, packages_select_by_dep=None, packages_skip_by_dep=None, packages_skip_up_to=None, packages_select_build_failed=False, packages_skip_build_finished=False, packages_select_test_failures=False, packages_skip_test_passed=False, packages_select=['py_main_alg'], packages_skip=None, packages_select_regex=None, packages_skip_regex=None, packages_start=None, packages_end=None, allow_overriding=[], cmake_args=None, cmake_target=None, cmake_target_skip_unavailable=False, cmake_clean_cache=False, cmake_clean_first=False, cmake_force_configure=False, ament_cmake_args=None, catkin_cmake_args=None, catkin_skip_building_tests=False, verb_parser=<colcon_defaults.argument_parser.defaults.DefaultArgumentsDecorator object at 0xffffa8f2efe0>, verb_extension=<colcon_core.verb.build.BuildVerb object at 0xffffa8f2f100>, main=<bound method BuildVerb.main of <colcon_core.verb.build.BuildVerb object at 0xffffa8f2f100>>)
[6.993s] Level 1:colcon.colcon_core.package_discovery:discover_packages(colcon_meta) check parameters
[6.994s] Level 1:colcon.colcon_core.package_discovery:discover_packages(recursive) check parameters
[6.994s] Level 1:colcon.colcon_core.package_discovery:discover_packages(ignore) check parameters
[6.994s] Level 1:colcon.colcon_core.package_discovery:discover_packages(path) check parameters
[6.994s] Level 1:colcon.colcon_core.package_discovery:discover_packages(colcon_meta) discover
[6.995s] Level 1:colcon.colcon_core.package_discovery:discover_packages(recursive) discover
[6.995s] INFO:colcon.colcon_core.package_discovery:Crawling recursively for packages in '/home/timoha/KSAROmni'
[6.995s] Level 1:colcon.colcon_core.package_identification:_identify(.) by extensions ['ignore', 'ignore_ament_install']
[6.996s] Level 1:colcon.colcon_core.package_identification:_identify(.) by extension 'ignore'
[6.996s] Level 1:colcon.colcon_core.package_identification:_identify(.) by extension 'ignore_ament_install'
[6.996s] Level 1:colcon.colcon_core.package_identification:_identify(.) by extensions ['colcon_pkg']
[6.997s] Level 1:colcon.colcon_core.package_identification:_identify(.) by extension 'colcon_pkg'
[6.997s] Level 1:colcon.colcon_core.package_identification:_identify(.) by extensions ['colcon_meta']
[6.997s] Level 1:colcon.colcon_core.package_identification:_identify(.) by extension 'colcon_meta'
[6.997s] Level 1:colcon.colcon_core.package_identification:_identify(.) by extensions ['ros']
[6.997s] Level 1:colcon.colcon_core.package_identification:_identify(.) by extension 'ros'
[7.051s] Level 1:colcon.colcon_core.package_identification:_identify(.) by extensions ['cmake', 'python']
[7.051s] Level 1:colcon.colcon_core.package_identification:_identify(.) by extension 'cmake'
[7.052s] Level 1:colcon.colcon_core.package_identification:_identify(.) by extension 'python'
[7.052s] Level 1:colcon.colcon_core.package_identification:_identify(.) by extensions ['python_setup_py']
[7.052s] Level 1:colcon.colcon_core.package_identification:_identify(.) by extension 'python_setup_py'
[7.053s] Level 1:colcon.colcon_core.package_identification:_identify(build) by extensions ['ignore', 'ignore_ament_install']
[7.053s] Level 1:colcon.colcon_core.package_identification:_identify(build) by extension 'ignore'
[7.054s] Level 1:colcon.colcon_core.package_identification:_identify(build) ignored
[7.054s] Level 1:colcon.colcon_core.package_identification:_identify(install) by extensions ['ignore', 'ignore_ament_install']
[7.055s] Level 1:colcon.colcon_core.package_identification:_identify(install) by extension 'ignore'
[7.055s] Level 1:colcon.colcon_core.package_identification:_identify(install) ignored
[7.056s] Level 1:colcon.colcon_core.package_identification:_identify(log) by extensions ['ignore', 'ignore_ament_install']
[7.057s] Level 1:colcon.colcon_core.package_identification:_identify(log) by extension 'ignore'
[7.057s] Level 1:colcon.colcon_core.package_identification:_identify(log) ignored
[7.058s] Level 1:colcon.colcon_core.package_identification:_identify(src) by extensions ['ignore', 'ignore_ament_install']
[7.059s] Level 1:colcon.colcon_core.package_identification:_identify(src) by extension 'ignore'
[7.059s] Level 1:colcon.colcon_core.package_identification:_identify(src) by extension 'ignore_ament_install'
[7.060s] Level 1:colcon.colcon_core.package_identification:_identify(src) by extensions ['colcon_pkg']
[7.061s] Level 1:colcon.colcon_core.package_identification:_identify(src) by extension 'colcon_pkg'
[7.062s] Level 1:colcon.colcon_core.package_identification:_identify(src) by extensions ['colcon_meta']
[7.062s] Level 1:colcon.colcon_core.package_identification:_identify(src) by extension 'colcon_meta'
[7.063s] Level 1:colcon.colcon_core.package_identification:_identify(src) by extensions ['ros']
[7.064s] Level 1:colcon.colcon_core.package_identification:_identify(src) by extension 'ros'
[7.065s] Level 1:colcon.colcon_core.package_identification:_identify(src) by extensions ['cmake', 'python']
[7.066s] Level 1:colcon.colcon_core.package_identification:_identify(src) by extension 'cmake'
[7.066s] Level 1:colcon.colcon_core.package_identification:_identify(src) by extension 'python'
[7.066s] Level 1:colcon.colcon_core.package_identification:_identify(src) by extensions ['python_setup_py']
[7.066s] Level 1:colcon.colcon_core.package_identification:_identify(src) by extension 'python_setup_py'
[7.067s] Level 1:colcon.colcon_core.package_identification:_identify(src/arrow_package) by extensions ['ignore', 'ignore_ament_install']
[7.068s] Level 1:colcon.colcon_core.package_identification:_identify(src/arrow_package) by extension 'ignore'
[7.068s] Level 1:colcon.colcon_core.package_identification:_identify(src/arrow_package) by extension 'ignore_ament_install'
[7.068s] Level 1:colcon.colcon_core.package_identification:_identify(src/arrow_package) by extensions ['colcon_pkg']
[7.069s] Level 1:colcon.colcon_core.package_identification:_identify(src/arrow_package) by extension 'colcon_pkg'
[7.069s] Level 1:colcon.colcon_core.package_identification:_identify(src/arrow_package) by extensions ['colcon_meta']
[7.069s] Level 1:colcon.colcon_core.package_identification:_identify(src/arrow_package) by extension 'colcon_meta'
[7.069s] Level 1:colcon.colcon_core.package_identification:_identify(src/arrow_package) by extensions ['ros']
[7.070s] Level 1:colcon.colcon_core.package_identification:_identify(src/arrow_package) by extension 'ros'
[7.080s] DEBUG:colcon.colcon_core.package_identification:Package 'src/arrow_package' with type 'ros.ament_cmake' and name 'arrow_package'
[7.081s] Level 1:colcon.colcon_core.package_identification:_identify(src/aruco_publisher) by extensions ['ignore', 'ignore_ament_install']
[7.082s] Level 1:colcon.colcon_core.package_identification:_identify(src/aruco_publisher) by extension 'ignore'
[7.083s] Level 1:colcon.colcon_core.package_identification:_identify(src/aruco_publisher) by extension 'ignore_ament_install'
[7.084s] Level 1:colcon.colcon_core.package_identification:_identify(src/aruco_publisher) by extensions ['colcon_pkg']
[7.085s] Level 1:colcon.colcon_core.package_identification:_identify(src/aruco_publisher) by extension 'colcon_pkg'
[7.086s] Level 1:colcon.colcon_core.package_identification:_identify(src/aruco_publisher) by extensions ['colcon_meta']
[7.087s] Level 1:colcon.colcon_core.package_identification:_identify(src/aruco_publisher) by extension 'colcon_meta'
[7.088s] Level 1:colcon.colcon_core.package_identification:_identify(src/aruco_publisher) by extensions ['ros']
[7.089s] Level 1:colcon.colcon_core.package_identification:_identify(src/aruco_publisher) by extension 'ros'
[7.093s] DEBUG:colcon.colcon_core.package_identification:Package 'src/aruco_publisher' with type 'ros.ament_python' and name 'aruco_publisher'
[7.094s] Level 1:colcon.colcon_core.package_identification:_identify(src/distance_node) by extensions ['ignore', 'ignore_ament_install']
[7.095s] Level 1:colcon.colcon_core.package_identification:_identify(src/distance_node) by extension 'ignore'
[7.095s] Level 1:colcon.colcon_core.package_identification:_identify(src/distance_node) by extension 'ignore_ament_install'
[7.096s] Level 1:colcon.colcon_core.package_identification:_identify(src/distance_node) by extensions ['colcon_pkg']
[7.096s] Level 1:colcon.colcon_core.package_identification:_identify(src/distance_node) by extension 'colcon_pkg'
[7.097s] Level 1:colcon.colcon_core.package_identification:_identify(src/distance_node) by extensions ['colcon_meta']
[7.097s] Level 1:colcon.colcon_core.package_identification:_identify(src/distance_node) by extension 'colcon_meta'
[7.098s] Level 1:colcon.colcon_core.package_identification:_identify(src/distance_node) by extensions ['ros']
[7.098s] Level 1:colcon.colcon_core.package_identification:_identify(src/distance_node) by extension 'ros'
[7.100s] DEBUG:colcon.colcon_core.package_identification:Package 'src/distance_node' with type 'ros.ament_python' and name 'distance_node'
[7.101s] Level 1:colcon.colcon_core.package_identification:_identify(src/kolonka) by extensions ['ignore', 'ignore_ament_install']
[7.102s] Level 1:colcon.colcon_core.package_identification:_identify(src/kolonka) by extension 'ignore'
[7.102s] Level 1:colcon.colcon_core.package_identification:_identify(src/kolonka) by extension 'ignore_ament_install'
[7.102s] Level 1:colcon.colcon_core.package_identification:_identify(src/kolonka) by extensions ['colcon_pkg']
[7.102s] Level 1:colcon.colcon_core.package_identification:_identify(src/kolonka) by extension 'colcon_pkg'
[7.103s] Level 1:colcon.colcon_core.package_identification:_identify(src/kolonka) by extensions ['colcon_meta']
[7.103s] Level 1:colcon.colcon_core.package_identification:_identify(src/kolonka) by extension 'colcon_meta'
[7.103s] Level 1:colcon.colcon_core.package_identification:_identify(src/kolonka) by extensions ['ros']
[7.103s] Level 1:colcon.colcon_core.package_identification:_identify(src/kolonka) by extension 'ros'
[7.106s] DEBUG:colcon.colcon_core.package_identification:Package 'src/kolonka' with type 'ros.ament_python' and name 'kolonka'
[7.107s] Level 1:colcon.colcon_core.package_identification:_identify(src/laser_follow) by extensions ['ignore', 'ignore_ament_install']
[7.108s] Level 1:colcon.colcon_core.package_identification:_identify(src/laser_follow) by extension 'ignore'
[7.108s] Level 1:colcon.colcon_core.package_identification:_identify(src/laser_follow) by extension 'ignore_ament_install'
[7.108s] Level 1:colcon.colcon_core.package_identification:_identify(src/laser_follow) by extensions ['colcon_pkg']
[7.109s] Level 1:colcon.colcon_core.package_identification:_identify(src/laser_follow) by extension 'colcon_pkg'
[7.109s] Level 1:colcon.colcon_core.package_identification:_identify(src/laser_follow) by extensions ['colcon_meta']
[7.109s] Level 1:colcon.colcon_core.package_identification:_identify(src/laser_follow) by extension 'colcon_meta'
[7.110s] Level 1:colcon.colcon_core.package_identification:_identify(src/laser_follow) by extensions ['ros']
[7.110s] Level 1:colcon.colcon_core.package_identification:_identify(src/laser_follow) by extension 'ros'
[7.113s] DEBUG:colcon.colcon_core.package_identification:Package 'src/laser_follow' with type 'ros.ament_python' and name 'laser_follow'
[7.114s] Level 1:colcon.colcon_core.package_identification:_identify(src/launch) by extensions ['ignore', 'ignore_ament_install']
[7.114s] Level 1:colcon.colcon_core.package_identification:_identify(src/launch) by extension 'ignore'
[7.115s] Level 1:colcon.colcon_core.package_identification:_identify(src/launch) by extension 'ignore_ament_install'
[7.115s] Level 1:colcon.colcon_core.package_identification:_identify(src/launch) by extensions ['colcon_pkg']
[7.115s] Level 1:colcon.colcon_core.package_identification:_identify(src/launch) by extension 'colcon_pkg'
[7.115s] Level 1:colcon.colcon_core.package_identification:_identify(src/launch) by extensions ['colcon_meta']
[7.116s] Level 1:colcon.colcon_core.package_identification:_identify(src/launch) by extension 'colcon_meta'
[7.116s] Level 1:colcon.colcon_core.package_identification:_identify(src/launch) by extensions ['ros']
[7.116s] Level 1:colcon.colcon_core.package_identification:_identify(src/launch) by extension 'ros'
[7.116s] Level 1:colcon.colcon_core.package_identification:_identify(src/launch) by extensions ['cmake', 'python']
[7.116s] Level 1:colcon.colcon_core.package_identification:_identify(src/launch) by extension 'cmake'
[7.117s] Level 1:colcon.colcon_core.package_identification:_identify(src/launch) by extension 'python'
[7.117s] Level 1:colcon.colcon_core.package_identification:_identify(src/launch) by extensions ['python_setup_py']
[7.117s] Level 1:colcon.colcon_core.package_identification:_identify(src/launch) by extension 'python_setup_py'
[7.118s] Level 1:colcon.colcon_core.package_identification:_identify(src/lidar_template) by extensions ['ignore', 'ignore_ament_install']
[7.118s] Level 1:colcon.colcon_core.package_identification:_identify(src/lidar_template) by extension 'ignore'
[7.119s] Level 1:colcon.colcon_core.package_identification:_identify(src/lidar_template) by extension 'ignore_ament_install'
[7.119s] Level 1:colcon.colcon_core.package_identification:_identify(src/lidar_template) by extensions ['colcon_pkg']
[7.119s] Level 1:colcon.colcon_core.package_identification:_identify(src/lidar_template) by extension 'colcon_pkg'
[7.120s] Level 1:colcon.colcon_core.package_identification:_identify(src/lidar_template) by extensions ['colcon_meta']
[7.120s] Level 1:colcon.colcon_core.package_identification:_identify(src/lidar_template) by extension 'colcon_meta'
[7.120s] Level 1:colcon.colcon_core.package_identification:_identify(src/lidar_template) by extensions ['ros']
[7.120s] Level 1:colcon.colcon_core.package_identification:_identify(src/lidar_template) by extension 'ros'
[7.124s] DEBUG:colcon.colcon_core.package_identification:Package 'src/lidar_template' with type 'ros.ament_python' and name 'lidar_template'
[7.125s] Level 1:colcon.colcon_core.package_identification:_identify(src/main_package_robot) by extensions ['ignore', 'ignore_ament_install']
[7.126s] Level 1:colcon.colcon_core.package_identification:_identify(src/main_package_robot) by extension 'ignore'
[7.126s] Level 1:colcon.colcon_core.package_identification:_identify(src/main_package_robot) by extension 'ignore_ament_install'
[7.127s] Level 1:colcon.colcon_core.package_identification:_identify(src/main_package_robot) by extensions ['colcon_pkg']
[7.127s] Level 1:colcon.colcon_core.package_identification:_identify(src/main_package_robot) by extension 'colcon_pkg'
[7.127s] Level 1:colcon.colcon_core.package_identification:_identify(src/main_package_robot) by extensions ['colcon_meta']
[7.127s] Level 1:colcon.colcon_core.package_identification:_identify(src/main_package_robot) by extension 'colcon_meta'
[7.127s] Level 1:colcon.colcon_core.package_identification:_identify(src/main_package_robot) by extensions ['ros']
[7.128s] Level 1:colcon.colcon_core.package_identification:_identify(src/main_package_robot) by extension 'ros'
[7.130s] DEBUG:colcon.colcon_core.package_identification:Package 'src/main_package_robot' with type 'ros.ament_python' and name 'main_package_robot'
[7.131s] Level 1:colcon.colcon_core.package_identification:_identify(src/motor_control_node) by extensions ['ignore', 'ignore_ament_install']
[7.131s] Level 1:colcon.colcon_core.package_identification:_identify(src/motor_control_node) by extension 'ignore'
[7.132s] Level 1:colcon.colcon_core.package_identification:_identify(src/motor_control_node) by extension 'ignore_ament_install'
[7.132s] Level 1:colcon.colcon_core.package_identification:_identify(src/motor_control_node) by extensions ['colcon_pkg']
[7.132s] Level 1:colcon.colcon_core.package_identification:_identify(src/motor_control_node) by extension 'colcon_pkg'
[7.133s] Level 1:colcon.colcon_core.package_identification:_identify(src/motor_control_node) by extensions ['colcon_meta']
[7.133s] Level 1:colcon.colcon_core.package_identification:_identify(src/motor_control_node) by extension 'colcon_meta'
[7.133s] Level 1:colcon.colcon_core.package_identification:_identify(src/motor_control_node) by extensions ['ros']
[7.133s] Level 1:colcon.colcon_core.package_identification:_identify(src/motor_control_node) by extension 'ros'
[7.136s] DEBUG:colcon.colcon_core.package_identification:Package 'src/motor_control_node' with type 'ros.ament_python' and name 'motor_control_node'
[7.137s] Level 1:colcon.colcon_core.package_identification:_identify(src/opencv_pub) by extensions ['ignore', 'ignore_ament_install']
[7.137s] Level 1:colcon.colcon_core.package_identification:_identify(src/opencv_pub) by extension 'ignore'
[7.138s] Level 1:colcon.colcon_core.package_identification:_identify(src/opencv_pub) by extension 'ignore_ament_install'
[7.138s] Level 1:colcon.colcon_core.package_identification:_identify(src/opencv_pub) by extensions ['colcon_pkg']
[7.138s] Level 1:colcon.colcon_core.package_identification:_identify(src/opencv_pub) by extension 'colcon_pkg'
[7.139s] Level 1:colcon.colcon_core.package_identification:_identify(src/opencv_pub) by extensions ['colcon_meta']
[7.139s] Level 1:colcon.colcon_core.package_identification:_identify(src/opencv_pub) by extension 'colcon_meta'
[7.139s] Level 1:colcon.colcon_core.package_identification:_identify(src/opencv_pub) by extensions ['ros']
[7.139s] Level 1:colcon.colcon_core.package_identification:_identify(src/opencv_pub) by extension 'ros'
[7.143s] DEBUG:colcon.colcon_core.package_identification:Package 'src/opencv_pub' with type 'ros.ament_python' and name 'opencv_pub'
[7.144s] Level 1:colcon.colcon_core.package_identification:_identify(src/py_barrel_detector) by extensions ['ignore', 'ignore_ament_install']
[7.145s] Level 1:colcon.colcon_core.package_identification:_identify(src/py_barrel_detector) by extension 'ignore'
[7.147s] Level 1:colcon.colcon_core.package_identification:_identify(src/py_barrel_detector) by extension 'ignore_ament_install'
[7.148s] Level 1:colcon.colcon_core.package_identification:_identify(src/py_barrel_detector) by extensions ['colcon_pkg']
[7.149s] Level 1:colcon.colcon_core.package_identification:_identify(src/py_barrel_detector) by extension 'colcon_pkg'
[7.149s] Level 1:colcon.colcon_core.package_identification:_identify(src/py_barrel_detector) by extensions ['colcon_meta']
[7.149s] Level 1:colcon.colcon_core.package_identification:_identify(src/py_barrel_detector) by extension 'colcon_meta'
[7.151s] Level 1:colcon.colcon_core.package_identification:_identify(src/py_barrel_detector) by extensions ['ros']
[7.151s] Level 1:colcon.colcon_core.package_identification:_identify(src/py_barrel_detector) by extension 'ros'
[7.154s] DEBUG:colcon.colcon_core.package_identification:Package 'src/py_barrel_detector' with type 'ros.ament_python' and name 'py_barrel_detector'
[7.155s] Level 1:colcon.colcon_core.package_identification:_identify(src/py_main_alg) by extensions ['ignore', 'ignore_ament_install']
[7.156s] Level 1:colcon.colcon_core.package_identification:_identify(src/py_main_alg) by extension 'ignore'
[7.156s] Level 1:colcon.colcon_core.package_identification:_identify(src/py_main_alg) by extension 'ignore_ament_install'
[7.157s] Level 1:colcon.colcon_core.package_identification:_identify(src/py_main_alg) by extensions ['colcon_pkg']
[7.158s] Level 1:colcon.colcon_core.package_identification:_identify(src/py_main_alg) by extension 'colcon_pkg'
[7.158s] Level 1:colcon.colcon_core.package_identification:_identify(src/py_main_alg) by extensions ['colcon_meta']
[7.158s] Level 1:colcon.colcon_core.package_identification:_identify(src/py_main_alg) by extension 'colcon_meta'
[7.159s] Level 1:colcon.colcon_core.package_identification:_identify(src/py_main_alg) by extensions ['ros']
[7.159s] Level 1:colcon.colcon_core.package_identification:_identify(src/py_main_alg) by extension 'ros'
[7.162s] DEBUG:colcon.colcon_core.package_identification:Package 'src/py_main_alg' with type 'ros.ament_python' and name 'py_main_alg'
[7.163s] Level 1:colcon.colcon_core.package_identification:_identify(src/rplidar_ros2) by extensions ['ignore', 'ignore_ament_install']
[7.163s] Level 1:colcon.colcon_core.package_identification:_identify(src/rplidar_ros2) by extension 'ignore'
[7.164s] Level 1:colcon.colcon_core.package_identification:_identify(src/rplidar_ros2) by extension 'ignore_ament_install'
[7.164s] Level 1:colcon.colcon_core.package_identification:_identify(src/rplidar_ros2) by extensions ['colcon_pkg']
[7.164s] Level 1:colcon.colcon_core.package_identification:_identify(src/rplidar_ros2) by extension 'colcon_pkg'
[7.165s] Level 1:colcon.colcon_core.package_identification:_identify(src/rplidar_ros2) by extensions ['colcon_meta']
[7.165s] Level 1:colcon.colcon_core.package_identification:_identify(src/rplidar_ros2) by extension 'colcon_meta'
[7.165s] Level 1:colcon.colcon_core.package_identification:_identify(src/rplidar_ros2) by extensions ['ros']
[7.166s] Level 1:colcon.colcon_core.package_identification:_identify(src/rplidar_ros2) by extension 'ros'
[7.169s] DEBUG:colcon.colcon_core.package_identification:Package 'src/rplidar_ros2' with type 'ros.ament_cmake' and name 'rplidar_ros'
[7.170s] Level 1:colcon.colcon_core.package_identification:_identify(src/test_pub) by extensions ['ignore', 'ignore_ament_install']
[7.170s] Level 1:colcon.colcon_core.package_identification:_identify(src/test_pub) by extension 'ignore'
[7.171s] Level 1:colcon.colcon_core.package_identification:_identify(src/test_pub) by extension 'ignore_ament_install'
[7.171s] Level 1:colcon.colcon_core.package_identification:_identify(src/test_pub) by extensions ['colcon_pkg']
[7.172s] Level 1:colcon.colcon_core.package_identification:_identify(src/test_pub) by extension 'colcon_pkg'
[7.172s] Level 1:colcon.colcon_core.package_identification:_identify(src/test_pub) by extensions ['colcon_meta']
[7.172s] Level 1:colcon.colcon_core.package_identification:_identify(src/test_pub) by extension 'colcon_meta'
[7.172s] Level 1:colcon.colcon_core.package_identification:_identify(src/test_pub) by extensions ['ros']
[7.173s] Level 1:colcon.colcon_core.package_identification:_identify(src/test_pub) by extension 'ros'
[7.175s] DEBUG:colcon.colcon_core.package_identification:Package 'src/test_pub' with type 'ros.ament_python' and name 'test_pub'
[7.176s] Level 1:colcon.colcon_core.package_discovery:discover_packages(recursive) using defaults
[7.176s] Level 1:colcon.colcon_core.package_discovery:discover_packages(ignore) discover
[7.176s] Level 1:colcon.colcon_core.package_discovery:discover_packages(ignore) using defaults
[7.176s] Level 1:colcon.colcon_core.package_discovery:discover_packages(path) discover
[7.176s] Level 1:colcon.colcon_core.package_discovery:discover_packages(path) using defaults
[7.632s] INFO:colcon.colcon_core.package_selection:Skipping not selected package 'arrow_package' in 'src/arrow_package'
[7.633s] INFO:colcon.colcon_core.package_selection:Skipping not selected package 'aruco_publisher' in 'src/aruco_publisher'
[7.633s] INFO:colcon.colcon_core.package_selection:Skipping not selected package 'distance_node' in 'src/distance_node'
[7.633s] INFO:colcon.colcon_core.package_selection:Skipping not selected package 'kolonka' in 'src/kolonka'
[7.633s] INFO:colcon.colcon_core.package_selection:Skipping not selected package 'laser_follow' in 'src/laser_follow'
[7.633s] INFO:colcon.colcon_core.package_selection:Skipping not selected package 'lidar_template' in 'src/lidar_template'
[7.634s] INFO:colcon.colcon_core.package_selection:Skipping not selected package 'main_package_robot' in 'src/main_package_robot'
[7.634s] INFO:colcon.colcon_core.package_selection:Skipping not selected package 'motor_control_node' in 'src/motor_control_node'
[7.634s] INFO:colcon.colcon_core.package_selection:Skipping not selected package 'opencv_pub' in 'src/opencv_pub'
[7.634s] INFO:colcon.colcon_core.package_selection:Skipping not selected package 'py_barrel_detector' in 'src/py_barrel_detector'
[7.634s] INFO:colcon.colcon_core.package_selection:Skipping not selected package 'rplidar_ros' in 'src/rplidar_ros2'
[7.634s] INFO:colcon.colcon_core.package_selection:Skipping not selected package 'test_pub' in 'src/test_pub'
[7.794s] Level 1:colcon.colcon_core.package_discovery:discover_packages(prefix_path) check parameters
[7.794s] Level 1:colcon.colcon_core.package_discovery:discover_packages(prefix_path) discover
[8.034s] DEBUG:colcon.colcon_installed_package_information.package_discovery:Found 13 installed packages in /home/timoha/KSAROmni/install
[8.123s] DEBUG:colcon.colcon_installed_package_information.package_discovery:Found 270 installed packages in /opt/ros/humble
[8.129s] Level 1:colcon.colcon_core.package_discovery:discover_packages(prefix_path) using defaults
[8.729s] Level 5:colcon.colcon_core.verb:set package 'py_main_alg' build argument 'cmake_args' from command line to 'None'
[8.730s] Level 5:colcon.colcon_core.verb:set package 'py_main_alg' build argument 'cmake_target' from command line to 'None'
[8.730s] Level 5:colcon.colcon_core.verb:set package 'py_main_alg' build argument 'cmake_target_skip_unavailable' from command line to 'False'
[8.730s] Level 5:colcon.colcon_core.verb:set package 'py_main_alg' build argument 'cmake_clean_cache' from command line to 'False'
[8.730s] Level 5:colcon.colcon_core.verb:set package 'py_main_alg' build argument 'cmake_clean_first' from command line to 'False'
[8.731s] Level 5:colcon.colcon_core.verb:set package 'py_main_alg' build argument 'cmake_force_configure' from command line to 'False'
[8.731s] Level 5:colcon.colcon_core.verb:set package 'py_main_alg' build argument 'ament_cmake_args' from command line to 'None'
[8.731s] Level 5:colcon.colcon_core.verb:set package 'py_main_alg' build argument 'catkin_cmake_args' from command line to 'None'
[8.731s] Level 5:colcon.colcon_core.verb:set package 'py_main_alg' build argument 'catkin_skip_building_tests' from command line to 'False'
[8.731s] DEBUG:colcon.colcon_core.verb:Building package 'py_main_alg' with the following arguments: {'ament_cmake_args': None, 'build_base': '/home/timoha/KSAROmni/build/py_main_alg', 'catkin_cmake_args': None, 'catkin_skip_building_tests': False, 'cmake_args': None, 'cmake_clean_cache': False, 'cmake_clean_first': False, 'cmake_force_configure': False, 'cmake_target': None, 'cmake_target_skip_unavailable': False, 'install_base': '/home/timoha/KSAROmni/install/py_main_alg', 'merge_install': False, 'path': '/home/timoha/KSAROmni/src/py_main_alg', 'symlink_install': False, 'test_result_base': None}
[8.842s] INFO:colcon.colcon_core.executor:Executing jobs using 'parallel' executor
[8.942s] DEBUG:colcon.colcon_parallel_executor.executor.parallel:run_until_complete
[8.944s] INFO:colcon.colcon_ros.task.ament_python.build:Building ROS package in '/home/timoha/KSAROmni/src/py_main_alg' with build type 'ament_python'
[8.945s] Level 1:colcon.colcon_core.shell:create_environment_hook('py_main_alg', 'ament_prefix_path')
[9.083s] INFO:colcon.colcon_core.plugin_system:Skipping extension 'colcon_core.shell.bat': Not used on non-Windows systems
[9.084s] INFO:colcon.colcon_core.shell:Creating environment hook '/home/timoha/KSAROmni/install/py_main_alg/share/py_main_alg/hook/ament_prefix_path.ps1'
[9.088s] INFO:colcon.colcon_core.shell:Creating environment descriptor '/home/timoha/KSAROmni/install/py_main_alg/share/py_main_alg/hook/ament_prefix_path.dsv'
[9.090s] INFO:colcon.colcon_core.shell:Creating environment hook '/home/timoha/KSAROmni/install/py_main_alg/share/py_main_alg/hook/ament_prefix_path.sh'
[9.199s] INFO:colcon.colcon_core.shell:Skip shell extension 'powershell' for command environment: Not usable outside of PowerShell
[9.199s] DEBUG:colcon.colcon_core.shell:Skip shell extension 'dsv' for command environment
[11.244s] INFO:colcon.colcon_core.task.python.build:Building Python package in '/home/timoha/KSAROmni/src/py_main_alg'
[11.387s] INFO:colcon.colcon_core.shell:Skip shell extension 'powershell' for command environment: Not usable outside of PowerShell
[11.388s] DEBUG:colcon.colcon_core.shell:Skip shell extension 'dsv' for command environment
[13.874s] DEBUG:colcon.colcon_core.event_handler.log_command:Invoking command in '/home/timoha/KSAROmni/src/py_main_alg': PYTHONPATH=/home/timoha/KSAROmni/build/py_main_alg/prefix_override:/home/timoha/KSAROmni/install/py_main_alg/lib/python3.10/site-packages:${PYTHONPATH} /usr/bin/python3 setup.py egg_info --egg-base ../../build/py_main_alg build --build-base /home/timoha/KSAROmni/build/py_main_alg/build install --record /home/timoha/KSAROmni/build/py_main_alg/install.log --single-version-externally-managed
[15.884s] DEBUG:colcon.colcon_core.event_handler.log_command:Invoked command in '/home/timoha/KSAROmni/src/py_main_alg' returned '0': PYTHONPATH=/home/timoha/KSAROmni/build/py_main_alg/prefix_override:/home/timoha/KSAROmni/install/py_main_alg/lib/python3.10/site-packages:${PYTHONPATH} /usr/bin/python3 setup.py egg_info --egg-base ../../build/py_main_alg build --build-base /home/timoha/KSAROmni/build/py_main_alg/build install --record /home/timoha/KSAROmni/build/py_main_alg/install.log --single-version-externally-managed
[15.978s] Level 1:colcon.colcon_core.environment:checking '/home/timoha/KSAROmni/install/py_main_alg' for CMake module files
[15.980s] Level 1:colcon.colcon_core.environment:checking '/home/timoha/KSAROmni/install/py_main_alg' for CMake config files
[15.984s] Level 1:colcon.colcon_core.environment:checking '/home/timoha/KSAROmni/install/py_main_alg/lib'
[15.985s] Level 1:colcon.colcon_core.environment:checking '/home/timoha/KSAROmni/install/py_main_alg/bin'
[15.985s] Level 1:colcon.colcon_core.environment:checking '/home/timoha/KSAROmni/install/py_main_alg/lib/pkgconfig/py_main_alg.pc'
[15.986s] Level 1:colcon.colcon_core.environment:checking '/home/timoha/KSAROmni/install/py_main_alg/lib/python3.10/site-packages'
[15.987s] Level 1:colcon.colcon_core.shell:create_environment_hook('py_main_alg', 'pythonpath')
[16.079s] INFO:colcon.colcon_core.shell:Creating environment hook '/home/timoha/KSAROmni/install/py_main_alg/share/py_main_alg/hook/pythonpath.ps1'
[16.082s] INFO:colcon.colcon_core.shell:Creating environment descriptor '/home/timoha/KSAROmni/install/py_main_alg/share/py_main_alg/hook/pythonpath.dsv'
[16.084s] INFO:colcon.colcon_core.shell:Creating environment hook '/home/timoha/KSAROmni/install/py_main_alg/share/py_main_alg/hook/pythonpath.sh'
[16.088s] Level 1:colcon.colcon_core.environment:checking '/home/timoha/KSAROmni/install/py_main_alg/bin'
[16.088s] Level 1:colcon.colcon_core.environment:create_environment_scripts_only(py_main_alg)
[16.203s] INFO:colcon.colcon_core.shell:Creating package script '/home/timoha/KSAROmni/install/py_main_alg/share/py_main_alg/package.ps1'
[16.207s] INFO:colcon.colcon_core.shell:Creating package descriptor '/home/timoha/KSAROmni/install/py_main_alg/share/py_main_alg/package.dsv'
[16.210s] INFO:colcon.colcon_core.shell:Creating package script '/home/timoha/KSAROmni/install/py_main_alg/share/py_main_alg/package.sh'
[16.214s] INFO:colcon.colcon_core.shell:Creating package script '/home/timoha/KSAROmni/install/py_main_alg/share/py_main_alg/package.bash'
[16.218s] INFO:colcon.colcon_core.shell:Creating package script '/home/timoha/KSAROmni/install/py_main_alg/share/py_main_alg/package.zsh'
[16.223s] Level 1:colcon.colcon_core.environment:create_file_with_runtime_dependencies(/home/timoha/KSAROmni/install/py_main_alg/share/colcon-core/packages/py_main_alg)
[16.225s] DEBUG:colcon.colcon_parallel_executor.executor.parallel:closing loop
[16.227s] DEBUG:colcon.colcon_parallel_executor.executor.parallel:loop closed
[16.227s] DEBUG:colcon.colcon_parallel_executor.executor.parallel:run_until_complete finished with '0'
[16.231s] DEBUG:colcon.colcon_core.event_reactor:joining thread
[16.381s] INFO:colcon.colcon_core.plugin_system:Skipping extension 'colcon_notification.desktop_notification.terminal_notifier': Not used on non-Darwin systems
[16.382s] INFO:colcon.colcon_core.plugin_system:Skipping extension 'colcon_notification.desktop_notification.win32': Not used on non-Windows systems
[16.382s] INFO:colcon.colcon_notification.desktop_notification:Sending desktop notification using 'notify2'
[16.388s] DEBUG:colcon.colcon_notification.desktop_notification.notify2:Failed to initialize notify2: org.freedesktop.DBus.Error.ServiceUnknown: The name org.freedesktop.Notifications was not provided by any .service files
[16.389s] DEBUG:colcon.colcon_core.event_reactor:joined thread
[16.504s] INFO:colcon.colcon_core.shell:Creating prefix script '/home/timoha/KSAROmni/install/local_setup.ps1'
[16.508s] INFO:colcon.colcon_core.shell:Creating prefix util module '/home/timoha/KSAROmni/install/_local_setup_util_ps1.py'
[16.514s] INFO:colcon.colcon_core.shell:Creating prefix chain script '/home/timoha/KSAROmni/install/setup.ps1'
[16.633s] INFO:colcon.colcon_core.shell:Creating prefix script '/home/timoha/KSAROmni/install/local_setup.sh'
[16.635s] INFO:colcon.colcon_core.shell:Creating prefix util module '/home/timoha/KSAROmni/install/_local_setup_util_sh.py'
[16.638s] INFO:colcon.colcon_core.shell:Creating prefix chain script '/home/timoha/KSAROmni/install/setup.sh'
[16.730s] INFO:colcon.colcon_core.shell:Creating prefix script '/home/timoha/KSAROmni/install/local_setup.bash'
[16.732s] INFO:colcon.colcon_core.shell:Creating prefix chain script '/home/timoha/KSAROmni/install/setup.bash'
[16.815s] INFO:colcon.colcon_core.shell:Creating prefix script '/home/timoha/KSAROmni/install/local_setup.zsh'
[16.817s] INFO:colcon.colcon_core.shell:Creating prefix chain script '/home/timoha/KSAROmni/install/setup.zsh'
