[7.584s] Invoking command in '/home/timoha/KSAROmni/build/opencv_pub': PYTHONPATH=/home/timoha/KSAROmni/build/opencv_pub/prefix_override:/home/timoha/KSAROmni/install/opencv_pub/lib/python3.10/site-packages:${PYTHONPATH} /usr/bin/python3 setup.py develop --editable --build-directory /home/timoha/KSAROmni/build/opencv_pub/build --no-deps install_data
[9.466s] running develop
[9.468s] /usr/lib/python3/dist-packages/setuptools/command/easy_install.py:158: EasyInstallDeprecationWarning: easy_install command is deprecated. Use build and pip and other standards-based tools.
[9.469s]   warnings.warn(
[9.476s] /usr/lib/python3/dist-packages/setuptools/command/install.py:34: SetuptoolsDeprecationWarning: setup.py install is deprecated. Use build and pip and other standards-based tools.
[9.476s]   warnings.warn(
[10.944s] running egg_info
[10.946s] writing opencv_pub.egg-info/PKG-INFO
[10.949s] writing dependency_links to opencv_pub.egg-info/dependency_links.txt
[10.951s] writing entry points to opencv_pub.egg-info/entry_points.txt
[10.954s] writing requirements to opencv_pub.egg-info/requires.txt
[10.955s] writing top-level names to opencv_pub.egg-info/top_level.txt
[10.967s] reading manifest file 'opencv_pub.egg-info/SOURCES.txt'
[10.972s] writing manifest file 'opencv_pub.egg-info/SOURCES.txt'
[10.979s] running build_ext
[10.982s] Creating /home/timoha/KSAROmni/install/opencv_pub/lib/python3.10/site-packages/opencv-pub.egg-link (link to .)
[10.987s] Installing CAM script to /home/timoha/KSAROmni/install/opencv_pub/lib/opencv_pub
[10.990s] 
[10.991s] Installed /home/timoha/KSAROmni/build/opencv_pub
[10.993s] running install_data
[11.198s] Invoked command in '/home/timoha/KSAROmni/build/opencv_pub' returned '0': PYTHONPATH=/home/timoha/KSAROmni/build/opencv_pub/prefix_override:/home/timoha/KSAROmni/install/opencv_pub/lib/python3.10/site-packages:${PYTHONPATH} /usr/bin/python3 setup.py develop --editable --build-directory /home/timoha/KSAROmni/build/opencv_pub/build --no-deps install_data
