[5.309s] DEBUG:colcon:Command line arguments: ['/usr/bin/colcon', 'build', '--packages-select', 'py_main_alg', 'main_alg']
[5.309s] DEBUG:colcon:Parsed command line arguments: Namespace(log_base=None, log_level=None, verb_name='build', build_base='build', install_base='install', merge_install=False, symlink_install=False, test_result_base=None, continue_on_error=False, executor='parallel', parallel_workers=4, event_handlers=None, ignore_user_meta=False, metas=['./colcon.meta'], base_paths=['.'], packages_ignore=None, packages_ignore_regex=None, paths=None, packages_up_to=None, packages_up_to_regex=None, packages_above=None, packages_above_and_dependencies=None, packages_above_depth=None, packages_select_by_dep=None, packages_skip_by_dep=None, packages_skip_up_to=None, packages_select_build_failed=False, packages_skip_build_finished=False, packages_select_test_failures=False, packages_skip_test_passed=False, packages_select=['py_main_alg', 'main_alg'], packages_skip=None, packages_select_regex=None, packages_skip_regex=None, packages_start=None, packages_end=None, allow_overriding=[], cmake_args=None, cmake_target=None, cmake_target_skip_unavailable=False, cmake_clean_cache=False, cmake_clean_first=False, cmake_force_configure=False, ament_cmake_args=None, catkin_cmake_args=None, catkin_skip_building_tests=False, verb_parser=<colcon_defaults.argument_parser.defaults.DefaultArgumentsDecorator object at 0xffffa2f8cee0>, verb_extension=<colcon_core.verb.build.BuildVerb object at 0xffffa2f8e5c0>, main=<bound method BuildVerb.main of <colcon_core.verb.build.BuildVerb object at 0xffffa2f8e5c0>>)
[5.652s] Level 1:colcon.colcon_core.package_discovery:discover_packages(colcon_meta) check parameters
[5.652s] Level 1:colcon.colcon_core.package_discovery:discover_packages(recursive) check parameters
[5.653s] Level 1:colcon.colcon_core.package_discovery:discover_packages(ignore) check parameters
[5.653s] Level 1:colcon.colcon_core.package_discovery:discover_packages(path) check parameters
[5.653s] Level 1:colcon.colcon_core.package_discovery:discover_packages(colcon_meta) discover
[5.653s] Level 1:colcon.colcon_core.package_discovery:discover_packages(recursive) discover
[5.654s] INFO:colcon.colcon_core.package_discovery:Crawling recursively for packages in '/home/timoha/KSAROmni'
[5.654s] Level 1:colcon.colcon_core.package_identification:_identify(.) by extensions ['ignore', 'ignore_ament_install']
[5.655s] Level 1:colcon.colcon_core.package_identification:_identify(.) by extension 'ignore'
[5.655s] Level 1:colcon.colcon_core.package_identification:_identify(.) by extension 'ignore_ament_install'
[5.655s] Level 1:colcon.colcon_core.package_identification:_identify(.) by extensions ['colcon_pkg']
[5.656s] Level 1:colcon.colcon_core.package_identification:_identify(.) by extension 'colcon_pkg'
[5.656s] Level 1:colcon.colcon_core.package_identification:_identify(.) by extensions ['colcon_meta']
[5.656s] Level 1:colcon.colcon_core.package_identification:_identify(.) by extension 'colcon_meta'
[5.656s] Level 1:colcon.colcon_core.package_identification:_identify(.) by extensions ['ros']
[5.656s] Level 1:colcon.colcon_core.package_identification:_identify(.) by extension 'ros'
[5.726s] Level 1:colcon.colcon_core.package_identification:_identify(.) by extensions ['cmake', 'python']
[5.726s] Level 1:colcon.colcon_core.package_identification:_identify(.) by extension 'cmake'
[5.727s] Level 1:colcon.colcon_core.package_identification:_identify(.) by extension 'python'
[5.727s] Level 1:colcon.colcon_core.package_identification:_identify(.) by extensions ['python_setup_py']
[5.727s] Level 1:colcon.colcon_core.package_identification:_identify(.) by extension 'python_setup_py'
[5.728s] Level 1:colcon.colcon_core.package_identification:_identify(build) by extensions ['ignore', 'ignore_ament_install']
[5.728s] Level 1:colcon.colcon_core.package_identification:_identify(build) by extension 'ignore'
[5.728s] Level 1:colcon.colcon_core.package_identification:_identify(build) ignored
[5.729s] Level 1:colcon.colcon_core.package_identification:_identify(install) by extensions ['ignore', 'ignore_ament_install']
[5.730s] Level 1:colcon.colcon_core.package_identification:_identify(install) by extension 'ignore'
[5.730s] Level 1:colcon.colcon_core.package_identification:_identify(install) ignored
[5.731s] Level 1:colcon.colcon_core.package_identification:_identify(log) by extensions ['ignore', 'ignore_ament_install']
[5.731s] Level 1:colcon.colcon_core.package_identification:_identify(log) by extension 'ignore'
[5.731s] Level 1:colcon.colcon_core.package_identification:_identify(log) ignored
[5.732s] Level 1:colcon.colcon_core.package_identification:_identify(src) by extensions ['ignore', 'ignore_ament_install']
[5.732s] Level 1:colcon.colcon_core.package_identification:_identify(src) by extension 'ignore'
[5.732s] Level 1:colcon.colcon_core.package_identification:_identify(src) by extension 'ignore_ament_install'
[5.733s] Level 1:colcon.colcon_core.package_identification:_identify(src) by extensions ['colcon_pkg']
[5.733s] Level 1:colcon.colcon_core.package_identification:_identify(src) by extension 'colcon_pkg'
[5.733s] Level 1:colcon.colcon_core.package_identification:_identify(src) by extensions ['colcon_meta']
[5.733s] Level 1:colcon.colcon_core.package_identification:_identify(src) by extension 'colcon_meta'
[5.733s] Level 1:colcon.colcon_core.package_identification:_identify(src) by extensions ['ros']
[5.733s] Level 1:colcon.colcon_core.package_identification:_identify(src) by extension 'ros'
[5.734s] Level 1:colcon.colcon_core.package_identification:_identify(src) by extensions ['cmake', 'python']
[5.734s] Level 1:colcon.colcon_core.package_identification:_identify(src) by extension 'cmake'
[5.734s] Level 1:colcon.colcon_core.package_identification:_identify(src) by extension 'python'
[5.734s] Level 1:colcon.colcon_core.package_identification:_identify(src) by extensions ['python_setup_py']
[5.735s] Level 1:colcon.colcon_core.package_identification:_identify(src) by extension 'python_setup_py'
[5.735s] Level 1:colcon.colcon_core.package_identification:_identify(src/arrow_package) by extensions ['ignore', 'ignore_ament_install']
[5.735s] Level 1:colcon.colcon_core.package_identification:_identify(src/arrow_package) by extension 'ignore'
[5.736s] Level 1:colcon.colcon_core.package_identification:_identify(src/arrow_package) by extension 'ignore_ament_install'
[5.736s] Level 1:colcon.colcon_core.package_identification:_identify(src/arrow_package) by extensions ['colcon_pkg']
[5.736s] Level 1:colcon.colcon_core.package_identification:_identify(src/arrow_package) by extension 'colcon_pkg'
[5.736s] Level 1:colcon.colcon_core.package_identification:_identify(src/arrow_package) by extensions ['colcon_meta']
[5.737s] Level 1:colcon.colcon_core.package_identification:_identify(src/arrow_package) by extension 'colcon_meta'
[5.737s] Level 1:colcon.colcon_core.package_identification:_identify(src/arrow_package) by extensions ['ros']
[5.737s] Level 1:colcon.colcon_core.package_identification:_identify(src/arrow_package) by extension 'ros'
[5.750s] DEBUG:colcon.colcon_core.package_identification:Package 'src/arrow_package' with type 'ros.ament_cmake' and name 'arrow_package'
[5.751s] Level 1:colcon.colcon_core.package_identification:_identify(src/aruco_publisher) by extensions ['ignore', 'ignore_ament_install']
[5.752s] Level 1:colcon.colcon_core.package_identification:_identify(src/aruco_publisher) by extension 'ignore'
[5.752s] Level 1:colcon.colcon_core.package_identification:_identify(src/aruco_publisher) by extension 'ignore_ament_install'
[5.752s] Level 1:colcon.colcon_core.package_identification:_identify(src/aruco_publisher) by extensions ['colcon_pkg']
[5.753s] Level 1:colcon.colcon_core.package_identification:_identify(src/aruco_publisher) by extension 'colcon_pkg'
[5.753s] Level 1:colcon.colcon_core.package_identification:_identify(src/aruco_publisher) by extensions ['colcon_meta']
[5.753s] Level 1:colcon.colcon_core.package_identification:_identify(src/aruco_publisher) by extension 'colcon_meta'
[5.753s] Level 1:colcon.colcon_core.package_identification:_identify(src/aruco_publisher) by extensions ['ros']
[5.754s] Level 1:colcon.colcon_core.package_identification:_identify(src/aruco_publisher) by extension 'ros'
[5.757s] DEBUG:colcon.colcon_core.package_identification:Package 'src/aruco_publisher' with type 'ros.ament_python' and name 'aruco_publisher'
[5.758s] Level 1:colcon.colcon_core.package_identification:_identify(src/distance_node) by extensions ['ignore', 'ignore_ament_install']
[5.759s] Level 1:colcon.colcon_core.package_identification:_identify(src/distance_node) by extension 'ignore'
[5.759s] Level 1:colcon.colcon_core.package_identification:_identify(src/distance_node) by extension 'ignore_ament_install'
[5.759s] Level 1:colcon.colcon_core.package_identification:_identify(src/distance_node) by extensions ['colcon_pkg']
[5.759s] Level 1:colcon.colcon_core.package_identification:_identify(src/distance_node) by extension 'colcon_pkg'
[5.760s] Level 1:colcon.colcon_core.package_identification:_identify(src/distance_node) by extensions ['colcon_meta']
[5.760s] Level 1:colcon.colcon_core.package_identification:_identify(src/distance_node) by extension 'colcon_meta'
[5.760s] Level 1:colcon.colcon_core.package_identification:_identify(src/distance_node) by extensions ['ros']
[5.760s] Level 1:colcon.colcon_core.package_identification:_identify(src/distance_node) by extension 'ros'
[5.763s] DEBUG:colcon.colcon_core.package_identification:Package 'src/distance_node' with type 'ros.ament_python' and name 'distance_node'
[5.763s] Level 1:colcon.colcon_core.package_identification:_identify(src/kolonka) by extensions ['ignore', 'ignore_ament_install']
[5.764s] Level 1:colcon.colcon_core.package_identification:_identify(src/kolonka) by extension 'ignore'
[5.764s] Level 1:colcon.colcon_core.package_identification:_identify(src/kolonka) by extension 'ignore_ament_install'
[5.764s] Level 1:colcon.colcon_core.package_identification:_identify(src/kolonka) by extensions ['colcon_pkg']
[5.765s] Level 1:colcon.colcon_core.package_identification:_identify(src/kolonka) by extension 'colcon_pkg'
[5.765s] Level 1:colcon.colcon_core.package_identification:_identify(src/kolonka) by extensions ['colcon_meta']
[5.765s] Level 1:colcon.colcon_core.package_identification:_identify(src/kolonka) by extension 'colcon_meta'
[5.765s] Level 1:colcon.colcon_core.package_identification:_identify(src/kolonka) by extensions ['ros']
[5.765s] Level 1:colcon.colcon_core.package_identification:_identify(src/kolonka) by extension 'ros'
[5.769s] DEBUG:colcon.colcon_core.package_identification:Package 'src/kolonka' with type 'ros.ament_python' and name 'kolonka'
[5.769s] Level 1:colcon.colcon_core.package_identification:_identify(src/laser_follow) by extensions ['ignore', 'ignore_ament_install']
[5.770s] Level 1:colcon.colcon_core.package_identification:_identify(src/laser_follow) by extension 'ignore'
[5.770s] Level 1:colcon.colcon_core.package_identification:_identify(src/laser_follow) by extension 'ignore_ament_install'
[5.770s] Level 1:colcon.colcon_core.package_identification:_identify(src/laser_follow) by extensions ['colcon_pkg']
[5.771s] Level 1:colcon.colcon_core.package_identification:_identify(src/laser_follow) by extension 'colcon_pkg'
[5.771s] Level 1:colcon.colcon_core.package_identification:_identify(src/laser_follow) by extensions ['colcon_meta']
[5.771s] Level 1:colcon.colcon_core.package_identification:_identify(src/laser_follow) by extension 'colcon_meta'
[5.771s] Level 1:colcon.colcon_core.package_identification:_identify(src/laser_follow) by extensions ['ros']
[5.771s] Level 1:colcon.colcon_core.package_identification:_identify(src/laser_follow) by extension 'ros'
[5.774s] DEBUG:colcon.colcon_core.package_identification:Package 'src/laser_follow' with type 'ros.ament_python' and name 'laser_follow'
[5.775s] Level 1:colcon.colcon_core.package_identification:_identify(src/launch) by extensions ['ignore', 'ignore_ament_install']
[5.775s] Level 1:colcon.colcon_core.package_identification:_identify(src/launch) by extension 'ignore'
[5.776s] Level 1:colcon.colcon_core.package_identification:_identify(src/launch) by extension 'ignore_ament_install'
[5.776s] Level 1:colcon.colcon_core.package_identification:_identify(src/launch) by extensions ['colcon_pkg']
[5.776s] Level 1:colcon.colcon_core.package_identification:_identify(src/launch) by extension 'colcon_pkg'
[5.776s] Level 1:colcon.colcon_core.package_identification:_identify(src/launch) by extensions ['colcon_meta']
[5.777s] Level 1:colcon.colcon_core.package_identification:_identify(src/launch) by extension 'colcon_meta'
[5.777s] Level 1:colcon.colcon_core.package_identification:_identify(src/launch) by extensions ['ros']
[5.777s] Level 1:colcon.colcon_core.package_identification:_identify(src/launch) by extension 'ros'
[5.777s] Level 1:colcon.colcon_core.package_identification:_identify(src/launch) by extensions ['cmake', 'python']
[5.778s] Level 1:colcon.colcon_core.package_identification:_identify(src/launch) by extension 'cmake'
[5.778s] Level 1:colcon.colcon_core.package_identification:_identify(src/launch) by extension 'python'
[5.778s] Level 1:colcon.colcon_core.package_identification:_identify(src/launch) by extensions ['python_setup_py']
[5.778s] Level 1:colcon.colcon_core.package_identification:_identify(src/launch) by extension 'python_setup_py'
[5.779s] Level 1:colcon.colcon_core.package_identification:_identify(src/lidar_template) by extensions ['ignore', 'ignore_ament_install']
[5.779s] Level 1:colcon.colcon_core.package_identification:_identify(src/lidar_template) by extension 'ignore'
[5.779s] Level 1:colcon.colcon_core.package_identification:_identify(src/lidar_template) by extension 'ignore_ament_install'
[5.780s] Level 1:colcon.colcon_core.package_identification:_identify(src/lidar_template) by extensions ['colcon_pkg']
[5.780s] Level 1:colcon.colcon_core.package_identification:_identify(src/lidar_template) by extension 'colcon_pkg'
[5.780s] Level 1:colcon.colcon_core.package_identification:_identify(src/lidar_template) by extensions ['colcon_meta']
[5.780s] Level 1:colcon.colcon_core.package_identification:_identify(src/lidar_template) by extension 'colcon_meta'
[5.780s] Level 1:colcon.colcon_core.package_identification:_identify(src/lidar_template) by extensions ['ros']
[5.781s] Level 1:colcon.colcon_core.package_identification:_identify(src/lidar_template) by extension 'ros'
[5.785s] DEBUG:colcon.colcon_core.package_identification:Package 'src/lidar_template' with type 'ros.ament_python' and name 'lidar_template'
[5.786s] Level 1:colcon.colcon_core.package_identification:_identify(src/main_package_robot) by extensions ['ignore', 'ignore_ament_install']
[5.786s] Level 1:colcon.colcon_core.package_identification:_identify(src/main_package_robot) by extension 'ignore'
[5.786s] Level 1:colcon.colcon_core.package_identification:_identify(src/main_package_robot) by extension 'ignore_ament_install'
[5.787s] Level 1:colcon.colcon_core.package_identification:_identify(src/main_package_robot) by extensions ['colcon_pkg']
[5.787s] Level 1:colcon.colcon_core.package_identification:_identify(src/main_package_robot) by extension 'colcon_pkg'
[5.787s] Level 1:colcon.colcon_core.package_identification:_identify(src/main_package_robot) by extensions ['colcon_meta']
[5.787s] Level 1:colcon.colcon_core.package_identification:_identify(src/main_package_robot) by extension 'colcon_meta'
[5.787s] Level 1:colcon.colcon_core.package_identification:_identify(src/main_package_robot) by extensions ['ros']
[5.788s] Level 1:colcon.colcon_core.package_identification:_identify(src/main_package_robot) by extension 'ros'
[5.791s] DEBUG:colcon.colcon_core.package_identification:Package 'src/main_package_robot' with type 'ros.ament_python' and name 'main_package_robot'
[5.791s] Level 1:colcon.colcon_core.package_identification:_identify(src/motor_control_node) by extensions ['ignore', 'ignore_ament_install']
[5.792s] Level 1:colcon.colcon_core.package_identification:_identify(src/motor_control_node) by extension 'ignore'
[5.792s] Level 1:colcon.colcon_core.package_identification:_identify(src/motor_control_node) by extension 'ignore_ament_install'
[5.792s] Level 1:colcon.colcon_core.package_identification:_identify(src/motor_control_node) by extensions ['colcon_pkg']
[5.793s] Level 1:colcon.colcon_core.package_identification:_identify(src/motor_control_node) by extension 'colcon_pkg'
[5.793s] Level 1:colcon.colcon_core.package_identification:_identify(src/motor_control_node) by extensions ['colcon_meta']
[5.793s] Level 1:colcon.colcon_core.package_identification:_identify(src/motor_control_node) by extension 'colcon_meta'
[5.793s] Level 1:colcon.colcon_core.package_identification:_identify(src/motor_control_node) by extensions ['ros']
[5.794s] Level 1:colcon.colcon_core.package_identification:_identify(src/motor_control_node) by extension 'ros'
[5.797s] DEBUG:colcon.colcon_core.package_identification:Package 'src/motor_control_node' with type 'ros.ament_python' and name 'motor_control_node'
[5.797s] Level 1:colcon.colcon_core.package_identification:_identify(src/opencv_pub) by extensions ['ignore', 'ignore_ament_install']
[5.798s] Level 1:colcon.colcon_core.package_identification:_identify(src/opencv_pub) by extension 'ignore'
[5.798s] Level 1:colcon.colcon_core.package_identification:_identify(src/opencv_pub) by extension 'ignore_ament_install'
[5.798s] Level 1:colcon.colcon_core.package_identification:_identify(src/opencv_pub) by extensions ['colcon_pkg']
[5.799s] Level 1:colcon.colcon_core.package_identification:_identify(src/opencv_pub) by extension 'colcon_pkg'
[5.799s] Level 1:colcon.colcon_core.package_identification:_identify(src/opencv_pub) by extensions ['colcon_meta']
[5.799s] Level 1:colcon.colcon_core.package_identification:_identify(src/opencv_pub) by extension 'colcon_meta'
[5.799s] Level 1:colcon.colcon_core.package_identification:_identify(src/opencv_pub) by extensions ['ros']
[5.799s] Level 1:colcon.colcon_core.package_identification:_identify(src/opencv_pub) by extension 'ros'
[5.802s] DEBUG:colcon.colcon_core.package_identification:Package 'src/opencv_pub' with type 'ros.ament_python' and name 'opencv_pub'
[5.803s] Level 1:colcon.colcon_core.package_identification:_identify(src/py_barrel_detector) by extensions ['ignore', 'ignore_ament_install']
[5.803s] Level 1:colcon.colcon_core.package_identification:_identify(src/py_barrel_detector) by extension 'ignore'
[5.804s] Level 1:colcon.colcon_core.package_identification:_identify(src/py_barrel_detector) by extension 'ignore_ament_install'
[5.804s] Level 1:colcon.colcon_core.package_identification:_identify(src/py_barrel_detector) by extensions ['colcon_pkg']
[5.804s] Level 1:colcon.colcon_core.package_identification:_identify(src/py_barrel_detector) by extension 'colcon_pkg'
[5.804s] Level 1:colcon.colcon_core.package_identification:_identify(src/py_barrel_detector) by extensions ['colcon_meta']
[5.804s] Level 1:colcon.colcon_core.package_identification:_identify(src/py_barrel_detector) by extension 'colcon_meta'
[5.805s] Level 1:colcon.colcon_core.package_identification:_identify(src/py_barrel_detector) by extensions ['ros']
[5.805s] Level 1:colcon.colcon_core.package_identification:_identify(src/py_barrel_detector) by extension 'ros'
[5.808s] DEBUG:colcon.colcon_core.package_identification:Package 'src/py_barrel_detector' with type 'ros.ament_python' and name 'py_barrel_detector'
[5.809s] Level 1:colcon.colcon_core.package_identification:_identify(src/py_main_alg) by extensions ['ignore', 'ignore_ament_install']
[5.809s] Level 1:colcon.colcon_core.package_identification:_identify(src/py_main_alg) by extension 'ignore'
[5.809s] Level 1:colcon.colcon_core.package_identification:_identify(src/py_main_alg) by extension 'ignore_ament_install'
[5.810s] Level 1:colcon.colcon_core.package_identification:_identify(src/py_main_alg) by extensions ['colcon_pkg']
[5.810s] Level 1:colcon.colcon_core.package_identification:_identify(src/py_main_alg) by extension 'colcon_pkg'
[5.810s] Level 1:colcon.colcon_core.package_identification:_identify(src/py_main_alg) by extensions ['colcon_meta']
[5.810s] Level 1:colcon.colcon_core.package_identification:_identify(src/py_main_alg) by extension 'colcon_meta'
[5.810s] Level 1:colcon.colcon_core.package_identification:_identify(src/py_main_alg) by extensions ['ros']
[5.811s] Level 1:colcon.colcon_core.package_identification:_identify(src/py_main_alg) by extension 'ros'
[5.814s] DEBUG:colcon.colcon_core.package_identification:Package 'src/py_main_alg' with type 'ros.ament_python' and name 'py_main_alg'
[5.814s] Level 1:colcon.colcon_core.package_identification:_identify(src/rplidar_ros2) by extensions ['ignore', 'ignore_ament_install']
[5.815s] Level 1:colcon.colcon_core.package_identification:_identify(src/rplidar_ros2) by extension 'ignore'
[5.815s] Level 1:colcon.colcon_core.package_identification:_identify(src/rplidar_ros2) by extension 'ignore_ament_install'
[5.816s] Level 1:colcon.colcon_core.package_identification:_identify(src/rplidar_ros2) by extensions ['colcon_pkg']
[5.816s] Level 1:colcon.colcon_core.package_identification:_identify(src/rplidar_ros2) by extension 'colcon_pkg'
[5.816s] Level 1:colcon.colcon_core.package_identification:_identify(src/rplidar_ros2) by extensions ['colcon_meta']
[5.816s] Level 1:colcon.colcon_core.package_identification:_identify(src/rplidar_ros2) by extension 'colcon_meta'
[5.816s] Level 1:colcon.colcon_core.package_identification:_identify(src/rplidar_ros2) by extensions ['ros']
[5.817s] Level 1:colcon.colcon_core.package_identification:_identify(src/rplidar_ros2) by extension 'ros'
[5.820s] DEBUG:colcon.colcon_core.package_identification:Package 'src/rplidar_ros2' with type 'ros.ament_cmake' and name 'rplidar_ros'
[5.821s] Level 1:colcon.colcon_core.package_identification:_identify(src/test_pub) by extensions ['ignore', 'ignore_ament_install']
[5.821s] Level 1:colcon.colcon_core.package_identification:_identify(src/test_pub) by extension 'ignore'
[5.821s] Level 1:colcon.colcon_core.package_identification:_identify(src/test_pub) by extension 'ignore_ament_install'
[5.822s] Level 1:colcon.colcon_core.package_identification:_identify(src/test_pub) by extensions ['colcon_pkg']
[5.822s] Level 1:colcon.colcon_core.package_identification:_identify(src/test_pub) by extension 'colcon_pkg'
[5.822s] Level 1:colcon.colcon_core.package_identification:_identify(src/test_pub) by extensions ['colcon_meta']
[5.822s] Level 1:colcon.colcon_core.package_identification:_identify(src/test_pub) by extension 'colcon_meta'
[5.822s] Level 1:colcon.colcon_core.package_identification:_identify(src/test_pub) by extensions ['ros']
[5.823s] Level 1:colcon.colcon_core.package_identification:_identify(src/test_pub) by extension 'ros'
[5.826s] DEBUG:colcon.colcon_core.package_identification:Package 'src/test_pub' with type 'ros.ament_python' and name 'test_pub'
[5.826s] Level 1:colcon.colcon_core.package_discovery:discover_packages(recursive) using defaults
[5.826s] Level 1:colcon.colcon_core.package_discovery:discover_packages(ignore) discover
[5.826s] Level 1:colcon.colcon_core.package_discovery:discover_packages(ignore) using defaults
[5.827s] Level 1:colcon.colcon_core.package_discovery:discover_packages(path) discover
[5.827s] Level 1:colcon.colcon_core.package_discovery:discover_packages(path) using defaults
[5.895s] WARNING:colcon.colcon_core.package_selection:ignoring unknown package 'main_alg' in --packages-select
[6.201s] INFO:colcon.colcon_core.package_selection:Skipping not selected package 'arrow_package' in 'src/arrow_package'
[6.201s] INFO:colcon.colcon_core.package_selection:Skipping not selected package 'aruco_publisher' in 'src/aruco_publisher'
[6.201s] INFO:colcon.colcon_core.package_selection:Skipping not selected package 'distance_node' in 'src/distance_node'
[6.201s] INFO:colcon.colcon_core.package_selection:Skipping not selected package 'kolonka' in 'src/kolonka'
[6.201s] INFO:colcon.colcon_core.package_selection:Skipping not selected package 'laser_follow' in 'src/laser_follow'
[6.201s] INFO:colcon.colcon_core.package_selection:Skipping not selected package 'lidar_template' in 'src/lidar_template'
[6.202s] INFO:colcon.colcon_core.package_selection:Skipping not selected package 'main_package_robot' in 'src/main_package_robot'
[6.202s] INFO:colcon.colcon_core.package_selection:Skipping not selected package 'motor_control_node' in 'src/motor_control_node'
[6.202s] INFO:colcon.colcon_core.package_selection:Skipping not selected package 'opencv_pub' in 'src/opencv_pub'
[6.202s] INFO:colcon.colcon_core.package_selection:Skipping not selected package 'py_barrel_detector' in 'src/py_barrel_detector'
[6.202s] INFO:colcon.colcon_core.package_selection:Skipping not selected package 'rplidar_ros' in 'src/rplidar_ros2'
[6.202s] INFO:colcon.colcon_core.package_selection:Skipping not selected package 'test_pub' in 'src/test_pub'
[6.337s] Level 1:colcon.colcon_core.package_discovery:discover_packages(prefix_path) check parameters
[6.338s] Level 1:colcon.colcon_core.package_discovery:discover_packages(prefix_path) discover
[6.493s] DEBUG:colcon.colcon_installed_package_information.package_discovery:Found 13 installed packages in /home/timoha/KSAROmni/install
[6.568s] DEBUG:colcon.colcon_installed_package_information.package_discovery:Found 270 installed packages in /opt/ros/humble
[6.574s] Level 1:colcon.colcon_core.package_discovery:discover_packages(prefix_path) using defaults
[7.030s] Level 5:colcon.colcon_core.verb:set package 'py_main_alg' build argument 'cmake_args' from command line to 'None'
[7.031s] Level 5:colcon.colcon_core.verb:set package 'py_main_alg' build argument 'cmake_target' from command line to 'None'
[7.031s] Level 5:colcon.colcon_core.verb:set package 'py_main_alg' build argument 'cmake_target_skip_unavailable' from command line to 'False'
[7.031s] Level 5:colcon.colcon_core.verb:set package 'py_main_alg' build argument 'cmake_clean_cache' from command line to 'False'
[7.031s] Level 5:colcon.colcon_core.verb:set package 'py_main_alg' build argument 'cmake_clean_first' from command line to 'False'
[7.031s] Level 5:colcon.colcon_core.verb:set package 'py_main_alg' build argument 'cmake_force_configure' from command line to 'False'
[7.031s] Level 5:colcon.colcon_core.verb:set package 'py_main_alg' build argument 'ament_cmake_args' from command line to 'None'
[7.031s] Level 5:colcon.colcon_core.verb:set package 'py_main_alg' build argument 'catkin_cmake_args' from command line to 'None'
[7.032s] Level 5:colcon.colcon_core.verb:set package 'py_main_alg' build argument 'catkin_skip_building_tests' from command line to 'False'
[7.032s] DEBUG:colcon.colcon_core.verb:Building package 'py_main_alg' with the following arguments: {'ament_cmake_args': None, 'build_base': '/home/timoha/KSAROmni/build/py_main_alg', 'catkin_cmake_args': None, 'catkin_skip_building_tests': False, 'cmake_args': None, 'cmake_clean_cache': False, 'cmake_clean_first': False, 'cmake_force_configure': False, 'cmake_target': None, 'cmake_target_skip_unavailable': False, 'install_base': '/home/timoha/KSAROmni/install/py_main_alg', 'merge_install': False, 'path': '/home/timoha/KSAROmni/src/py_main_alg', 'symlink_install': False, 'test_result_base': None}
[7.099s] INFO:colcon.colcon_core.executor:Executing jobs using 'parallel' executor
[7.169s] DEBUG:colcon.colcon_parallel_executor.executor.parallel:run_until_complete
[7.171s] INFO:colcon.colcon_ros.task.ament_python.build:Building ROS package in '/home/timoha/KSAROmni/src/py_main_alg' with build type 'ament_python'
[7.172s] Level 1:colcon.colcon_core.shell:create_environment_hook('py_main_alg', 'ament_prefix_path')
[7.264s] INFO:colcon.colcon_core.plugin_system:Skipping extension 'colcon_core.shell.bat': Not used on non-Windows systems
[7.265s] INFO:colcon.colcon_core.shell:Creating environment hook '/home/timoha/KSAROmni/install/py_main_alg/share/py_main_alg/hook/ament_prefix_path.ps1'
[7.270s] INFO:colcon.colcon_core.shell:Creating environment descriptor '/home/timoha/KSAROmni/install/py_main_alg/share/py_main_alg/hook/ament_prefix_path.dsv'
[7.273s] INFO:colcon.colcon_core.shell:Creating environment hook '/home/timoha/KSAROmni/install/py_main_alg/share/py_main_alg/hook/ament_prefix_path.sh'
[7.345s] INFO:colcon.colcon_core.shell:Skip shell extension 'powershell' for command environment: Not usable outside of PowerShell
[7.346s] DEBUG:colcon.colcon_core.shell:Skip shell extension 'dsv' for command environment
[8.894s] INFO:colcon.colcon_core.task.python.build:Building Python package in '/home/timoha/KSAROmni/src/py_main_alg'
[8.966s] INFO:colcon.colcon_core.shell:Skip shell extension 'powershell' for command environment: Not usable outside of PowerShell
[8.966s] DEBUG:colcon.colcon_core.shell:Skip shell extension 'dsv' for command environment
[10.984s] DEBUG:colcon.colcon_core.event_handler.log_command:Invoking command in '/home/timoha/KSAROmni/src/py_main_alg': PYTHONPATH=/home/timoha/KSAROmni/build/py_main_alg/prefix_override:/home/timoha/KSAROmni/install/py_main_alg/lib/python3.10/site-packages:${PYTHONPATH} /usr/bin/python3 setup.py egg_info --egg-base ../../build/py_main_alg build --build-base /home/timoha/KSAROmni/build/py_main_alg/build install --record /home/timoha/KSAROmni/build/py_main_alg/install.log --single-version-externally-managed
[12.480s] DEBUG:colcon.colcon_core.event_handler.log_command:Invoked command in '/home/timoha/KSAROmni/src/py_main_alg' returned '0': PYTHONPATH=/home/timoha/KSAROmni/build/py_main_alg/prefix_override:/home/timoha/KSAROmni/install/py_main_alg/lib/python3.10/site-packages:${PYTHONPATH} /usr/bin/python3 setup.py egg_info --egg-base ../../build/py_main_alg build --build-base /home/timoha/KSAROmni/build/py_main_alg/build install --record /home/timoha/KSAROmni/build/py_main_alg/install.log --single-version-externally-managed
[12.578s] Level 1:colcon.colcon_core.environment:checking '/home/timoha/KSAROmni/install/py_main_alg' for CMake module files
[12.580s] Level 1:colcon.colcon_core.environment:checking '/home/timoha/KSAROmni/install/py_main_alg' for CMake config files
[12.585s] Level 1:colcon.colcon_core.environment:checking '/home/timoha/KSAROmni/install/py_main_alg/lib'
[12.586s] Level 1:colcon.colcon_core.environment:checking '/home/timoha/KSAROmni/install/py_main_alg/bin'
[12.586s] Level 1:colcon.colcon_core.environment:checking '/home/timoha/KSAROmni/install/py_main_alg/lib/pkgconfig/py_main_alg.pc'
[12.587s] Level 1:colcon.colcon_core.environment:checking '/home/timoha/KSAROmni/install/py_main_alg/lib/python3.10/site-packages'
[12.587s] Level 1:colcon.colcon_core.shell:create_environment_hook('py_main_alg', 'pythonpath')
[12.662s] INFO:colcon.colcon_core.shell:Creating environment hook '/home/timoha/KSAROmni/install/py_main_alg/share/py_main_alg/hook/pythonpath.ps1'
[12.664s] INFO:colcon.colcon_core.shell:Creating environment descriptor '/home/timoha/KSAROmni/install/py_main_alg/share/py_main_alg/hook/pythonpath.dsv'
[12.666s] INFO:colcon.colcon_core.shell:Creating environment hook '/home/timoha/KSAROmni/install/py_main_alg/share/py_main_alg/hook/pythonpath.sh'
[12.669s] Level 1:colcon.colcon_core.environment:checking '/home/timoha/KSAROmni/install/py_main_alg/bin'
[12.669s] Level 1:colcon.colcon_core.environment:create_environment_scripts_only(py_main_alg)
[12.737s] INFO:colcon.colcon_core.shell:Creating package script '/home/timoha/KSAROmni/install/py_main_alg/share/py_main_alg/package.ps1'
[12.742s] INFO:colcon.colcon_core.shell:Creating package descriptor '/home/timoha/KSAROmni/install/py_main_alg/share/py_main_alg/package.dsv'
[12.747s] INFO:colcon.colcon_core.shell:Creating package script '/home/timoha/KSAROmni/install/py_main_alg/share/py_main_alg/package.sh'
[12.752s] INFO:colcon.colcon_core.shell:Creating package script '/home/timoha/KSAROmni/install/py_main_alg/share/py_main_alg/package.bash'
[12.757s] INFO:colcon.colcon_core.shell:Creating package script '/home/timoha/KSAROmni/install/py_main_alg/share/py_main_alg/package.zsh'
[12.762s] Level 1:colcon.colcon_core.environment:create_file_with_runtime_dependencies(/home/timoha/KSAROmni/install/py_main_alg/share/colcon-core/packages/py_main_alg)
[12.763s] DEBUG:colcon.colcon_parallel_executor.executor.parallel:closing loop
[12.764s] DEBUG:colcon.colcon_parallel_executor.executor.parallel:loop closed
[12.765s] DEBUG:colcon.colcon_parallel_executor.executor.parallel:run_until_complete finished with '0'
[12.765s] DEBUG:colcon.colcon_core.event_reactor:joining thread
[12.869s] INFO:colcon.colcon_core.plugin_system:Skipping extension 'colcon_notification.desktop_notification.terminal_notifier': Not used on non-Darwin systems
[12.870s] INFO:colcon.colcon_core.plugin_system:Skipping extension 'colcon_notification.desktop_notification.win32': Not used on non-Windows systems
[12.870s] INFO:colcon.colcon_notification.desktop_notification:Sending desktop notification using 'notify2'
[12.875s] DEBUG:colcon.colcon_notification.desktop_notification.notify2:Failed to initialize notify2: org.freedesktop.DBus.Error.ServiceUnknown: The name org.freedesktop.Notifications was not provided by any .service files
[12.876s] DEBUG:colcon.colcon_core.event_reactor:joined thread
[12.949s] INFO:colcon.colcon_core.shell:Creating prefix script '/home/timoha/KSAROmni/install/local_setup.ps1'
[12.953s] INFO:colcon.colcon_core.shell:Creating prefix util module '/home/timoha/KSAROmni/install/_local_setup_util_ps1.py'
[12.960s] INFO:colcon.colcon_core.shell:Creating prefix chain script '/home/timoha/KSAROmni/install/setup.ps1'
[13.037s] INFO:colcon.colcon_core.shell:Creating prefix script '/home/timoha/KSAROmni/install/local_setup.sh'
[13.041s] INFO:colcon.colcon_core.shell:Creating prefix util module '/home/timoha/KSAROmni/install/_local_setup_util_sh.py'
[13.043s] INFO:colcon.colcon_core.shell:Creating prefix chain script '/home/timoha/KSAROmni/install/setup.sh'
[13.120s] INFO:colcon.colcon_core.shell:Creating prefix script '/home/timoha/KSAROmni/install/local_setup.bash'
[13.123s] INFO:colcon.colcon_core.shell:Creating prefix chain script '/home/timoha/KSAROmni/install/setup.bash'
[13.200s] INFO:colcon.colcon_core.shell:Creating prefix script '/home/timoha/KSAROmni/install/local_setup.zsh'
[13.204s] INFO:colcon.colcon_core.shell:Creating prefix chain script '/home/timoha/KSAROmni/install/setup.zsh'
