[5.493s] Invoking command in '/home/timoha/KSAROmni/src/aruco_publisher': PYTHONPATH=/home/timoha/KSAROmni/build/aruco_publisher/prefix_override:/home/timoha/KSAROmni/install/aruco_publisher/lib/python3.10/site-packages:${PYTHONPATH} /usr/bin/python3 setup.py egg_info --egg-base ../../build/aruco_publisher build --build-base /home/timoha/KSAROmni/build/aruco_publisher/build install --record /home/timoha/KSAROmni/build/aruco_publisher/install.log --single-version-externally-managed
[7.314s] running egg_info
[7.321s] writing ../../build/aruco_publisher/aruco_publisher.egg-info/PKG-INFO
[7.325s] writing dependency_links to ../../build/aruco_publisher/aruco_publisher.egg-info/dependency_links.txt
[7.327s] writing entry points to ../../build/aruco_publisher/aruco_publisher.egg-info/entry_points.txt
[7.329s] writing requirements to ../../build/aruco_publisher/aruco_publisher.egg-info/requires.txt
[7.332s] writing top-level names to ../../build/aruco_publisher/aruco_publisher.egg-info/top_level.txt
[7.345s] reading manifest file '../../build/aruco_publisher/aruco_publisher.egg-info/SOURCES.txt'
[7.347s] writing manifest file '../../build/aruco_publisher/aruco_publisher.egg-info/SOURCES.txt'
[7.348s] running build
[7.349s] running build_py
[7.349s] copying aruco_publisher/aruco_detector.py -> /home/timoha/KSAROmni/build/aruco_publisher/build/lib/aruco_publisher
[7.350s] running install
[7.351s] /usr/lib/python3/dist-packages/setuptools/command/install.py:34: SetuptoolsDeprecationWarning: setup.py install is deprecated. Use build and pip and other standards-based tools.
[7.352s]   warnings.warn(
[7.353s] running install_lib
[7.356s] copying /home/timoha/KSAROmni/build/aruco_publisher/build/lib/aruco_publisher/aruco_detector.py -> /home/timoha/KSAROmni/install/aruco_publisher/lib/python3.10/site-packages/aruco_publisher
[7.361s] byte-compiling /home/timoha/KSAROmni/install/aruco_publisher/lib/python3.10/site-packages/aruco_publisher/aruco_detector.py to aruco_detector.cpython-310.pyc
[7.366s] running install_data
[7.370s] running install_egg_info
[7.383s] removing '/home/timoha/KSAROmni/install/aruco_publisher/lib/python3.10/site-packages/aruco_publisher-0.0.0-py3.10.egg-info' (and everything under it)
[7.392s] Copying ../../build/aruco_publisher/aruco_publisher.egg-info to /home/timoha/KSAROmni/install/aruco_publisher/lib/python3.10/site-packages/aruco_publisher-0.0.0-py3.10.egg-info
[7.400s] running install_scripts
[7.524s] Installing aruco_detector script to /home/timoha/KSAROmni/install/aruco_publisher/lib/aruco_publisher
[7.527s] writing list of installed files to '/home/timoha/KSAROmni/build/aruco_publisher/install.log'
[7.678s] Invoked command in '/home/timoha/KSAROmni/src/aruco_publisher' returned '0': PYTHONPATH=/home/timoha/KSAROmni/build/aruco_publisher/prefix_override:/home/timoha/KSAROmni/install/aruco_publisher/lib/python3.10/site-packages:${PYTHONPATH} /usr/bin/python3 setup.py egg_info --egg-base ../../build/aruco_publisher build --build-base /home/timoha/KSAROmni/build/aruco_publisher/build install --record /home/timoha/KSAROmni/build/aruco_publisher/install.log --single-version-externally-managed
