[4.844s] Invoking command in '/home/timoha/KSAROmni/src/aruco_publisher': PYTHONPATH=/home/timoha/KSAROmni/build/aruco_publisher/prefix_override:/home/timoha/KSAROmni/install/aruco_publisher/lib/python3.10/site-packages:${PYTHONPATH} /usr/bin/python3 setup.py egg_info --egg-base ../../build/aruco_publisher build --build-base /home/timoha/KSAROmni/build/aruco_publisher/build install --record /home/timoha/KSAROmni/build/aruco_publisher/install.log --single-version-externally-managed
[6.527s] running egg_info
[6.530s] writing ../../build/aruco_publisher/aruco_publisher.egg-info/PKG-INFO
[6.531s] writing dependency_links to ../../build/aruco_publisher/aruco_publisher.egg-info/dependency_links.txt
[6.532s] writing entry points to ../../build/aruco_publisher/aruco_publisher.egg-info/entry_points.txt
[6.534s] writing requirements to ../../build/aruco_publisher/aruco_publisher.egg-info/requires.txt
[6.535s] writing top-level names to ../../build/aruco_publisher/aruco_publisher.egg-info/top_level.txt
[6.546s] reading manifest file '../../build/aruco_publisher/aruco_publisher.egg-info/SOURCES.txt'
[6.551s] writing manifest file '../../build/aruco_publisher/aruco_publisher.egg-info/SOURCES.txt'
[6.554s] running build
[6.556s] running build_py
[6.559s] running install
[6.561s] /usr/lib/python3/dist-packages/setuptools/command/install.py:34: SetuptoolsDeprecationWarning: setup.py install is deprecated. Use build and pip and other standards-based tools.
[6.564s]   warnings.warn(
[6.566s] running install_lib
[6.569s] running install_data
[6.571s] running install_egg_info
[6.582s] removing '/home/timoha/KSAROmni/install/aruco_publisher/lib/python3.10/site-packages/aruco_publisher-0.0.0-py3.10.egg-info' (and everything under it)
[6.584s] Copying ../../build/aruco_publisher/aruco_publisher.egg-info to /home/timoha/KSAROmni/install/aruco_publisher/lib/python3.10/site-packages/aruco_publisher-0.0.0-py3.10.egg-info
[6.584s] running install_scripts
[6.713s] Installing aruco_detector script to /home/timoha/KSAROmni/install/aruco_publisher/lib/aruco_publisher
[6.716s] writing list of installed files to '/home/timoha/KSAROmni/build/aruco_publisher/install.log'
[6.868s] Invoked command in '/home/timoha/KSAROmni/src/aruco_publisher' returned '0': PYTHONPATH=/home/timoha/KSAROmni/build/aruco_publisher/prefix_override:/home/timoha/KSAROmni/install/aruco_publisher/lib/python3.10/site-packages:${PYTHONPATH} /usr/bin/python3 setup.py egg_info --egg-base ../../build/aruco_publisher build --build-base /home/timoha/KSAROmni/build/aruco_publisher/build install --record /home/timoha/KSAROmni/build/aruco_publisher/install.log --single-version-externally-managed
