[0.334s] Invoking command in '/home/timoha/KSAROmni/build/arrow_package': CMAKE_PREFIX_PATH=${CMAKE_PREFIX_PATH}:/home/timoha/KSAROmni/install/test_pub:/home/timoha/KSAROmni/install/py_main_alg:/home/timoha/KSAROmni/install/py_barrel_detector:/home/timoha/KSAROmni/install/opencv_pub:/home/timoha/KSAROmni/install/motor_control_node:/home/timoha/KSAROmni/install/main_package_robot:/home/timoha/KSAROmni/install/lidar_template:/home/timoha/KSAROmni/install/laser_follow:/home/timoha/KSAROmni/install/kolonka:/home/timoha/KSAROmni/install/distance_node:/home/timoha/KSAROmni/install/aruco_publisher:/opt/ros/humble /usr/bin/cmake /home/timoha/KSAROmni/src/arrow_package -DCMAKE_INSTALL_PREFIX=/home/timoha/KSAROmni/install/arrow_package
[0.620s] -- Found ament_cmake: 1.3.7 (/opt/ros/humble/share/ament_cmake/cmake)
[1.491s] -- Override CMake install command with custom implementation using symlinks instead of copying resources
[1.584s] -- Found rclcpp: 16.0.8 (/opt/ros/humble/share/rclcpp/cmake)
[1.851s] -- Found rosidl_generator_c: 3.1.5 (/opt/ros/humble/share/rosidl_generator_c/cmake)
[1.870s] -- Found rosidl_adapter: 3.1.5 (/opt/ros/humble/share/rosidl_adapter/cmake)
[1.913s] -- Found rosidl_generator_cpp: 3.1.5 (/opt/ros/humble/share/rosidl_generator_cpp/cmake)
[1.983s] -- Using all available rosidl_typesupport_c: rosidl_typesupport_fastrtps_c;rosidl_typesupport_introspection_c
[2.077s] -- Using all available rosidl_typesupport_cpp: rosidl_typesupport_fastrtps_cpp;rosidl_typesupport_introspection_cpp
[2.390s] -- Found rmw_implementation_cmake: 6.1.1 (/opt/ros/humble/share/rmw_implementation_cmake/cmake)
[2.403s] -- Found rmw_fastrtps_cpp: 6.2.6 (/opt/ros/humble/share/rmw_fastrtps_cpp/cmake)
[3.537s] -- Using RMW implementation 'rmw_fastrtps_cpp' as default
[4.245s] -- Found ament_lint_auto: 0.12.10 (/opt/ros/humble/share/ament_lint_auto/cmake)
[4.659s] -- Added test 'cppcheck' to perform static code analysis on C / C++ code
[4.660s] -- Configured cppcheck include dirs: $<BUILD_INTERFACE:/home/timoha/KSAROmni/src/arrow_package/include>
[4.660s] -- Configured cppcheck exclude dirs and/or files: 
[4.664s] -- Added test 'lint_cmake' to check CMake code style
[4.671s] -- Added test 'uncrustify' to check C / C++ code style
[4.672s] -- Configured uncrustify additional arguments: 
[4.674s] -- Added test 'xmllint' to check XML markup files
[4.683s] -- Configuring done
[4.784s] -- Generating done
[4.796s] -- Build files have been written to: /home/timoha/KSAROmni/build/arrow_package
[4.831s] Invoked command in '/home/timoha/KSAROmni/build/arrow_package' returned '0': CMAKE_PREFIX_PATH=${CMAKE_PREFIX_PATH}:/home/timoha/KSAROmni/install/test_pub:/home/timoha/KSAROmni/install/py_main_alg:/home/timoha/KSAROmni/install/py_barrel_detector:/home/timoha/KSAROmni/install/opencv_pub:/home/timoha/KSAROmni/install/motor_control_node:/home/timoha/KSAROmni/install/main_package_robot:/home/timoha/KSAROmni/install/lidar_template:/home/timoha/KSAROmni/install/laser_follow:/home/timoha/KSAROmni/install/kolonka:/home/timoha/KSAROmni/install/distance_node:/home/timoha/KSAROmni/install/aruco_publisher:/opt/ros/humble /usr/bin/cmake /home/timoha/KSAROmni/src/arrow_package -DCMAKE_INSTALL_PREFIX=/home/timoha/KSAROmni/install/arrow_package
[4.844s] Invoking command in '/home/timoha/KSAROmni/build/arrow_package': CMAKE_PREFIX_PATH=${CMAKE_PREFIX_PATH}:/home/timoha/KSAROmni/install/test_pub:/home/timoha/KSAROmni/install/py_main_alg:/home/timoha/KSAROmni/install/py_barrel_detector:/home/timoha/KSAROmni/install/opencv_pub:/home/timoha/KSAROmni/install/motor_control_node:/home/timoha/KSAROmni/install/main_package_robot:/home/timoha/KSAROmni/install/lidar_template:/home/timoha/KSAROmni/install/laser_follow:/home/timoha/KSAROmni/install/kolonka:/home/timoha/KSAROmni/install/distance_node:/home/timoha/KSAROmni/install/aruco_publisher:/opt/ros/humble /usr/bin/cmake --build /home/timoha/KSAROmni/build/arrow_package -- -j4 -l4
[5.030s] [35m[1mConsolidate compiler generated dependencies of target arrow_node[0m
[5.231s] [ 50%] [32mBuilding CXX object CMakeFiles/arrow_node.dir/src/arrow_node.cpp.o[0m
[23.954s] [100%] [32m[1mLinking CXX executable arrow_node[0m
[25.038s] [100%] Built target arrow_node
[25.079s] Invoked command in '/home/timoha/KSAROmni/build/arrow_package' returned '0': CMAKE_PREFIX_PATH=${CMAKE_PREFIX_PATH}:/home/timoha/KSAROmni/install/test_pub:/home/timoha/KSAROmni/install/py_main_alg:/home/timoha/KSAROmni/install/py_barrel_detector:/home/timoha/KSAROmni/install/opencv_pub:/home/timoha/KSAROmni/install/motor_control_node:/home/timoha/KSAROmni/install/main_package_robot:/home/timoha/KSAROmni/install/lidar_template:/home/timoha/KSAROmni/install/laser_follow:/home/timoha/KSAROmni/install/kolonka:/home/timoha/KSAROmni/install/distance_node:/home/timoha/KSAROmni/install/aruco_publisher:/opt/ros/humble /usr/bin/cmake --build /home/timoha/KSAROmni/build/arrow_package -- -j4 -l4
[25.255s] Invoking command in '/home/timoha/KSAROmni/build/arrow_package': CMAKE_PREFIX_PATH=${CMAKE_PREFIX_PATH}:/home/timoha/KSAROmni/install/test_pub:/home/timoha/KSAROmni/install/py_main_alg:/home/timoha/KSAROmni/install/py_barrel_detector:/home/timoha/KSAROmni/install/opencv_pub:/home/timoha/KSAROmni/install/motor_control_node:/home/timoha/KSAROmni/install/main_package_robot:/home/timoha/KSAROmni/install/lidar_template:/home/timoha/KSAROmni/install/laser_follow:/home/timoha/KSAROmni/install/kolonka:/home/timoha/KSAROmni/install/distance_node:/home/timoha/KSAROmni/install/aruco_publisher:/opt/ros/humble /usr/bin/cmake --install /home/timoha/KSAROmni/build/arrow_package
[25.283s] -- Install configuration: ""
[25.285s] -- Execute custom install script
[25.287s] -- Up-to-date symlink: /home/timoha/KSAROmni/install/arrow_package/lib/arrow_package/arrow_node
[25.289s] -- Up-to-date symlink: /home/timoha/KSAROmni/install/arrow_package/share/ament_index/resource_index/package_run_dependencies/arrow_package
[25.290s] -- Up-to-date symlink: /home/timoha/KSAROmni/install/arrow_package/share/ament_index/resource_index/parent_prefix_path/arrow_package
[25.291s] -- Up-to-date symlink: /home/timoha/KSAROmni/install/arrow_package/share/arrow_package/environment/ament_prefix_path.sh
[25.292s] -- Up-to-date symlink: /home/timoha/KSAROmni/install/arrow_package/share/arrow_package/environment/ament_prefix_path.dsv
[25.293s] -- Up-to-date symlink: /home/timoha/KSAROmni/install/arrow_package/share/arrow_package/environment/path.sh
[25.294s] -- Up-to-date symlink: /home/timoha/KSAROmni/install/arrow_package/share/arrow_package/environment/path.dsv
[25.295s] -- Up-to-date symlink: /home/timoha/KSAROmni/install/arrow_package/share/arrow_package/local_setup.bash
[25.296s] -- Up-to-date symlink: /home/timoha/KSAROmni/install/arrow_package/share/arrow_package/local_setup.sh
[25.297s] -- Up-to-date symlink: /home/timoha/KSAROmni/install/arrow_package/share/arrow_package/local_setup.zsh
[25.298s] -- Up-to-date symlink: /home/timoha/KSAROmni/install/arrow_package/share/arrow_package/local_setup.dsv
[25.298s] -- Symlinking: /home/timoha/KSAROmni/install/arrow_package/share/arrow_package/package.dsv
[25.331s] -- Up-to-date symlink: /home/timoha/KSAROmni/install/arrow_package/share/ament_index/resource_index/packages/arrow_package
[25.332s] -- Up-to-date symlink: /home/timoha/KSAROmni/install/arrow_package/share/arrow_package/cmake/arrow_packageConfig.cmake
[25.333s] -- Up-to-date symlink: /home/timoha/KSAROmni/install/arrow_package/share/arrow_package/cmake/arrow_packageConfig-version.cmake
[25.334s] -- Up-to-date symlink: /home/timoha/KSAROmni/install/arrow_package/share/arrow_package/package.xml
[25.340s] Invoked command in '/home/timoha/KSAROmni/build/arrow_package' returned '0': CMAKE_PREFIX_PATH=${CMAKE_PREFIX_PATH}:/home/timoha/KSAROmni/install/test_pub:/home/timoha/KSAROmni/install/py_main_alg:/home/timoha/KSAROmni/install/py_barrel_detector:/home/timoha/KSAROmni/install/opencv_pub:/home/timoha/KSAROmni/install/motor_control_node:/home/timoha/KSAROmni/install/main_package_robot:/home/timoha/KSAROmni/install/lidar_template:/home/timoha/KSAROmni/install/laser_follow:/home/timoha/KSAROmni/install/kolonka:/home/timoha/KSAROmni/install/distance_node:/home/timoha/KSAROmni/install/aruco_publisher:/opt/ros/humble /usr/bin/cmake --install /home/timoha/KSAROmni/build/arrow_package
