-- Found ament_cmake: 1.3.9 (/opt/ros/humble/share/ament_cmake/cmake)
-- Found Python3: /usr/bin/python3 (found version "3.10.12") found components: Interpreter 
-- Override CMake install command with custom implementation using symlinks instead of copying resources
-- Found rclcpp: 16.0.9 (/opt/ros/humble/share/rclcpp/cmake)
-- Found rosidl_generator_c: 3.1.5 (/opt/ros/humble/share/rosidl_generator_c/cmake)
-- Found rosidl_adapter: 3.1.5 (/opt/ros/humble/share/rosidl_adapter/cmake)
-- Found rosidl_generator_cpp: 3.1.5 (/opt/ros/humble/share/rosidl_generator_cpp/cmake)
-- Using all available rosidl_typesupport_c: rosidl_typesupport_fastrtps_c;rosidl_typesupport_introspection_c
-- Using all available rosidl_typesupport_cpp: rosidl_typesupport_fastrtps_cpp;rosidl_typesupport_introspection_cpp
-- Found rmw_implementation_cmake: 6.1.2 (/opt/ros/humble/share/rmw_implementation_cmake/cmake)
-- Found rmw_fastrtps_cpp: 6.2.6 (/opt/ros/humble/share/rmw_fastrtps_cpp/cmake)
-- Using RMW implementation 'rmw_fastrtps_cpp' as default
-- Found ament_lint_auto: 0.12.11 (/opt/ros/humble/share/ament_lint_auto/cmake)
-- Added test 'cppcheck' to perform static code analysis on C / C++ code
-- Configured cppcheck include dirs: $<BUILD_INTERFACE:/home/timoha/KSAROmni/src/arrow_package/include>
-- Configured cppcheck exclude dirs and/or files: 
-- Added test 'lint_cmake' to check CMake code style
-- Added test 'uncrustify' to check C / C++ code style
-- Configured uncrustify additional arguments: 
-- Added test 'xmllint' to check XML markup files
-- Configuring done
-- Generating done
-- Build files have been written to: /home/timoha/KSAROmni/build/arrow_package
[35m[1mConsolidate compiler generated dependencies of target arrow_node[0m
[ 50%] [32mBuilding CXX object CMakeFiles/arrow_node.dir/src/arrow_node.cpp.o[0m
[100%] [32m[1mLinking CXX executable arrow_node[0m
[100%] Built target arrow_node
-- Install configuration: ""
-- Execute custom install script
-- Up-to-date symlink: /home/timoha/KSAROmni/install/arrow_package/lib/arrow_package/arrow_node
-- Up-to-date symlink: /home/timoha/KSAROmni/install/arrow_package/share/ament_index/resource_index/package_run_dependencies/arrow_package
-- Up-to-date symlink: /home/timoha/KSAROmni/install/arrow_package/share/ament_index/resource_index/parent_prefix_path/arrow_package
-- Up-to-date symlink: /home/timoha/KSAROmni/install/arrow_package/share/arrow_package/environment/ament_prefix_path.sh
-- Up-to-date symlink: /home/timoha/KSAROmni/install/arrow_package/share/arrow_package/environment/ament_prefix_path.dsv
-- Up-to-date symlink: /home/timoha/KSAROmni/install/arrow_package/share/arrow_package/environment/path.sh
-- Up-to-date symlink: /home/timoha/KSAROmni/install/arrow_package/share/arrow_package/environment/path.dsv
-- Up-to-date symlink: /home/timoha/KSAROmni/install/arrow_package/share/arrow_package/local_setup.bash
-- Up-to-date symlink: /home/timoha/KSAROmni/install/arrow_package/share/arrow_package/local_setup.sh
-- Up-to-date symlink: /home/timoha/KSAROmni/install/arrow_package/share/arrow_package/local_setup.zsh
-- Up-to-date symlink: /home/timoha/KSAROmni/install/arrow_package/share/arrow_package/local_setup.dsv
-- Symlinking: /home/timoha/KSAROmni/install/arrow_package/share/arrow_package/package.dsv
-- Up-to-date symlink: /home/timoha/KSAROmni/install/arrow_package/share/ament_index/resource_index/packages/arrow_package
-- Up-to-date symlink: /home/timoha/KSAROmni/install/arrow_package/share/arrow_package/cmake/arrow_packageConfig.cmake
-- Up-to-date symlink: /home/timoha/KSAROmni/install/arrow_package/share/arrow_package/cmake/arrow_packageConfig-version.cmake
-- Up-to-date symlink: /home/timoha/KSAROmni/install/arrow_package/share/arrow_package/package.xml
