[0.144s] Invoking command in '/home/timoha/KSAROmni/build/arrow_package': CMAKE_PREFIX_PATH=/opt/ros/humble /usr/bin/cmake --build /home/timoha/KSAROmni/build/arrow_package -- -j4 -l4
[2.904s] -- Found ament_cmake: 1.3.9 (/opt/ros/humble/share/ament_cmake/cmake)
[2.907s] -- Found Python3: /usr/bin/python3 (found version "3.10.12") found components: Interpreter 
[2.912s] -- Override CMake install command with custom implementation using symlinks instead of copying resources
[2.912s] -- Found rclcpp: 16.0.9 (/opt/ros/humble/share/rclcpp/cmake)
[2.913s] -- Found rosidl_generator_c: 3.1.5 (/opt/ros/humble/share/rosidl_generator_c/cmake)
[2.914s] -- Found rosidl_adapter: 3.1.5 (/opt/ros/humble/share/rosidl_adapter/cmake)
[2.917s] -- Found rosidl_generator_cpp: 3.1.5 (/opt/ros/humble/share/rosidl_generator_cpp/cmake)
[2.918s] -- Using all available rosidl_typesupport_c: rosidl_typesupport_fastrtps_c;rosidl_typesupport_introspection_c
[2.918s] -- Using all available rosidl_typesupport_cpp: rosidl_typesupport_fastrtps_cpp;rosidl_typesupport_introspection_cpp
[2.919s] -- Found rmw_implementation_cmake: 6.1.2 (/opt/ros/humble/share/rmw_implementation_cmake/cmake)
[2.920s] -- Found rmw_fastrtps_cpp: 6.2.6 (/opt/ros/humble/share/rmw_fastrtps_cpp/cmake)
[3.838s] -- Using RMW implementation 'rmw_fastrtps_cpp' as default
[4.696s] -- Found ament_lint_auto: 0.12.11 (/opt/ros/humble/share/ament_lint_auto/cmake)
[5.157s] -- Added test 'cppcheck' to perform static code analysis on C / C++ code
[5.158s] -- Configured cppcheck include dirs: $<BUILD_INTERFACE:/home/timoha/KSAROmni/src/arrow_package/include>
[5.158s] -- Configured cppcheck exclude dirs and/or files: 
[5.162s] -- Added test 'lint_cmake' to check CMake code style
[5.169s] -- Added test 'uncrustify' to check C / C++ code style
[5.169s] -- Configured uncrustify additional arguments: 
[5.172s] -- Added test 'xmllint' to check XML markup files
[5.182s] -- Configuring done
[5.289s] -- Generating done
[5.301s] -- Build files have been written to: /home/timoha/KSAROmni/build/arrow_package
[5.440s] [35m[1mConsolidate compiler generated dependencies of target arrow_node[0m
[5.650s] [ 50%] [32mBuilding CXX object CMakeFiles/arrow_node.dir/src/arrow_node.cpp.o[0m
[34.724s] [100%] [32m[1mLinking CXX executable arrow_node[0m
[36.226s] [100%] Built target arrow_node
[36.829s] Invoked command in '/home/timoha/KSAROmni/build/arrow_package' returned '0': CMAKE_PREFIX_PATH=/opt/ros/humble /usr/bin/cmake --build /home/timoha/KSAROmni/build/arrow_package -- -j4 -l4
[37.050s] Invoking command in '/home/timoha/KSAROmni/build/arrow_package': CMAKE_PREFIX_PATH=/opt/ros/humble /usr/bin/cmake --install /home/timoha/KSAROmni/build/arrow_package
[37.087s] -- Install configuration: ""
[37.091s] -- Execute custom install script
[37.096s] -- Up-to-date symlink: /home/timoha/KSAROmni/install/arrow_package/lib/arrow_package/arrow_node
[37.101s] -- Up-to-date symlink: /home/timoha/KSAROmni/install/arrow_package/share/ament_index/resource_index/package_run_dependencies/arrow_package
[37.105s] -- Up-to-date symlink: /home/timoha/KSAROmni/install/arrow_package/share/ament_index/resource_index/parent_prefix_path/arrow_package
[37.110s] -- Up-to-date symlink: /home/timoha/KSAROmni/install/arrow_package/share/arrow_package/environment/ament_prefix_path.sh
[37.112s] -- Up-to-date symlink: /home/timoha/KSAROmni/install/arrow_package/share/arrow_package/environment/ament_prefix_path.dsv
[37.114s] -- Up-to-date symlink: /home/timoha/KSAROmni/install/arrow_package/share/arrow_package/environment/path.sh
[37.116s] -- Up-to-date symlink: /home/timoha/KSAROmni/install/arrow_package/share/arrow_package/environment/path.dsv
[37.118s] -- Up-to-date symlink: /home/timoha/KSAROmni/install/arrow_package/share/arrow_package/local_setup.bash
[37.120s] -- Up-to-date symlink: /home/timoha/KSAROmni/install/arrow_package/share/arrow_package/local_setup.sh
[37.122s] -- Up-to-date symlink: /home/timoha/KSAROmni/install/arrow_package/share/arrow_package/local_setup.zsh
[37.124s] -- Up-to-date symlink: /home/timoha/KSAROmni/install/arrow_package/share/arrow_package/local_setup.dsv
[37.125s] -- Symlinking: /home/timoha/KSAROmni/install/arrow_package/share/arrow_package/package.dsv
[37.178s] -- Up-to-date symlink: /home/timoha/KSAROmni/install/arrow_package/share/ament_index/resource_index/packages/arrow_package
[37.181s] -- Up-to-date symlink: /home/timoha/KSAROmni/install/arrow_package/share/arrow_package/cmake/arrow_packageConfig.cmake
[37.183s] -- Up-to-date symlink: /home/timoha/KSAROmni/install/arrow_package/share/arrow_package/cmake/arrow_packageConfig-version.cmake
[37.185s] -- Up-to-date symlink: /home/timoha/KSAROmni/install/arrow_package/share/arrow_package/package.xml
[37.202s] Invoked command in '/home/timoha/KSAROmni/build/arrow_package' returned '0': CMAKE_PREFIX_PATH=/opt/ros/humble /usr/bin/cmake --install /home/timoha/KSAROmni/build/arrow_package
