[5.757s] DEBUG:colcon:Command line arguments: ['/usr/bin/colcon', 'build', '--packages-select', 'aruco_publisher']
[5.757s] DEBUG:colcon:Parsed command line arguments: Namespace(log_base=None, log_level=None, verb_name='build', build_base='build', install_base='install', merge_install=False, symlink_install=False, test_result_base=None, continue_on_error=False, executor='parallel', parallel_workers=4, event_handlers=None, ignore_user_meta=False, metas=['./colcon.meta'], base_paths=['.'], packages_ignore=None, packages_ignore_regex=None, paths=None, packages_up_to=None, packages_up_to_regex=None, packages_above=None, packages_above_and_dependencies=None, packages_above_depth=None, packages_select_by_dep=None, packages_skip_by_dep=None, packages_skip_up_to=None, packages_select_build_failed=False, packages_skip_build_finished=False, packages_select_test_failures=False, packages_skip_test_passed=False, packages_select=['aruco_publisher'], packages_skip=None, packages_select_regex=None, packages_skip_regex=None, packages_start=None, packages_end=None, allow_overriding=[], cmake_args=None, cmake_target=None, cmake_target_skip_unavailable=False, cmake_clean_cache=False, cmake_clean_first=False, cmake_force_configure=False, ament_cmake_args=None, catkin_cmake_args=None, catkin_skip_building_tests=False, verb_parser=<colcon_defaults.argument_parser.defaults.DefaultArgumentsDecorator object at 0xffffb1b5d900>, verb_extension=<colcon_core.verb.build.BuildVerb object at 0xffffb1b5e050>, main=<bound method BuildVerb.main of <colcon_core.verb.build.BuildVerb object at 0xffffb1b5e050>>)
[6.044s] Level 1:colcon.colcon_core.package_discovery:discover_packages(colcon_meta) check parameters
[6.045s] Level 1:colcon.colcon_core.package_discovery:discover_packages(recursive) check parameters
[6.045s] Level 1:colcon.colcon_core.package_discovery:discover_packages(ignore) check parameters
[6.045s] Level 1:colcon.colcon_core.package_discovery:discover_packages(path) check parameters
[6.046s] Level 1:colcon.colcon_core.package_discovery:discover_packages(colcon_meta) discover
[6.046s] Level 1:colcon.colcon_core.package_discovery:discover_packages(recursive) discover
[6.046s] INFO:colcon.colcon_core.package_discovery:Crawling recursively for packages in '/home/timoha/KSAROmni'
[6.047s] Level 1:colcon.colcon_core.package_identification:_identify(.) by extensions ['ignore', 'ignore_ament_install']
[6.047s] Level 1:colcon.colcon_core.package_identification:_identify(.) by extension 'ignore'
[6.048s] Level 1:colcon.colcon_core.package_identification:_identify(.) by extension 'ignore_ament_install'
[6.048s] Level 1:colcon.colcon_core.package_identification:_identify(.) by extensions ['colcon_pkg']
[6.048s] Level 1:colcon.colcon_core.package_identification:_identify(.) by extension 'colcon_pkg'
[6.049s] Level 1:colcon.colcon_core.package_identification:_identify(.) by extensions ['colcon_meta']
[6.049s] Level 1:colcon.colcon_core.package_identification:_identify(.) by extension 'colcon_meta'
[6.049s] Level 1:colcon.colcon_core.package_identification:_identify(.) by extensions ['ros']
[6.049s] Level 1:colcon.colcon_core.package_identification:_identify(.) by extension 'ros'
[6.106s] Level 1:colcon.colcon_core.package_identification:_identify(.) by extensions ['cmake', 'python']
[6.107s] Level 1:colcon.colcon_core.package_identification:_identify(.) by extension 'cmake'
[6.107s] Level 1:colcon.colcon_core.package_identification:_identify(.) by extension 'python'
[6.108s] Level 1:colcon.colcon_core.package_identification:_identify(.) by extensions ['python_setup_py']
[6.108s] Level 1:colcon.colcon_core.package_identification:_identify(.) by extension 'python_setup_py'
[6.109s] Level 1:colcon.colcon_core.package_identification:_identify(build) by extensions ['ignore', 'ignore_ament_install']
[6.110s] Level 1:colcon.colcon_core.package_identification:_identify(build) by extension 'ignore'
[6.110s] Level 1:colcon.colcon_core.package_identification:_identify(build) ignored
[6.111s] Level 1:colcon.colcon_core.package_identification:_identify(install) by extensions ['ignore', 'ignore_ament_install']
[6.112s] Level 1:colcon.colcon_core.package_identification:_identify(install) by extension 'ignore'
[6.112s] Level 1:colcon.colcon_core.package_identification:_identify(install) ignored
[6.113s] Level 1:colcon.colcon_core.package_identification:_identify(log) by extensions ['ignore', 'ignore_ament_install']
[6.114s] Level 1:colcon.colcon_core.package_identification:_identify(log) by extension 'ignore'
[6.114s] Level 1:colcon.colcon_core.package_identification:_identify(log) ignored
[6.115s] Level 1:colcon.colcon_core.package_identification:_identify(src) by extensions ['ignore', 'ignore_ament_install']
[6.115s] Level 1:colcon.colcon_core.package_identification:_identify(src) by extension 'ignore'
[6.116s] Level 1:colcon.colcon_core.package_identification:_identify(src) by extension 'ignore_ament_install'
[6.116s] Level 1:colcon.colcon_core.package_identification:_identify(src) by extensions ['colcon_pkg']
[6.116s] Level 1:colcon.colcon_core.package_identification:_identify(src) by extension 'colcon_pkg'
[6.117s] Level 1:colcon.colcon_core.package_identification:_identify(src) by extensions ['colcon_meta']
[6.117s] Level 1:colcon.colcon_core.package_identification:_identify(src) by extension 'colcon_meta'
[6.117s] Level 1:colcon.colcon_core.package_identification:_identify(src) by extensions ['ros']
[6.117s] Level 1:colcon.colcon_core.package_identification:_identify(src) by extension 'ros'
[6.118s] Level 1:colcon.colcon_core.package_identification:_identify(src) by extensions ['cmake', 'python']
[6.118s] Level 1:colcon.colcon_core.package_identification:_identify(src) by extension 'cmake'
[6.118s] Level 1:colcon.colcon_core.package_identification:_identify(src) by extension 'python'
[6.119s] Level 1:colcon.colcon_core.package_identification:_identify(src) by extensions ['python_setup_py']
[6.119s] Level 1:colcon.colcon_core.package_identification:_identify(src) by extension 'python_setup_py'
[6.120s] Level 1:colcon.colcon_core.package_identification:_identify(src/arrow_package) by extensions ['ignore', 'ignore_ament_install']
[6.120s] Level 1:colcon.colcon_core.package_identification:_identify(src/arrow_package) by extension 'ignore'
[6.120s] Level 1:colcon.colcon_core.package_identification:_identify(src/arrow_package) by extension 'ignore_ament_install'
[6.121s] Level 1:colcon.colcon_core.package_identification:_identify(src/arrow_package) by extensions ['colcon_pkg']
[6.121s] Level 1:colcon.colcon_core.package_identification:_identify(src/arrow_package) by extension 'colcon_pkg'
[6.121s] Level 1:colcon.colcon_core.package_identification:_identify(src/arrow_package) by extensions ['colcon_meta']
[6.122s] Level 1:colcon.colcon_core.package_identification:_identify(src/arrow_package) by extension 'colcon_meta'
[6.122s] Level 1:colcon.colcon_core.package_identification:_identify(src/arrow_package) by extensions ['ros']
[6.122s] Level 1:colcon.colcon_core.package_identification:_identify(src/arrow_package) by extension 'ros'
[6.133s] DEBUG:colcon.colcon_core.package_identification:Package 'src/arrow_package' with type 'ros.ament_cmake' and name 'arrow_package'
[6.134s] Level 1:colcon.colcon_core.package_identification:_identify(src/aruco_publisher) by extensions ['ignore', 'ignore_ament_install']
[6.135s] Level 1:colcon.colcon_core.package_identification:_identify(src/aruco_publisher) by extension 'ignore'
[6.135s] Level 1:colcon.colcon_core.package_identification:_identify(src/aruco_publisher) by extension 'ignore_ament_install'
[6.136s] Level 1:colcon.colcon_core.package_identification:_identify(src/aruco_publisher) by extensions ['colcon_pkg']
[6.136s] Level 1:colcon.colcon_core.package_identification:_identify(src/aruco_publisher) by extension 'colcon_pkg'
[6.136s] Level 1:colcon.colcon_core.package_identification:_identify(src/aruco_publisher) by extensions ['colcon_meta']
[6.137s] Level 1:colcon.colcon_core.package_identification:_identify(src/aruco_publisher) by extension 'colcon_meta'
[6.137s] Level 1:colcon.colcon_core.package_identification:_identify(src/aruco_publisher) by extensions ['ros']
[6.137s] Level 1:colcon.colcon_core.package_identification:_identify(src/aruco_publisher) by extension 'ros'
[6.140s] DEBUG:colcon.colcon_core.package_identification:Package 'src/aruco_publisher' with type 'ros.ament_python' and name 'aruco_publisher'
[6.141s] Level 1:colcon.colcon_core.package_identification:_identify(src/distance_node) by extensions ['ignore', 'ignore_ament_install']
[6.142s] Level 1:colcon.colcon_core.package_identification:_identify(src/distance_node) by extension 'ignore'
[6.142s] Level 1:colcon.colcon_core.package_identification:_identify(src/distance_node) by extension 'ignore_ament_install'
[6.142s] Level 1:colcon.colcon_core.package_identification:_identify(src/distance_node) by extensions ['colcon_pkg']
[6.143s] Level 1:colcon.colcon_core.package_identification:_identify(src/distance_node) by extension 'colcon_pkg'
[6.143s] Level 1:colcon.colcon_core.package_identification:_identify(src/distance_node) by extensions ['colcon_meta']
[6.143s] Level 1:colcon.colcon_core.package_identification:_identify(src/distance_node) by extension 'colcon_meta'
[6.144s] Level 1:colcon.colcon_core.package_identification:_identify(src/distance_node) by extensions ['ros']
[6.144s] Level 1:colcon.colcon_core.package_identification:_identify(src/distance_node) by extension 'ros'
[6.147s] DEBUG:colcon.colcon_core.package_identification:Package 'src/distance_node' with type 'ros.ament_python' and name 'distance_node'
[6.148s] Level 1:colcon.colcon_core.package_identification:_identify(src/kolonka) by extensions ['ignore', 'ignore_ament_install']
[6.148s] Level 1:colcon.colcon_core.package_identification:_identify(src/kolonka) by extension 'ignore'
[6.149s] Level 1:colcon.colcon_core.package_identification:_identify(src/kolonka) by extension 'ignore_ament_install'
[6.149s] Level 1:colcon.colcon_core.package_identification:_identify(src/kolonka) by extensions ['colcon_pkg']
[6.149s] Level 1:colcon.colcon_core.package_identification:_identify(src/kolonka) by extension 'colcon_pkg'
[6.150s] Level 1:colcon.colcon_core.package_identification:_identify(src/kolonka) by extensions ['colcon_meta']
[6.150s] Level 1:colcon.colcon_core.package_identification:_identify(src/kolonka) by extension 'colcon_meta'
[6.150s] Level 1:colcon.colcon_core.package_identification:_identify(src/kolonka) by extensions ['ros']
[6.150s] Level 1:colcon.colcon_core.package_identification:_identify(src/kolonka) by extension 'ros'
[6.153s] DEBUG:colcon.colcon_core.package_identification:Package 'src/kolonka' with type 'ros.ament_python' and name 'kolonka'
[6.155s] Level 1:colcon.colcon_core.package_identification:_identify(src/laser_follow) by extensions ['ignore', 'ignore_ament_install']
[6.155s] Level 1:colcon.colcon_core.package_identification:_identify(src/laser_follow) by extension 'ignore'
[6.156s] Level 1:colcon.colcon_core.package_identification:_identify(src/laser_follow) by extension 'ignore_ament_install'
[6.156s] Level 1:colcon.colcon_core.package_identification:_identify(src/laser_follow) by extensions ['colcon_pkg']
[6.157s] Level 1:colcon.colcon_core.package_identification:_identify(src/laser_follow) by extension 'colcon_pkg'
[6.157s] Level 1:colcon.colcon_core.package_identification:_identify(src/laser_follow) by extensions ['colcon_meta']
[6.157s] Level 1:colcon.colcon_core.package_identification:_identify(src/laser_follow) by extension 'colcon_meta'
[6.158s] Level 1:colcon.colcon_core.package_identification:_identify(src/laser_follow) by extensions ['ros']
[6.158s] Level 1:colcon.colcon_core.package_identification:_identify(src/laser_follow) by extension 'ros'
[6.161s] DEBUG:colcon.colcon_core.package_identification:Package 'src/laser_follow' with type 'ros.ament_python' and name 'laser_follow'
[6.162s] Level 1:colcon.colcon_core.package_identification:_identify(src/launch) by extensions ['ignore', 'ignore_ament_install']
[6.162s] Level 1:colcon.colcon_core.package_identification:_identify(src/launch) by extension 'ignore'
[6.163s] Level 1:colcon.colcon_core.package_identification:_identify(src/launch) by extension 'ignore_ament_install'
[6.163s] Level 1:colcon.colcon_core.package_identification:_identify(src/launch) by extensions ['colcon_pkg']
[6.163s] Level 1:colcon.colcon_core.package_identification:_identify(src/launch) by extension 'colcon_pkg'
[6.164s] Level 1:colcon.colcon_core.package_identification:_identify(src/launch) by extensions ['colcon_meta']
[6.164s] Level 1:colcon.colcon_core.package_identification:_identify(src/launch) by extension 'colcon_meta'
[6.164s] Level 1:colcon.colcon_core.package_identification:_identify(src/launch) by extensions ['ros']
[6.164s] Level 1:colcon.colcon_core.package_identification:_identify(src/launch) by extension 'ros'
[6.165s] Level 1:colcon.colcon_core.package_identification:_identify(src/launch) by extensions ['cmake', 'python']
[6.165s] Level 1:colcon.colcon_core.package_identification:_identify(src/launch) by extension 'cmake'
[6.165s] Level 1:colcon.colcon_core.package_identification:_identify(src/launch) by extension 'python'
[6.166s] Level 1:colcon.colcon_core.package_identification:_identify(src/launch) by extensions ['python_setup_py']
[6.166s] Level 1:colcon.colcon_core.package_identification:_identify(src/launch) by extension 'python_setup_py'
[6.167s] Level 1:colcon.colcon_core.package_identification:_identify(src/lidar_template) by extensions ['ignore', 'ignore_ament_install']
[6.167s] Level 1:colcon.colcon_core.package_identification:_identify(src/lidar_template) by extension 'ignore'
[6.167s] Level 1:colcon.colcon_core.package_identification:_identify(src/lidar_template) by extension 'ignore_ament_install'
[6.168s] Level 1:colcon.colcon_core.package_identification:_identify(src/lidar_template) by extensions ['colcon_pkg']
[6.168s] Level 1:colcon.colcon_core.package_identification:_identify(src/lidar_template) by extension 'colcon_pkg'
[6.168s] Level 1:colcon.colcon_core.package_identification:_identify(src/lidar_template) by extensions ['colcon_meta']
[6.168s] Level 1:colcon.colcon_core.package_identification:_identify(src/lidar_template) by extension 'colcon_meta'
[6.169s] Level 1:colcon.colcon_core.package_identification:_identify(src/lidar_template) by extensions ['ros']
[6.169s] Level 1:colcon.colcon_core.package_identification:_identify(src/lidar_template) by extension 'ros'
[6.172s] DEBUG:colcon.colcon_core.package_identification:Package 'src/lidar_template' with type 'ros.ament_python' and name 'lidar_template'
[6.173s] Level 1:colcon.colcon_core.package_identification:_identify(src/main_package_robot) by extensions ['ignore', 'ignore_ament_install']
[6.173s] Level 1:colcon.colcon_core.package_identification:_identify(src/main_package_robot) by extension 'ignore'
[6.174s] Level 1:colcon.colcon_core.package_identification:_identify(src/main_package_robot) by extension 'ignore_ament_install'
[6.174s] Level 1:colcon.colcon_core.package_identification:_identify(src/main_package_robot) by extensions ['colcon_pkg']
[6.174s] Level 1:colcon.colcon_core.package_identification:_identify(src/main_package_robot) by extension 'colcon_pkg'
[6.174s] Level 1:colcon.colcon_core.package_identification:_identify(src/main_package_robot) by extensions ['colcon_meta']
[6.175s] Level 1:colcon.colcon_core.package_identification:_identify(src/main_package_robot) by extension 'colcon_meta'
[6.175s] Level 1:colcon.colcon_core.package_identification:_identify(src/main_package_robot) by extensions ['ros']
[6.175s] Level 1:colcon.colcon_core.package_identification:_identify(src/main_package_robot) by extension 'ros'
[6.178s] DEBUG:colcon.colcon_core.package_identification:Package 'src/main_package_robot' with type 'ros.ament_python' and name 'main_package_robot'
[6.179s] Level 1:colcon.colcon_core.package_identification:_identify(src/motor_control_node) by extensions ['ignore', 'ignore_ament_install']
[6.180s] Level 1:colcon.colcon_core.package_identification:_identify(src/motor_control_node) by extension 'ignore'
[6.180s] Level 1:colcon.colcon_core.package_identification:_identify(src/motor_control_node) by extension 'ignore_ament_install'
[6.181s] Level 1:colcon.colcon_core.package_identification:_identify(src/motor_control_node) by extensions ['colcon_pkg']
[6.181s] Level 1:colcon.colcon_core.package_identification:_identify(src/motor_control_node) by extension 'colcon_pkg'
[6.181s] Level 1:colcon.colcon_core.package_identification:_identify(src/motor_control_node) by extensions ['colcon_meta']
[6.182s] Level 1:colcon.colcon_core.package_identification:_identify(src/motor_control_node) by extension 'colcon_meta'
[6.182s] Level 1:colcon.colcon_core.package_identification:_identify(src/motor_control_node) by extensions ['ros']
[6.182s] Level 1:colcon.colcon_core.package_identification:_identify(src/motor_control_node) by extension 'ros'
[6.185s] DEBUG:colcon.colcon_core.package_identification:Package 'src/motor_control_node' with type 'ros.ament_python' and name 'motor_control_node'
[6.186s] Level 1:colcon.colcon_core.package_identification:_identify(src/opencv_pub) by extensions ['ignore', 'ignore_ament_install']
[6.187s] Level 1:colcon.colcon_core.package_identification:_identify(src/opencv_pub) by extension 'ignore'
[6.188s] Level 1:colcon.colcon_core.package_identification:_identify(src/opencv_pub) by extension 'ignore_ament_install'
[6.189s] Level 1:colcon.colcon_core.package_identification:_identify(src/opencv_pub) by extensions ['colcon_pkg']
[6.189s] Level 1:colcon.colcon_core.package_identification:_identify(src/opencv_pub) by extension 'colcon_pkg'
[6.190s] Level 1:colcon.colcon_core.package_identification:_identify(src/opencv_pub) by extensions ['colcon_meta']
[6.190s] Level 1:colcon.colcon_core.package_identification:_identify(src/opencv_pub) by extension 'colcon_meta'
[6.191s] Level 1:colcon.colcon_core.package_identification:_identify(src/opencv_pub) by extensions ['ros']
[6.191s] Level 1:colcon.colcon_core.package_identification:_identify(src/opencv_pub) by extension 'ros'
[6.194s] DEBUG:colcon.colcon_core.package_identification:Package 'src/opencv_pub' with type 'ros.ament_python' and name 'opencv_pub'
[6.195s] Level 1:colcon.colcon_core.package_identification:_identify(src/py_barrel_detector) by extensions ['ignore', 'ignore_ament_install']
[6.196s] Level 1:colcon.colcon_core.package_identification:_identify(src/py_barrel_detector) by extension 'ignore'
[6.196s] Level 1:colcon.colcon_core.package_identification:_identify(src/py_barrel_detector) by extension 'ignore_ament_install'
[6.197s] Level 1:colcon.colcon_core.package_identification:_identify(src/py_barrel_detector) by extensions ['colcon_pkg']
[6.197s] Level 1:colcon.colcon_core.package_identification:_identify(src/py_barrel_detector) by extension 'colcon_pkg'
[6.197s] Level 1:colcon.colcon_core.package_identification:_identify(src/py_barrel_detector) by extensions ['colcon_meta']
[6.197s] Level 1:colcon.colcon_core.package_identification:_identify(src/py_barrel_detector) by extension 'colcon_meta'
[6.198s] Level 1:colcon.colcon_core.package_identification:_identify(src/py_barrel_detector) by extensions ['ros']
[6.198s] Level 1:colcon.colcon_core.package_identification:_identify(src/py_barrel_detector) by extension 'ros'
[6.201s] DEBUG:colcon.colcon_core.package_identification:Package 'src/py_barrel_detector' with type 'ros.ament_python' and name 'py_barrel_detector'
[6.201s] Level 1:colcon.colcon_core.package_identification:_identify(src/py_main_alg) by extensions ['ignore', 'ignore_ament_install']
[6.202s] Level 1:colcon.colcon_core.package_identification:_identify(src/py_main_alg) by extension 'ignore'
[6.202s] Level 1:colcon.colcon_core.package_identification:_identify(src/py_main_alg) by extension 'ignore_ament_install'
[6.203s] Level 1:colcon.colcon_core.package_identification:_identify(src/py_main_alg) by extensions ['colcon_pkg']
[6.203s] Level 1:colcon.colcon_core.package_identification:_identify(src/py_main_alg) by extension 'colcon_pkg'
[6.203s] Level 1:colcon.colcon_core.package_identification:_identify(src/py_main_alg) by extensions ['colcon_meta']
[6.203s] Level 1:colcon.colcon_core.package_identification:_identify(src/py_main_alg) by extension 'colcon_meta'
[6.204s] Level 1:colcon.colcon_core.package_identification:_identify(src/py_main_alg) by extensions ['ros']
[6.204s] Level 1:colcon.colcon_core.package_identification:_identify(src/py_main_alg) by extension 'ros'
[6.207s] DEBUG:colcon.colcon_core.package_identification:Package 'src/py_main_alg' with type 'ros.ament_python' and name 'py_main_alg'
[6.208s] Level 1:colcon.colcon_core.package_identification:_identify(src/rplidar_ros2) by extensions ['ignore', 'ignore_ament_install']
[6.209s] Level 1:colcon.colcon_core.package_identification:_identify(src/rplidar_ros2) by extension 'ignore'
[6.209s] Level 1:colcon.colcon_core.package_identification:_identify(src/rplidar_ros2) by extension 'ignore_ament_install'
[6.210s] Level 1:colcon.colcon_core.package_identification:_identify(src/rplidar_ros2) by extensions ['colcon_pkg']
[6.210s] Level 1:colcon.colcon_core.package_identification:_identify(src/rplidar_ros2) by extension 'colcon_pkg'
[6.210s] Level 1:colcon.colcon_core.package_identification:_identify(src/rplidar_ros2) by extensions ['colcon_meta']
[6.210s] Level 1:colcon.colcon_core.package_identification:_identify(src/rplidar_ros2) by extension 'colcon_meta'
[6.211s] Level 1:colcon.colcon_core.package_identification:_identify(src/rplidar_ros2) by extensions ['ros']
[6.211s] Level 1:colcon.colcon_core.package_identification:_identify(src/rplidar_ros2) by extension 'ros'
[6.214s] DEBUG:colcon.colcon_core.package_identification:Package 'src/rplidar_ros2' with type 'ros.ament_cmake' and name 'rplidar_ros'
[6.215s] Level 1:colcon.colcon_core.package_identification:_identify(src/test_pub) by extensions ['ignore', 'ignore_ament_install']
[6.215s] Level 1:colcon.colcon_core.package_identification:_identify(src/test_pub) by extension 'ignore'
[6.216s] Level 1:colcon.colcon_core.package_identification:_identify(src/test_pub) by extension 'ignore_ament_install'
[6.216s] Level 1:colcon.colcon_core.package_identification:_identify(src/test_pub) by extensions ['colcon_pkg']
[6.216s] Level 1:colcon.colcon_core.package_identification:_identify(src/test_pub) by extension 'colcon_pkg'
[6.217s] Level 1:colcon.colcon_core.package_identification:_identify(src/test_pub) by extensions ['colcon_meta']
[6.217s] Level 1:colcon.colcon_core.package_identification:_identify(src/test_pub) by extension 'colcon_meta'
[6.217s] Level 1:colcon.colcon_core.package_identification:_identify(src/test_pub) by extensions ['ros']
[6.217s] Level 1:colcon.colcon_core.package_identification:_identify(src/test_pub) by extension 'ros'
[6.220s] DEBUG:colcon.colcon_core.package_identification:Package 'src/test_pub' with type 'ros.ament_python' and name 'test_pub'
[6.221s] Level 1:colcon.colcon_core.package_discovery:discover_packages(recursive) using defaults
[6.221s] Level 1:colcon.colcon_core.package_discovery:discover_packages(ignore) discover
[6.221s] Level 1:colcon.colcon_core.package_discovery:discover_packages(ignore) using defaults
[6.221s] Level 1:colcon.colcon_core.package_discovery:discover_packages(path) discover
[6.221s] Level 1:colcon.colcon_core.package_discovery:discover_packages(path) using defaults
[6.608s] INFO:colcon.colcon_core.package_selection:Skipping not selected package 'arrow_package' in 'src/arrow_package'
[6.608s] INFO:colcon.colcon_core.package_selection:Skipping not selected package 'distance_node' in 'src/distance_node'
[6.609s] INFO:colcon.colcon_core.package_selection:Skipping not selected package 'kolonka' in 'src/kolonka'
[6.609s] INFO:colcon.colcon_core.package_selection:Skipping not selected package 'laser_follow' in 'src/laser_follow'
[6.609s] INFO:colcon.colcon_core.package_selection:Skipping not selected package 'lidar_template' in 'src/lidar_template'
[6.609s] INFO:colcon.colcon_core.package_selection:Skipping not selected package 'main_package_robot' in 'src/main_package_robot'
[6.610s] INFO:colcon.colcon_core.package_selection:Skipping not selected package 'motor_control_node' in 'src/motor_control_node'
[6.610s] INFO:colcon.colcon_core.package_selection:Skipping not selected package 'opencv_pub' in 'src/opencv_pub'
[6.610s] INFO:colcon.colcon_core.package_selection:Skipping not selected package 'py_barrel_detector' in 'src/py_barrel_detector'
[6.610s] INFO:colcon.colcon_core.package_selection:Skipping not selected package 'py_main_alg' in 'src/py_main_alg'
[6.610s] INFO:colcon.colcon_core.package_selection:Skipping not selected package 'rplidar_ros' in 'src/rplidar_ros2'
[6.610s] INFO:colcon.colcon_core.package_selection:Skipping not selected package 'test_pub' in 'src/test_pub'
[6.749s] Level 1:colcon.colcon_core.package_discovery:discover_packages(prefix_path) check parameters
[6.749s] Level 1:colcon.colcon_core.package_discovery:discover_packages(prefix_path) discover
[6.961s] DEBUG:colcon.colcon_installed_package_information.package_discovery:Found 13 installed packages in /home/timoha/KSAROmni/install
[7.037s] DEBUG:colcon.colcon_installed_package_information.package_discovery:Found 270 installed packages in /opt/ros/humble
[7.043s] Level 1:colcon.colcon_core.package_discovery:discover_packages(prefix_path) using defaults
[7.622s] Level 5:colcon.colcon_core.verb:set package 'aruco_publisher' build argument 'cmake_args' from command line to 'None'
[7.622s] Level 5:colcon.colcon_core.verb:set package 'aruco_publisher' build argument 'cmake_target' from command line to 'None'
[7.622s] Level 5:colcon.colcon_core.verb:set package 'aruco_publisher' build argument 'cmake_target_skip_unavailable' from command line to 'False'
[7.622s] Level 5:colcon.colcon_core.verb:set package 'aruco_publisher' build argument 'cmake_clean_cache' from command line to 'False'
[7.623s] Level 5:colcon.colcon_core.verb:set package 'aruco_publisher' build argument 'cmake_clean_first' from command line to 'False'
[7.623s] Level 5:colcon.colcon_core.verb:set package 'aruco_publisher' build argument 'cmake_force_configure' from command line to 'False'
[7.623s] Level 5:colcon.colcon_core.verb:set package 'aruco_publisher' build argument 'ament_cmake_args' from command line to 'None'
[7.623s] Level 5:colcon.colcon_core.verb:set package 'aruco_publisher' build argument 'catkin_cmake_args' from command line to 'None'
[7.623s] Level 5:colcon.colcon_core.verb:set package 'aruco_publisher' build argument 'catkin_skip_building_tests' from command line to 'False'
[7.623s] DEBUG:colcon.colcon_core.verb:Building package 'aruco_publisher' with the following arguments: {'ament_cmake_args': None, 'build_base': '/home/timoha/KSAROmni/build/aruco_publisher', 'catkin_cmake_args': None, 'catkin_skip_building_tests': False, 'cmake_args': None, 'cmake_clean_cache': False, 'cmake_clean_first': False, 'cmake_force_configure': False, 'cmake_target': None, 'cmake_target_skip_unavailable': False, 'install_base': '/home/timoha/KSAROmni/install/aruco_publisher', 'merge_install': False, 'path': '/home/timoha/KSAROmni/src/aruco_publisher', 'symlink_install': False, 'test_result_base': None}
[7.695s] INFO:colcon.colcon_core.executor:Executing jobs using 'parallel' executor
[7.771s] DEBUG:colcon.colcon_parallel_executor.executor.parallel:run_until_complete
[7.772s] INFO:colcon.colcon_ros.task.ament_python.build:Building ROS package in '/home/timoha/KSAROmni/src/aruco_publisher' with build type 'ament_python'
[7.773s] Level 1:colcon.colcon_core.shell:create_environment_hook('aruco_publisher', 'ament_prefix_path')
[7.858s] INFO:colcon.colcon_core.plugin_system:Skipping extension 'colcon_core.shell.bat': Not used on non-Windows systems
[7.858s] INFO:colcon.colcon_core.shell:Creating environment hook '/home/timoha/KSAROmni/install/aruco_publisher/share/aruco_publisher/hook/ament_prefix_path.ps1'
[7.861s] INFO:colcon.colcon_core.shell:Creating environment descriptor '/home/timoha/KSAROmni/install/aruco_publisher/share/aruco_publisher/hook/ament_prefix_path.dsv'
[7.863s] INFO:colcon.colcon_core.shell:Creating environment hook '/home/timoha/KSAROmni/install/aruco_publisher/share/aruco_publisher/hook/ament_prefix_path.sh'
[7.938s] INFO:colcon.colcon_core.shell:Skip shell extension 'powershell' for command environment: Not usable outside of PowerShell
[7.939s] DEBUG:colcon.colcon_core.shell:Skip shell extension 'dsv' for command environment
[9.801s] INFO:colcon.colcon_core.task.python.build:Building Python package in '/home/timoha/KSAROmni/src/aruco_publisher'
[9.887s] INFO:colcon.colcon_core.shell:Skip shell extension 'powershell' for command environment: Not usable outside of PowerShell
[9.887s] DEBUG:colcon.colcon_core.shell:Skip shell extension 'dsv' for command environment
[12.090s] DEBUG:colcon.colcon_core.event_handler.log_command:Invoking command in '/home/timoha/KSAROmni/src/aruco_publisher': PYTHONPATH=/home/timoha/KSAROmni/build/aruco_publisher/prefix_override:/home/timoha/KSAROmni/install/aruco_publisher/lib/python3.10/site-packages:${PYTHONPATH} /usr/bin/python3 setup.py egg_info --egg-base ../../build/aruco_publisher build --build-base /home/timoha/KSAROmni/build/aruco_publisher/build install --record /home/timoha/KSAROmni/build/aruco_publisher/install.log --single-version-externally-managed
[13.852s] DEBUG:colcon.colcon_core.event_handler.log_command:Invoked command in '/home/timoha/KSAROmni/src/aruco_publisher' returned '0': PYTHONPATH=/home/timoha/KSAROmni/build/aruco_publisher/prefix_override:/home/timoha/KSAROmni/install/aruco_publisher/lib/python3.10/site-packages:${PYTHONPATH} /usr/bin/python3 setup.py egg_info --egg-base ../../build/aruco_publisher build --build-base /home/timoha/KSAROmni/build/aruco_publisher/build install --record /home/timoha/KSAROmni/build/aruco_publisher/install.log --single-version-externally-managed
[13.966s] Level 1:colcon.colcon_core.environment:checking '/home/timoha/KSAROmni/install/aruco_publisher' for CMake module files
[13.968s] Level 1:colcon.colcon_core.environment:checking '/home/timoha/KSAROmni/install/aruco_publisher' for CMake config files
[13.972s] Level 1:colcon.colcon_core.environment:checking '/home/timoha/KSAROmni/install/aruco_publisher/lib'
[13.974s] Level 1:colcon.colcon_core.environment:checking '/home/timoha/KSAROmni/install/aruco_publisher/bin'
[13.974s] Level 1:colcon.colcon_core.environment:checking '/home/timoha/KSAROmni/install/aruco_publisher/lib/pkgconfig/aruco_publisher.pc'
[13.975s] Level 1:colcon.colcon_core.environment:checking '/home/timoha/KSAROmni/install/aruco_publisher/lib/python3.10/site-packages'
[13.976s] Level 1:colcon.colcon_core.shell:create_environment_hook('aruco_publisher', 'pythonpath')
[14.072s] INFO:colcon.colcon_core.shell:Creating environment hook '/home/timoha/KSAROmni/install/aruco_publisher/share/aruco_publisher/hook/pythonpath.ps1'
[14.074s] INFO:colcon.colcon_core.shell:Creating environment descriptor '/home/timoha/KSAROmni/install/aruco_publisher/share/aruco_publisher/hook/pythonpath.dsv'
[14.076s] INFO:colcon.colcon_core.shell:Creating environment hook '/home/timoha/KSAROmni/install/aruco_publisher/share/aruco_publisher/hook/pythonpath.sh'
[14.079s] Level 1:colcon.colcon_core.environment:checking '/home/timoha/KSAROmni/install/aruco_publisher/bin'
[14.080s] Level 1:colcon.colcon_core.environment:create_environment_scripts_only(aruco_publisher)
[14.179s] INFO:colcon.colcon_core.shell:Creating package script '/home/timoha/KSAROmni/install/aruco_publisher/share/aruco_publisher/package.ps1'
[14.183s] INFO:colcon.colcon_core.shell:Creating package descriptor '/home/timoha/KSAROmni/install/aruco_publisher/share/aruco_publisher/package.dsv'
[14.186s] INFO:colcon.colcon_core.shell:Creating package script '/home/timoha/KSAROmni/install/aruco_publisher/share/aruco_publisher/package.sh'
[14.190s] INFO:colcon.colcon_core.shell:Creating package script '/home/timoha/KSAROmni/install/aruco_publisher/share/aruco_publisher/package.bash'
[14.194s] INFO:colcon.colcon_core.shell:Creating package script '/home/timoha/KSAROmni/install/aruco_publisher/share/aruco_publisher/package.zsh'
[14.197s] Level 1:colcon.colcon_core.environment:create_file_with_runtime_dependencies(/home/timoha/KSAROmni/install/aruco_publisher/share/colcon-core/packages/aruco_publisher)
[14.199s] DEBUG:colcon.colcon_parallel_executor.executor.parallel:closing loop
[14.200s] DEBUG:colcon.colcon_parallel_executor.executor.parallel:loop closed
[14.201s] DEBUG:colcon.colcon_parallel_executor.executor.parallel:run_until_complete finished with '0'
[14.201s] DEBUG:colcon.colcon_core.event_reactor:joining thread
[14.333s] INFO:colcon.colcon_core.plugin_system:Skipping extension 'colcon_notification.desktop_notification.terminal_notifier': Not used on non-Darwin systems
[14.334s] INFO:colcon.colcon_core.plugin_system:Skipping extension 'colcon_notification.desktop_notification.win32': Not used on non-Windows systems
[14.334s] INFO:colcon.colcon_notification.desktop_notification:Sending desktop notification using 'notify2'
[14.339s] DEBUG:colcon.colcon_notification.desktop_notification.notify2:Failed to initialize notify2: org.freedesktop.DBus.Error.ServiceUnknown: The name org.freedesktop.Notifications was not provided by any .service files
[14.339s] DEBUG:colcon.colcon_core.event_reactor:joined thread
[14.411s] INFO:colcon.colcon_core.shell:Creating prefix script '/home/timoha/KSAROmni/install/local_setup.ps1'
[14.415s] INFO:colcon.colcon_core.shell:Creating prefix util module '/home/timoha/KSAROmni/install/_local_setup_util_ps1.py'
[14.420s] INFO:colcon.colcon_core.shell:Creating prefix chain script '/home/timoha/KSAROmni/install/setup.ps1'
[14.495s] INFO:colcon.colcon_core.shell:Creating prefix script '/home/timoha/KSAROmni/install/local_setup.sh'
[14.498s] INFO:colcon.colcon_core.shell:Creating prefix util module '/home/timoha/KSAROmni/install/_local_setup_util_sh.py'
[14.500s] INFO:colcon.colcon_core.shell:Creating prefix chain script '/home/timoha/KSAROmni/install/setup.sh'
[14.642s] INFO:colcon.colcon_core.shell:Creating prefix script '/home/timoha/KSAROmni/install/local_setup.bash'
[14.645s] INFO:colcon.colcon_core.shell:Creating prefix chain script '/home/timoha/KSAROmni/install/setup.bash'
[14.721s] INFO:colcon.colcon_core.shell:Creating prefix script '/home/timoha/KSAROmni/install/local_setup.zsh'
[14.723s] INFO:colcon.colcon_core.shell:Creating prefix chain script '/home/timoha/KSAROmni/install/setup.zsh'
