[5.984s] Invoking command in '/home/timoha/KSAROmni/build/laser_follow': PYTHONPATH=/home/timoha/KSAROmni/build/laser_follow/prefix_override:/home/timoha/KSAROmni/install/laser_follow/lib/python3.10/site-packages:${PYTHONPATH} /usr/bin/python3 -W ignore:setup.py install is deprecated setup.py develop --uninstall --editable --build-directory /home/timoha/KSAROmni/build/laser_follow/build
[7.689s] running develop
[7.689s] /usr/lib/python3/dist-packages/setuptools/command/easy_install.py:158: EasyInstallDeprecationWarning: easy_install command is deprecated. Use build and pip and other standards-based tools.
[7.690s]   warnings.warn(
[9.048s] Removing /home/timoha/KSAROmni/install/laser_follow/lib/python3.10/site-packages/laser-follow.egg-link (link to .)
[9.254s] Invoked command in '/home/timoha/KSAROmni/build/laser_follow' returned '0': PYTHONPATH=/home/timoha/KSAROmni/build/laser_follow/prefix_override:/home/timoha/KSAROmni/install/laser_follow/lib/python3.10/site-packages:${PYTHONPATH} /usr/bin/python3 -W ignore:setup.py install is deprecated setup.py develop --uninstall --editable --build-directory /home/timoha/KSAROmni/build/laser_follow/build
[9.256s] Invoking command in '/home/timoha/KSAROmni/src/laser_follow': PYTHONPATH=/home/timoha/KSAROmni/build/laser_follow/prefix_override:/home/timoha/KSAROmni/install/laser_follow/lib/python3.10/site-packages:${PYTHONPATH} /usr/bin/python3 -W ignore:setup.py install is deprecated setup.py egg_info --egg-base ../../build/laser_follow build --build-base /home/timoha/KSAROmni/build/laser_follow/build install --record /home/timoha/KSAROmni/build/laser_follow/install.log --single-version-externally-managed install_data --force
[11.261s] running egg_info
[11.265s] writing ../../build/laser_follow/laser_follow.egg-info/PKG-INFO
[11.267s] writing dependency_links to ../../build/laser_follow/laser_follow.egg-info/dependency_links.txt
[11.269s] writing entry points to ../../build/laser_follow/laser_follow.egg-info/entry_points.txt
[11.271s] writing requirements to ../../build/laser_follow/laser_follow.egg-info/requires.txt
[11.272s] writing top-level names to ../../build/laser_follow/laser_follow.egg-info/top_level.txt
[11.283s] reading manifest file '../../build/laser_follow/laser_follow.egg-info/SOURCES.txt'
[11.289s] writing manifest file '../../build/laser_follow/laser_follow.egg-info/SOURCES.txt'
[11.290s] running build
[11.291s] running build_py
[11.295s] running install
[11.298s] running install_lib
[11.303s] creating /home/timoha/KSAROmni/install/laser_follow/lib/python3.10/site-packages/laser_follow
[11.305s] copying /home/timoha/KSAROmni/build/laser_follow/build/lib/laser_follow/__init__.py -> /home/timoha/KSAROmni/install/laser_follow/lib/python3.10/site-packages/laser_follow
[11.308s] copying /home/timoha/KSAROmni/build/laser_follow/build/lib/laser_follow/laser_keep_distance.py -> /home/timoha/KSAROmni/install/laser_follow/lib/python3.10/site-packages/laser_follow
[11.315s] byte-compiling /home/timoha/KSAROmni/install/laser_follow/lib/python3.10/site-packages/laser_follow/__init__.py to __init__.cpython-310.pyc
[11.319s] byte-compiling /home/timoha/KSAROmni/install/laser_follow/lib/python3.10/site-packages/laser_follow/laser_keep_distance.py to laser_keep_distance.cpython-310.pyc
[11.324s] running install_data
[11.328s] copying resource/laser_follow -> /home/timoha/KSAROmni/install/laser_follow/share/ament_index/resource_index/packages
[11.331s] copying package.xml -> /home/timoha/KSAROmni/install/laser_follow/share/laser_follow
[11.333s] running install_egg_info
[11.342s] Copying ../../build/laser_follow/laser_follow.egg-info to /home/timoha/KSAROmni/install/laser_follow/lib/python3.10/site-packages/laser_follow-0.0.0-py3.10.egg-info
[11.353s] running install_scripts
[11.464s] Installing laser_follow script to /home/timoha/KSAROmni/install/laser_follow/lib/laser_follow
[11.468s] writing list of installed files to '/home/timoha/KSAROmni/build/laser_follow/install.log'
[11.661s] Invoked command in '/home/timoha/KSAROmni/src/laser_follow' returned '0': PYTHONPATH=/home/timoha/KSAROmni/build/laser_follow/prefix_override:/home/timoha/KSAROmni/install/laser_follow/lib/python3.10/site-packages:${PYTHONPATH} /usr/bin/python3 -W ignore:setup.py install is deprecated setup.py egg_info --egg-base ../../build/laser_follow build --build-base /home/timoha/KSAROmni/build/laser_follow/build install --record /home/timoha/KSAROmni/build/laser_follow/install.log --single-version-externally-managed install_data --force
